-32 
-22 -32 
-32 -22 -4 
-4 -22 -32 -28 
-28 -32 20 -22 -4 
47 -4 -22 20 -32 -28 
-28 -32 20 -22 -4 47 -16 
-16 47 -4 -22 -48 20 -32 -28 
-28 -32 20 -48 49 -22 -4 47 -16 
-16 47 -4 -22 49 -48 20 -32 -28 9 
9 -28 -32 20 -48 49 -22 -4 47 -16 -37 
-32 -37 -16 47 -4 -22 49 -48 20 -32 -28 9 
9 -28 -32 20 -48 49 -22 -4 47 -16 -37 -32 48 
46 48 -32 -37 -16 47 -4 -22 49 -48 20 -32 -28 9 
9 -28 -32 20 -48 49 -22 -4 47 -16 -37 -32 48 46 32 
32 46 48 -32 -37 -16 47 -4 -22 49 -48 20 -32 -28 -11 9 
-10 9 -11 -28 -32 20 -48 49 -22 -4 47 -16 -37 -32 48 46 32 
-14 32 46 48 -32 -37 -16 47 -4 -22 49 -48 20 -32 -28 -11 9 -10 
-35 -10 9 -11 -28 -32 20 -48 49 -22 -4 47 -16 -37 -32 48 46 32 -14 
-14 32 46 48 -32 -37 -16 47 -4 -22 49 -48 20 -32 -28 -11 9 -10 -35 -13 
32 46 48 -32 -37 -16 47 -4 -22 49 -48 20 -32 -28 -11 9 -10 -35 -13 
32 46 48 -32 -37 -16 47 -4 -22 49 -48 20 -32 -28 -11 9 -10 -35 
32
46 48 -32 -37 -16 47 -4 -22 49 -48 20 -32 -28 -11 9 -10 -35 
17
46
-35 -10 9 -11 -28 -32 20 -48 49 -22 -4 47 -16 -37 -32 48 46 -1 
-1 46 48 -32 -37 -16 47 -4 -22 49 -48 20 -32 -28 -11 9 -10 -35 -15 
-15 -35 -10 9 -11 -28 -32 20 -48 49 -22 -4 47 -16 -37 -32 48 46 -1 12 
-35 -10 9 -11 -28 -32 20 -48 49 -22 -4 47 -16 -37 -32 48 46 -1 12 
12 -1 46 48 -32 -37 -16 47 -4 -22 49 -48 20 -32 -28 -11 9 -10 -35 -34 
-16 -34 -35 -10 9 -11 -28 -32 20 -48 49 -22 -4 47 -16 -37 -32 48 46 -1 12 
12 -1 46 48 -32 -37 -16 47 -4 -22 49 -48 20 -32 -28 -11 9 -10 -35 -34 -16 -46 
-46 -16 -34 -35 -10 9 -11 -28 -32 20 -48 49 -22 -4 47 -16 -37 -32 48 46 -1 12 -19 
-27 -19 12 -1 46 48 -32 -37 -16 47 -4 -22 49 -48 20 -32 -28 -11 9 -10 -35 -34 -16 -46 
-27 -19 12 -1 46 48 -32 -37 -16 47 -4 -22 49 -48 20 -32 -28 -11 9 -10 -35 -34 -16 
12
-22 -16 -34 -35 -10 9 -11 -28 -32 20 -48 49 -22 -4 47 -16 -37 -32 48 46 -1 12 -19 -27 
-27 -19 12 -1 46 48 -32 -37 -16 47 -4 -22 49 -48 20 -32 -28 -11 9 -10 -35 -34 -16 -22 14 
-41 14 -22 -16 -34 -35 -10 9 -11 -28 -32 20 -48 49 -22 -4 47 -16 -37 -32 48 46 -1 12 -19 -27 
-27 -19 12 -1 46 48 -32 -37 -16 47 -4 -22 49 -48 20 -32 -28 -11 9 -10 -35 -34 -16 -22 14 -41 -4 
50 -4 -41 14 -22 -16 -34 -35 -10 9 -11 -28 -32 20 -48 49 -22 -4 47 -16 -37 -32 48 46 -1 12 -19 -27 
-1 -27 -19 12 -1 46 48 -32 -37 -16 47 -4 -22 49 -48 20 -32 -28 -11 9 -10 -35 -34 -16 -22 14 -41 -4 50 
33 50 -4 -41 14 -22 -16 -34 -35 -10 9 -11 -28 -32 20 -48 49 -22 -4 47 -16 -37 -32 48 46 -1 12 -19 -27 -1 
33 50 -4 -41 14 -22 -16 -34 -35 -10 9 -11 -28 -32 20 -48 49 -22 -4 47 -16 -37 -32 48 46 -1 12 -19 -27 
33 50 -41 14 -22 -16 -34 -35 -10 9 -11 -28 -32 20 -48 49 -22 -4 47 -16 -37 -32 48 46 -1 12 -19 -27 
8 -27 -19 12 -1 46 48 -32 -37 -16 47 -4 -22 49 -48 20 -32 -28 -11 9 -10 -35 -34 -16 -22 14 -41 50 33 
8 -27 -19 12 -1 46 48 -32 -37 -16 47 -4 -22 49 -48 20 -32 -28 -11 9 -10 -35 -34 -16 -22 14 -41 50 
8 -27 12 -1 46 48 -32 -37 -16 47 -4 -22 49 -48 20 -32 -28 -11 9 -10 -35 -34 -16 -22 14 -41 50 
50 -41 14 -22 -16 -34 -35 -10 9 -11 -28 -32 20 -48 49 -22 -4 47 -16 -37 -32 48 46 -1 12 -27 33 8 
50
-18 8 33 -27 12 -1 46 48 -32 -37 -16 47 -4 -22 49 -48 20 -32 -28 -11 9 -10 -35 -34 -16 -22 14 -41 50 
8 33 -27 12 -1 46 48 -32 -37 -16 47 -4 -22 49 -48 20 -32 -28 -11 9 -10 -35 -34 -16 -22 14 -41 50 
50 -41 14 -22 -16 -34 -35 -10 9 -11 -28 -32 20 -48 49 -22 -4 47 -16 -37 -32 48 46 -1 12 -27 33 8 -15 
-15 8 33 -27 12 -1 46 48 -32 -37 -16 47 -4 -22 49 -48 20 -32 -28 11 -11 9 -10 -35 -34 -16 -22 14 -41 50 
50 -41 14 -22 -16 -34 -35 -10 9 -11 11 -28 -32 20 -48 49 -22 -4 47 -16 -37 -32 48 46 -1 12 -27 33 8 -2 -15 
-15 -2 8 33 -27 12 -1 46 48 -32 -37 -16 47 -4 -22 49 -48 20 -32 -28 11 -11 9 -10 -35 -34 -16 -22 14 -41 50 26 
-15 -2 8 33 -27 12 -1 46 48 -32 -37 -16 47 -4 -22 49 -48 20 -32 -28 11 -11 9 -10 -35 -34 -16 -22 14 -41 50 
-15 -2 8 33 -27 12 -1 46 48 -32 -37 -16 47 -4 -22 49 20 -32 -28 11 -11 9 -10 -35 -34 -16 -22 14 -41 50 
50 -41 14 -22 -16 -34 -35 -10 9 -11 11 -28 -32 20 49 -22 -4 47 -16 -37 -32 48 46 -1 12 -27 33 8 -2 -15 -5 
50 -41 14 -22 -16 -34 -35 -10 9 -11 11 -28 -32 20 49 -22 -4 47 -16 -37 -32 48 46 -1 12 -27 33 8 -2 -15 
50 -41 14 -22 -16 -34 -10 9 -11 11 -28 -32 20 49 -22 -4 47 -16 -37 -32 48 46 -1 12 -27 33 8 -2 -15 
-15 -2 8 33 -27 12 -1 46 48 -32 -37 -16 47 -4 -22 49 20 -32 -28 11 -11 9 -10 11 -34 -16 -22 14 -41 50 
50 -41 14 -22 -16 -34 11 -10 9 38 -11 11 -28 -32 20 49 -22 -4 47 -16 -37 -32 48 46 -1 12 -27 33 8 -2 -15 
49
31
-15 -2 8 33 -27 12 -1 46 48 -32 -37 -16 47 -4 -22 49 20 -32 -28 11 -11 38 9 -10 11 -34 -16 -22 14 -41 50 47 
-15 -2 8 33 -27 12 -1 46 48 -32 -37 -16 47 -4 -22 49 20 -32 -28 11 -11 38 9 11 -34 -16 -22 14 -41 50 47 
47 50 -41 14 -22 -16 -34 11 9 38 -11 11 -28 -32 20 49 -12 -22 -4 47 -16 -37 -32 48 46 -1 12 -27 33 8 -2 -15 
50 -41 14 -22 -16 -34 11 9 38 -11 11 -28 -32 20 49 -12 -22 -4 47 -16 -37 -32 48 46 -1 12 -27 33 8 -2 -15 
-15 -2 8 33 -27 12 -1 46 48 -32 -37 -16 47 -4 -22 -12 32 49 20 -32 -28 11 -11 38 9 11 -34 -16 -22 14 -41 50 
50 -41 14 -22 -16 -34 11 9 38 -11 11 -28 -32 20 49 32 -12 -22 -4 47 -16 -37 -32 48 46 -1 12 -27 33 8 -2 -15 -44 
50 -44 -15 -2 8 33 -27 12 -1 46 48 -32 -37 -16 47 -4 -22 -12 32 49 20 -32 -28 11 -11 38 9 11 -34 -16 -22 14 -41 50 
50 -44 -15 -2 8 33 -27 12 -1 46 48 -32 -37 -16 47 -4 -22 -12 32 49 20 -32 -28 11 -11 38 9 11 -34 -16 -22 14 -41 
-41 14 -22 -16 -34 11 9 38 -11 11 -28 -32 20 49 32 -12 -22 -4 47 -16 -37 -32 48 46 -1 12 -27 33 8 -2 -15 -44 50 -34 
34
-16
-34 50 -44 -15 -2 8 33 -27 12 -1 46 48 -32 -37 -16 47 -4 -22 -12 32 49 20 -32 -28 11 -11 38 9 11 -34 -16 -22 14 -41 -47 
-32
-34 50 -44 -15 -2 8 33 -27 12 -1 46 48 -32 -37 -16 47 -4 -22 -12 32 49 20 -32 -28 11 -11 38 9 11 -34 -16 -22 14 -41 
-34 50 -44 -15 -2 8 33 -27 12 -1 46 48 -32 -37 -16 47 -4 -22 -12 32 49 20 -32 -28 11 -11 38 9 11 -34 -16 -22 14 
50 -44 -15 -2 8 33 -27 12 -1 46 48 -32 -37 -16 47 -4 -22 -12 32 49 20 -32 -28 11 -11 38 9 11 -34 -16 -22 14 
50 -44 -15 -2 8 33 -27 12 -1 46 48 -32 -37 -16 47 -4 -22 -12 32 20 -32 -28 11 -11 38 9 11 -34 -16 -22 14 
50 -44 -15 -2 8 33 -27 12 -1 46 48 -32 -37 -16 47 -4 -22 -12 32 20 -32 11 -11 38 9 11 -34 -16 -22 14 
50 -44 -15 -2 33 -27 12 -1 46 48 -32 -37 -16 47 -4 -22 -12 32 20 -32 11 -11 38 9 11 -34 -16 -22 14 
29
-44 -15 -2 33 -27 12 -1 46 48 -32 -37 -16 47 -4 -22 -12 32 20 -32 11 -11 38 9 11 -34 -16 -22 14 
8 14 -22 -16 -34 11 9 38 -11 11 -32 20 32 -12 -22 -4 47 -16 -37 -32 48 46 -1 12 -27 33 -2 -15 -44 
-1
8 14 -22 -16 -34 11 9 38 -11 11 -32 20 32 -12 -22 -4 47 -16 -37 -32 48 46 -1 12 -27 33 -2 -15 
8 14 -22 -16 -34 11 9 38 -11 11 -32 20 32 -12 -22 -4 47 -16 -37 -32 48 46 -1 12 -27 33 -2 
-2 33 -27 12 -1 46 48 -32 -37 -16 47 -4 -22 -12 32 20 -32 11 -11 38 9 11 -34 -16 -22 14 8 -31 
-31 8 14 -22 -16 -34 11 9 38 -11 11 -32 20 32 -12 -22 -4 47 -16 -37 -32 48 46 -1 12 -27 33 -2 
28
28
-2 33 -27 12 -1 46 48 -32 -37 -16 47 -4 -22 -12 32 20 -32 11 -11 38 9 11 -34 -16 -22 14 8 -31 
31 -31 8 14 -22 -16 -34 11 9 38 -11 11 -32 20 32 -12 -22 -4 47 -16 -37 -32 48 46 -1 12 -27 33 -2 
31 -31 8 14 -22 -16 -34 11 9 38 -11 11 -32 20 32 -12 -22 -4 47 -16 -37 -32 48 46 -1 12 -27 33 
33 -27 12 -1 46 48 -32 -37 -16 47 -4 -22 -12 32 -20 20 -32 11 -11 38 9 11 -34 -16 -22 14 8 -31 31 
31 -31 8 14 -22 -16 -34 11 9 38 -11 11 -32 20 -20 32 -12 -22 -4 47 -16 -37 -32 48 46 -1 12 -27 33 -37 
