400 
-303 400 
-228 -303 400 
-373 -228 -303 400 
-373
0
3
-228
-303
0
400
0
-164 
-336 -164 
-336
-164
1
0
-908 
586 -908 
516 586 -908 
-608 516 586 -908 
996 -608 516 586 -908 
0
5
977 996 -608 516 586 -908 
977
-480 996 -608 516 586 -908 
487 -480 996 -608 516 586 -908 
0
487
6
0
-929 -480 996 -608 516 586 -908 
-929
-590 -480 996 -608 516 586 -908 
-327 -590 -480 996 -608 516 586 -908 
690 -327 -590 -480 996 -608 516 586 -908 
690
-206 -327 -590 -480 996 -608 516 586 -908 
9
-206
8
705 -327 -590 -480 996 -608 516 586 -908 
705
-327
382 -590 -480 996 -608 516 586 -908 
382
-110 -590 -480 996 -608 516 586 -908 
0
74 -110 -590 -480 996 -608 516 586 -908 
0
9
74
762 -110 -590 -480 996 -608 516 586 -908 
0
9
-876 762 -110 -590 -480 996 -608 516 586 -908 
-876
-671 762 -110 -590 -480 996 -608 516 586 -908 
10
10
920 -671 762 -110 -590 -480 996 -608 516 586 -908 
920
392 -671 762 -110 -590 -480 996 -608 516 586 -908 
0
-395 392 -671 762 -110 -590 -480 996 -608 516 586 -908 
-838 -395 392 -671 762 -110 -590 -480 996 -608 516 586 -908 
69 -838 -395 392 -671 762 -110 -590 -480 996 -608 516 586 -908 
-815 69 -838 -395 392 -671 762 -110 -590 -480 996 -608 516 586 -908 
475 -815 69 -838 -395 392 -671 762 -110 -590 -480 996 -608 516 586 -908 
0
805 475 -815 69 -838 -395 392 -671 762 -110 -590 -480 996 -608 516 586 -908 
-141 805 475 -815 69 -838 -395 392 -671 762 -110 -590 -480 996 -608 516 586 -908 
0
18
-141
-889 805 475 -815 69 -838 -395 392 -671 762 -110 -590 -480 996 -608 516 586 -908 
-889
805
0
636 475 -815 69 -838 -395 392 -671 762 -110 -590 -480 996 -608 516 586 -908 
636
16
475
632 -815 69 -838 -395 392 -671 762 -110 -590 -480 996 -608 516 586 -908 
0
-719 632 -815 69 -838 -395 392 -671 762 -110 -590 -480 996 -608 516 586 -908 
-86 -719 632 -815 69 -838 -395 392 -671 762 -110 -590 -480 996 -608 516 586 -908 
-86
17
200 -719 632 -815 69 -838 -395 392 -671 762 -110 -590 -480 996 -608 516 586 -908 
-36 200 -719 632 -815 69 -838 -395 392 -671 762 -110 -590 -480 996 -608 516 586 -908 
-36
-497 200 -719 632 -815 69 -838 -395 392 -671 762 -110 -590 -480 996 -608 516 586 -908 
777 -497 200 -719 632 -815 69 -838 -395 392 -671 762 -110 -590 -480 996 -608 516 586 -908 
0
20
-198 777 -497 200 -719 632 -815 69 -838 -395 392 -671 762 -110 -590 -480 996 -608 516 586 -908 
659 -198 777 -497 200 -719 632 -815 69 -838 -395 392 -671 762 -110 -590 -480 996 -608 516 586 -908 
458 659 -198 777 -497 200 -719 632 -815 69 -838 -395 392 -671 762 -110 -590 -480 996 -608 516 586 -908 
-35 458 659 -198 777 -497 200 -719 632 -815 69 -838 -395 392 -671 762 -110 -590 -480 996 -608 516 586 -908 
-451 -35 458 659 -198 777 -497 200 -719 632 -815 69 -838 -395 392 -671 762 -110 -590 -480 996 -608 516 586 -908 
-12 -451 -35 458 659 -198 777 -497 200 -719 632 -815 69 -838 -395 392 -671 762 -110 -590 -480 996 -608 516 586 -908 
26
0
-447 -12 -451 -35 458 659 -198 777 -497 200 -719 632 -815 69 -838 -395 392 -671 762 -110 -590 -480 996 -608 516 586 -908 
0
-42 -447 -12 -451 -35 458 659 -198 777 -497 200 -719 632 -815 69 -838 -395 392 -671 762 -110 -590 -480 996 -608 516 586 -908 
-42
-129 -447 -12 -451 -35 458 659 -198 777 -497 200 -719 632 -815 69 -838 -395 392 -671 762 -110 -590 -480 996 -608 516 586 -908 
655 -129 -447 -12 -451 -35 458 659 -198 777 -497 200 -719 632 -815 69 -838 -395 392 -671 762 -110 -590 -480 996 -608 516 586 -908 
-880 655 -129 -447 -12 -451 -35 458 659 -198 777 -497 200 -719 632 -815 69 -838 -395 392 -671 762 -110 -590 -480 996 -608 516 586 -908 
-962 -880 655 -129 -447 -12 -451 -35 458 659 -198 777 -497 200 -719 632 -815 69 -838 -395 392 -671 762 -110 -590 -480 996 -608 516 586 -908 
-962
-281 -880 655 -129 -447 -12 -451 -35 458 659 -198 777 -497 200 -719 632 -815 69 -838 -395 392 -671 762 -110 -590 -480 996 -608 516 586 -908 
31
899 -281 -880 655 -129 -447 -12 -451 -35 458 659 -198 777 -497 200 -719 632 -815 69 -838 -395 392 -671 762 -110 -590 -480 996 -608 516 586 -908 
32
-815 899 -281 -880 655 -129 -447 -12 -451 -35 458 659 -198 777 -497 200 -719 632 -815 69 -838 -395 392 -671 762 -110 -590 -480 996 -608 516 586 -908 
-815
0
0
0
899
115 -281 -880 655 -129 -447 -12 -451 -35 458 659 -198 777 -497 200 -719 632 -815 69 -838 -395 392 -671 762 -110 -590 -480 996 -608 516 586 -908 
898 115 -281 -880 655 -129 -447 -12 -451 -35 458 659 -198 777 -497 200 -719 632 -815 69 -838 -395 392 -671 762 -110 -590 -480 996 -608 516 586 -908 
584 898 115 -281 -880 655 -129 -447 -12 -451 -35 458 659 -198 777 -497 200 -719 632 -815 69 -838 -395 392 -671 762 -110 -590 -480 996 -608 516 586 -908 
-742 584 898 115 -281 -880 655 -129 -447 -12 -451 -35 458 659 -198 777 -497 200 -719 632 -815 69 -838 -395 392 -671 762 -110 -590 -480 996 -608 516 586 -908 
35
0
341 -742 584 898 115 -281 -880 655 -129 -447 -12 -451 -35 458 659 -198 777 -497 200 -719 632 -815 69 -838 -395 392 -671 762 -110 -590 -480 996 -608 516 586 -908 
442 341 -742 584 898 115 -281 -880 655 -129 -447 -12 -451 -35 458 659 -198 777 -497 200 -719 632 -815 69 -838 -395 392 -671 762 -110 -590 -480 996 -608 516 586 -908 
0
442
341
4 -742 584 898 115 -281 -880 655 -129 -447 -12 -451 -35 458 659 -198 777 -497 200 -719 632 -815 69 -838 -395 392 -671 762 -110 -590 -480 996 -608 516 586 -908 
0
4
35
-742
34
34
584
-396 898 115 -281 -880 655 -129 -447 -12 -451 -35 458 659 -198 777 -497 200 -719 632 -815 69 -838 -395 392 -671 762 -110 -590 -480 996 -608 516 586 -908 
658 -396 898 115 -281 -880 655 -129 -447 -12 -451 -35 458 659 -198 777 -497 200 -719 632 -815 69 -838 -395 392 -671 762 -110 -590 -480 996 -608 516 586 -908 
-32 658 -396 898 115 -281 -880 655 -129 -447 -12 -451 -35 458 659 -198 777 -497 200 -719 632 -815 69 -838 -395 392 -671 762 -110 -590 -480 996 -608 516 586 -908 
-32
658
0
-603 -396 898 115 -281 -880 655 -129 -447 -12 -451 -35 458 659 -198 777 -497 200 -719 632 -815 69 -838 -395 392 -671 762 -110 -590 -480 996 -608 516 586 -908 
35
391 -603 -396 898 115 -281 -880 655 -129 -447 -12 -451 -35 458 659 -198 777 -497 200 -719 632 -815 69 -838 -395 392 -671 762 -110 -590 -480 996 -608 516 586 -908 
-757 391 -603 -396 898 115 -281 -880 655 -129 -447 -12 -451 -35 458 659 -198 777 -497 200 -719 632 -815 69 -838 -395 392 -671 762 -110 -590 -480 996 -608 516 586 -908 
272 -757 391 -603 -396 898 115 -281 -880 655 -129 -447 -12 -451 -35 458 659 -198 777 -497 200 -719 632 -815 69 -838 -395 392 -671 762 -110 -590 -480 996 -608 516 586 -908 
38
0
0
289 272 -757 391 -603 -396 898 115 -281 -880 655 -129 -447 -12 -451 -35 458 659 -198 777 -497 200 -719 632 -815 69 -838 -395 392 -671 762 -110 -590 -480 996 -608 516 586 -908 
212 289 272 -757 391 -603 -396 898 115 -281 -880 655 -129 -447 -12 -451 -35 458 659 -198 777 -497 200 -719 632 -815 69 -838 -395 392 -671 762 -110 -590 -480 996 -608 516 586 -908 
-817 212 289 272 -757 391 -603 -396 898 115 -281 -880 655 -129 -447 -12 -451 -35 458 659 -198 777 -497 200 -719 632 -815 69 -838 -395 392 -671 762 -110 -590 -480 996 -608 516 586 -908 
-817
40
-546 212 289 272 -757 391 -603 -396 898 115 -281 -880 655 -129 -447 -12 -451 -35 458 659 -198 777 -497 200 -719 632 -815 69 -838 -395 392 -671 762 -110 -590 -480 996 -608 516 586 -908 
407 -546 212 289 272 -757 391 -603 -396 898 115 -281 -880 655 -129 -447 -12 -451 -35 458 659 -198 777 -497 200 -719 632 -815 69 -838 -395 392 -671 762 -110 -590 -480 996 -608 516 586 -908 
-309 407 -546 212 289 272 -757 391 -603 -396 898 115 -281 -880 655 -129 -447 -12 -451 -35 458 659 -198 777 -497 200 -719 632 -815 69 -838 -395 392 -671 762 -110 -590 -480 996 -608 516 586 -908 
-415 -309 407 -546 212 289 272 -757 391 -603 -396 898 115 -281 -880 655 -129 -447 -12 -451 -35 458 659 -198 777 -497 200 -719 632 -815 69 -838 -395 392 -671 762 -110 -590 -480 996 -608 516 586 -908 
740 -415 -309 407 -546 212 289 272 -757 391 -603 -396 898 115 -281 -880 655 -129 -447 -12 -451 -35 458 659 -198 777 -497 200 -719 632 -815 69 -838 -395 392 -671 762 -110 -590 -480 996 -608 516 586 -908 
45
0
740
646 -415 -309 407 -546 212 289 272 -757 391 -603 -396 898 115 -281 -880 655 -129 -447 -12 -451 -35 458 659 -198 777 -497 200 -719 632 -815 69 -838 -395 392 -671 762 -110 -590 -480 996 -608 516 586 -908 
646
44
-312 -415 -309 407 -546 212 289 272 -757 391 -603 -396 898 115 -281 -880 655 -129 -447 -12 -451 -35 458 659 -198 777 -497 200 -719 632 -815 69 -838 -395 392 -671 762 -110 -590 -480 996 -608 516 586 -908 
432 -312 -415 -309 407 -546 212 289 272 -757 391 -603 -396 898 115 -281 -880 655 -129 -447 -12 -451 -35 458 659 -198 777 -497 200 -719 632 -815 69 -838 -395 392 -671 762 -110 -590 -480 996 -608 516 586 -908 
46
46
596 432 -312 -415 -309 407 -546 212 289 272 -757 391 -603 -396 898 115 -281 -880 655 -129 -447 -12 -451 -35 458 659 -198 777 -497 200 -719 632 -815 69 -838 -395 392 -671 762 -110 -590 -480 996 -608 516 586 -908 
596
-838 432 -312 -415 -309 407 -546 212 289 272 -757 391 -603 -396 898 115 -281 -880 655 -129 -447 -12 -451 -35 458 659 -198 777 -497 200 -719 632 -815 69 -838 -395 392 -671 762 -110 -590 -480 996 -608 516 586 -908 
545 -838 432 -312 -415 -309 407 -546 212 289 272 -757 391 -603 -396 898 115 -281 -880 655 -129 -447 -12 -451 -35 458 659 -198 777 -497 200 -719 632 -815 69 -838 -395 392 -671 762 -110 -590 -480 996 -608 516 586 -908 
0
0
251 545 -838 432 -312 -415 -309 407 -546 212 289 272 -757 391 -603 -396 898 115 -281 -880 655 -129 -447 -12 -451 -35 458 659 -198 777 -497 200 -719 632 -815 69 -838 -395 392 -671 762 -110 -590 -480 996 -608 516 586 -908 
711 251 545 -838 432 -312 -415 -309 407 -546 212 289 272 -757 391 -603 -396 898 115 -281 -880 655 -129 -447 -12 -451 -35 458 659 -198 777 -497 200 -719 632 -815 69 -838 -395 392 -671 762 -110 -590 -480 996 -608 516 586 -908 
711
251
993 545 -838 432 -312 -415 -309 407 -546 212 289 272 -757 391 -603 -396 898 115 -281 -880 655 -129 -447 -12 -451 -35 458 659 -198 777 -497 200 -719 632 -815 69 -838 -395 392 -671 762 -110 -590 -480 996 -608 516 586 -908 
49
49
781 993 545 -838 432 -312 -415 -309 407 -546 212 289 272 -757 391 -603 -396 898 115 -281 -880 655 -129 -447 -12 -451 -35 458 659 -198 777 -497 200 -719 632 -815 69 -838 -395 392 -671 762 -110 -590 -480 996 -608 516 586 -908 
50
0
781
993
-225 545 -838 432 -312 -415 -309 407 -546 212 289 272 -757 391 -603 -396 898 115 -281 -880 655 -129 -447 -12 -451 -35 458 659 -198 777 -497 200 -719 632 -815 69 -838 -395 392 -671 762 -110 -590 -480 996 -608 516 586 -908 
-930 -225 545 -838 432 -312 -415 -309 407 -546 212 289 272 -757 391 -603 -396 898 115 -281 -880 655 -129 -447 -12 -451 -35 458 659 -198 777 -497 200 -719 632 -815 69 -838 -395 392 -671 762 -110 -590 -480 996 -608 516 586 -908 
715 -930 -225 545 -838 432 -312 -415 -309 407 -546 212 289 272 -757 391 -603 -396 898 115 -281 -880 655 -129 -447 -12 -451 -35 458 659 -198 777 -497 200 -719 632 -815 69 -838 -395 392 -671 762 -110 -590 -480 996 -608 516 586 -908 
715
-930
0
-120 -225 545 -838 432 -312 -415 -309 407 -546 212 289 272 -757 391 -603 -396 898 115 -281 -880 655 -129 -447 -12 -451 -35 458 659 -198 777 -497 200 -719 632 -815 69 -838 -395 392 -671 762 -110 -590 -480 996 -608 516 586 -908 
-120
-912 -225 545 -838 432 -312 -415 -309 407 -546 212 289 272 -757 391 -603 -396 898 115 -281 -880 655 -129 -447 -12 -451 -35 458 659 -198 777 -497 200 -719 632 -815 69 -838 -395 392 -671 762 -110 -590 -480 996 -608 516 586 -908 
-438 -912 -225 545 -838 432 -312 -415 -309 407 -546 212 289 272 -757 391 -603 -396 898 115 -281 -880 655 -129 -447 -12 -451 -35 458 659 -198 777 -497 200 -719 632 -815 69 -838 -395 392 -671 762 -110 -590 -480 996 -608 516 586 -908 
-438
50
-912
-225
545
-838
432
0
-720 -312 -415 -309 407 -546 212 289 272 -757 391 -603 -396 898 115 -281 -880 655 -129 -447 -12 -451 -35 458 659 -198 777 -497 200 -719 632 -815 69 -838 -395 392 -671 762 -110 -590 -480 996 -608 516 586 -908 
-809 -720 -312 -415 -309 407 -546 212 289 272 -757 391 -603 -396 898 115 -281 -880 655 -129 -447 -12 -451 -35 458 659 -198 777 -497 200 -719 632 -815 69 -838 -395 392 -671 762 -110 -590 -480 996 -608 516 586 -908 
448 -809 -720 -312 -415 -309 407 -546 212 289 272 -757 391 -603 -396 898 115 -281 -880 655 -129 -447 -12 -451 -35 458 659 -198 777 -497 200 -719 632 -815 69 -838 -395 392 -671 762 -110 -590 -480 996 -608 516 586 -908 
48
48
48
877 448 -809 -720 -312 -415 -309 407 -546 212 289 272 -757 391 -603 -396 898 115 -281 -880 655 -129 -447 -12 -451 -35 458 659 -198 777 -497 200 -719 632 -815 69 -838 -395 392 -671 762 -110 -590 -480 996 -608 516 586 -908 
877
782 448 -809 -720 -312 -415 -309 407 -546 212 289 272 -757 391 -603 -396 898 115 -281 -880 655 -129 -447 -12 -451 -35 458 659 -198 777 -497 200 -719 632 -815 69 -838 -395 392 -671 762 -110 -590 -480 996 -608 516 586 -908 
0
0
782
0
-160 448 -809 -720 -312 -415 -309 407 -546 212 289 272 -757 391 -603 -396 898 115 -281 -880 655 -129 -447 -12 -451 -35 458 659 -198 777 -497 200 -719 632 -815 69 -838 -395 392 -671 762 -110 -590 -480 996 -608 516 586 -908 
-645 -160 448 -809 -720 -312 -415 -309 407 -546 212 289 272 -757 391 -603 -396 898 115 -281 -880 655 -129 -447 -12 -451 -35 458 659 -198 777 -497 200 -719 632 -815 69 -838 -395 392 -671 762 -110 -590 -480 996 -608 516 586 -908 
-645
-160
48
161 448 -809 -720 -312 -415 -309 407 -546 212 289 272 -757 391 -603 -396 898 115 -281 -880 655 -129 -447 -12 -451 -35 458 659 -198 777 -497 200 -719 632 -815 69 -838 -395 392 -671 762 -110 -590 -480 996 -608 516 586 -908 
0
161
0
0
48
-133 448 -809 -720 -312 -415 -309 407 -546 212 289 272 -757 391 -603 -396 898 115 -281 -880 655 -129 -447 -12 -451 -35 458 659 -198 777 -497 200 -719 632 -815 69 -838 -395 392 -671 762 -110 -590 -480 996 -608 516 586 -908 
-751 -133 448 -809 -720 -312 -415 -309 407 -546 212 289 272 -757 391 -603 -396 898 115 -281 -880 655 -129 -447 -12 -451 -35 458 659 -198 777 -497 200 -719 632 -815 69 -838 -395 392 -671 762 -110 -590 -480 996 -608 516 586 -908 
0
0
458 -751 -133 448 -809 -720 -312 -415 -309 407 -546 212 289 272 -757 391 -603 -396 898 115 -281 -880 655 -129 -447 -12 -451 -35 458 659 -198 777 -497 200 -719 632 -815 69 -838 -395 392 -671 762 -110 -590 -480 996 -608 516 586 -908 
51
51
51
880 458 -751 -133 448 -809 -720 -312 -415 -309 407 -546 212 289 272 -757 391 -603 -396 898 115 -281 -880 655 -129 -447 -12 -451 -35 458 659 -198 777 -497 200 -719 632 -815 69 -838 -395 392 -671 762 -110 -590 -480 996 -608 516 586 -908 
996 880 458 -751 -133 448 -809 -720 -312 -415 -309 407 -546 212 289 272 -757 391 -603 -396 898 115 -281 -880 655 -129 -447 -12 -451 -35 458 659 -198 777 -497 200 -719 632 -815 69 -838 -395 392 -671 762 -110 -590 -480 996 -608 516 586 -908 
-662 996 880 458 -751 -133 448 -809 -720 -312 -415 -309 407 -546 212 289 272 -757 391 -603 -396 898 115 -281 -880 655 -129 -447 -12 -451 -35 458 659 -198 777 -497 200 -719 632 -815 69 -838 -395 392 -671 762 -110 -590 -480 996 -608 516 586 -908 
-662
-818 996 880 458 -751 -133 448 -809 -720 -312 -415 -309 407 -546 212 289 272 -757 391 -603 -396 898 115 -281 -880 655 -129 -447 -12 -451 -35 458 659 -198 777 -497 200 -719 632 -815 69 -838 -395 392 -671 762 -110 -590 -480 996 -608 516 586 -908 
935 -818 996 880 458 -751 -133 448 -809 -720 -312 -415 -309 407 -546 212 289 272 -757 391 -603 -396 898 115 -281 -880 655 -129 -447 -12 -451 -35 458 659 -198 777 -497 200 -719 632 -815 69 -838 -395 392 -671 762 -110 -590 -480 996 -608 516 586 -908 
935
-572 -818 996 880 458 -751 -133 448 -809 -720 -312 -415 -309 407 -546 212 289 272 -757 391 -603 -396 898 115 -281 -880 655 -129 -447 -12 -451 -35 458 659 -198 777 -497 200 -719 632 -815 69 -838 -395 392 -671 762 -110 -590 -480 996 -608 516 586 -908 
-572
999 -818 996 880 458 -751 -133 448 -809 -720 -312 -415 -309 407 -546 212 289 272 -757 391 -603 -396 898 115 -281 -880 655 -129 -447 -12 -451 -35 458 659 -198 777 -497 200 -719 632 -815 69 -838 -395 392 -671 762 -110 -590 -480 996 -608 516 586 -908 
999
-469 -818 996 880 458 -751 -133 448 -809 -720 -312 -415 -309 407 -546 212 289 272 -757 391 -603 -396 898 115 -281 -880 655 -129 -447 -12 -451 -35 458 659 -198 777 -497 200 -719 632 -815 69 -838 -395 392 -671 762 -110 -590 -480 996 -608 516 586 -908 
-469
54
0
-48 -818 996 880 458 -751 -133 448 -809 -720 -312 -415 -309 407 -546 212 289 272 -757 391 -603 -396 898 115 -281 -880 655 -129 -447 -12 -451 -35 458 659 -198 777 -497 200 -719 632 -815 69 -838 -395 392 -671 762 -110 -590 -480 996 -608 516 586 -908 
-621 -48 -818 996 880 458 -751 -133 448 -809 -720 -312 -415 -309 407 -546 212 289 272 -757 391 -603 -396 898 115 -281 -880 655 -129 -447 -12 -451 -35 458 659 -198 777 -497 200 -719 632 -815 69 -838 -395 392 -671 762 -110 -590 -480 996 -608 516 586 -908 
198 -621 -48 -818 996 880 458 -751 -133 448 -809 -720 -312 -415 -309 407 -546 212 289 272 -757 391 -603 -396 898 115 -281 -880 655 -129 -447 -12 -451 -35 458 659 -198 777 -497 200 -719 632 -815 69 -838 -395 392 -671 762 -110 -590 -480 996 -608 516 586 -908 
345 198 -621 -48 -818 996 880 458 -751 -133 448 -809 -720 -312 -415 -309 407 -546 212 289 272 -757 391 -603 -396 898 115 -281 -880 655 -129 -447 -12 -451 -35 458 659 -198 777 -497 200 -719 632 -815 69 -838 -395 392 -671 762 -110 -590 -480 996 -608 516 586 -908 
200 345 198 -621 -48 -818 996 880 458 -751 -133 448 -809 -720 -312 -415 -309 407 -546 212 289 272 -757 391 -603 -396 898 115 -281 -880 655 -129 -447 -12 -451 -35 458 659 -198 777 -497 200 -719 632 -815 69 -838 -395 392 -671 762 -110 -590 -480 996 -608 516 586 -908 
0
200
58
-790 345 198 -621 -48 -818 996 880 458 -751 -133 448 -809 -720 -312 -415 -309 407 -546 212 289 272 -757 391 -603 -396 898 115 -281 -880 655 -129 -447 -12 -451 -35 458 659 -198 777 -497 200 -719 632 -815 69 -838 -395 392 -671 762 -110 -590 -480 996 -608 516 586 -908 
-56 -790 345 198 -621 -48 -818 996 880 458 -751 -133 448 -809 -720 -312 -415 -309 407 -546 212 289 272 -757 391 -603 -396 898 115 -281 -880 655 -129 -447 -12 -451 -35 458 659 -198 777 -497 200 -719 632 -815 69 -838 -395 392 -671 762 -110 -590 -480 996 -608 516 586 -908 
-986 -56 -790 345 198 -621 -48 -818 996 880 458 -751 -133 448 -809 -720 -312 -415 -309 407 -546 212 289 272 -757 391 -603 -396 898 115 -281 -880 655 -129 -447 -12 -451 -35 458 659 -198 777 -497 200 -719 632 -815 69 -838 -395 392 -671 762 -110 -590 -480 996 -608 516 586 -908 
61
0
-986
-95 -56 -790 345 198 -621 -48 -818 996 880 458 -751 -133 448 -809 -720 -312 -415 -309 407 -546 212 289 272 -757 391 -603 -396 898 115 -281 -880 655 -129 -447 -12 -451 -35 458 659 -198 777 -497 200 -719 632 -815 69 -838 -395 392 -671 762 -110 -590 -480 996 -608 516 586 -908 
-95
60
212 -56 -790 345 198 -621 -48 -818 996 880 458 -751 -133 448 -809 -720 -312 -415 -309 407 -546 212 289 272 -757 391 -603 -396 898 115 -281 -880 655 -129 -447 -12 -451 -35 458 659 -198 777 -497 200 -719 632 -815 69 -838 -395 392 -671 762 -110 -590 -480 996 -608 516 586 -908 
212
0
-711 -56 -790 345 198 -621 -48 -818 996 880 458 -751 -133 448 -809 -720 -312 -415 -309 407 -546 212 289 272 -757 391 -603 -396 898 115 -281 -880 655 -129 -447 -12 -451 -35 458 659 -198 777 -497 200 -719 632 -815 69 -838 -395 392 -671 762 -110 -590 -480 996 -608 516 586 -908 
61
61
61
-703 -711 -56 -790 345 198 -621 -48 -818 996 880 458 -751 -133 448 -809 -720 -312 -415 -309 407 -546 212 289 272 -757 391 -603 -396 898 115 -281 -880 655 -129 -447 -12 -451 -35 458 659 -198 777 -497 200 -719 632 -815 69 -838 -395 392 -671 762 -110 -590 -480 996 -608 516 586 -908 
775 -703 -711 -56 -790 345 198 -621 -48 -818 996 880 458 -751 -133 448 -809 -720 -312 -415 -309 407 -546 212 289 272 -757 391 -603 -396 898 115 -281 -880 655 -129 -447 -12 -451 -35 458 659 -198 777 -497 200 -719 632 -815 69 -838 -395 392 -671 762 -110 -590 -480 996 -608 516 586 -908 
-177 775 -703 -711 -56 -790 345 198 -621 -48 -818 996 880 458 -751 -133 448 -809 -720 -312 -415 -309 407 -546 212 289 272 -757 391 -603 -396 898 115 -281 -880 655 -129 -447 -12 -451 -35 458 659 -198 777 -497 200 -719 632 -815 69 -838 -395 392 -671 762 -110 -590 -480 996 -608 516 586 -908 
64
-839 -177 775 -703 -711 -56 -790 345 198 -621 -48 -818 996 880 458 -751 -133 448 -809 -720 -312 -415 -309 407 -546 212 289 272 -757 391 -603 -396 898 115 -281 -880 655 -129 -447 -12 -451 -35 458 659 -198 777 -497 200 -719 632 -815 69 -838 -395 392 -671 762 -110 -590 -480 996 -608 516 586 -908 
74 -839 -177 775 -703 -711 -56 -790 345 198 -621 -48 -818 996 880 458 -751 -133 448 -809 -720 -312 -415 -309 407 -546 212 289 272 -757 391 -603 -396 898 115 -281 -880 655 -129 -447 -12 -451 -35 458 659 -198 777 -497 200 -719 632 -815 69 -838 -395 392 -671 762 -110 -590 -480 996 -608 516 586 -908 
-338 74 -839 -177 775 -703 -711 -56 -790 345 198 -621 -48 -818 996 880 458 -751 -133 448 -809 -720 -312 -415 -309 407 -546 212 289 272 -757 391 -603 -396 898 115 -281 -880 655 -129 -447 -12 -451 -35 458 659 -198 777 -497 200 -719 632 -815 69 -838 -395 392 -671 762 -110 -590 -480 996 -608 516 586 -908 
-830 -338 74 -839 -177 775 -703 -711 -56 -790 345 198 -621 -48 -818 996 880 458 -751 -133 448 -809 -720 -312 -415 -309 407 -546 212 289 272 -757 391 -603 -396 898 115 -281 -880 655 -129 -447 -12 -451 -35 458 659 -198 777 -497 200 -719 632 -815 69 -838 -395 392 -671 762 -110 -590 -480 996 -608 516 586 -908 
0
68
-830
0
-595 -338 74 -839 -177 775 -703 -711 -56 -790 345 198 -621 -48 -818 996 880 458 -751 -133 448 -809 -720 -312 -415 -309 407 -546 212 289 272 -757 391 -603 -396 898 115 -281 -880 655 -129 -447 -12 -451 -35 458 659 -198 777 -497 200 -719 632 -815 69 -838 -395 392 -671 762 -110 -590 -480 996 -608 516 586 -908 
-951 -595 -338 74 -839 -177 775 -703 -711 -56 -790 345 198 -621 -48 -818 996 880 458 -751 -133 448 -809 -720 -312 -415 -309 407 -546 212 289 272 -757 391 -603 -396 898 115 -281 -880 655 -129 -447 -12 -451 -35 458 659 -198 777 -497 200 -719 632 -815 69 -838 -395 392 -671 762 -110 -590 -480 996 -608 516 586 -908 
525 -951 -595 -338 74 -839 -177 775 -703 -711 -56 -790 345 198 -621 -48 -818 996 880 458 -751 -133 448 -809 -720 -312 -415 -309 407 -546 212 289 272 -757 391 -603 -396 898 115 -281 -880 655 -129 -447 -12 -451 -35 458 659 -198 777 -497 200 -719 632 -815 69 -838 -395 392 -671 762 -110 -590 -480 996 -608 516 586 -908 
70
525
-832 -951 -595 -338 74 -839 -177 775 -703 -711 -56 -790 345 198 -621 -48 -818 996 880 458 -751 -133 448 -809 -720 -312 -415 -309 407 -546 212 289 272 -757 391 -603 -396 898 115 -281 -880 655 -129 -447 -12 -451 -35 458 659 -198 777 -497 200 -719 632 -815 69 -838 -395 392 -671 762 -110 -590 -480 996 -608 516 586 -908 
490 -832 -951 -595 -338 74 -839 -177 775 -703 -711 -56 -790 345 198 -621 -48 -818 996 880 458 -751 -133 448 -809 -720 -312 -415 -309 407 -546 212 289 272 -757 391 -603 -396 898 115 -281 -880 655 -129 -447 -12 -451 -35 458 659 -198 777 -497 200 -719 632 -815 69 -838 -395 392 -671 762 -110 -590 -480 996 -608 516 586 -908 
71
0
0
71
71
71
-694 490 -832 -951 -595 -338 74 -839 -177 775 -703 -711 -56 -790 345 198 -621 -48 -818 996 880 458 -751 -133 448 -809 -720 -312 -415 -309 407 -546 212 289 272 -757 391 -603 -396 898 115 -281 -880 655 -129 -447 -12 -451 -35 458 659 -198 777 -497 200 -719 632 -815 69 -838 -395 392 -671 762 -110 -590 -480 996 -608 516 586 -908 
-581 -694 490 -832 -951 -595 -338 74 -839 -177 775 -703 -711 -56 -790 345 198 -621 -48 -818 996 880 458 -751 -133 448 -809 -720 -312 -415 -309 407 -546 212 289 272 -757 391 -603 -396 898 115 -281 -880 655 -129 -447 -12 -451 -35 458 659 -198 777 -497 200 -719 632 -815 69 -838 -395 392 -671 762 -110 -590 -480 996 -608 516 586 -908 
-581
-694
819 490 -832 -951 -595 -338 74 -839 -177 775 -703 -711 -56 -790 345 198 -621 -48 -818 996 880 458 -751 -133 448 -809 -720 -312 -415 -309 407 -546 212 289 272 -757 391 -603 -396 898 115 -281 -880 655 -129 -447 -12 -451 -35 458 659 -198 777 -497 200 -719 632 -815 69 -838 -395 392 -671 762 -110 -590 -480 996 -608 516 586 -908 
819
-89 490 -832 -951 -595 -338 74 -839 -177 775 -703 -711 -56 -790 345 198 -621 -48 -818 996 880 458 -751 -133 448 -809 -720 -312 -415 -309 407 -546 212 289 272 -757 391 -603 -396 898 115 -281 -880 655 -129 -447 -12 -451 -35 458 659 -198 777 -497 200 -719 632 -815 69 -838 -395 392 -671 762 -110 -590 -480 996 -608 516 586 -908 
72
-89
71
490
-924 -832 -951 -595 -338 74 -839 -177 775 -703 -711 -56 -790 345 198 -621 -48 -818 996 880 458 -751 -133 448 -809 -720 -312 -415 -309 407 -546 212 289 272 -757 391 -603 -396 898 115 -281 -880 655 -129 -447 -12 -451 -35 458 659 -198 777 -497 200 -719 632 -815 69 -838 -395 392 -671 762 -110 -590 -480 996 -608 516 586 -908 
-673 -924 -832 -951 -595 -338 74 -839 -177 775 -703 -711 -56 -790 345 198 -621 -48 -818 996 880 458 -751 -133 448 -809 -720 -312 -415 -309 407 -546 212 289 272 -757 391 -603 -396 898 115 -281 -880 655 -129 -447 -12 -451 -35 458 659 -198 777 -497 200 -719 632 -815 69 -838 -395 392 -671 762 -110 -590 -480 996 -608 516 586 -908 
-673
-21 -924 -832 -951 -595 -338 74 -839 -177 775 -703 -711 -56 -790 345 198 -621 -48 -818 996 880 458 -751 -133 448 -809 -720 -312 -415 -309 407 -546 212 289 272 -757 391 -603 -396 898 115 -281 -880 655 -129 -447 -12 -451 -35 458 659 -198 777 -497 200 -719 632 -815 69 -838 -395 392 -671 762 -110 -590 -480 996 -608 516 586 -908 
0
0
916 -21 -924 -832 -951 -595 -338 74 -839 -177 775 -703 -711 -56 -790 345 198 -621 -48 -818 996 880 458 -751 -133 448 -809 -720 -312 -415 -309 407 -546 212 289 272 -757 391 -603 -396 898 115 -281 -880 655 -129 -447 -12 -451 -35 458 659 -198 777 -497 200 -719 632 -815 69 -838 -395 392 -671 762 -110 -590 -480 996 -608 516 586 -908 
73
73
-884 916 -21 -924 -832 -951 -595 -338 74 -839 -177 775 -703 -711 -56 -790 345 198 -621 -48 -818 996 880 458 -751 -133 448 -809 -720 -312 -415 -309 407 -546 212 289 272 -757 391 -603 -396 898 115 -281 -880 655 -129 -447 -12 -451 -35 458 659 -198 777 -497 200 -719 632 -815 69 -838 -395 392 -671 762 -110 -590 -480 996 -608 516 586 -908 
100 -884 916 -21 -924 -832 -951 -595 -338 74 -839 -177 775 -703 -711 -56 -790 345 198 -621 -48 -818 996 880 458 -751 -133 448 -809 -720 -312 -415 -309 407 -546 212 289 272 -757 391 -603 -396 898 115 -281 -880 655 -129 -447 -12 -451 -35 458 659 -198 777 -497 200 -719 632 -815 69 -838 -395 392 -671 762 -110 -590 -480 996 -608 516 586 -908 
643 100 -884 916 -21 -924 -832 -951 -595 -338 74 -839 -177 775 -703 -711 -56 -790 345 198 -621 -48 -818 996 880 458 -751 -133 448 -809 -720 -312 -415 -309 407 -546 212 289 272 -757 391 -603 -396 898 115 -281 -880 655 -129 -447 -12 -451 -35 458 659 -198 777 -497 200 -719 632 -815 69 -838 -395 392 -671 762 -110 -590 -480 996 -608 516 586 -908 
-750 643 100 -884 916 -21 -924 -832 -951 -595 -338 74 -839 -177 775 -703 -711 -56 -790 345 198 -621 -48 -818 996 880 458 -751 -133 448 -809 -720 -312 -415 -309 407 -546 212 289 272 -757 391 -603 -396 898 115 -281 -880 655 -129 -447 -12 -451 -35 458 659 -198 777 -497 200 -719 632 -815 69 -838 -395 392 -671 762 -110 -590 -480 996 -608 516 586 -908 
-338 -750 643 100 -884 916 -21 -924 -832 -951 -595 -338 74 -839 -177 775 -703 -711 -56 -790 345 198 -621 -48 -818 996 880 458 -751 -133 448 -809 -720 -312 -415 -309 407 -546 212 289 272 -757 391 -603 -396 898 115 -281 -880 655 -129 -447 -12 -451 -35 458 659 -198 777 -497 200 -719 632 -815 69 -838 -395 392 -671 762 -110 -590 -480 996 -608 516 586 -908 
78
78
-338
0
0
77
-412 -750 643 100 -884 916 -21 -924 -832 -951 -595 -338 74 -839 -177 775 -703 -711 -56 -790 345 198 -621 -48 -818 996 880 458 -751 -133 448 -809 -720 -312 -415 -309 407 -546 212 289 272 -757 391 -603 -396 898 115 -281 -880 655 -129 -447 -12 -451 -35 458 659 -198 777 -497 200 -719 632 -815 69 -838 -395 392 -671 762 -110 -590 -480 996 -608 516 586 -908 
-412
-750
173 643 100 -884 916 -21 -924 -832 -951 -595 -338 74 -839 -177 775 -703 -711 -56 -790 345 198 -621 -48 -818 996 880 458 -751 -133 448 -809 -720 -312 -415 -309 407 -546 212 289 272 -757 391 -603 -396 898 115 -281 -880 655 -129 -447 -12 -451 -35 458 659 -198 777 -497 200 -719 632 -815 69 -838 -395 392 -671 762 -110 -590 -480 996 -608 516 586 -908 
646 173 643 100 -884 916 -21 -924 -832 -951 -595 -338 74 -839 -177 775 -703 -711 -56 -790 345 198 -621 -48 -818 996 880 458 -751 -133 448 -809 -720 -312 -415 -309 407 -546 212 289 272 -757 391 -603 -396 898 115 -281 -880 655 -129 -447 -12 -451 -35 458 659 -198 777 -497 200 -719 632 -815 69 -838 -395 392 -671 762 -110 -590 -480 996 -608 516 586 -908 
646
237 173 643 100 -884 916 -21 -924 -832 -951 -595 -338 74 -839 -177 775 -703 -711 -56 -790 345 198 -621 -48 -818 996 880 458 -751 -133 448 -809 -720 -312 -415 -309 407 -546 212 289 272 -757 391 -603 -396 898 115 -281 -880 655 -129 -447 -12 -451 -35 458 659 -198 777 -497 200 -719 632 -815 69 -838 -395 392 -671 762 -110 -590 -480 996 -608 516 586 -908 
-316 237 173 643 100 -884 916 -21 -924 -832 -951 -595 -338 74 -839 -177 775 -703 -711 -56 -790 345 198 -621 -48 -818 996 880 458 -751 -133 448 -809 -720 -312 -415 -309 407 -546 212 289 272 -757 391 -603 -396 898 115 -281 -880 655 -129 -447 -12 -451 -35 458 659 -198 777 -497 200 -719 632 -815 69 -838 -395 392 -671 762 -110 -590 -480 996 -608 516 586 -908 
-354 -316 237 173 643 100 -884 916 -21 -924 -832 -951 -595 -338 74 -839 -177 775 -703 -711 -56 -790 345 198 -621 -48 -818 996 880 458 -751 -133 448 -809 -720 -312 -415 -309 407 -546 212 289 272 -757 391 -603 -396 898 115 -281 -880 655 -129 -447 -12 -451 -35 458 659 -198 777 -497 200 -719 632 -815 69 -838 -395 392 -671 762 -110 -590 -480 996 -608 516 586 -908 
952 -354 -316 237 173 643 100 -884 916 -21 -924 -832 -951 -595 -338 74 -839 -177 775 -703 -711 -56 -790 345 198 -621 -48 -818 996 880 458 -751 -133 448 -809 -720 -312 -415 -309 407 -546 212 289 272 -757 391 -603 -396 898 115 -281 -880 655 -129 -447 -12 -451 -35 458 659 -198 777 -497 200 -719 632 -815 69 -838 -395 392 -671 762 -110 -590 -480 996 -608 516 586 -908 
-954 952 -354 -316 237 173 643 100 -884 916 -21 -924 -832 -951 -595 -338 74 -839 -177 775 -703 -711 -56 -790 345 198 -621 -48 -818 996 880 458 -751 -133 448 -809 -720 -312 -415 -309 407 -546 212 289 272 -757 391 -603 -396 898 115 -281 -880 655 -129 -447 -12 -451 -35 458 659 -198 777 -497 200 -719 632 -815 69 -838 -395 392 -671 762 -110 -590 -480 996 -608 516 586 -908 
0
-954
81
0
-87 952 -354 -316 237 173 643 100 -884 916 -21 -924 -832 -951 -595 -338 74 -839 -177 775 -703 -711 -56 -790 345 198 -621 -48 -818 996 880 458 -751 -133 448 -809 -720 -312 -415 -309 407 -546 212 289 272 -757 391 -603 -396 898 115 -281 -880 655 -129 -447 -12 -451 -35 458 659 -198 777 -497 200 -719 632 -815 69 -838 -395 392 -671 762 -110 -590 -480 996 -608 516 586 -908 
82
0
461 -87 952 -354 -316 237 173 643 100 -884 916 -21 -924 -832 -951 -595 -338 74 -839 -177 775 -703 -711 -56 -790 345 198 -621 -48 -818 996 880 458 -751 -133 448 -809 -720 -312 -415 -309 407 -546 212 289 272 -757 391 -603 -396 898 115 -281 -880 655 -129 -447 -12 -451 -35 458 659 -198 777 -497 200 -719 632 -815 69 -838 -395 392 -671 762 -110 -590 -480 996 -608 516 586 -908 
0
542 461 -87 952 -354 -316 237 173 643 100 -884 916 -21 -924 -832 -951 -595 -338 74 -839 -177 775 -703 -711 -56 -790 345 198 -621 -48 -818 996 880 458 -751 -133 448 -809 -720 -312 -415 -309 407 -546 212 289 272 -757 391 -603 -396 898 115 -281 -880 655 -129 -447 -12 -451 -35 458 659 -198 777 -497 200 -719 632 -815 69 -838 -395 392 -671 762 -110 -590 -480 996 -608 516 586 -908 
0
542
-718 461 -87 952 -354 -316 237 173 643 100 -884 916 -21 -924 -832 -951 -595 -338 74 -839 -177 775 -703 -711 -56 -790 345 198 -621 -48 -818 996 880 458 -751 -133 448 -809 -720 -312 -415 -309 407 -546 212 289 272 -757 391 -603 -396 898 115 -281 -880 655 -129 -447 -12 -451 -35 458 659 -198 777 -497 200 -719 632 -815 69 -838 -395 392 -671 762 -110 -590 -480 996 -608 516 586 -908 
225 -718 461 -87 952 -354 -316 237 173 643 100 -884 916 -21 -924 -832 -951 -595 -338 74 -839 -177 775 -703 -711 -56 -790 345 198 -621 -48 -818 996 880 458 -751 -133 448 -809 -720 -312 -415 -309 407 -546 212 289 272 -757 391 -603 -396 898 115 -281 -880 655 -129 -447 -12 -451 -35 458 659 -198 777 -497 200 -719 632 -815 69 -838 -395 392 -671 762 -110 -590 -480 996 -608 516 586 -908 
225
-718
461
82
0
0
0
82
-251 -87 952 -354 -316 237 173 643 100 -884 916 -21 -924 -832 -951 -595 -338 74 -839 -177 775 -703 -711 -56 -790 345 198 -621 -48 -818 996 880 458 -751 -133 448 -809 -720 -312 -415 -309 407 -546 212 289 272 -757 391 -603 -396 898 115 -281 -880 655 -129 -447 -12 -451 -35 458 659 -198 777 -497 200 -719 632 -815 69 -838 -395 392 -671 762 -110 -590 -480 996 -608 516 586 -908 
-568 -251 -87 952 -354 -316 237 173 643 100 -884 916 -21 -924 -832 -951 -595 -338 74 -839 -177 775 -703 -711 -56 -790 345 198 -621 -48 -818 996 880 458 -751 -133 448 -809 -720 -312 -415 -309 407 -546 212 289 272 -757 391 -603 -396 898 115 -281 -880 655 -129 -447 -12 -451 -35 458 659 -198 777 -497 200 -719 632 -815 69 -838 -395 392 -671 762 -110 -590 -480 996 -608 516 586 -908 
-568
-251
0
0
0
82
-87
81
81
-889 952 -354 -316 237 173 643 100 -884 916 -21 -924 -832 -951 -595 -338 74 -839 -177 775 -703 -711 -56 -790 345 198 -621 -48 -818 996 880 458 -751 -133 448 -809 -720 -312 -415 -309 407 -546 212 289 272 -757 391 -603 -396 898 115 -281 -880 655 -129 -447 -12 -451 -35 458 659 -198 777 -497 200 -719 632 -815 69 -838 -395 392 -671 762 -110 -590 -480 996 -608 516 586 -908 
375 -889 952 -354 -316 237 173 643 100 -884 916 -21 -924 -832 -951 -595 -338 74 -839 -177 775 -703 -711 -56 -790 345 198 -621 -48 -818 996 880 458 -751 -133 448 -809 -720 -312 -415 -309 407 -546 212 289 272 -757 391 -603 -396 898 115 -281 -880 655 -129 -447 -12 -451 -35 458 659 -198 777 -497 200 -719 632 -815 69 -838 -395 392 -671 762 -110 -590 -480 996 -608 516 586 -908 
83
0
0
-768 375 -889 952 -354 -316 237 173 643 100 -884 916 -21 -924 -832 -951 -595 -338 74 -839 -177 775 -703 -711 -56 -790 345 198 -621 -48 -818 996 880 458 -751 -133 448 -809 -720 -312 -415 -309 407 -546 212 289 272 -757 391 -603 -396 898 115 -281 -880 655 -129 -447 -12 -451 -35 458 659 -198 777 -497 200 -719 632 -815 69 -838 -395 392 -671 762 -110 -590 -480 996 -608 516 586 -908 
0
-424 -768 375 -889 952 -354 -316 237 173 643 100 -884 916 -21 -924 -832 -951 -595 -338 74 -839 -177 775 -703 -711 -56 -790 345 198 -621 -48 -818 996 880 458 -751 -133 448 -809 -720 -312 -415 -309 407 -546 212 289 272 -757 391 -603 -396 898 115 -281 -880 655 -129 -447 -12 -451 -35 458 659 -198 777 -497 200 -719 632 -815 69 -838 -395 392 -671 762 -110 -590 -480 996 -608 516 586 -908 
0
-347 -424 -768 375 -889 952 -354 -316 237 173 643 100 -884 916 -21 -924 -832 -951 -595 -338 74 -839 -177 775 -703 -711 -56 -790 345 198 -621 -48 -818 996 880 458 -751 -133 448 -809 -720 -312 -415 -309 407 -546 212 289 272 -757 391 -603 -396 898 115 -281 -880 655 -129 -447 -12 -451 -35 458 659 -198 777 -497 200 -719 632 -815 69 -838 -395 392 -671 762 -110 -590 -480 996 -608 516 586 -908 
-347
-424
-135 -768 375 -889 952 -354 -316 237 173 643 100 -884 916 -21 -924 -832 -951 -595 -338 74 -839 -177 775 -703 -711 -56 -790 345 198 -621 -48 -818 996 880 458 -751 -133 448 -809 -720 -312 -415 -309 407 -546 212 289 272 -757 391 -603 -396 898 115 -281 -880 655 -129 -447 -12 -451 -35 458 659 -198 777 -497 200 -719 632 -815 69 -838 -395 392 -671 762 -110 -590 -480 996 -608 516 586 -908 
0
85
85
0
824 -135 -768 375 -889 952 -354 -316 237 173 643 100 -884 916 -21 -924 -832 -951 -595 -338 74 -839 -177 775 -703 -711 -56 -790 345 198 -621 -48 -818 996 880 458 -751 -133 448 -809 -720 -312 -415 -309 407 -546 212 289 272 -757 391 -603 -396 898 115 -281 -880 655 -129 -447 -12 -451 -35 458 659 -198 777 -497 200 -719 632 -815 69 -838 -395 392 -671 762 -110 -590 -480 996 -608 516 586 -908 
824
-135
-213 -768 375 -889 952 -354 -316 237 173 643 100 -884 916 -21 -924 -832 -951 -595 -338 74 -839 -177 775 -703 -711 -56 -790 345 198 -621 -48 -818 996 880 458 -751 -133 448 -809 -720 -312 -415 -309 407 -546 212 289 272 -757 391 -603 -396 898 115 -281 -880 655 -129 -447 -12 -451 -35 458 659 -198 777 -497 200 -719 632 -815 69 -838 -395 392 -671 762 -110 -590 -480 996 -608 516 586 -908 
0
-294 -213 -768 375 -889 952 -354 -316 237 173 643 100 -884 916 -21 -924 -832 -951 -595 -338 74 -839 -177 775 -703 -711 -56 -790 345 198 -621 -48 -818 996 880 458 -751 -133 448 -809 -720 -312 -415 -309 407 -546 212 289 272 -757 391 -603 -396 898 115 -281 -880 655 -129 -447 -12 -451 -35 458 659 -198 777 -497 200 -719 632 -815 69 -838 -395 392 -671 762 -110 -590 -480 996 -608 516 586 -908 
-294
0
-914 -213 -768 375 -889 952 -354 -316 237 173 643 100 -884 916 -21 -924 -832 -951 -595 -338 74 -839 -177 775 -703 -711 -56 -790 345 198 -621 -48 -818 996 880 458 -751 -133 448 -809 -720 -312 -415 -309 407 -546 212 289 272 -757 391 -603 -396 898 115 -281 -880 655 -129 -447 -12 -451 -35 458 659 -198 777 -497 200 -719 632 -815 69 -838 -395 392 -671 762 -110 -590 -480 996 -608 516 586 -908 
-261 -914 -213 -768 375 -889 952 -354 -316 237 173 643 100 -884 916 -21 -924 -832 -951 -595 -338 74 -839 -177 775 -703 -711 -56 -790 345 198 -621 -48 -818 996 880 458 -751 -133 448 -809 -720 -312 -415 -309 407 -546 212 289 272 -757 391 -603 -396 898 115 -281 -880 655 -129 -447 -12 -451 -35 458 659 -198 777 -497 200 -719 632 -815 69 -838 -395 392 -671 762 -110 -590 -480 996 -608 516 586 -908 
87
87
87
-195 -261 -914 -213 -768 375 -889 952 -354 -316 237 173 643 100 -884 916 -21 -924 -832 -951 -595 -338 74 -839 -177 775 -703 -711 -56 -790 345 198 -621 -48 -818 996 880 458 -751 -133 448 -809 -720 -312 -415 -309 407 -546 212 289 272 -757 391 -603 -396 898 115 -281 -880 655 -129 -447 -12 -451 -35 458 659 -198 777 -497 200 -719 632 -815 69 -838 -395 392 -671 762 -110 -590 -480 996 -608 516 586 -908 
916 -195 -261 -914 -213 -768 375 -889 952 -354 -316 237 173 643 100 -884 916 -21 -924 -832 -951 -595 -338 74 -839 -177 775 -703 -711 -56 -790 345 198 -621 -48 -818 996 880 458 -751 -133 448 -809 -720 -312 -415 -309 407 -546 212 289 272 -757 391 -603 -396 898 115 -281 -880 655 -129 -447 -12 -451 -35 458 659 -198 777 -497 200 -719 632 -815 69 -838 -395 392 -671 762 -110 -590 -480 996 -608 516 586 -908 
0
89
89
916
-156 -195 -261 -914 -213 -768 375 -889 952 -354 -316 237 173 643 100 -884 916 -21 -924 -832 -951 -595 -338 74 -839 -177 775 -703 -711 -56 -790 345 198 -621 -48 -818 996 880 458 -751 -133 448 -809 -720 -312 -415 -309 407 -546 212 289 272 -757 391 -603 -396 898 115 -281 -880 655 -129 -447 -12 -451 -35 458 659 -198 777 -497 200 -719 632 -815 69 -838 -395 392 -671 762 -110 -590 -480 996 -608 516 586 -908 
0
0
862 -156 -195 -261 -914 -213 -768 375 -889 952 -354 -316 237 173 643 100 -884 916 -21 -924 -832 -951 -595 -338 74 -839 -177 775 -703 -711 -56 -790 345 198 -621 -48 -818 996 880 458 -751 -133 448 -809 -720 -312 -415 -309 407 -546 212 289 272 -757 391 -603 -396 898 115 -281 -880 655 -129 -447 -12 -451 -35 458 659 -198 777 -497 200 -719 632 -815 69 -838 -395 392 -671 762 -110 -590 -480 996 -608 516 586 -908 
0
862
-198 -156 -195 -261 -914 -213 -768 375 -889 952 -354 -316 237 173 643 100 -884 916 -21 -924 -832 -951 -595 -338 74 -839 -177 775 -703 -711 -56 -790 345 198 -621 -48 -818 996 880 458 -751 -133 448 -809 -720 -312 -415 -309 407 -546 212 289 272 -757 391 -603 -396 898 115 -281 -880 655 -129 -447 -12 -451 -35 458 659 -198 777 -497 200 -719 632 -815 69 -838 -395 392 -671 762 -110 -590 -480 996 -608 516 586 -908 
90
-106 -198 -156 -195 -261 -914 -213 -768 375 -889 952 -354 -316 237 173 643 100 -884 916 -21 -924 -832 -951 -595 -338 74 -839 -177 775 -703 -711 -56 -790 345 198 -621 -48 -818 996 880 458 -751 -133 448 -809 -720 -312 -415 -309 407 -546 212 289 272 -757 391 -603 -396 898 115 -281 -880 655 -129 -447 -12 -451 -35 458 659 -198 777 -497 200 -719 632 -815 69 -838 -395 392 -671 762 -110 -590 -480 996 -608 516 586 -908 
374 -106 -198 -156 -195 -261 -914 -213 -768 375 -889 952 -354 -316 237 173 643 100 -884 916 -21 -924 -832 -951 -595 -338 74 -839 -177 775 -703 -711 -56 -790 345 198 -621 -48 -818 996 880 458 -751 -133 448 -809 -720 -312 -415 -309 407 -546 212 289 272 -757 391 -603 -396 898 115 -281 -880 655 -129 -447 -12 -451 -35 458 659 -198 777 -497 200 -719 632 -815 69 -838 -395 392 -671 762 -110 -590 -480 996 -608 516 586 -908 
67 374 -106 -198 -156 -195 -261 -914 -213 -768 375 -889 952 -354 -316 237 173 643 100 -884 916 -21 -924 -832 -951 -595 -338 74 -839 -177 775 -703 -711 -56 -790 345 198 -621 -48 -818 996 880 458 -751 -133 448 -809 -720 -312 -415 -309 407 -546 212 289 272 -757 391 -603 -396 898 115 -281 -880 655 -129 -447 -12 -451 -35 458 659 -198 777 -497 200 -719 632 -815 69 -838 -395 392 -671 762 -110 -590 -480 996 -608 516 586 -908 
0
713 67 374 -106 -198 -156 -195 -261 -914 -213 -768 375 -889 952 -354 -316 237 173 643 100 -884 916 -21 -924 -832 -951 -595 -338 74 -839 -177 775 -703 -711 -56 -790 345 198 -621 -48 -818 996 880 458 -751 -133 448 -809 -720 -312 -415 -309 407 -546 212 289 272 -757 391 -603 -396 898 115 -281 -880 655 -129 -447 -12 -451 -35 458 659 -198 777 -497 200 -719 632 -815 69 -838 -395 392 -671 762 -110 -590 -480 996 -608 516 586 -908 
693 713 67 374 -106 -198 -156 -195 -261 -914 -213 -768 375 -889 952 -354 -316 237 173 643 100 -884 916 -21 -924 -832 -951 -595 -338 74 -839 -177 775 -703 -711 -56 -790 345 198 -621 -48 -818 996 880 458 -751 -133 448 -809 -720 -312 -415 -309 407 -546 212 289 272 -757 391 -603 -396 898 115 -281 -880 655 -129 -447 -12 -451 -35 458 659 -198 777 -497 200 -719 632 -815 69 -838 -395 392 -671 762 -110 -590 -480 996 -608 516 586 -908 
693
0
-48 713 67 374 -106 -198 -156 -195 -261 -914 -213 -768 375 -889 952 -354 -316 237 173 643 100 -884 916 -21 -924 -832 -951 -595 -338 74 -839 -177 775 -703 -711 -56 -790 345 198 -621 -48 -818 996 880 458 -751 -133 448 -809 -720 -312 -415 -309 407 -546 212 289 272 -757 391 -603 -396 898 115 -281 -880 655 -129 -447 -12 -451 -35 458 659 -198 777 -497 200 -719 632 -815 69 -838 -395 392 -671 762 -110 -590 -480 996 -608 516 586 -908 
-48
94
0
713
67
92
0
0
92
374
-106
90
-198
89
89
-167 -156 -195 -261 -914 -213 -768 375 -889 952 -354 -316 237 173 643 100 -884 916 -21 -924 -832 -951 -595 -338 74 -839 -177 775 -703 -711 -56 -790 345 198 -621 -48 -818 996 880 458 -751 -133 448 -809 -720 -312 -415 -309 407 -546 212 289 272 -757 391 -603 -396 898 115 -281 -880 655 -129 -447 -12 -451 -35 458 659 -198 777 -497 200 -719 632 -815 69 -838 -395 392 -671 762 -110 -590 -480 996 -608 516 586 -908 
291 -167 -156 -195 -261 -914 -213 -768 375 -889 952 -354 -316 237 173 643 100 -884 916 -21 -924 -832 -951 -595 -338 74 -839 -177 775 -703 -711 -56 -790 345 198 -621 -48 -818 996 880 458 -751 -133 448 -809 -720 -312 -415 -309 407 -546 212 289 272 -757 391 -603 -396 898 115 -281 -880 655 -129 -447 -12 -451 -35 458 659 -198 777 -497 200 -719 632 -815 69 -838 -395 392 -671 762 -110 -590 -480 996 -608 516 586 -908 
-781 291 -167 -156 -195 -261 -914 -213 -768 375 -889 952 -354 -316 237 173 643 100 -884 916 -21 -924 -832 -951 -595 -338 74 -839 -177 775 -703 -711 -56 -790 345 198 -621 -48 -818 996 880 458 -751 -133 448 -809 -720 -312 -415 -309 407 -546 212 289 272 -757 391 -603 -396 898 115 -281 -880 655 -129 -447 -12 -451 -35 458 659 -198 777 -497 200 -719 632 -815 69 -838 -395 392 -671 762 -110 -590 -480 996 -608 516 586 -908 
-551 -781 291 -167 -156 -195 -261 -914 -213 -768 375 -889 952 -354 -316 237 173 643 100 -884 916 -21 -924 -832 -951 -595 -338 74 -839 -177 775 -703 -711 -56 -790 345 198 -621 -48 -818 996 880 458 -751 -133 448 -809 -720 -312 -415 -309 407 -546 212 289 272 -757 391 -603 -396 898 115 -281 -880 655 -129 -447 -12 -451 -35 458 659 -198 777 -497 200 -719 632 -815 69 -838 -395 392 -671 762 -110 -590 -480 996 -608 516 586 -908 
-551
0
-763 -781 291 -167 -156 -195 -261 -914 -213 -768 375 -889 952 -354 -316 237 173 643 100 -884 916 -21 -924 -832 -951 -595 -338 74 -839 -177 775 -703 -711 -56 -790 345 198 -621 -48 -818 996 880 458 -751 -133 448 -809 -720 -312 -415 -309 407 -546 212 289 272 -757 391 -603 -396 898 115 -281 -880 655 -129 -447 -12 -451 -35 458 659 -198 777 -497 200 -719 632 -815 69 -838 -395 392 -671 762 -110 -590 -480 996 -608 516 586 -908 
291 -763 -781 291 -167 -156 -195 -261 -914 -213 -768 375 -889 952 -354 -316 237 173 643 100 -884 916 -21 -924 -832 -951 -595 -338 74 -839 -177 775 -703 -711 -56 -790 345 198 -621 -48 -818 996 880 458 -751 -133 448 -809 -720 -312 -415 -309 407 -546 212 289 272 -757 391 -603 -396 898 115 -281 -880 655 -129 -447 -12 -451 -35 458 659 -198 777 -497 200 -719 632 -815 69 -838 -395 392 -671 762 -110 -590 -480 996 -608 516 586 -908 
-163 291 -763 -781 291 -167 -156 -195 -261 -914 -213 -768 375 -889 952 -354 -316 237 173 643 100 -884 916 -21 -924 -832 -951 -595 -338 74 -839 -177 775 -703 -711 -56 -790 345 198 -621 -48 -818 996 880 458 -751 -133 448 -809 -720 -312 -415 -309 407 -546 212 289 272 -757 391 -603 -396 898 115 -281 -880 655 -129 -447 -12 -451 -35 458 659 -198 777 -497 200 -719 632 -815 69 -838 -395 392 -671 762 -110 -590 -480 996 -608 516 586 -908 
0
94 -163 291 -763 -781 291 -167 -156 -195 -261 -914 -213 -768 375 -889 952 -354 -316 237 173 643 100 -884 916 -21 -924 -832 -951 -595 -338 74 -839 -177 775 -703 -711 -56 -790 345 198 -621 -48 -818 996 880 458 -751 -133 448 -809 -720 -312 -415 -309 407 -546 212 289 272 -757 391 -603 -396 898 115 -281 -880 655 -129 -447 -12 -451 -35 458 659 -198 777 -497 200 -719 632 -815 69 -838 -395 392 -671 762 -110 -590 -480 996 -608 516 586 -908 
94
-176 -163 291 -763 -781 291 -167 -156 -195 -261 -914 -213 -768 375 -889 952 -354 -316 237 173 643 100 -884 916 -21 -924 -832 -951 -595 -338 74 -839 -177 775 -703 -711 -56 -790 345 198 -621 -48 -818 996 880 458 -751 -133 448 -809 -720 -312 -415 -309 407 -546 212 289 272 -757 391 -603 -396 898 115 -281 -880 655 -129 -447 -12 -451 -35 458 659 -198 777 -497 200 -719 632 -815 69 -838 -395 392 -671 762 -110 -590 -480 996 -608 516 586 -908 
558 -176 -163 291 -763 -781 291 -167 -156 -195 -261 -914 -213 -768 375 -889 952 -354 -316 237 173 643 100 -884 916 -21 -924 -832 -951 -595 -338 74 -839 -177 775 -703 -711 -56 -790 345 198 -621 -48 -818 996 880 458 -751 -133 448 -809 -720 -312 -415 -309 407 -546 212 289 272 -757 391 -603 -396 898 115 -281 -880 655 -129 -447 -12 -451 -35 458 659 -198 777 -497 200 -719 632 -815 69 -838 -395 392 -671 762 -110 -590 -480 996 -608 516 586 -908 
0
97
-407 558 -176 -163 291 -763 -781 291 -167 -156 -195 -261 -914 -213 -768 375 -889 952 -354 -316 237 173 643 100 -884 916 -21 -924 -832 -951 -595 -338 74 -839 -177 775 -703 -711 -56 -790 345 198 -621 -48 -818 996 880 458 -751 -133 448 -809 -720 -312 -415 -309 407 -546 212 289 272 -757 391 -603 -396 898 115 -281 -880 655 -129 -447 -12 -451 -35 458 659 -198 777 -497 200 -719 632 -815 69 -838 -395 392 -671 762 -110 -590 -480 996 -608 516 586 -908 
98
-306 -407 558 -176 -163 291 -763 -781 291 -167 -156 -195 -261 -914 -213 -768 375 -889 952 -354 -316 237 173 643 100 -884 916 -21 -924 -832 -951 -595 -338 74 -839 -177 775 -703 -711 -56 -790 345 198 -621 -48 -818 996 880 458 -751 -133 448 -809 -720 -312 -415 -309 407 -546 212 289 272 -757 391 -603 -396 898 115 -281 -880 655 -129 -447 -12 -451 -35 458 659 -198 777 -497 200 -719 632 -815 69 -838 -395 392 -671 762 -110 -590 -480 996 -608 516 586 -908 
0
-306
-763 -407 558 -176 -163 291 -763 -781 291 -167 -156 -195 -261 -914 -213 -768 375 -889 952 -354 -316 237 173 643 100 -884 916 -21 -924 -832 -951 -595 -338 74 -839 -177 775 -703 -711 -56 -790 345 198 -621 -48 -818 996 880 458 -751 -133 448 -809 -720 -312 -415 -309 407 -546 212 289 272 -757 391 -603 -396 898 115 -281 -880 655 -129 -447 -12 -451 -35 458 659 -198 777 -497 200 -719 632 -815 69 -838 -395 392 -671 762 -110 -590 -480 996 -608 516 586 -908 
99
905 -763 -407 558 -176 -163 291 -763 -781 291 -167 -156 -195 -261 -914 -213 -768 375 -889 952 -354 -316 237 173 643 100 -884 916 -21 -924 -832 -951 -595 -338 74 -839 -177 775 -703 -711 -56 -790 345 198 -621 -48 -818 996 880 458 -751 -133 448 -809 -720 -312 -415 -309 407 -546 212 289 272 -757 391 -603 -396 898 115 -281 -880 655 -129 -447 -12 -451 -35 458 659 -198 777 -497 200 -719 632 -815 69 -838 -395 392 -671 762 -110 -590 -480 996 -608 516 586 -908 
-505 905 -763 -407 558 -176 -163 291 -763 -781 291 -167 -156 -195 -261 -914 -213 -768 375 -889 952 -354 -316 237 173 643 100 -884 916 -21 -924 -832 -951 -595 -338 74 -839 -177 775 -703 -711 -56 -790 345 198 -621 -48 -818 996 880 458 -751 -133 448 -809 -720 -312 -415 -309 407 -546 212 289 272 -757 391 -603 -396 898 115 -281 -880 655 -129 -447 -12 -451 -35 458 659 -198 777 -497 200 -719 632 -815 69 -838 -395 392 -671 762 -110 -590 -480 996 -608 516 586 -908 
-505
905
-763
-407
0
624 558 -176 -163 291 -763 -781 291 -167 -156 -195 -261 -914 -213 -768 375 -889 952 -354 -316 237 173 643 100 -884 916 -21 -924 -832 -951 -595 -338 74 -839 -177 775 -703 -711 -56 -790 345 198 -621 -48 -818 996 880 458 -751 -133 448 -809 -720 -312 -415 -309 407 -546 212 289 272 -757 391 -603 -396 898 115 -281 -880 655 -129 -447 -12 -451 -35 458 659 -198 777 -497 200 -719 632 -815 69 -838 -395 392 -671 762 -110 -590 -480 996 -608 516 586 -908 
98
-111 624 558 -176 -163 291 -763 -781 291 -167 -156 -195 -261 -914 -213 -768 375 -889 952 -354 -316 237 173 643 100 -884 916 -21 -924 -832 -951 -595 -338 74 -839 -177 775 -703 -711 -56 -790 345 198 -621 -48 -818 996 880 458 -751 -133 448 -809 -720 -312 -415 -309 407 -546 212 289 272 -757 391 -603 -396 898 115 -281 -880 655 -129 -447 -12 -451 -35 458 659 -198 777 -497 200 -719 632 -815 69 -838 -395 392 -671 762 -110 -590 -480 996 -608 516 586 -908 
99
-210 -111 624 558 -176 -163 291 -763 -781 291 -167 -156 -195 -261 -914 -213 -768 375 -889 952 -354 -316 237 173 643 100 -884 916 -21 -924 -832 -951 -595 -338 74 -839 -177 775 -703 -711 -56 -790 345 198 -621 -48 -818 996 880 458 -751 -133 448 -809 -720 -312 -415 -309 407 -546 212 289 272 -757 391 -603 -396 898 115 -281 -880 655 -129 -447 -12 -451 -35 458 659 -198 777 -497 200 -719 632 -815 69 -838 -395 392 -671 762 -110 -590 -480 996 -608 516 586 -908 
100
-210
99
99
0
99
-183 -111 624 558 -176 -163 291 -763 -781 291 -167 -156 -195 -261 -914 -213 -768 375 -889 952 -354 -316 237 173 643 100 -884 916 -21 -924 -832 -951 -595 -338 74 -839 -177 775 -703 -711 -56 -790 345 198 -621 -48 -818 996 880 458 -751 -133 448 -809 -720 -312 -415 -309 407 -546 212 289 272 -757 391 -603 -396 898 115 -281 -880 655 -129 -447 -12 -451 -35 458 659 -198 777 -497 200 -719 632 -815 69 -838 -395 392 -671 762 -110 -590 -480 996 -608 516 586 -908 
-274 -183 -111 624 558 -176 -163 291 -763 -781 291 -167 -156 -195 -261 -914 -213 -768 375 -889 952 -354 -316 237 173 643 100 -884 916 -21 -924 -832 -951 -595 -338 74 -839 -177 775 -703 -711 -56 -790 345 198 -621 -48 -818 996 880 458 -751 -133 448 -809 -720 -312 -415 -309 407 -546 212 289 272 -757 391 -603 -396 898 115 -281 -880 655 -129 -447 -12 -451 -35 458 659 -198 777 -497 200 -719 632 -815 69 -838 -395 392 -671 762 -110 -590 -480 996 -608 516 586 -908 
0
101
101
-274
