1
-2147483648
1
0
625 625 
625 599 599 
599 723 723 
723
0
258 258 
1
258 -910 -910 
-910
-2147483648
0
-449 -449 
0
0
1
-449 -155 -155 
-155 -401 -401 
-401 -913 -913 
0
-913 938 938 
0
938 440 440 
440
1
94 94 
94
501 501 
1
501 744 744 
744 -428 -428 
-428
1
-444 -444 
0
0
0
-444 864 864 
1
864 -18 -18 
-18 -145 -145 
-145 -282 -282 
1
-282
-2147483648
0
0
1
-981 -981 
-981 -852 -852 
-852
-2147483648
-2147483648
0
-2147483648
0
-2147483648
0
1
-2147483648
997 997 
997 -17 -17 
1
0
-17 125 125 
125 946 946 
1
946
-2147483648
-275 -275 
-275
-494 -494 
0
1
0
-494
1
-689 -689 
1
-689
0
-2147483648
0
246 246 
246
713 713 
713 -243 -243 
1
-243 306 306 
306 -610 -610 
-610 -651 -651 
-651 -584 -584 
-584
166 166 
166
-147 -147 
-147
-874 -874 
1
-874 942 942 
1
942 823 823 
823 -929 -929 
0
-929 -10 -10 
-10 45 45 
45 -889 -889 
-889 678 678 
0
678
1
1
0
0
-2147483648
1
721 721 
1
721
-446 -446 
-446 -560 -560 
-560 288 288 
288
-456 -456 
-456 -266 -266 
-266
0
0
1
1
74 74 
74 -600 -600 
-600 -231 -231 
0
-231
-2147483648
0
642 642 
1
642 923 923 
923
903 903 
1
903
1
1
1
1
1
-2147483648
1
1
-2147483648
1
731 731 
731 -426 -426 
1
-426
-2147483648
-423 -423 
0
-423 -155 -155 
1
-155 545 545 
1
545
1
41 41 
41 -369 -369 
0
-369 599 599 
599 -255 -255 
-255
0
0
-687 -687 
0
-687
656 656 
656
0
0
1
-842 -842 
1
-842 816 816 
816 -886 -886 
-886 544 544 
544
0
0
-881 -881 
-881 803 803 
803 -346 -346 
-346
1
0
0
-888 -888 
-888
-2147483648
-2147483648
1
0
1
-188 -188 
-188
-618 -618 
0
-618
0
-749 -749 
-749
0
1
44 44 
44
1
-2147483648
0
-2147483648
-2147483648
0
795 795 
0
1
795
1
1
0
-836 -836 
-836 -541 -541 
-541
1
-2147483648
999 999 
999 -223 -223 
1
0
-223
0
-2147483648
1
-2147483648
0
228 228 
1
0
228 -977 -977 
0
-977
1
0
0
0
-2147483648
-371 -371 
-371
-2147483648
-2147483648
1
-690 -690 
0
1
0
-690 -329 -329 
0
1
-329 458 458 
458
0
-2147483648
-109 -109 
-109 -914 -914 
0
-914
-2147483648
465 465 
465 197 197 
197
-2147483648
311 311 
311
666 666 
666
241 241 
241
-2147483648
0
-230 -230 
0
0
-230 -291 -291 
-291 -207 -207 
-207 352 352 
352 -446 -446 
0
0
-446 627 627 
627
-821 -821 
1
0
-821
1
0
-844 -844 
-844
-668 -668 
0
0
1
1
0
1
0
1
0
-668 -15 -15 
0
1
1
-15
0
-2147483648
-612 -612 
-612 654 654 
654
0
0
0
-170 -170 
1
-170
310 310 
1
310 134 134 
1
134
307 307 
307 594 594 
594 771 771 
1
771
0
-181 -181 
1
1
-181
-2147483648
1
0
374 374 
1
374
478 478 
478 -370 -370 
-370
517 517 
517
1
-2147483648
-2147483648
1
521 521 
521 -98 -98 
1
-98
0
1
1
1
-2147483648
0
1
-378 -378 
-378
268 268 
0
1
268 -142 -142 
-142 -789 -789 
-789
218 218 
1
0
218 -478 -478 
-478 786 786 
786 739 739 
0
1
739
9 9 
1
9 737 737 
0
1
1
0
737
0
-254 -254 
0
0
-254 -469 -469 
-469 352 352 
352
552 552 
1
552
0
-2147483648
553 553 
553 -979 -979 
-979
227 227 
227 336 336 
336
-2147483648
638 638 
638 904 904 
904 -304 -304 
-304 731 731 
731
182 182 
182 759 759 
1
759
-2147483648
-2147483648
-2147483648
1
-807 -807 
1
-807 18 18 
1
18 624 624 
1
0
624
-490 -490 
1
-490
-352 -352 
-352 -238 -238 
-238
1
0
600 600 
600 78 78 
78 -281 -281 
-281 272 272 
272
1
502 502 
502
1
-2147483648
1
0
879 879 
879 894 894 
0
894 513 513 
513
366 366 
0
366 -863 -863 
-863 -218 -218 
-218
1
0
536 536 
536 294 294 
294 265 265 
1
0
265 975 975 
975
-2147483648
-2147483648
-743 -743 
1
-743
1
0
-2147483648
-2147483648
1
-2147483648
0
0
1
-868 -868 
-868
1
0
