-86 
-86 14 
-86 14 50 
-86 14 50 19 
-86 14 50 19 -93 
0
-86 14 50 19 -93 -10 
-86
14 50 19 -93 -10 -88 
14 50 19 -93 -10 -88 -65 
0
14
6
6
50
19 -93 -10 -88 -65 -29 
0
0
19
-93 -10 -88 -65 -29 -65 
0
-93 -10 -88 -65 -29 -65 6 
0
-93
0
-10
5
0
5
-88
-65
-29 -65 6 78 
-29 -65 6 78 -20 
0
-29 -65 6 78 -20 32 
6
0
-29
-65
0
4
6
78 -20 32 -97 
78 -20 32 -97 2 
0
0
78 -20 32 -97 2 -87 
6
6
0
78 -20 32 -97 2 -87 55 
0
78 -20 32 -97 2 -87 55 65 
78 -20 32 -97 2 -87 55 65 -9 
78
0
8
-20
7
0
7
32 -97 2 -87 55 65 -9 -67 
8
32 -97 2 -87 55 65 -9 -67 -12 
0
0
32 -97 2 -87 55 65 -9 -67 -12 100 
32 -97 2 -87 55 65 -9 -67 -12 100 39 
32
0
-97 2 -87 55 65 -9 -67 -12 100 39 57 
-97
10
2 -87 55 65 -9 -67 -12 100 39 57 -80 
0
0
2 -87 55 65 -9 -67 -12 100 39 57 -80 -51 
12
2
0
11
-87 55 65 -9 -67 -12 100 39 57 -80 -51 -21 
-87 55 65 -9 -67 -12 100 39 57 -80 -51 -21 -11 
-87 55 65 -9 -67 -12 100 39 57 -80 -51 -21 -11 -39 
-87 55 65 -9 -67 -12 100 39 57 -80 -51 -21 -11 -39 18 
0
0
-87
0
55 65 -9 -67 -12 100 39 57 -80 -51 -21 -11 -39 18 -50 
55 65 -9 -67 -12 100 39 57 -80 -51 -21 -11 -39 18 -50 -44 
55 65 -9 -67 -12 100 39 57 -80 -51 -21 -11 -39 18 -50 -44 -76 
55 65 -9 -67 -12 100 39 57 -80 -51 -21 -11 -39 18 -50 -44 -76 -88 
55
0
65 -9 -67 -12 100 39 57 -80 -51 -21 -11 -39 18 -50 -44 -76 -88 -13 
65 -9 -67 -12 100 39 57 -80 -51 -21 -11 -39 18 -50 -44 -76 -88 -13 15 
65
-9 -67 -12 100 39 57 -80 -51 -21 -11 -39 18 -50 -44 -76 -88 -13 15 -91 
0
