-13 
-13 37 
-13 37 -29 
-13 37 -29 54 
-13 37 -29 54 16 
0
-13 37 -29 54 16 54 
0
-13 37 -29 54 16 54 57 
-13
0
37 -29 54 16 54 57 99 
7
37 -29 54 16 54 57 99 100 
37 -29 54 16 54 57 99 100 10 
37 -29 54 16 54 57 99 100 10 16 
10
37 -29 54 16 54 57 99 100 10 16 42 
37 -29 54 16 54 57 99 100 10 16 42 -6 
12
37 -29 54 16 54 57 99 100 10 16 42 -6 75 
37 -29 54 16 54 57 99 100 10 16 42 -6 75 -43 
0
14
14
0
14
14
37 -29 54 16 54 57 99 100 10 16 42 -6 75 -43 -5 
37 -29 54 16 54 57 99 100 10 16 42 -6 75 -43 -5 -22 
0
37 -29 54 16 54 57 99 100 10 16 42 -6 75 -43 -5 -22 9 
37 -29 54 16 54 57 99 100 10 16 42 -6 75 -43 -5 -22 9 -69 
18
37 -29 54 16 54 57 99 100 10 16 42 -6 75 -43 -5 -22 9 -69 60 
37
-29 54 16 54 57 99 100 10 16 42 -6 75 -43 -5 -22 9 -69 60 -83 
0
-29
0
54 16 54 57 99 100 10 16 42 -6 75 -43 -5 -22 9 -69 60 -83 -19 
54
18
16 54 57 99 100 10 16 42 -6 75 -43 -5 -22 9 -69 60 -83 -19 4 
19
16 54 57 99 100 10 16 42 -6 75 -43 -5 -22 9 -69 60 -83 -19 4 15 
20
16 54 57 99 100 10 16 42 -6 75 -43 -5 -22 9 -69 60 -83 -19 4 15 3 
16 54 57 99 100 10 16 42 -6 75 -43 -5 -22 9 -69 60 -83 -19 4 15 3 81 
22
16
21
21
54
20
57 99 100 10 16 42 -6 75 -43 -5 -22 9 -69 60 -83 -19 4 15 3 81 -78 
57 99 100 10 16 42 -6 75 -43 -5 -22 9 -69 60 -83 -19 4 15 3 81 -78 -81 
57 99 100 10 16 42 -6 75 -43 -5 -22 9 -69 60 -83 -19 4 15 3 81 -78 -81 25 
23
0
23
23
57 99 100 10 16 42 -6 75 -43 -5 -22 9 -69 60 -83 -19 4 15 3 81 -78 -81 25 -77 
57 99 100 10 16 42 -6 75 -43 -5 -22 9 -69 60 -83 -19 4 15 3 81 -78 -81 25 -77 75 
57 99 100 10 16 42 -6 75 -43 -5 -22 9 -69 60 -83 -19 4 15 3 81 -78 -81 25 -77 75 84 
57
99
0
100 10 16 42 -6 75 -43 -5 -22 9 -69 60 -83 -19 4 15 3 81 -78 -81 25 -77 75 84 -27 
0
25
100
10 16 42 -6 75 -43 -5 -22 9 -69 60 -83 -19 4 15 3 81 -78 -81 25 -77 75 84 -27 -78 
10
16
42 -6 75 -43 -5 -22 9 -69 60 -83 -19 4 15 3 81 -78 -81 25 -77 75 84 -27 -78 64 
42 -6 75 -43 -5 -22 9 -69 60 -83 -19 4 15 3 81 -78 -81 25 -77 75 84 -27 -78 64 -23 
42
0
24
0
-6 75 -43 -5 -22 9 -69 60 -83 -19 4 15 3 81 -78 -81 25 -77 75 84 -27 -78 64 -23 96 
-6 75 -43 -5 -22 9 -69 60 -83 -19 4 15 3 81 -78 -81 25 -77 75 84 -27 -78 64 -23 96 -83 
-6
75 -43 -5 -22 9 -69 60 -83 -19 4 15 3 81 -78 -81 25 -77 75 84 -27 -78 64 -23 96 -83 -81 
26
75
-43
24
24
-5 -22 9 -69 60 -83 -19 4 15 3 81 -78 -81 25 -77 75 84 -27 -78 64 -23 96 -83 -81 82 
0
-5
-22
9 -69 60 -83 -19 4 15 3 81 -78 -81 25 -77 75 84 -27 -78 64 -23 96 -83 -81 82 -53 
0
9
-69
60 -83 -19 4 15 3 81 -78 -81 25 -77 75 84 -27 -78 64 -23 96 -83 -81 82 -53 -91 
60 -83 -19 4 15 3 81 -78 -81 25 -77 75 84 -27 -78 64 -23 96 -83 -81 82 -53 -91 -43 
