0
Underflow!!-2147483648
820 
-890 820 
796 -890 820 
131 796 -890 820 
0
0
131
-464 796 -890 820 
4
0
-464
0
3
770 796 -890 820 
770
796
913 -890 820 
0
-557 913 -890 820 
0
4
935 -557 913 -890 820 
-700 935 -557 913 -890 820 
31 -700 935 -557 913 -890 820 
0
-384 31 -700 935 -557 913 -890 820 
0
0
-52 -384 31 -700 935 -557 913 -890 820 
0
-52
0
-384
690 31 -700 935 -557 913 -890 820 
351 690 31 -700 935 -557 913 -890 820 
9
351
0
0
781 690 31 -700 935 -557 913 -890 820 
9
781
0
0
8
690
0
31
213 -700 935 -557 913 -890 820 
516 213 -700 935 -557 913 -890 820 
231 516 213 -700 935 -557 913 -890 820 
0
231
-246 516 213 -700 935 -557 913 -890 820 
0
-586 -246 516 213 -700 935 -557 913 -890 820 
19 -586 -246 516 213 -700 935 -557 913 -890 820 
11
0
143 19 -586 -246 516 213 -700 935 -557 913 -890 820 
0
143
-576 19 -586 -246 516 213 -700 935 -557 913 -890 820 
-576
11 19 -586 -246 516 213 -700 935 -557 913 -890 820 
11
323 19 -586 -246 516 213 -700 935 -557 913 -890 820 
705 323 19 -586 -246 516 213 -700 935 -557 913 -890 820 
-980 705 323 19 -586 -246 516 213 -700 935 -557 913 -890 820 
671 -980 705 323 19 -586 -246 516 213 -700 935 -557 913 -890 820 
15
671
254 -980 705 323 19 -586 -246 516 213 -700 935 -557 913 -890 820 
-70 254 -980 705 323 19 -586 -246 516 213 -700 935 -557 913 -890 820 
-70
0
531 254 -980 705 323 19 -586 -246 516 213 -700 935 -557 913 -890 820 
16
0
-972 531 254 -980 705 323 19 -586 -246 516 213 -700 935 -557 913 -890 820 
723 -972 531 254 -980 705 323 19 -586 -246 516 213 -700 935 -557 913 -890 820 
-116 723 -972 531 254 -980 705 323 19 -586 -246 516 213 -700 935 -557 913 -890 820 
352 -116 723 -972 531 254 -980 705 323 19 -586 -246 516 213 -700 935 -557 913 -890 820 
-551 352 -116 723 -972 531 254 -980 705 323 19 -586 -246 516 213 -700 935 -557 913 -890 820 
0
233 -551 352 -116 723 -972 531 254 -980 705 323 19 -586 -246 516 213 -700 935 -557 913 -890 820 
380 233 -551 352 -116 723 -972 531 254 -980 705 323 19 -586 -246 516 213 -700 935 -557 913 -890 820 
758 380 233 -551 352 -116 723 -972 531 254 -980 705 323 19 -586 -246 516 213 -700 935 -557 913 -890 820 
758
380
-125 233 -551 352 -116 723 -972 531 254 -980 705 323 19 -586 -246 516 213 -700 935 -557 913 -890 820 
655 -125 233 -551 352 -116 723 -972 531 254 -980 705 323 19 -586 -246 516 213 -700 935 -557 913 -890 820 
-697 655 -125 233 -551 352 -116 723 -972 531 254 -980 705 323 19 -586 -246 516 213 -700 935 -557 913 -890 820 
235 -697 655 -125 233 -551 352 -116 723 -972 531 254 -980 705 323 19 -586 -246 516 213 -700 935 -557 913 -890 820 
235
0
-958 -697 655 -125 233 -551 352 -116 723 -972 531 254 -980 705 323 19 -586 -246 516 213 -700 935 -557 913 -890 820 
-958
25
-697
24
0
655
247 -125 233 -551 352 -116 723 -972 531 254 -980 705 323 19 -586 -246 516 213 -700 935 -557 913 -890 820 
247
23
0
23
-125 -125 233 -551 352 -116 723 -972 531 254 -980 705 323 19 -586 -246 516 213 -700 935 -557 913 -890 820 
0
-314 -125 -125 233 -551 352 -116 723 -972 531 254 -980 705 323 19 -586 -246 516 213 -700 935 -557 913 -890 820 
0
0
571 -314 -125 -125 233 -551 352 -116 723 -972 531 254 -980 705 323 19 -586 -246 516 213 -700 935 -557 913 -890 820 
885 571 -314 -125 -125 233 -551 352 -116 723 -972 531 254 -980 705 323 19 -586 -246 516 213 -700 935 -557 913 -890 820 
0
0
675 885 571 -314 -125 -125 233 -551 352 -116 723 -972 531 254 -980 705 323 19 -586 -246 516 213 -700 935 -557 913 -890 820 
675
27
-250 885 571 -314 -125 -125 233 -551 352 -116 723 -972 531 254 -980 705 323 19 -586 -246 516 213 -700 935 -557 913 -890 820 
0
-316 -250 885 571 -314 -125 -125 233 -551 352 -116 723 -972 531 254 -980 705 323 19 -586 -246 516 213 -700 935 -557 913 -890 820 
471 -316 -250 885 571 -314 -125 -125 233 -551 352 -116 723 -972 531 254 -980 705 323 19 -586 -246 516 213 -700 935 -557 913 -890 820 
0
0
30
0
471
-316
-384 -250 885 571 -314 -125 -125 233 -551 352 -116 723 -972 531 254 -980 705 323 19 -586 -246 516 213 -700 935 -557 913 -890 820 
-384
-351 -250 885 571 -314 -125 -125 233 -551 352 -116 723 -972 531 254 -980 705 323 19 -586 -246 516 213 -700 935 -557 913 -890 820 
184 -351 -250 885 571 -314 -125 -125 233 -551 352 -116 723 -972 531 254 -980 705 323 19 -586 -246 516 213 -700 935 -557 913 -890 820 
0
184
198 -351 -250 885 571 -314 -125 -125 233 -551 352 -116 723 -972 531 254 -980 705 323 19 -586 -246 516 213 -700 935 -557 913 -890 820 
0
30
952 198 -351 -250 885 571 -314 -125 -125 233 -551 352 -116 723 -972 531 254 -980 705 323 19 -586 -246 516 213 -700 935 -557 913 -890 820 
0
31
0
952
30
287 198 -351 -250 885 571 -314 -125 -125 233 -551 352 -116 723 -972 531 254 -980 705 323 19 -586 -246 516 213 -700 935 -557 913 -890 820 
-27 287 198 -351 -250 885 571 -314 -125 -125 233 -551 352 -116 723 -972 531 254 -980 705 323 19 -586 -246 516 213 -700 935 -557 913 -890 820 
-803 -27 287 198 -351 -250 885 571 -314 -125 -125 233 -551 352 -116 723 -972 531 254 -980 705 323 19 -586 -246 516 213 -700 935 -557 913 -890 820 
33
-803
0
0
32
32
-27
0
-671 287 198 -351 -250 885 571 -314 -125 -125 233 -551 352 -116 723 -972 531 254 -980 705 323 19 -586 -246 516 213 -700 935 -557 913 -890 820 
0
32
919 -671 287 198 -351 -250 885 571 -314 -125 -125 233 -551 352 -116 723 -972 531 254 -980 705 323 19 -586 -246 516 213 -700 935 -557 913 -890 820 
-960 919 -671 287 198 -351 -250 885 571 -314 -125 -125 233 -551 352 -116 723 -972 531 254 -980 705 323 19 -586 -246 516 213 -700 935 -557 913 -890 820 
0
-573 -960 919 -671 287 198 -351 -250 885 571 -314 -125 -125 233 -551 352 -116 723 -972 531 254 -980 705 323 19 -586 -246 516 213 -700 935 -557 913 -890 820 
-535 -573 -960 919 -671 287 198 -351 -250 885 571 -314 -125 -125 233 -551 352 -116 723 -972 531 254 -980 705 323 19 -586 -246 516 213 -700 935 -557 913 -890 820 
-535
0
895 -573 -960 919 -671 287 198 -351 -250 885 571 -314 -125 -125 233 -551 352 -116 723 -972 531 254 -980 705 323 19 -586 -246 516 213 -700 935 -557 913 -890 820 
0
-18 895 -573 -960 919 -671 287 198 -351 -250 885 571 -314 -125 -125 233 -551 352 -116 723 -972 531 254 -980 705 323 19 -586 -246 516 213 -700 935 -557 913 -890 820 
615 -18 895 -573 -960 919 -671 287 198 -351 -250 885 571 -314 -125 -125 233 -551 352 -116 723 -972 531 254 -980 705 323 19 -586 -246 516 213 -700 935 -557 913 -890 820 
0
46 615 -18 895 -573 -960 919 -671 287 198 -351 -250 885 571 -314 -125 -125 233 -551 352 -116 723 -972 531 254 -980 705 323 19 -586 -246 516 213 -700 935 -557 913 -890 820 
245 46 615 -18 895 -573 -960 919 -671 287 198 -351 -250 885 571 -314 -125 -125 233 -551 352 -116 723 -972 531 254 -980 705 323 19 -586 -246 516 213 -700 935 -557 913 -890 820 
136 245 46 615 -18 895 -573 -960 919 -671 287 198 -351 -250 885 571 -314 -125 -125 233 -551 352 -116 723 -972 531 254 -980 705 323 19 -586 -246 516 213 -700 935 -557 913 -890 820 
136
570 245 46 615 -18 895 -573 -960 919 -671 287 198 -351 -250 885 571 -314 -125 -125 233 -551 352 -116 723 -972 531 254 -980 705 323 19 -586 -246 516 213 -700 935 -557 913 -890 820 
-422 570 245 46 615 -18 895 -573 -960 919 -671 287 198 -351 -250 885 571 -314 -125 -125 233 -551 352 -116 723 -972 531 254 -980 705 323 19 -586 -246 516 213 -700 935 -557 913 -890 820 
-319 -422 570 245 46 615 -18 895 -573 -960 919 -671 287 198 -351 -250 885 571 -314 -125 -125 233 -551 352 -116 723 -972 531 254 -980 705 323 19 -586 -246 516 213 -700 935 -557 913 -890 820 
-319
42
0
0
0
-422
-907 570 245 46 615 -18 895 -573 -960 919 -671 287 198 -351 -250 885 571 -314 -125 -125 233 -551 352 -116 723 -972 531 254 -980 705 323 19 -586 -246 516 213 -700 935 -557 913 -890 820 
0
651 -907 570 245 46 615 -18 895 -573 -960 919 -671 287 198 -351 -250 885 571 -314 -125 -125 233 -551 352 -116 723 -972 531 254 -980 705 323 19 -586 -246 516 213 -700 935 -557 913 -890 820 
43
0
484 651 -907 570 245 46 615 -18 895 -573 -960 919 -671 287 198 -351 -250 885 571 -314 -125 -125 233 -551 352 -116 723 -972 531 254 -980 705 323 19 -586 -246 516 213 -700 935 -557 913 -890 820 
0
44
0
-550 484 651 -907 570 245 46 615 -18 895 -573 -960 919 -671 287 198 -351 -250 885 571 -314 -125 -125 233 -551 352 -116 723 -972 531 254 -980 705 323 19 -586 -246 516 213 -700 935 -557 913 -890 820 
0
45
130 -550 484 651 -907 570 245 46 615 -18 895 -573 -960 919 -671 287 198 -351 -250 885 571 -314 -125 -125 233 -551 352 -116 723 -972 531 254 -980 705 323 19 -586 -246 516 213 -700 935 -557 913 -890 820 
130
440 -550 484 651 -907 570 245 46 615 -18 895 -573 -960 919 -671 287 198 -351 -250 885 571 -314 -125 -125 233 -551 352 -116 723 -972 531 254 -980 705 323 19 -586 -246 516 213 -700 935 -557 913 -890 820 
-910 440 -550 484 651 -907 570 245 46 615 -18 895 -573 -960 919 -671 287 198 -351 -250 885 571 -314 -125 -125 233 -551 352 -116 723 -972 531 254 -980 705 323 19 -586 -246 516 213 -700 935 -557 913 -890 820 
-910
-537 440 -550 484 651 -907 570 245 46 615 -18 895 -573 -960 919 -671 287 198 -351 -250 885 571 -314 -125 -125 233 -551 352 -116 723 -972 531 254 -980 705 323 19 -586 -246 516 213 -700 935 -557 913 -890 820 
380 -537 440 -550 484 651 -907 570 245 46 615 -18 895 -573 -960 919 -671 287 198 -351 -250 885 571 -314 -125 -125 233 -551 352 -116 723 -972 531 254 -980 705 323 19 -586 -246 516 213 -700 935 -557 913 -890 820 
0
380
-537
-949 440 -550 484 651 -907 570 245 46 615 -18 895 -573 -960 919 -671 287 198 -351 -250 885 571 -314 -125 -125 233 -551 352 -116 723 -972 531 254 -980 705 323 19 -586 -246 516 213 -700 935 -557 913 -890 820 
0
47
-793 -949 440 -550 484 651 -907 570 245 46 615 -18 895 -573 -960 919 -671 287 198 -351 -250 885 571 -314 -125 -125 233 -551 352 -116 723 -972 531 254 -980 705 323 19 -586 -246 516 213 -700 935 -557 913 -890 820 
-905 -793 -949 440 -550 484 651 -907 570 245 46 615 -18 895 -573 -960 919 -671 287 198 -351 -250 885 571 -314 -125 -125 233 -551 352 -116 723 -972 531 254 -980 705 323 19 -586 -246 516 213 -700 935 -557 913 -890 820 
-770 -905 -793 -949 440 -550 484 651 -907 570 245 46 615 -18 895 -573 -960 919 -671 287 198 -351 -250 885 571 -314 -125 -125 233 -551 352 -116 723 -972 531 254 -980 705 323 19 -586 -246 516 213 -700 935 -557 913 -890 820 
731 -770 -905 -793 -949 440 -550 484 651 -907 570 245 46 615 -18 895 -573 -960 919 -671 287 198 -351 -250 885 571 -314 -125 -125 233 -551 352 -116 723 -972 531 254 -980 705 323 19 -586 -246 516 213 -700 935 -557 913 -890 820 
731
50
0
50
-289 -770 -905 -793 -949 440 -550 484 651 -907 570 245 46 615 -18 895 -573 -960 919 -671 287 198 -351 -250 885 571 -314 -125 -125 233 -551 352 -116 723 -972 531 254 -980 705 323 19 -586 -246 516 213 -700 935 -557 913 -890 820 
-996 -289 -770 -905 -793 -949 440 -550 484 651 -907 570 245 46 615 -18 895 -573 -960 919 -671 287 198 -351 -250 885 571 -314 -125 -125 233 -551 352 -116 723 -972 531 254 -980 705 323 19 -586 -246 516 213 -700 935 -557 913 -890 820 
0
-540 -996 -289 -770 -905 -793 -949 440 -550 484 651 -907 570 245 46 615 -18 895 -573 -960 919 -671 287 198 -351 -250 885 571 -314 -125 -125 233 -551 352 -116 723 -972 531 254 -980 705 323 19 -586 -246 516 213 -700 935 -557 913 -890 820 
-540
0
0
0
0
315 -996 -289 -770 -905 -793 -949 440 -550 484 651 -907 570 245 46 615 -18 895 -573 -960 919 -671 287 198 -351 -250 885 571 -314 -125 -125 233 -551 352 -116 723 -972 531 254 -980 705 323 19 -586 -246 516 213 -700 935 -557 913 -890 820 
0
0
0
0
776 315 -996 -289 -770 -905 -793 -949 440 -550 484 651 -907 570 245 46 615 -18 895 -573 -960 919 -671 287 198 -351 -250 885 571 -314 -125 -125 233 -551 352 -116 723 -972 531 254 -980 705 323 19 -586 -246 516 213 -700 935 -557 913 -890 820 
928 776 315 -996 -289 -770 -905 -793 -949 440 -550 484 651 -907 570 245 46 615 -18 895 -573 -960 919 -671 287 198 -351 -250 885 571 -314 -125 -125 233 -551 352 -116 723 -972 531 254 -980 705 323 19 -586 -246 516 213 -700 935 -557 913 -890 820 
928
776
0
331 315 -996 -289 -770 -905 -793 -949 440 -550 484 651 -907 570 245 46 615 -18 895 -573 -960 919 -671 287 198 -351 -250 885 571 -314 -125 -125 233 -551 352 -116 723 -972 531 254 -980 705 323 19 -586 -246 516 213 -700 935 -557 913 -890 820 
-35 331 315 -996 -289 -770 -905 -793 -949 440 -550 484 651 -907 570 245 46 615 -18 895 -573 -960 919 -671 287 198 -351 -250 885 571 -314 -125 -125 233 -551 352 -116 723 -972 531 254 -980 705 323 19 -586 -246 516 213 -700 935 -557 913 -890 820 
0
-134 -35 331 315 -996 -289 -770 -905 -793 -949 440 -550 484 651 -907 570 245 46 615 -18 895 -573 -960 919 -671 287 198 -351 -250 885 571 -314 -125 -125 233 -551 352 -116 723 -972 531 254 -980 705 323 19 -586 -246 516 213 -700 935 -557 913 -890 820 
-474 -134 -35 331 315 -996 -289 -770 -905 -793 -949 440 -550 484 651 -907 570 245 46 615 -18 895 -573 -960 919 -671 287 198 -351 -250 885 571 -314 -125 -125 233 -551 352 -116 723 -972 531 254 -980 705 323 19 -586 -246 516 213 -700 935 -557 913 -890 820 
158 -474 -134 -35 331 315 -996 -289 -770 -905 -793 -949 440 -550 484 651 -907 570 245 46 615 -18 895 -573 -960 919 -671 287 198 -351 -250 885 571 -314 -125 -125 233 -551 352 -116 723 -972 531 254 -980 705 323 19 -586 -246 516 213 -700 935 -557 913 -890 820 
0
0
0
58
0
0
0
0
426 158 -474 -134 -35 331 315 -996 -289 -770 -905 -793 -949 440 -550 484 651 -907 570 245 46 615 -18 895 -573 -960 919 -671 287 198 -351 -250 885 571 -314 -125 -125 233 -551 352 -116 723 -972 531 254 -980 705 323 19 -586 -246 516 213 -700 935 -557 913 -890 820 
-894 426 158 -474 -134 -35 331 315 -996 -289 -770 -905 -793 -949 440 -550 484 651 -907 570 245 46 615 -18 895 -573 -960 919 -671 287 198 -351 -250 885 571 -314 -125 -125 233 -551 352 -116 723 -972 531 254 -980 705 323 19 -586 -246 516 213 -700 935 -557 913 -890 820 
0
0
-380 -894 426 158 -474 -134 -35 331 315 -996 -289 -770 -905 -793 -949 440 -550 484 651 -907 570 245 46 615 -18 895 -573 -960 919 -671 287 198 -351 -250 885 571 -314 -125 -125 233 -551 352 -116 723 -972 531 254 -980 705 323 19 -586 -246 516 213 -700 935 -557 913 -890 820 
0
61
0
0
0
0
269 -380 -894 426 158 -474 -134 -35 331 315 -996 -289 -770 -905 -793 -949 440 -550 484 651 -907 570 245 46 615 -18 895 -573 -960 919 -671 287 198 -351 -250 885 571 -314 -125 -125 233 -551 352 -116 723 -972 531 254 -980 705 323 19 -586 -246 516 213 -700 935 -557 913 -890 820 
0
0
62
0
62
0
-81 269 -380 -894 426 158 -474 -134 -35 331 315 -996 -289 -770 -905 -793 -949 440 -550 484 651 -907 570 245 46 615 -18 895 -573 -960 919 -671 287 198 -351 -250 885 571 -314 -125 -125 233 -551 352 -116 723 -972 531 254 -980 705 323 19 -586 -246 516 213 -700 935 -557 913 -890 820 
0
0
-81
0
269
0
0
165 -380 -894 426 158 -474 -134 -35 331 315 -996 -289 -770 -905 -793 -949 440 -550 484 651 -907 570 245 46 615 -18 895 -573 -960 919 -671 287 198 -351 -250 885 571 -314 -125 -125 233 -551 352 -116 723 -972 531 254 -980 705 323 19 -586 -246 516 213 -700 935 -557 913 -890 820 
0
0
789 165 -380 -894 426 158 -474 -134 -35 331 315 -996 -289 -770 -905 -793 -949 440 -550 484 651 -907 570 245 46 615 -18 895 -573 -960 919 -671 287 198 -351 -250 885 571 -314 -125 -125 233 -551 352 -116 723 -972 531 254 -980 705 323 19 -586 -246 516 213 -700 935 -557 913 -890 820 
789
-723 165 -380 -894 426 158 -474 -134 -35 331 315 -996 -289 -770 -905 -793 -949 440 -550 484 651 -907 570 245 46 615 -18 895 -573 -960 919 -671 287 198 -351 -250 885 571 -314 -125 -125 233 -551 352 -116 723 -972 531 254 -980 705 323 19 -586 -246 516 213 -700 935 -557 913 -890 820 
-423 -723 165 -380 -894 426 158 -474 -134 -35 331 315 -996 -289 -770 -905 -793 -949 440 -550 484 651 -907 570 245 46 615 -18 895 -573 -960 919 -671 287 198 -351 -250 885 571 -314 -125 -125 233 -551 352 -116 723 -972 531 254 -980 705 323 19 -586 -246 516 213 -700 935 -557 913 -890 820 
0
64
-423
0
63
-575 -723 165 -380 -894 426 158 -474 -134 -35 331 315 -996 -289 -770 -905 -793 -949 440 -550 484 651 -907 570 245 46 615 -18 895 -573 -960 919 -671 287 198 -351 -250 885 571 -314 -125 -125 233 -551 352 -116 723 -972 531 254 -980 705 323 19 -586 -246 516 213 -700 935 -557 913 -890 820 
-575
-139 -723 165 -380 -894 426 158 -474 -134 -35 331 315 -996 -289 -770 -905 -793 -949 440 -550 484 651 -907 570 245 46 615 -18 895 -573 -960 919 -671 287 198 -351 -250 885 571 -314 -125 -125 233 -551 352 -116 723 -972 531 254 -980 705 323 19 -586 -246 516 213 -700 935 -557 913 -890 820 
-791 -139 -723 165 -380 -894 426 158 -474 -134 -35 331 315 -996 -289 -770 -905 -793 -949 440 -550 484 651 -907 570 245 46 615 -18 895 -573 -960 919 -671 287 198 -351 -250 885 571 -314 -125 -125 233 -551 352 -116 723 -972 531 254 -980 705 323 19 -586 -246 516 213 -700 935 -557 913 -890 820 
65
0
0
773 -791 -139 -723 165 -380 -894 426 158 -474 -134 -35 331 315 -996 -289 -770 -905 -793 -949 440 -550 484 651 -907 570 245 46 615 -18 895 -573 -960 919 -671 287 198 -351 -250 885 571 -314 -125 -125 233 -551 352 -116 723 -972 531 254 -980 705 323 19 -586 -246 516 213 -700 935 -557 913 -890 820 
0
886 773 -791 -139 -723 165 -380 -894 426 158 -474 -134 -35 331 315 -996 -289 -770 -905 -793 -949 440 -550 484 651 -907 570 245 46 615 -18 895 -573 -960 919 -671 287 198 -351 -250 885 571 -314 -125 -125 233 -551 352 -116 723 -972 531 254 -980 705 323 19 -586 -246 516 213 -700 935 -557 913 -890 820 
481 886 773 -791 -139 -723 165 -380 -894 426 158 -474 -134 -35 331 315 -996 -289 -770 -905 -793 -949 440 -550 484 651 -907 570 245 46 615 -18 895 -573 -960 919 -671 287 198 -351 -250 885 571 -314 -125 -125 233 -551 352 -116 723 -972 531 254 -980 705 323 19 -586 -246 516 213 -700 935 -557 913 -890 820 
657 481 886 773 -791 -139 -723 165 -380 -894 426 158 -474 -134 -35 331 315 -996 -289 -770 -905 -793 -949 440 -550 484 651 -907 570 245 46 615 -18 895 -573 -960 919 -671 287 198 -351 -250 885 571 -314 -125 -125 233 -551 352 -116 723 -972 531 254 -980 705 323 19 -586 -246 516 213 -700 935 -557 913 -890 820 
0
657
481
-524 886 773 -791 -139 -723 165 -380 -894 426 158 -474 -134 -35 331 315 -996 -289 -770 -905 -793 -949 440 -550 484 651 -907 570 245 46 615 -18 895 -573 -960 919 -671 287 198 -351 -250 885 571 -314 -125 -125 233 -551 352 -116 723 -972 531 254 -980 705 323 19 -586 -246 516 213 -700 935 -557 913 -890 820 
68
868 -524 886 773 -791 -139 -723 165 -380 -894 426 158 -474 -134 -35 331 315 -996 -289 -770 -905 -793 -949 440 -550 484 651 -907 570 245 46 615 -18 895 -573 -960 919 -671 287 198 -351 -250 885 571 -314 -125 -125 233 -551 352 -116 723 -972 531 254 -980 705 323 19 -586 -246 516 213 -700 935 -557 913 -890 820 
-707 868 -524 886 773 -791 -139 -723 165 -380 -894 426 158 -474 -134 -35 331 315 -996 -289 -770 -905 -793 -949 440 -550 484 651 -907 570 245 46 615 -18 895 -573 -960 919 -671 287 198 -351 -250 885 571 -314 -125 -125 233 -551 352 -116 723 -972 531 254 -980 705 323 19 -586 -246 516 213 -700 935 -557 913 -890 820 
0
-651 -707 868 -524 886 773 -791 -139 -723 165 -380 -894 426 158 -474 -134 -35 331 315 -996 -289 -770 -905 -793 -949 440 -550 484 651 -907 570 245 46 615 -18 895 -573 -960 919 -671 287 198 -351 -250 885 571 -314 -125 -125 233 -551 352 -116 723 -972 531 254 -980 705 323 19 -586 -246 516 213 -700 935 -557 913 -890 820 
213 -651 -707 868 -524 886 773 -791 -139 -723 165 -380 -894 426 158 -474 -134 -35 331 315 -996 -289 -770 -905 -793 -949 440 -550 484 651 -907 570 245 46 615 -18 895 -573 -960 919 -671 287 198 -351 -250 885 571 -314 -125 -125 233 -551 352 -116 723 -972 531 254 -980 705 323 19 -586 -246 516 213 -700 935 -557 913 -890 820 
0
0
72
-76 213 -651 -707 868 -524 886 773 -791 -139 -723 165 -380 -894 426 158 -474 -134 -35 331 315 -996 -289 -770 -905 -793 -949 440 -550 484 651 -907 570 245 46 615 -18 895 -573 -960 919 -671 287 198 -351 -250 885 571 -314 -125 -125 233 -551 352 -116 723 -972 531 254 -980 705 323 19 -586 -246 516 213 -700 935 -557 913 -890 820 
0
-594 -76 213 -651 -707 868 -524 886 773 -791 -139 -723 165 -380 -894 426 158 -474 -134 -35 331 315 -996 -289 -770 -905 -793 -949 440 -550 484 651 -907 570 245 46 615 -18 895 -573 -960 919 -671 287 198 -351 -250 885 571 -314 -125 -125 233 -551 352 -116 723 -972 531 254 -980 705 323 19 -586 -246 516 213 -700 935 -557 913 -890 820 
74
0
0
106 -594 -76 213 -651 -707 868 -524 886 773 -791 -139 -723 165 -380 -894 426 158 -474 -134 -35 331 315 -996 -289 -770 -905 -793 -949 440 -550 484 651 -907 570 245 46 615 -18 895 -573 -960 919 -671 287 198 -351 -250 885 571 -314 -125 -125 233 -551 352 -116 723 -972 531 254 -980 705 323 19 -586 -246 516 213 -700 935 -557 913 -890 820 
0
0
75
0
75
0
-353 106 -594 -76 213 -651 -707 868 -524 886 773 -791 -139 -723 165 -380 -894 426 158 -474 -134 -35 331 315 -996 -289 -770 -905 -793 -949 440 -550 484 651 -907 570 245 46 615 -18 895 -573 -960 919 -671 287 198 -351 -250 885 571 -314 -125 -125 233 -551 352 -116 723 -972 531 254 -980 705 323 19 -586 -246 516 213 -700 935 -557 913 -890 820 
-353
0
0
-171 106 -594 -76 213 -651 -707 868 -524 886 773 -791 -139 -723 165 -380 -894 426 158 -474 -134 -35 331 315 -996 -289 -770 -905 -793 -949 440 -550 484 651 -907 570 245 46 615 -18 895 -573 -960 919 -671 287 198 -351 -250 885 571 -314 -125 -125 233 -551 352 -116 723 -972 531 254 -980 705 323 19 -586 -246 516 213 -700 935 -557 913 -890 820 
-74 -171 106 -594 -76 213 -651 -707 868 -524 886 773 -791 -139 -723 165 -380 -894 426 158 -474 -134 -35 331 315 -996 -289 -770 -905 -793 -949 440 -550 484 651 -907 570 245 46 615 -18 895 -573 -960 919 -671 287 198 -351 -250 885 571 -314 -125 -125 233 -551 352 -116 723 -972 531 254 -980 705 323 19 -586 -246 516 213 -700 935 -557 913 -890 820 
-173 -74 -171 106 -594 -76 213 -651 -707 868 -524 886 773 -791 -139 -723 165 -380 -894 426 158 -474 -134 -35 331 315 -996 -289 -770 -905 -793 -949 440 -550 484 651 -907 570 245 46 615 -18 895 -573 -960 919 -671 287 198 -351 -250 885 571 -314 -125 -125 233 -551 352 -116 723 -972 531 254 -980 705 323 19 -586 -246 516 213 -700 935 -557 913 -890 820 
761 -173 -74 -171 106 -594 -76 213 -651 -707 868 -524 886 773 -791 -139 -723 165 -380 -894 426 158 -474 -134 -35 331 315 -996 -289 -770 -905 -793 -949 440 -550 484 651 -907 570 245 46 615 -18 895 -573 -960 919 -671 287 198 -351 -250 885 571 -314 -125 -125 233 -551 352 -116 723 -972 531 254 -980 705 323 19 -586 -246 516 213 -700 935 -557 913 -890 820 
-903 761 -173 -74 -171 106 -594 -76 213 -651 -707 868 -524 886 773 -791 -139 -723 165 -380 -894 426 158 -474 -134 -35 331 315 -996 -289 -770 -905 -793 -949 440 -550 484 651 -907 570 245 46 615 -18 895 -573 -960 919 -671 287 198 -351 -250 885 571 -314 -125 -125 233 -551 352 -116 723 -972 531 254 -980 705 323 19 -586 -246 516 213 -700 935 -557 913 -890 820 
-513 -903 761 -173 -74 -171 106 -594 -76 213 -651 -707 868 -524 886 773 -791 -139 -723 165 -380 -894 426 158 -474 -134 -35 331 315 -996 -289 -770 -905 -793 -949 440 -550 484 651 -907 570 245 46 615 -18 895 -573 -960 919 -671 287 198 -351 -250 885 571 -314 -125 -125 233 -551 352 -116 723 -972 531 254 -980 705 323 19 -586 -246 516 213 -700 935 -557 913 -890 820 
-513
552 -903 761 -173 -74 -171 106 -594 -76 213 -651 -707 868 -524 886 773 -791 -139 -723 165 -380 -894 426 158 -474 -134 -35 331 315 -996 -289 -770 -905 -793 -949 440 -550 484 651 -907 570 245 46 615 -18 895 -573 -960 919 -671 287 198 -351 -250 885 571 -314 -125 -125 233 -551 352 -116 723 -972 531 254 -980 705 323 19 -586 -246 516 213 -700 935 -557 913 -890 820 
-786 552 -903 761 -173 -74 -171 106 -594 -76 213 -651 -707 868 -524 886 773 -791 -139 -723 165 -380 -894 426 158 -474 -134 -35 331 315 -996 -289 -770 -905 -793 -949 440 -550 484 651 -907 570 245 46 615 -18 895 -573 -960 919 -671 287 198 -351 -250 885 571 -314 -125 -125 233 -551 352 -116 723 -972 531 254 -980 705 323 19 -586 -246 516 213 -700 935 -557 913 -890 820 
820 -786 552 -903 761 -173 -74 -171 106 -594 -76 213 -651 -707 868 -524 886 773 -791 -139 -723 165 -380 -894 426 158 -474 -134 -35 331 315 -996 -289 -770 -905 -793 -949 440 -550 484 651 -907 570 245 46 615 -18 895 -573 -960 919 -671 287 198 -351 -250 885 571 -314 -125 -125 233 -551 352 -116 723 -972 531 254 -980 705 323 19 -586 -246 516 213 -700 935 -557 913 -890 820 
820
82
79 -786 552 -903 761 -173 -74 -171 106 -594 -76 213 -651 -707 868 -524 886 773 -791 -139 -723 165 -380 -894 426 158 -474 -134 -35 331 315 -996 -289 -770 -905 -793 -949 440 -550 484 651 -907 570 245 46 615 -18 895 -573 -960 919 -671 287 198 -351 -250 885 571 -314 -125 -125 233 -551 352 -116 723 -972 531 254 -980 705 323 19 -586 -246 516 213 -700 935 -557 913 -890 820 
0
330 79 -786 552 -903 761 -173 -74 -171 106 -594 -76 213 -651 -707 868 -524 886 773 -791 -139 -723 165 -380 -894 426 158 -474 -134 -35 331 315 -996 -289 -770 -905 -793 -949 440 -550 484 651 -907 570 245 46 615 -18 895 -573 -960 919 -671 287 198 -351 -250 885 571 -314 -125 -125 233 -551 352 -116 723 -972 531 254 -980 705 323 19 -586 -246 516 213 -700 935 -557 913 -890 820 
330
0
0
0
-338 79 -786 552 -903 761 -173 -74 -171 106 -594 -76 213 -651 -707 868 -524 886 773 -791 -139 -723 165 -380 -894 426 158 -474 -134 -35 331 315 -996 -289 -770 -905 -793 -949 440 -550 484 651 -907 570 245 46 615 -18 895 -573 -960 919 -671 287 198 -351 -250 885 571 -314 -125 -125 233 -551 352 -116 723 -972 531 254 -980 705 323 19 -586 -246 516 213 -700 935 -557 913 -890 820 
65 -338 79 -786 552 -903 761 -173 -74 -171 106 -594 -76 213 -651 -707 868 -524 886 773 -791 -139 -723 165 -380 -894 426 158 -474 -134 -35 331 315 -996 -289 -770 -905 -793 -949 440 -550 484 651 -907 570 245 46 615 -18 895 -573 -960 919 -671 287 198 -351 -250 885 571 -314 -125 -125 233 -551 352 -116 723 -972 531 254 -980 705 323 19 -586 -246 516 213 -700 935 -557 913 -890 820 
0
0
0
65
84
84
0
-733 -338 79 -786 552 -903 761 -173 -74 -171 106 -594 -76 213 -651 -707 868 -524 886 773 -791 -139 -723 165 -380 -894 426 158 -474 -134 -35 331 315 -996 -289 -770 -905 -793 -949 440 -550 484 651 -907 570 245 46 615 -18 895 -573 -960 919 -671 287 198 -351 -250 885 571 -314 -125 -125 233 -551 352 -116 723 -972 531 254 -980 705 323 19 -586 -246 516 213 -700 935 -557 913 -890 820 
-860 -733 -338 79 -786 552 -903 761 -173 -74 -171 106 -594 -76 213 -651 -707 868 -524 886 773 -791 -139 -723 165 -380 -894 426 158 -474 -134 -35 331 315 -996 -289 -770 -905 -793 -949 440 -550 484 651 -907 570 245 46 615 -18 895 -573 -960 919 -671 287 198 -351 -250 885 571 -314 -125 -125 233 -551 352 -116 723 -972 531 254 -980 705 323 19 -586 -246 516 213 -700 935 -557 913 -890 820 
-860
0
0
-733
0
84
299 -338 79 -786 552 -903 761 -173 -74 -171 106 -594 -76 213 -651 -707 868 -524 886 773 -791 -139 -723 165 -380 -894 426 158 -474 -134 -35 331 315 -996 -289 -770 -905 -793 -949 440 -550 484 651 -907 570 245 46 615 -18 895 -573 -960 919 -671 287 198 -351 -250 885 571 -314 -125 -125 233 -551 352 -116 723 -972 531 254 -980 705 323 19 -586 -246 516 213 -700 935 -557 913 -890 820 
0
299
0
73 -338 79 -786 552 -903 761 -173 -74 -171 106 -594 -76 213 -651 -707 868 -524 886 773 -791 -139 -723 165 -380 -894 426 158 -474 -134 -35 331 315 -996 -289 -770 -905 -793 -949 440 -550 484 651 -907 570 245 46 615 -18 895 -573 -960 919 -671 287 198 -351 -250 885 571 -314 -125 -125 233 -551 352 -116 723 -972 531 254 -980 705 323 19 -586 -246 516 213 -700 935 -557 913 -890 820 
58 73 -338 79 -786 552 -903 761 -173 -74 -171 106 -594 -76 213 -651 -707 868 -524 886 773 -791 -139 -723 165 -380 -894 426 158 -474 -134 -35 331 315 -996 -289 -770 -905 -793 -949 440 -550 484 651 -907 570 245 46 615 -18 895 -573 -960 919 -671 287 198 -351 -250 885 571 -314 -125 -125 233 -551 352 -116 723 -972 531 254 -980 705 323 19 -586 -246 516 213 -700 935 -557 913 -890 820 
58
73
84
0
-223 -338 79 -786 552 -903 761 -173 -74 -171 106 -594 -76 213 -651 -707 868 -524 886 773 -791 -139 -723 165 -380 -894 426 158 -474 -134 -35 331 315 -996 -289 -770 -905 -793 -949 440 -550 484 651 -907 570 245 46 615 -18 895 -573 -960 919 -671 287 198 -351 -250 885 571 -314 -125 -125 233 -551 352 -116 723 -972 531 254 -980 705 323 19 -586 -246 516 213 -700 935 -557 913 -890 820 
35 -223 -338 79 -786 552 -903 761 -173 -74 -171 106 -594 -76 213 -651 -707 868 -524 886 773 -791 -139 -723 165 -380 -894 426 158 -474 -134 -35 331 315 -996 -289 -770 -905 -793 -949 440 -550 484 651 -907 570 245 46 615 -18 895 -573 -960 919 -671 287 198 -351 -250 885 571 -314 -125 -125 233 -551 352 -116 723 -972 531 254 -980 705 323 19 -586 -246 516 213 -700 935 -557 913 -890 820 
86
-56 35 -223 -338 79 -786 552 -903 761 -173 -74 -171 106 -594 -76 213 -651 -707 868 -524 886 773 -791 -139 -723 165 -380 -894 426 158 -474 -134 -35 331 315 -996 -289 -770 -905 -793 -949 440 -550 484 651 -907 570 245 46 615 -18 895 -573 -960 919 -671 287 198 -351 -250 885 571 -314 -125 -125 233 -551 352 -116 723 -972 531 254 -980 705 323 19 -586 -246 516 213 -700 935 -557 913 -890 820 
-450 -56 35 -223 -338 79 -786 552 -903 761 -173 -74 -171 106 -594 -76 213 -651 -707 868 -524 886 773 -791 -139 -723 165 -380 -894 426 158 -474 -134 -35 331 315 -996 -289 -770 -905 -793 -949 440 -550 484 651 -907 570 245 46 615 -18 895 -573 -960 919 -671 287 198 -351 -250 885 571 -314 -125 -125 233 -551 352 -116 723 -972 531 254 -980 705 323 19 -586 -246 516 213 -700 935 -557 913 -890 820 
-450
0
-56
820 35 -223 -338 79 -786 552 -903 761 -173 -74 -171 106 -594 -76 213 -651 -707 868 -524 886 773 -791 -139 -723 165 -380 -894 426 158 -474 -134 -35 331 315 -996 -289 -770 -905 -793 -949 440 -550 484 651 -907 570 245 46 615 -18 895 -573 -960 919 -671 287 198 -351 -250 885 571 -314 -125 -125 233 -551 352 -116 723 -972 531 254 -980 705 323 19 -586 -246 516 213 -700 935 -557 913 -890 820 
-746 820 35 -223 -338 79 -786 552 -903 761 -173 -74 -171 106 -594 -76 213 -651 -707 868 -524 886 773 -791 -139 -723 165 -380 -894 426 158 -474 -134 -35 331 315 -996 -289 -770 -905 -793 -949 440 -550 484 651 -907 570 245 46 615 -18 895 -573 -960 919 -671 287 198 -351 -250 885 571 -314 -125 -125 233 -551 352 -116 723 -972 531 254 -980 705 323 19 -586 -246 516 213 -700 935 -557 913 -890 820 
-746
-205 820 35 -223 -338 79 -786 552 -903 761 -173 -74 -171 106 -594 -76 213 -651 -707 868 -524 886 773 -791 -139 -723 165 -380 -894 426 158 -474 -134 -35 331 315 -996 -289 -770 -905 -793 -949 440 -550 484 651 -907 570 245 46 615 -18 895 -573 -960 919 -671 287 198 -351 -250 885 571 -314 -125 -125 233 -551 352 -116 723 -972 531 254 -980 705 323 19 -586 -246 516 213 -700 935 -557 913 -890 820 
-964 -205 820 35 -223 -338 79 -786 552 -903 761 -173 -74 -171 106 -594 -76 213 -651 -707 868 -524 886 773 -791 -139 -723 165 -380 -894 426 158 -474 -134 -35 331 315 -996 -289 -770 -905 -793 -949 440 -550 484 651 -907 570 245 46 615 -18 895 -573 -960 919 -671 287 198 -351 -250 885 571 -314 -125 -125 233 -551 352 -116 723 -972 531 254 -980 705 323 19 -586 -246 516 213 -700 935 -557 913 -890 820 
0
156 -964 -205 820 35 -223 -338 79 -786 552 -903 761 -173 -74 -171 106 -594 -76 213 -651 -707 868 -524 886 773 -791 -139 -723 165 -380 -894 426 158 -474 -134 -35 331 315 -996 -289 -770 -905 -793 -949 440 -550 484 651 -907 570 245 46 615 -18 895 -573 -960 919 -671 287 198 -351 -250 885 571 -314 -125 -125 233 -551 352 -116 723 -972 531 254 -980 705 323 19 -586 -246 516 213 -700 935 -557 913 -890 820 
0
0
0
802 156 -964 -205 820 35 -223 -338 79 -786 552 -903 761 -173 -74 -171 106 -594 -76 213 -651 -707 868 -524 886 773 -791 -139 -723 165 -380 -894 426 158 -474 -134 -35 331 315 -996 -289 -770 -905 -793 -949 440 -550 484 651 -907 570 245 46 615 -18 895 -573 -960 919 -671 287 198 -351 -250 885 571 -314 -125 -125 233 -551 352 -116 723 -972 531 254 -980 705 323 19 -586 -246 516 213 -700 935 -557 913 -890 820 
945 802 156 -964 -205 820 35 -223 -338 79 -786 552 -903 761 -173 -74 -171 106 -594 -76 213 -651 -707 868 -524 886 773 -791 -139 -723 165 -380 -894 426 158 -474 -134 -35 331 315 -996 -289 -770 -905 -793 -949 440 -550 484 651 -907 570 245 46 615 -18 895 -573 -960 919 -671 287 198 -351 -250 885 571 -314 -125 -125 233 -551 352 -116 723 -972 531 254 -980 705 323 19 -586 -246 516 213 -700 935 -557 913 -890 820 
92
0
945
863 802 156 -964 -205 820 35 -223 -338 79 -786 552 -903 761 -173 -74 -171 106 -594 -76 213 -651 -707 868 -524 886 773 -791 -139 -723 165 -380 -894 426 158 -474 -134 -35 331 315 -996 -289 -770 -905 -793 -949 440 -550 484 651 -907 570 245 46 615 -18 895 -573 -960 919 -671 287 198 -351 -250 885 571 -314 -125 -125 233 -551 352 -116 723 -972 531 254 -980 705 323 19 -586 -246 516 213 -700 935 -557 913 -890 820 
0
92
745 863 802 156 -964 -205 820 35 -223 -338 79 -786 552 -903 761 -173 -74 -171 106 -594 -76 213 -651 -707 868 -524 886 773 -791 -139 -723 165 -380 -894 426 158 -474 -134 -35 331 315 -996 -289 -770 -905 -793 -949 440 -550 484 651 -907 570 245 46 615 -18 895 -573 -960 919 -671 287 198 -351 -250 885 571 -314 -125 -125 233 -551 352 -116 723 -972 531 254 -980 705 323 19 -586 -246 516 213 -700 935 -557 913 -890 820 
93
285 745 863 802 156 -964 -205 820 35 -223 -338 79 -786 552 -903 761 -173 -74 -171 106 -594 -76 213 -651 -707 868 -524 886 773 -791 -139 -723 165 -380 -894 426 158 -474 -134 -35 331 315 -996 -289 -770 -905 -793 -949 440 -550 484 651 -907 570 245 46 615 -18 895 -573 -960 919 -671 287 198 -351 -250 885 571 -314 -125 -125 233 -551 352 -116 723 -972 531 254 -980 705 323 19 -586 -246 516 213 -700 935 -557 913 -890 820 
-444 285 745 863 802 156 -964 -205 820 35 -223 -338 79 -786 552 -903 761 -173 -74 -171 106 -594 -76 213 -651 -707 868 -524 886 773 -791 -139 -723 165 -380 -894 426 158 -474 -134 -35 331 315 -996 -289 -770 -905 -793 -949 440 -550 484 651 -907 570 245 46 615 -18 895 -573 -960 919 -671 287 198 -351 -250 885 571 -314 -125 -125 233 -551 352 -116 723 -972 531 254 -980 705 323 19 -586 -246 516 213 -700 935 -557 913 -890 820 
960 -444 285 745 863 802 156 -964 -205 820 35 -223 -338 79 -786 552 -903 761 -173 -74 -171 106 -594 -76 213 -651 -707 868 -524 886 773 -791 -139 -723 165 -380 -894 426 158 -474 -134 -35 331 315 -996 -289 -770 -905 -793 -949 440 -550 484 651 -907 570 245 46 615 -18 895 -573 -960 919 -671 287 198 -351 -250 885 571 -314 -125 -125 233 -551 352 -116 723 -972 531 254 -980 705 323 19 -586 -246 516 213 -700 935 -557 913 -890 820 
235 960 -444 285 745 863 802 156 -964 -205 820 35 -223 -338 79 -786 552 -903 761 -173 -74 -171 106 -594 -76 213 -651 -707 868 -524 886 773 -791 -139 -723 165 -380 -894 426 158 -474 -134 -35 331 315 -996 -289 -770 -905 -793 -949 440 -550 484 651 -907 570 245 46 615 -18 895 -573 -960 919 -671 287 198 -351 -250 885 571 -314 -125 -125 233 -551 352 -116 723 -972 531 254 -980 705 323 19 -586 -246 516 213 -700 935 -557 913 -890 820 
0
0
74 235 960 -444 285 745 863 802 156 -964 -205 820 35 -223 -338 79 -786 552 -903 761 -173 -74 -171 106 -594 -76 213 -651 -707 868 -524 886 773 -791 -139 -723 165 -380 -894 426 158 -474 -134 -35 331 315 -996 -289 -770 -905 -793 -949 440 -550 484 651 -907 570 245 46 615 -18 895 -573 -960 919 -671 287 198 -351 -250 885 571 -314 -125 -125 233 -551 352 -116 723 -972 531 254 -980 705 323 19 -586 -246 516 213 -700 935 -557 913 -890 820 
31 74 235 960 -444 285 745 863 802 156 -964 -205 820 35 -223 -338 79 -786 552 -903 761 -173 -74 -171 106 -594 -76 213 -651 -707 868 -524 886 773 -791 -139 -723 165 -380 -894 426 158 -474 -134 -35 331 315 -996 -289 -770 -905 -793 -949 440 -550 484 651 -907 570 245 46 615 -18 895 -573 -960 919 -671 287 198 -351 -250 885 571 -314 -125 -125 233 -551 352 -116 723 -972 531 254 -980 705 323 19 -586 -246 516 213 -700 935 -557 913 -890 820 
0
99
99
31
74
10 235 960 -444 285 745 863 802 156 -964 -205 820 35 -223 -338 79 -786 552 -903 761 -173 -74 -171 106 -594 -76 213 -651 -707 868 -524 886 773 -791 -139 -723 165 -380 -894 426 158 -474 -134 -35 331 315 -996 -289 -770 -905 -793 -949 440 -550 484 651 -907 570 245 46 615 -18 895 -573 -960 919 -671 287 198 -351 -250 885 571 -314 -125 -125 233 -551 352 -116 723 -972 531 254 -980 705 323 19 -586 -246 516 213 -700 935 -557 913 -890 820 
98
497 10 235 960 -444 285 745 863 802 156 -964 -205 820 35 -223 -338 79 -786 552 -903 761 -173 -74 -171 106 -594 -76 213 -651 -707 868 -524 886 773 -791 -139 -723 165 -380 -894 426 158 -474 -134 -35 331 315 -996 -289 -770 -905 -793 -949 440 -550 484 651 -907 570 245 46 615 -18 895 -573 -960 919 -671 287 198 -351 -250 885 571 -314 -125 -125 233 -551 352 -116 723 -972 531 254 -980 705 323 19 -586 -246 516 213 -700 935 -557 913 -890 820 
211 497 10 235 960 -444 285 745 863 802 156 -964 -205 820 35 -223 -338 79 -786 552 -903 761 -173 -74 -171 106 -594 -76 213 -651 -707 868 -524 886 773 -791 -139 -723 165 -380 -894 426 158 -474 -134 -35 331 315 -996 -289 -770 -905 -793 -949 440 -550 484 651 -907 570 245 46 615 -18 895 -573 -960 919 -671 287 198 -351 -250 885 571 -314 -125 -125 233 -551 352 -116 723 -972 531 254 -980 705 323 19 -586 -246 516 213 -700 935 -557 913 -890 820 
-777 211 497 10 235 960 -444 285 745 863 802 156 -964 -205 820 35 -223 -338 79 -786 552 -903 761 -173 -74 -171 106 -594 -76 213 -651 -707 868 -524 886 773 -791 -139 -723 165 -380 -894 426 158 -474 -134 -35 331 315 -996 -289 -770 -905 -793 -949 440 -550 484 651 -907 570 245 46 615 -18 895 -573 -960 919 -671 287 198 -351 -250 885 571 -314 -125 -125 233 -551 352 -116 723 -972 531 254 -980 705 323 19 -586 -246 516 213 -700 935 -557 913 -890 820 
0
101
101
-777
0
-268 211 497 10 235 960 -444 285 745 863 802 156 -964 -205 820 35 -223 -338 79 -786 552 -903 761 -173 -74 -171 106 -594 -76 213 -651 -707 868 -524 886 773 -791 -139 -723 165 -380 -894 426 158 -474 -134 -35 331 315 -996 -289 -770 -905 -793 -949 440 -550 484 651 -907 570 245 46 615 -18 895 -573 -960 919 -671 287 198 -351 -250 885 571 -314 -125 -125 233 -551 352 -116 723 -972 531 254 -980 705 323 19 -586 -246 516 213 -700 935 -557 913 -890 820 
659 -268 211 497 10 235 960 -444 285 745 863 802 156 -964 -205 820 35 -223 -338 79 -786 552 -903 761 -173 -74 -171 106 -594 -76 213 -651 -707 868 -524 886 773 -791 -139 -723 165 -380 -894 426 158 -474 -134 -35 331 315 -996 -289 -770 -905 -793 -949 440 -550 484 651 -907 570 245 46 615 -18 895 -573 -960 919 -671 287 198 -351 -250 885 571 -314 -125 -125 233 -551 352 -116 723 -972 531 254 -980 705 323 19 -586 -246 516 213 -700 935 -557 913 -890 820 
0
0
210 659 -268 211 497 10 235 960 -444 285 745 863 802 156 -964 -205 820 35 -223 -338 79 -786 552 -903 761 -173 -74 -171 106 -594 -76 213 -651 -707 868 -524 886 773 -791 -139 -723 165 -380 -894 426 158 -474 -134 -35 331 315 -996 -289 -770 -905 -793 -949 440 -550 484 651 -907 570 245 46 615 -18 895 -573 -960 919 -671 287 198 -351 -250 885 571 -314 -125 -125 233 -551 352 -116 723 -972 531 254 -980 705 323 19 -586 -246 516 213 -700 935 -557 913 -890 820 
332 210 659 -268 211 497 10 235 960 -444 285 745 863 802 156 -964 -205 820 35 -223 -338 79 -786 552 -903 761 -173 -74 -171 106 -594 -76 213 -651 -707 868 -524 886 773 -791 -139 -723 165 -380 -894 426 158 -474 -134 -35 331 315 -996 -289 -770 -905 -793 -949 440 -550 484 651 -907 570 245 46 615 -18 895 -573 -960 919 -671 287 198 -351 -250 885 571 -314 -125 -125 233 -551 352 -116 723 -972 531 254 -980 705 323 19 -586 -246 516 213 -700 935 -557 913 -890 820 
0
0
332
-102 210 659 -268 211 497 10 235 960 -444 285 745 863 802 156 -964 -205 820 35 -223 -338 79 -786 552 -903 761 -173 -74 -171 106 -594 -76 213 -651 -707 868 -524 886 773 -791 -139 -723 165 -380 -894 426 158 -474 -134 -35 331 315 -996 -289 -770 -905 -793 -949 440 -550 484 651 -907 570 245 46 615 -18 895 -573 -960 919 -671 287 198 -351 -250 885 571 -314 -125 -125 233 -551 352 -116 723 -972 531 254 -980 705 323 19 -586 -246 516 213 -700 935 -557 913 -890 820 
-339 -102 210 659 -268 211 497 10 235 960 -444 285 745 863 802 156 -964 -205 820 35 -223 -338 79 -786 552 -903 761 -173 -74 -171 106 -594 -76 213 -651 -707 868 -524 886 773 -791 -139 -723 165 -380 -894 426 158 -474 -134 -35 331 315 -996 -289 -770 -905 -793 -949 440 -550 484 651 -907 570 245 46 615 -18 895 -573 -960 919 -671 287 198 -351 -250 885 571 -314 -125 -125 233 -551 352 -116 723 -972 531 254 -980 705 323 19 -586 -246 516 213 -700 935 -557 913 -890 820 
-549 -339 -102 210 659 -268 211 497 10 235 960 -444 285 745 863 802 156 -964 -205 820 35 -223 -338 79 -786 552 -903 761 -173 -74 -171 106 -594 -76 213 -651 -707 868 -524 886 773 -791 -139 -723 165 -380 -894 426 158 -474 -134 -35 331 315 -996 -289 -770 -905 -793 -949 440 -550 484 651 -907 570 245 46 615 -18 895 -573 -960 919 -671 287 198 -351 -250 885 571 -314 -125 -125 233 -551 352 -116 723 -972 531 254 -980 705 323 19 -586 -246 516 213 -700 935 -557 913 -890 820 
106
-603 -549 -339 -102 210 659 -268 211 497 10 235 960 -444 285 745 863 802 156 -964 -205 820 35 -223 -338 79 -786 552 -903 761 -173 -74 -171 106 -594 -76 213 -651 -707 868 -524 886 773 -791 -139 -723 165 -380 -894 426 158 -474 -134 -35 331 315 -996 -289 -770 -905 -793 -949 440 -550 484 651 -907 570 245 46 615 -18 895 -573 -960 919 -671 287 198 -351 -250 885 571 -314 -125 -125 233 -551 352 -116 723 -972 531 254 -980 705 323 19 -586 -246 516 213 -700 935 -557 913 -890 820 
-64 -603 -549 -339 -102 210 659 -268 211 497 10 235 960 -444 285 745 863 802 156 -964 -205 820 35 -223 -338 79 -786 552 -903 761 -173 -74 -171 106 -594 -76 213 -651 -707 868 -524 886 773 -791 -139 -723 165 -380 -894 426 158 -474 -134 -35 331 315 -996 -289 -770 -905 -793 -949 440 -550 484 651 -907 570 245 46 615 -18 895 -573 -960 919 -671 287 198 -351 -250 885 571 -314 -125 -125 233 -551 352 -116 723 -972 531 254 -980 705 323 19 -586 -246 516 213 -700 935 -557 913 -890 820 
233 -64 -603 -549 -339 -102 210 659 -268 211 497 10 235 960 -444 285 745 863 802 156 -964 -205 820 35 -223 -338 79 -786 552 -903 761 -173 -74 -171 106 -594 -76 213 -651 -707 868 -524 886 773 -791 -139 -723 165 -380 -894 426 158 -474 -134 -35 331 315 -996 -289 -770 -905 -793 -949 440 -550 484 651 -907 570 245 46 615 -18 895 -573 -960 919 -671 287 198 -351 -250 885 571 -314 -125 -125 233 -551 352 -116 723 -972 531 254 -980 705 323 19 -586 -246 516 213 -700 935 -557 913 -890 820 
404 233 -64 -603 -549 -339 -102 210 659 -268 211 497 10 235 960 -444 285 745 863 802 156 -964 -205 820 35 -223 -338 79 -786 552 -903 761 -173 -74 -171 106 -594 -76 213 -651 -707 868 -524 886 773 -791 -139 -723 165 -380 -894 426 158 -474 -134 -35 331 315 -996 -289 -770 -905 -793 -949 440 -550 484 651 -907 570 245 46 615 -18 895 -573 -960 919 -671 287 198 -351 -250 885 571 -314 -125 -125 233 -551 352 -116 723 -972 531 254 -980 705 323 19 -586 -246 516 213 -700 935 -557 913 -890 820 
404
-773 233 -64 -603 -549 -339 -102 210 659 -268 211 497 10 235 960 -444 285 745 863 802 156 -964 -205 820 35 -223 -338 79 -786 552 -903 761 -173 -74 -171 106 -594 -76 213 -651 -707 868 -524 886 773 -791 -139 -723 165 -380 -894 426 158 -474 -134 -35 331 315 -996 -289 -770 -905 -793 -949 440 -550 484 651 -907 570 245 46 615 -18 895 -573 -960 919 -671 287 198 -351 -250 885 571 -314 -125 -125 233 -551 352 -116 723 -972 531 254 -980 705 323 19 -586 -246 516 213 -700 935 -557 913 -890 820 
229 -773 233 -64 -603 -549 -339 -102 210 659 -268 211 497 10 235 960 -444 285 745 863 802 156 -964 -205 820 35 -223 -338 79 -786 552 -903 761 -173 -74 -171 106 -594 -76 213 -651 -707 868 -524 886 773 -791 -139 -723 165 -380 -894 426 158 -474 -134 -35 331 315 -996 -289 -770 -905 -793 -949 440 -550 484 651 -907 570 245 46 615 -18 895 -573 -960 919 -671 287 198 -351 -250 885 571 -314 -125 -125 233 -551 352 -116 723 -972 531 254 -980 705 323 19 -586 -246 516 213 -700 935 -557 913 -890 820 
0
0
0
111
566 229 -773 233 -64 -603 -549 -339 -102 210 659 -268 211 497 10 235 960 -444 285 745 863 802 156 -964 -205 820 35 -223 -338 79 -786 552 -903 761 -173 -74 -171 106 -594 -76 213 -651 -707 868 -524 886 773 -791 -139 -723 165 -380 -894 426 158 -474 -134 -35 331 315 -996 -289 -770 -905 -793 -949 440 -550 484 651 -907 570 245 46 615 -18 895 -573 -960 919 -671 287 198 -351 -250 885 571 -314 -125 -125 233 -551 352 -116 723 -972 531 254 -980 705 323 19 -586 -246 516 213 -700 935 -557 913 -890 820 
566
111
111
0
-773 229 -773 233 -64 -603 -549 -339 -102 210 659 -268 211 497 10 235 960 -444 285 745 863 802 156 -964 -205 820 35 -223 -338 79 -786 552 -903 761 -173 -74 -171 106 -594 -76 213 -651 -707 868 -524 886 773 -791 -139 -723 165 -380 -894 426 158 -474 -134 -35 331 315 -996 -289 -770 -905 -793 -949 440 -550 484 651 -907 570 245 46 615 -18 895 -573 -960 919 -671 287 198 -351 -250 885 571 -314 -125 -125 233 -551 352 -116 723 -972 531 254 -980 705 323 19 -586 -246 516 213 -700 935 -557 913 -890 820 
17 -773 229 -773 233 -64 -603 -549 -339 -102 210 659 -268 211 497 10 235 960 -444 285 745 863 802 156 -964 -205 820 35 -223 -338 79 -786 552 -903 761 -173 -74 -171 106 -594 -76 213 -651 -707 868 -524 886 773 -791 -139 -723 165 -380 -894 426 158 -474 -134 -35 331 315 -996 -289 -770 -905 -793 -949 440 -550 484 651 -907 570 245 46 615 -18 895 -573 -960 919 -671 287 198 -351 -250 885 571 -314 -125 -125 233 -551 352 -116 723 -972 531 254 -980 705 323 19 -586 -246 516 213 -700 935 -557 913 -890 820 
0
0
157 17 -773 229 -773 233 -64 -603 -549 -339 -102 210 659 -268 211 497 10 235 960 -444 285 745 863 802 156 -964 -205 820 35 -223 -338 79 -786 552 -903 761 -173 -74 -171 106 -594 -76 213 -651 -707 868 -524 886 773 -791 -139 -723 165 -380 -894 426 158 -474 -134 -35 331 315 -996 -289 -770 -905 -793 -949 440 -550 484 651 -907 570 245 46 615 -18 895 -573 -960 919 -671 287 198 -351 -250 885 571 -314 -125 -125 233 -551 352 -116 723 -972 531 254 -980 705 323 19 -586 -246 516 213 -700 935 -557 913 -890 820 
0
0
743 157 17 -773 229 -773 233 -64 -603 -549 -339 -102 210 659 -268 211 497 10 235 960 -444 285 745 863 802 156 -964 -205 820 35 -223 -338 79 -786 552 -903 761 -173 -74 -171 106 -594 -76 213 -651 -707 868 -524 886 773 -791 -139 -723 165 -380 -894 426 158 -474 -134 -35 331 315 -996 -289 -770 -905 -793 -949 440 -550 484 651 -907 570 245 46 615 -18 895 -573 -960 919 -671 287 198 -351 -250 885 571 -314 -125 -125 233 -551 352 -116 723 -972 531 254 -980 705 323 19 -586 -246 516 213 -700 935 -557 913 -890 820 
115
849 743 157 17 -773 229 -773 233 -64 -603 -549 -339 -102 210 659 -268 211 497 10 235 960 -444 285 745 863 802 156 -964 -205 820 35 -223 -338 79 -786 552 -903 761 -173 -74 -171 106 -594 -76 213 -651 -707 868 -524 886 773 -791 -139 -723 165 -380 -894 426 158 -474 -134 -35 331 315 -996 -289 -770 -905 -793 -949 440 -550 484 651 -907 570 245 46 615 -18 895 -573 -960 919 -671 287 198 -351 -250 885 571 -314 -125 -125 233 -551 352 -116 723 -972 531 254 -980 705 323 19 -586 -246 516 213 -700 935 -557 913 -890 820 
116
849
115
759 743 157 17 -773 229 -773 233 -64 -603 -549 -339 -102 210 659 -268 211 497 10 235 960 -444 285 745 863 802 156 -964 -205 820 35 -223 -338 79 -786 552 -903 761 -173 -74 -171 106 -594 -76 213 -651 -707 868 -524 886 773 -791 -139 -723 165 -380 -894 426 158 -474 -134 -35 331 315 -996 -289 -770 -905 -793 -949 440 -550 484 651 -907 570 245 46 615 -18 895 -573 -960 919 -671 287 198 -351 -250 885 571 -314 -125 -125 233 -551 352 -116 723 -972 531 254 -980 705 323 19 -586 -246 516 213 -700 935 -557 913 -890 820 
116
797 759 743 157 17 -773 229 -773 233 -64 -603 -549 -339 -102 210 659 -268 211 497 10 235 960 -444 285 745 863 802 156 -964 -205 820 35 -223 -338 79 -786 552 -903 761 -173 -74 -171 106 -594 -76 213 -651 -707 868 -524 886 773 -791 -139 -723 165 -380 -894 426 158 -474 -134 -35 331 315 -996 -289 -770 -905 -793 -949 440 -550 484 651 -907 570 245 46 615 -18 895 -573 -960 919 -671 287 198 -351 -250 885 571 -314 -125 -125 233 -551 352 -116 723 -972 531 254 -980 705 323 19 -586 -246 516 213 -700 935 -557 913 -890 820 
0
-150 797 759 743 157 17 -773 229 -773 233 -64 -603 -549 -339 -102 210 659 -268 211 497 10 235 960 -444 285 745 863 802 156 -964 -205 820 35 -223 -338 79 -786 552 -903 761 -173 -74 -171 106 -594 -76 213 -651 -707 868 -524 886 773 -791 -139 -723 165 -380 -894 426 158 -474 -134 -35 331 315 -996 -289 -770 -905 -793 -949 440 -550 484 651 -907 570 245 46 615 -18 895 -573 -960 919 -671 287 198 -351 -250 885 571 -314 -125 -125 233 -551 352 -116 723 -972 531 254 -980 705 323 19 -586 -246 516 213 -700 935 -557 913 -890 820 
118
-150
0
797
-611 759 743 157 17 -773 229 -773 233 -64 -603 -549 -339 -102 210 659 -268 211 497 10 235 960 -444 285 745 863 802 156 -964 -205 820 35 -223 -338 79 -786 552 -903 761 -173 -74 -171 106 -594 -76 213 -651 -707 868 -524 886 773 -791 -139 -723 165 -380 -894 426 158 -474 -134 -35 331 315 -996 -289 -770 -905 -793 -949 440 -550 484 651 -907 570 245 46 615 -18 895 -573 -960 919 -671 287 198 -351 -250 885 571 -314 -125 -125 233 -551 352 -116 723 -972 531 254 -980 705 323 19 -586 -246 516 213 -700 935 -557 913 -890 820 
0
295 -611 759 743 157 17 -773 229 -773 233 -64 -603 -549 -339 -102 210 659 -268 211 497 10 235 960 -444 285 745 863 802 156 -964 -205 820 35 -223 -338 79 -786 552 -903 761 -173 -74 -171 106 -594 -76 213 -651 -707 868 -524 886 773 -791 -139 -723 165 -380 -894 426 158 -474 -134 -35 331 315 -996 -289 -770 -905 -793 -949 440 -550 484 651 -907 570 245 46 615 -18 895 -573 -960 919 -671 287 198 -351 -250 885 571 -314 -125 -125 233 -551 352 -116 723 -972 531 254 -980 705 323 19 -586 -246 516 213 -700 935 -557 913 -890 820 
0
682 295 -611 759 743 157 17 -773 229 -773 233 -64 -603 -549 -339 -102 210 659 -268 211 497 10 235 960 -444 285 745 863 802 156 -964 -205 820 35 -223 -338 79 -786 552 -903 761 -173 -74 -171 106 -594 -76 213 -651 -707 868 -524 886 773 -791 -139 -723 165 -380 -894 426 158 -474 -134 -35 331 315 -996 -289 -770 -905 -793 -949 440 -550 484 651 -907 570 245 46 615 -18 895 -573 -960 919 -671 287 198 -351 -250 885 571 -314 -125 -125 233 -551 352 -116 723 -972 531 254 -980 705 323 19 -586 -246 516 213 -700 935 -557 913 -890 820 
119
119
0
135 682 295 -611 759 743 157 17 -773 229 -773 233 -64 -603 -549 -339 -102 210 659 -268 211 497 10 235 960 -444 285 745 863 802 156 -964 -205 820 35 -223 -338 79 -786 552 -903 761 -173 -74 -171 106 -594 -76 213 -651 -707 868 -524 886 773 -791 -139 -723 165 -380 -894 426 158 -474 -134 -35 331 315 -996 -289 -770 -905 -793 -949 440 -550 484 651 -907 570 245 46 615 -18 895 -573 -960 919 -671 287 198 -351 -250 885 571 -314 -125 -125 233 -551 352 -116 723 -972 531 254 -980 705 323 19 -586 -246 516 213 -700 935 -557 913 -890 820 
135
124 682 295 -611 759 743 157 17 -773 229 -773 233 -64 -603 -549 -339 -102 210 659 -268 211 497 10 235 960 -444 285 745 863 802 156 -964 -205 820 35 -223 -338 79 -786 552 -903 761 -173 -74 -171 106 -594 -76 213 -651 -707 868 -524 886 773 -791 -139 -723 165 -380 -894 426 158 -474 -134 -35 331 315 -996 -289 -770 -905 -793 -949 440 -550 484 651 -907 570 245 46 615 -18 895 -573 -960 919 -671 287 198 -351 -250 885 571 -314 -125 -125 233 -551 352 -116 723 -972 531 254 -980 705 323 19 -586 -246 516 213 -700 935 -557 913 -890 820 
120
124
-428 682 295 -611 759 743 157 17 -773 229 -773 233 -64 -603 -549 -339 -102 210 659 -268 211 497 10 235 960 -444 285 745 863 802 156 -964 -205 820 35 -223 -338 79 -786 552 -903 761 -173 -74 -171 106 -594 -76 213 -651 -707 868 -524 886 773 -791 -139 -723 165 -380 -894 426 158 -474 -134 -35 331 315 -996 -289 -770 -905 -793 -949 440 -550 484 651 -907 570 245 46 615 -18 895 -573 -960 919 -671 287 198 -351 -250 885 571 -314 -125 -125 233 -551 352 -116 723 -972 531 254 -980 705 323 19 -586 -246 516 213 -700 935 -557 913 -890 820 
0
767 -428 682 295 -611 759 743 157 17 -773 229 -773 233 -64 -603 -549 -339 -102 210 659 -268 211 497 10 235 960 -444 285 745 863 802 156 -964 -205 820 35 -223 -338 79 -786 552 -903 761 -173 -74 -171 106 -594 -76 213 -651 -707 868 -524 886 773 -791 -139 -723 165 -380 -894 426 158 -474 -134 -35 331 315 -996 -289 -770 -905 -793 -949 440 -550 484 651 -907 570 245 46 615 -18 895 -573 -960 919 -671 287 198 -351 -250 885 571 -314 -125 -125 233 -551 352 -116 723 -972 531 254 -980 705 323 19 -586 -246 516 213 -700 935 -557 913 -890 820 
17 767 -428 682 295 -611 759 743 157 17 -773 229 -773 233 -64 -603 -549 -339 -102 210 659 -268 211 497 10 235 960 -444 285 745 863 802 156 -964 -205 820 35 -223 -338 79 -786 552 -903 761 -173 -74 -171 106 -594 -76 213 -651 -707 868 -524 886 773 -791 -139 -723 165 -380 -894 426 158 -474 -134 -35 331 315 -996 -289 -770 -905 -793 -949 440 -550 484 651 -907 570 245 46 615 -18 895 -573 -960 919 -671 287 198 -351 -250 885 571 -314 -125 -125 233 -551 352 -116 723 -972 531 254 -980 705 323 19 -586 -246 516 213 -700 935 -557 913 -890 820 
17
0
121
