277 
1
277 -334 
277 -334 -243 
277 -334 -243 -88 
0
277 -334 -243 -88 -64 
0
277
-334 -243 -88 -64 164 
-334
0
-243
3
0
3
-88 -64 164 -884 
0
4
0
-88 -64 164 -884 107 
-88 -64 164 -884 107 -241 
-88 -64 164 -884 107 -241 -786 
-88
6
-64 164 -884 107 -241 -786 787 
-64 164 -884 107 -241 -786 787 528 
0
-64 164 -884 107 -241 -786 787 528 -623 
0
9
0
-64
0
8
0
164 -884 107 -241 -786 787 528 -623 838 
9
164 -884 107 -241 -786 787 528 -623 838 -271 
0
164
-884
8
107 -241 -786 787 528 -623 838 -271 -596 
107 -241 -786 787 528 -623 838 -271 -596 504 
107 -241 -786 787 528 -623 838 -271 -596 504 97 
0
107
-241 -786 787 528 -623 838 -271 -596 504 97 -688 
0
-241 -786 787 528 -623 838 -271 -596 504 97 -688 -958 
0
-241 -786 787 528 -623 838 -271 -596 504 97 -688 -958 13 
-241
0
-786
0
0
787 528 -623 838 -271 -596 504 97 -688 -958 13 -980 
787 528 -623 838 -271 -596 504 97 -688 -958 13 -980 -634 
13
787
0
528 -623 838 -271 -596 504 97 -688 -958 13 -980 -634 676 
528
12
-623 838 -271 -596 504 97 -688 -958 13 -980 -634 676 650 
-623
0
12
0
838
0
11
-271 -596 504 97 -688 -958 13 -980 -634 676 650 -89 
12
-271
0
-596
504
0
97 -688 -958 13 -980 -634 676 650 -89 -626 
97 -688 -958 13 -980 -634 676 650 -89 -626 269 
0
0
0
97
0
-688 -958 13 -980 -634 676 650 -89 -626 269 971 
-688
0
-958
0
13
0
-980
-634
6
0
676 650 -89 -626 269 971 -174 
676 650 -89 -626 269 971 -174 -541 
0
676 650 -89 -626 269 971 -174 -541 851 
9
676 650 -89 -626 269 971 -174 -541 851 758 
0
0
676 650 -89 -626 269 971 -174 -541 851 758 -107 
0
676 650 -89 -626 269 971 -174 -541 851 758 -107 771 
0
12
676 650 -89 -626 269 971 -174 -541 851 758 -107 771 -498 
0
0
676 650 -89 -626 269 971 -174 -541 851 758 -107 771 -498 32 
0
676 650 -89 -626 269 971 -174 -541 851 758 -107 771 -498 32 700 
0
15
676 650 -89 -626 269 971 -174 -541 851 758 -107 771 -498 32 700 821 
0
676
650 -89 -626 269 971 -174 -541 851 758 -107 771 -498 32 700 821 -771 
0
0
16
650 -89 -626 269 971 -174 -541 851 758 -107 771 -498 32 700 821 -771 -920 
650 -89 -626 269 971 -174 -541 851 758 -107 771 -498 32 700 821 -771 -920 987 
0
650
17
0
-89 -626 269 971 -174 -541 851 758 -107 771 -498 32 700 821 -771 -920 987 293 
18
-89 -626 269 971 -174 -541 851 758 -107 771 -498 32 700 821 -771 -920 987 293 -619 
19
0
-89 -626 269 971 -174 -541 851 758 -107 771 -498 32 700 821 -771 -920 987 293 -619 -802 
-89 -626 269 971 -174 -541 851 758 -107 771 -498 32 700 821 -771 -920 987 293 -619 -802 -262 
-89 -626 269 971 -174 -541 851 758 -107 771 -498 32 700 821 -771 -920 987 293 -619 -802 -262 -429 
0
-89 -626 269 971 -174 -541 851 758 -107 771 -498 32 700 821 -771 -920 987 293 -619 -802 -262 -429 -115 
-89
-626
269 971 -174 -541 851 758 -107 771 -498 32 700 821 -771 -920 987 293 -619 -802 -262 -429 -115 965 
0
0
22
269
971
20
-174 -541 851 758 -107 771 -498 32 700 821 -771 -920 987 293 -619 -802 -262 -429 -115 965 930 
-174 -541 851 758 -107 771 -498 32 700 821 -771 -920 987 293 -619 -802 -262 -429 -115 965 930 606 
22
0
-174 -541 851 758 -107 771 -498 32 700 821 -771 -920 987 293 -619 -802 -262 -429 -115 965 930 606 265 
-174
-541 851 758 -107 771 -498 32 700 821 -771 -920 987 293 -619 -802 -262 -429 -115 965 930 606 265 777 
23
23
0
-541
22
851 758 -107 771 -498 32 700 821 -771 -920 987 293 -619 -802 -262 -429 -115 965 930 606 265 777 680 
0
23
851 758 -107 771 -498 32 700 821 -771 -920 987 293 -619 -802 -262 -429 -115 965 930 606 265 777 680 416 
24
851 758 -107 771 -498 32 700 821 -771 -920 987 293 -619 -802 -262 -429 -115 965 930 606 265 777 680 416 -735 
0
0
851
24
758 -107 771 -498 32 700 821 -771 -920 987 293 -619 -802 -262 -429 -115 965 930 606 265 777 680 416 -735 223 
758
0
24
-107 771 -498 32 700 821 -771 -920 987 293 -619 -802 -262 -429 -115 965 930 606 265 777 680 416 -735 223 -385 
-107 771 -498 32 700 821 -771 -920 987 293 -619 -802 -262 -429 -115 965 930 606 265 777 680 416 -735 223 -385 -355 
0
26
-107 771 -498 32 700 821 -771 -920 987 293 -619 -802 -262 -429 -115 965 930 606 265 777 680 416 -735 223 -385 -355 -959 
-107 771 -498 32 700 821 -771 -920 987 293 -619 -802 -262 -429 -115 965 930 606 265 777 680 416 -735 223 -385 -355 -959 -894 
-107
0
0
0
771 -498 32 700 821 -771 -920 987 293 -619 -802 -262 -429 -115 965 930 606 265 777 680 416 -735 223 -385 -355 -959 -894 204 
0
0
771 -498 32 700 821 -771 -920 987 293 -619 -802 -262 -429 -115 965 930 606 265 777 680 416 -735 223 -385 -355 -959 -894 204 917 
771
-498 32 700 821 -771 -920 987 293 -619 -802 -262 -429 -115 965 930 606 265 777 680 416 -735 223 -385 -355 -959 -894 204 917 996 
0
-498 32 700 821 -771 -920 987 293 -619 -802 -262 -429 -115 965 930 606 265 777 680 416 -735 223 -385 -355 -959 -894 204 917 996 -776 
-498
0
32
0
28
0
700 821 -771 -920 987 293 -619 -802 -262 -429 -115 965 930 606 265 777 680 416 -735 223 -385 -355 -959 -894 204 917 996 -776 338 
700 821 -771 -920 987 293 -619 -802 -262 -429 -115 965 930 606 265 777 680 416 -735 223 -385 -355 -959 -894 204 917 996 -776 338 912 
700
821 -771 -920 987 293 -619 -802 -262 -429 -115 965 930 606 265 777 680 416 -735 223 -385 -355 -959 -894 204 917 996 -776 338 912 -106 
821 -771 -920 987 293 -619 -802 -262 -429 -115 965 930 606 265 777 680 416 -735 223 -385 -355 -959 -894 204 917 996 -776 338 912 -106 -760 
31
821 -771 -920 987 293 -619 -802 -262 -429 -115 965 930 606 265 777 680 416 -735 223 -385 -355 -959 -894 204 917 996 -776 338 912 -106 -760 515 
821 -771 -920 987 293 -619 -802 -262 -429 -115 965 930 606 265 777 680 416 -735 223 -385 -355 -959 -894 204 917 996 -776 338 912 -106 -760 515 -721 
0
821 -771 -920 987 293 -619 -802 -262 -429 -115 965 930 606 265 777 680 416 -735 223 -385 -355 -959 -894 204 917 996 -776 338 912 -106 -760 515 -721 231 
34
821 -771 -920 987 293 -619 -802 -262 -429 -115 965 930 606 265 777 680 416 -735 223 -385 -355 -959 -894 204 917 996 -776 338 912 -106 -760 515 -721 231 -667 
821
34
0
-771 -920 987 293 -619 -802 -262 -429 -115 965 930 606 265 777 680 416 -735 223 -385 -355 -959 -894 204 917 996 -776 338 912 -106 -760 515 -721 231 -667 558 
-771
-920
0
987 293 -619 -802 -262 -429 -115 965 930 606 265 777 680 416 -735 223 -385 -355 -959 -894 204 917 996 -776 338 912 -106 -760 515 -721 231 -667 558 -563 
34
0
987 293 -619 -802 -262 -429 -115 965 930 606 265 777 680 416 -735 223 -385 -355 -959 -894 204 917 996 -776 338 912 -106 -760 515 -721 231 -667 558 -563 -153 
987
293 -619 -802 -262 -429 -115 965 930 606 265 777 680 416 -735 223 -385 -355 -959 -894 204 917 996 -776 338 912 -106 -760 515 -721 231 -667 558 -563 -153 511 
293 -619 -802 -262 -429 -115 965 930 606 265 777 680 416 -735 223 -385 -355 -959 -894 204 917 996 -776 338 912 -106 -760 515 -721 231 -667 558 -563 -153 511 -7 
0
0
0
293 -619 -802 -262 -429 -115 965 930 606 265 777 680 416 -735 223 -385 -355 -959 -894 204 917 996 -776 338 912 -106 -760 515 -721 231 -667 558 -563 -153 511 -7 -683 
293 -619 -802 -262 -429 -115 965 930 606 265 777 680 416 -735 223 -385 -355 -959 -894 204 917 996 -776 338 912 -106 -760 515 -721 231 -667 558 -563 -153 511 -7 -683 -418 
38
0
293
37
0
0
37
0
0
0
-619 -802 -262 -429 -115 965 930 606 265 777 680 416 -735 223 -385 -355 -959 -894 204 917 996 -776 338 912 -106 -760 515 -721 231 -667 558 -563 -153 511 -7 -683 -418 994 
0
0
-619 -802 -262 -429 -115 965 930 606 265 777 680 416 -735 223 -385 -355 -959 -894 204 917 996 -776 338 912 -106 -760 515 -721 231 -667 558 -563 -153 511 -7 -683 -418 994 860 
0
0
39
-619 -802 -262 -429 -115 965 930 606 265 777 680 416 -735 223 -385 -355 -959 -894 204 917 996 -776 338 912 -106 -760 515 -721 231 -667 558 -563 -153 511 -7 -683 -418 994 860 834 
-619 -802 -262 -429 -115 965 930 606 265 777 680 416 -735 223 -385 -355 -959 -894 204 917 996 -776 338 912 -106 -760 515 -721 231 -667 558 -563 -153 511 -7 -683 -418 994 860 834 949 
-619 -802 -262 -429 -115 965 930 606 265 777 680 416 -735 223 -385 -355 -959 -894 204 917 996 -776 338 912 -106 -760 515 -721 231 -667 558 -563 -153 511 -7 -683 -418 994 860 834 949 441 
-619 -802 -262 -429 -115 965 930 606 265 777 680 416 -735 223 -385 -355 -959 -894 204 917 996 -776 338 912 -106 -760 515 -721 231 -667 558 -563 -153 511 -7 -683 -418 994 860 834 949 441 -624 
43
-619 -802 -262 -429 -115 965 930 606 265 777 680 416 -735 223 -385 -355 -959 -894 204 917 996 -776 338 912 -106 -760 515 -721 231 -667 558 -563 -153 511 -7 -683 -418 994 860 834 949 441 -624 -281 
-619
-802
0
-262 -429 -115 965 930 606 265 777 680 416 -735 223 -385 -355 -959 -894 204 917 996 -776 338 912 -106 -760 515 -721 231 -667 558 -563 -153 511 -7 -683 -418 994 860 834 949 441 -624 -281 -894 
43
-262 -429 -115 965 930 606 265 777 680 416 -735 223 -385 -355 -959 -894 204 917 996 -776 338 912 -106 -760 515 -721 231 -667 558 -563 -153 511 -7 -683 -418 994 860 834 949 441 -624 -281 -894 -96 
0
-262 -429 -115 965 930 606 265 777 680 416 -735 223 -385 -355 -959 -894 204 917 996 -776 338 912 -106 -760 515 -721 231 -667 558 -563 -153 511 -7 -683 -418 994 860 834 949 441 -624 -281 -894 -96 884 
-262 -429 -115 965 930 606 265 777 680 416 -735 223 -385 -355 -959 -894 204 917 996 -776 338 912 -106 -760 515 -721 231 -667 558 -563 -153 511 -7 -683 -418 994 860 834 949 441 -624 -281 -894 -96 884 807 
-262 -429 -115 965 930 606 265 777 680 416 -735 223 -385 -355 -959 -894 204 917 996 -776 338 912 -106 -760 515 -721 231 -667 558 -563 -153 511 -7 -683 -418 994 860 834 949 441 -624 -281 -894 -96 884 807 -212 
0
-262 -429 -115 965 930 606 265 777 680 416 -735 223 -385 -355 -959 -894 204 917 996 -776 338 912 -106 -760 515 -721 231 -667 558 -563 -153 511 -7 -683 -418 994 860 834 949 441 -624 -281 -894 -96 884 807 -212 158 
-262 -429 -115 965 930 606 265 777 680 416 -735 223 -385 -355 -959 -894 204 917 996 -776 338 912 -106 -760 515 -721 231 -667 558 -563 -153 511 -7 -683 -418 994 860 834 949 441 -624 -281 -894 -96 884 807 -212 158 -87 
-262 -429 -115 965 930 606 265 777 680 416 -735 223 -385 -355 -959 -894 204 917 996 -776 338 912 -106 -760 515 -721 231 -667 558 -563 -153 511 -7 -683 -418 994 860 834 949 441 -624 -281 -894 -96 884 807 -212 158 -87 592 
0
0
0
-262 -429 -115 965 930 606 265 777 680 416 -735 223 -385 -355 -959 -894 204 917 996 -776 338 912 -106 -760 515 -721 231 -667 558 -563 -153 511 -7 -683 -418 994 860 834 949 441 -624 -281 -894 -96 884 807 -212 158 -87 592 -675 
0
0
51
-262
0
0
-429
-115
965 930 606 265 777 680 416 -735 223 -385 -355 -959 -894 204 917 996 -776 338 912 -106 -760 515 -721 231 -667 558 -563 -153 511 -7 -683 -418 994 860 834 949 441 -624 -281 -894 -96 884 807 -212 158 -87 592 -675 -222 
0
0
49
965 930 606 265 777 680 416 -735 223 -385 -355 -959 -894 204 917 996 -776 338 912 -106 -760 515 -721 231 -667 558 -563 -153 511 -7 -683 -418 994 860 834 949 441 -624 -281 -894 -96 884 807 -212 158 -87 592 -675 -222 837 
965 930 606 265 777 680 416 -735 223 -385 -355 -959 -894 204 917 996 -776 338 912 -106 -760 515 -721 231 -667 558 -563 -153 511 -7 -683 -418 994 860 834 949 441 -624 -281 -894 -96 884 807 -212 158 -87 592 -675 -222 837 123 
965 930 606 265 777 680 416 -735 223 -385 -355 -959 -894 204 917 996 -776 338 912 -106 -760 515 -721 231 -667 558 -563 -153 511 -7 -683 -418 994 860 834 949 441 -624 -281 -894 -96 884 807 -212 158 -87 592 -675 -222 837 123 -303 
965
0
51
51
930 606 265 777 680 416 -735 223 -385 -355 -959 -894 204 917 996 -776 338 912 -106 -760 515 -721 231 -667 558 -563 -153 511 -7 -683 -418 994 860 834 949 441 -624 -281 -894 -96 884 807 -212 158 -87 592 -675 -222 837 123 -303 288 
52
930 606 265 777 680 416 -735 223 -385 -355 -959 -894 204 917 996 -776 338 912 -106 -760 515 -721 231 -667 558 -563 -153 511 -7 -683 -418 994 860 834 949 441 -624 -281 -894 -96 884 807 -212 158 -87 592 -675 -222 837 123 -303 288 160 
930 606 265 777 680 416 -735 223 -385 -355 -959 -894 204 917 996 -776 338 912 -106 -760 515 -721 231 -667 558 -563 -153 511 -7 -683 -418 994 860 834 949 441 -624 -281 -894 -96 884 807 -212 158 -87 592 -675 -222 837 123 -303 288 160 526 
930 606 265 777 680 416 -735 223 -385 -355 -959 -894 204 917 996 -776 338 912 -106 -760 515 -721 231 -667 558 -563 -153 511 -7 -683 -418 994 860 834 949 441 -624 -281 -894 -96 884 807 -212 158 -87 592 -675 -222 837 123 -303 288 160 526 -259 
55
55
930 606 265 777 680 416 -735 223 -385 -355 -959 -894 204 917 996 -776 338 912 -106 -760 515 -721 231 -667 558 -563 -153 511 -7 -683 -418 994 860 834 949 441 -624 -281 -894 -96 884 807 -212 158 -87 592 -675 -222 837 123 -303 288 160 526 -259 72 
0
930
606
0
54
265 777 680 416 -735 223 -385 -355 -959 -894 204 917 996 -776 338 912 -106 -760 515 -721 231 -667 558 -563 -153 511 -7 -683 -418 994 860 834 949 441 -624 -281 -894 -96 884 807 -212 158 -87 592 -675 -222 837 123 -303 288 160 526 -259 72 333 
265 777 680 416 -735 223 -385 -355 -959 -894 204 917 996 -776 338 912 -106 -760 515 -721 231 -667 558 -563 -153 511 -7 -683 -418 994 860 834 949 441 -624 -281 -894 -96 884 807 -212 158 -87 592 -675 -222 837 123 -303 288 160 526 -259 72 333 -753 
56
265 777 680 416 -735 223 -385 -355 -959 -894 204 917 996 -776 338 912 -106 -760 515 -721 231 -667 558 -563 -153 511 -7 -683 -418 994 860 834 949 441 -624 -281 -894 -96 884 807 -212 158 -87 592 -675 -222 837 123 -303 288 160 526 -259 72 333 -753 -744 
265
777
680 416 -735 223 -385 -355 -959 -894 204 917 996 -776 338 912 -106 -760 515 -721 231 -667 558 -563 -153 511 -7 -683 -418 994 860 834 949 441 -624 -281 -894 -96 884 807 -212 158 -87 592 -675 -222 837 123 -303 288 160 526 -259 72 333 -753 -744 -773 
56
680
55
416 -735 223 -385 -355 -959 -894 204 917 996 -776 338 912 -106 -760 515 -721 231 -667 558 -563 -153 511 -7 -683 -418 994 860 834 949 441 -624 -281 -894 -96 884 807 -212 158 -87 592 -675 -222 837 123 -303 288 160 526 -259 72 333 -753 -744 -773 -494 
416 -735 223 -385 -355 -959 -894 204 917 996 -776 338 912 -106 -760 515 -721 231 -667 558 -563 -153 511 -7 -683 -418 994 860 834 949 441 -624 -281 -894 -96 884 807 -212 158 -87 592 -675 -222 837 123 -303 288 160 526 -259 72 333 -753 -744 -773 -494 -219 
0
416 -735 223 -385 -355 -959 -894 204 917 996 -776 338 912 -106 -760 515 -721 231 -667 558 -563 -153 511 -7 -683 -418 994 860 834 949 441 -624 -281 -894 -96 884 807 -212 158 -87 592 -675 -222 837 123 -303 288 160 526 -259 72 333 -753 -744 -773 -494 -219 -171 
416
-735 223 -385 -355 -959 -894 204 917 996 -776 338 912 -106 -760 515 -721 231 -667 558 -563 -153 511 -7 -683 -418 994 860 834 949 441 -624 -281 -894 -96 884 807 -212 158 -87 592 -675 -222 837 123 -303 288 160 526 -259 72 333 -753 -744 -773 -494 -219 -171 28 
0
-735 223 -385 -355 -959 -894 204 917 996 -776 338 912 -106 -760 515 -721 231 -667 558 -563 -153 511 -7 -683 -418 994 860 834 949 441 -624 -281 -894 -96 884 807 -212 158 -87 592 -675 -222 837 123 -303 288 160 526 -259 72 333 -753 -744 -773 -494 -219 -171 28 529 
0
-735 223 -385 -355 -959 -894 204 917 996 -776 338 912 -106 -760 515 -721 231 -667 558 -563 -153 511 -7 -683 -418 994 860 834 949 441 -624 -281 -894 -96 884 807 -212 158 -87 592 -675 -222 837 123 -303 288 160 526 -259 72 333 -753 -744 -773 -494 -219 -171 28 529 603 
-735 223 -385 -355 -959 -894 204 917 996 -776 338 912 -106 -760 515 -721 231 -667 558 -563 -153 511 -7 -683 -418 994 860 834 949 441 -624 -281 -894 -96 884 807 -212 158 -87 592 -675 -222 837 123 -303 288 160 526 -259 72 333 -753 -744 -773 -494 -219 -171 28 529 603 -573 
-735 223 -385 -355 -959 -894 204 917 996 -776 338 912 -106 -760 515 -721 231 -667 558 -563 -153 511 -7 -683 -418 994 860 834 949 441 -624 -281 -894 -96 884 807 -212 158 -87 592 -675 -222 837 123 -303 288 160 526 -259 72 333 -753 -744 -773 -494 -219 -171 28 529 603 -573 -990 
-735 223 -385 -355 -959 -894 204 917 996 -776 338 912 -106 -760 515 -721 231 -667 558 -563 -153 511 -7 -683 -418 994 860 834 949 441 -624 -281 -894 -96 884 807 -212 158 -87 592 -675 -222 837 123 -303 288 160 526 -259 72 333 -753 -744 -773 -494 -219 -171 28 529 603 -573 -990 695 
0
-735
0
223
61
-385
60
-355 -959 -894 204 917 996 -776 338 912 -106 -760 515 -721 231 -667 558 -563 -153 511 -7 -683 -418 994 860 834 949 441 -624 -281 -894 -96 884 807 -212 158 -87 592 -675 -222 837 123 -303 288 160 526 -259 72 333 -753 -744 -773 -494 -219 -171 28 529 603 -573 -990 695 -623 
-355 -959 -894 204 917 996 -776 338 912 -106 -760 515 -721 231 -667 558 -563 -153 511 -7 -683 -418 994 860 834 949 441 -624 -281 -894 -96 884 807 -212 158 -87 592 -675 -222 837 123 -303 288 160 526 -259 72 333 -753 -744 -773 -494 -219 -171 28 529 603 -573 -990 695 -623 925 
62
-355
-959 -894 204 917 996 -776 338 912 -106 -760 515 -721 231 -667 558 -563 -153 511 -7 -683 -418 994 860 834 949 441 -624 -281 -894 -96 884 807 -212 158 -87 592 -675 -222 837 123 -303 288 160 526 -259 72 333 -753 -744 -773 -494 -219 -171 28 529 603 -573 -990 695 -623 925 -755 
0
0
-959
61
0
0
0
0
-894
0
60
60
204 917 996 -776 338 912 -106 -760 515 -721 231 -667 558 -563 -153 511 -7 -683 -418 994 860 834 949 441 -624 -281 -894 -96 884 807 -212 158 -87 592 -675 -222 837 123 -303 288 160 526 -259 72 333 -753 -744 -773 -494 -219 -171 28 529 603 -573 -990 695 -623 925 -755 -924 
0
204
917 996 -776 338 912 -106 -760 515 -721 231 -667 558 -563 -153 511 -7 -683 -418 994 860 834 949 441 -624 -281 -894 -96 884 807 -212 158 -87 592 -675 -222 837 123 -303 288 160 526 -259 72 333 -753 -744 -773 -494 -219 -171 28 529 603 -573 -990 695 -623 925 -755 -924 -768 
917 996 -776 338 912 -106 -760 515 -721 231 -667 558 -563 -153 511 -7 -683 -418 994 860 834 949 441 -624 -281 -894 -96 884 807 -212 158 -87 592 -675 -222 837 123 -303 288 160 526 -259 72 333 -753 -744 -773 -494 -219 -171 28 529 603 -573 -990 695 -623 925 -755 -924 -768 698 
0
0
62
917
0
61
996 -776 338 912 -106 -760 515 -721 231 -667 558 -563 -153 511 -7 -683 -418 994 860 834 949 441 -624 -281 -894 -96 884 807 -212 158 -87 592 -675 -222 837 123 -303 288 160 526 -259 72 333 -753 -744 -773 -494 -219 -171 28 529 603 -573 -990 695 -623 925 -755 -924 -768 698 -771 
996 -776 338 912 -106 -760 515 -721 231 -667 558 -563 -153 511 -7 -683 -418 994 860 834 949 441 -624 -281 -894 -96 884 807 -212 158 -87 592 -675 -222 837 123 -303 288 160 526 -259 72 333 -753 -744 -773 -494 -219 -171 28 529 603 -573 -990 695 -623 925 -755 -924 -768 698 -771 -341 
0
63
63
996 -776 338 912 -106 -760 515 -721 231 -667 558 -563 -153 511 -7 -683 -418 994 860 834 949 441 -624 -281 -894 -96 884 807 -212 158 -87 592 -675 -222 837 123 -303 288 160 526 -259 72 333 -753 -744 -773 -494 -219 -171 28 529 603 -573 -990 695 -623 925 -755 -924 -768 698 -771 -341 -142 
996
-776 338 912 -106 -760 515 -721 231 -667 558 -563 -153 511 -7 -683 -418 994 860 834 949 441 -624 -281 -894 -96 884 807 -212 158 -87 592 -675 -222 837 123 -303 288 160 526 -259 72 333 -753 -744 -773 -494 -219 -171 28 529 603 -573 -990 695 -623 925 -755 -924 -768 698 -771 -341 -142 -113 
-776 338 912 -106 -760 515 -721 231 -667 558 -563 -153 511 -7 -683 -418 994 860 834 949 441 -624 -281 -894 -96 884 807 -212 158 -87 592 -675 -222 837 123 -303 288 160 526 -259 72 333 -753 -744 -773 -494 -219 -171 28 529 603 -573 -990 695 -623 925 -755 -924 -768 698 -771 -341 -142 -113 -646 
0
-776
338 912 -106 -760 515 -721 231 -667 558 -563 -153 511 -7 -683 -418 994 860 834 949 441 -624 -281 -894 -96 884 807 -212 158 -87 592 -675 -222 837 123 -303 288 160 526 -259 72 333 -753 -744 -773 -494 -219 -171 28 529 603 -573 -990 695 -623 925 -755 -924 -768 698 -771 -341 -142 -113 -646 205 
338
912 -106 -760 515 -721 231 -667 558 -563 -153 511 -7 -683 -418 994 860 834 949 441 -624 -281 -894 -96 884 807 -212 158 -87 592 -675 -222 837 123 -303 288 160 526 -259 72 333 -753 -744 -773 -494 -219 -171 28 529 603 -573 -990 695 -623 925 -755 -924 -768 698 -771 -341 -142 -113 -646 205 556 
912 -106 -760 515 -721 231 -667 558 -563 -153 511 -7 -683 -418 994 860 834 949 441 -624 -281 -894 -96 884 807 -212 158 -87 592 -675 -222 837 123 -303 288 160 526 -259 72 333 -753 -744 -773 -494 -219 -171 28 529 603 -573 -990 695 -623 925 -755 -924 -768 698 -771 -341 -142 -113 -646 205 556 -329 
0
0
0
0
912
65
0
65
65
-106
0
0
64
64
-760 515 -721 231 -667 558 -563 -153 511 -7 -683 -418 994 860 834 949 441 -624 -281 -894 -96 884 807 -212 158 -87 592 -675 -222 837 123 -303 288 160 526 -259 72 333 -753 -744 -773 -494 -219 -171 28 529 603 -573 -990 695 -623 925 -755 -924 -768 698 -771 -341 -142 -113 -646 205 556 -329 -925 
-760
64
64
515 -721 231 -667 558 -563 -153 511 -7 -683 -418 994 860 834 949 441 -624 -281 -894 -96 884 807 -212 158 -87 592 -675 -222 837 123 -303 288 160 526 -259 72 333 -753 -744 -773 -494 -219 -171 28 529 603 -573 -990 695 -623 925 -755 -924 -768 698 -771 -341 -142 -113 -646 205 556 -329 -925 434 
0
0
515
-721 231 -667 558 -563 -153 511 -7 -683 -418 994 860 834 949 441 -624 -281 -894 -96 884 807 -212 158 -87 592 -675 -222 837 123 -303 288 160 526 -259 72 333 -753 -744 -773 -494 -219 -171 28 529 603 -573 -990 695 -623 925 -755 -924 -768 698 -771 -341 -142 -113 -646 205 556 -329 -925 434 -447 
0
65
0
0
-721 231 -667 558 -563 -153 511 -7 -683 -418 994 860 834 949 441 -624 -281 -894 -96 884 807 -212 158 -87 592 -675 -222 837 123 -303 288 160 526 -259 72 333 -753 -744 -773 -494 -219 -171 28 529 603 -573 -990 695 -623 925 -755 -924 -768 698 -771 -341 -142 -113 -646 205 556 -329 -925 434 -447 -649 
0
66
-721
65
231 -667 558 -563 -153 511 -7 -683 -418 994 860 834 949 441 -624 -281 -894 -96 884 807 -212 158 -87 592 -675 -222 837 123 -303 288 160 526 -259 72 333 -753 -744 -773 -494 -219 -171 28 529 603 -573 -990 695 -623 925 -755 -924 -768 698 -771 -341 -142 -113 -646 205 556 -329 -925 434 -447 -649 369 
0
0
231 -667 558 -563 -153 511 -7 -683 -418 994 860 834 949 441 -624 -281 -894 -96 884 807 -212 158 -87 592 -675 -222 837 123 -303 288 160 526 -259 72 333 -753 -744 -773 -494 -219 -171 28 529 603 -573 -990 695 -623 925 -755 -924 -768 698 -771 -341 -142 -113 -646 205 556 -329 -925 434 -447 -649 369 102 
0
231 -667 558 -563 -153 511 -7 -683 -418 994 860 834 949 441 -624 -281 -894 -96 884 807 -212 158 -87 592 -675 -222 837 123 -303 288 160 526 -259 72 333 -753 -744 -773 -494 -219 -171 28 529 603 -573 -990 695 -623 925 -755 -924 -768 698 -771 -341 -142 -113 -646 205 556 -329 -925 434 -447 -649 369 102 -986 
0
0
0
0
0
231 -667 558 -563 -153 511 -7 -683 -418 994 860 834 949 441 -624 -281 -894 -96 884 807 -212 158 -87 592 -675 -222 837 123 -303 288 160 526 -259 72 333 -753 -744 -773 -494 -219 -171 28 529 603 -573 -990 695 -623 925 -755 -924 -768 698 -771 -341 -142 -113 -646 205 556 -329 -925 434 -447 -649 369 102 -986 -574 
231
-667 558 -563 -153 511 -7 -683 -418 994 860 834 949 441 -624 -281 -894 -96 884 807 -212 158 -87 592 -675 -222 837 123 -303 288 160 526 -259 72 333 -753 -744 -773 -494 -219 -171 28 529 603 -573 -990 695 -623 925 -755 -924 -768 698 -771 -341 -142 -113 -646 205 556 -329 -925 434 -447 -649 369 102 -986 -574 -89 
-667
558 -563 -153 511 -7 -683 -418 994 860 834 949 441 -624 -281 -894 -96 884 807 -212 158 -87 592 -675 -222 837 123 -303 288 160 526 -259 72 333 -753 -744 -773 -494 -219 -171 28 529 603 -573 -990 695 -623 925 -755 -924 -768 698 -771 -341 -142 -113 -646 205 556 -329 -925 434 -447 -649 369 102 -986 -574 -89 737 
558
0
-563 -153 511 -7 -683 -418 994 860 834 949 441 -624 -281 -894 -96 884 807 -212 158 -87 592 -675 -222 837 123 -303 288 160 526 -259 72 333 -753 -744 -773 -494 -219 -171 28 529 603 -573 -990 695 -623 925 -755 -924 -768 698 -771 -341 -142 -113 -646 205 556 -329 -925 434 -447 -649 369 102 -986 -574 -89 737 -891 
0
-563
68
-153
0
67
511
66
66
0
-7 -683 -418 994 860 834 949 441 -624 -281 -894 -96 884 807 -212 158 -87 592 -675 -222 837 123 -303 288 160 526 -259 72 333 -753 -744 -773 -494 -219 -171 28 529 603 -573 -990 695 -623 925 -755 -924 -768 698 -771 -341 -142 -113 -646 205 556 -329 -925 434 -447 -649 369 102 -986 -574 -89 737 -891 -351 
0
-7 -683 -418 994 860 834 949 441 -624 -281 -894 -96 884 807 -212 158 -87 592 -675 -222 837 123 -303 288 160 526 -259 72 333 -753 -744 -773 -494 -219 -171 28 529 603 -573 -990 695 -623 925 -755 -924 -768 698 -771 -341 -142 -113 -646 205 556 -329 -925 434 -447 -649 369 102 -986 -574 -89 737 -891 -351 594 
0
0
-7 -683 -418 994 860 834 949 441 -624 -281 -894 -96 884 807 -212 158 -87 592 -675 -222 837 123 -303 288 160 526 -259 72 333 -753 -744 -773 -494 -219 -171 28 529 603 -573 -990 695 -623 925 -755 -924 -768 698 -771 -341 -142 -113 -646 205 556 -329 -925 434 -447 -649 369 102 -986 -574 -89 737 -891 -351 594 436 
-7
0
-683 -418 994 860 834 949 441 -624 -281 -894 -96 884 807 -212 158 -87 592 -675 -222 837 123 -303 288 160 526 -259 72 333 -753 -744 -773 -494 -219 -171 28 529 603 -573 -990 695 -623 925 -755 -924 -768 698 -771 -341 -142 -113 -646 205 556 -329 -925 434 -447 -649 369 102 -986 -574 -89 737 -891 -351 594 436 -132 
-683 -418 994 860 834 949 441 -624 -281 -894 -96 884 807 -212 158 -87 592 -675 -222 837 123 -303 288 160 526 -259 72 333 -753 -744 -773 -494 -219 -171 28 529 603 -573 -990 695 -623 925 -755 -924 -768 698 -771 -341 -142 -113 -646 205 556 -329 -925 434 -447 -649 369 102 -986 -574 -89 737 -891 -351 594 436 -132 685 
70
0
1886217567 1678408052 1702195557 1930061173 174422633 1970368101 543520101 926298413 2053731082 1852115557 1969583473 892149861 1695167032 1702195566 941647221 1762275383 1835360115 175731824 1970365796 174421349 1717531497 174877813 1970365796 174421349 1702521203 1902470154 1702192501 2053731082 1936263781 1819633247 1936263788 1886217567 1695185268 1702195566 757097845 171063095 603 -573 -990 695 -623 925 -755 -924 -768 698 -771 -341 -142 -113 -646 205 556 -329 -925 434 -447 -649 369 102 -986 -574 -89 737 -891 -351 594 436 -132 685 -649 
0
1886217567
0
1678408052
1702195557 1930061173 174422633 1970368101 543520101 926298413 2053731082 1852115557 1969583473 892149861 1695167032 1702195566 941647221 1762275383 1835360115 175731824 1970365796 174421349 1717531497 174877813 1970365796 174421349 1702521203 1902470154 1702192501 2053731082 1936263781 1819633247 1936263788 1886217567 1695185268 1702195566 757097845 171063095 603 -573 -990 695 -623 925 -755 -924 -768 698 -771 -341 -142 -113 -646 205 556 -329 -925 434 -447 -649 369 102 -986 -574 -89 737 -891 -351 594 436 -132 685 -649 680 
0
70
70
1702195557 1930061173 174422633 1970368101 543520101 926298413 2053731082 1852115557 1969583473 892149861 1695167032 1702195566 941647221 1762275383 1835360115 175731824 1970365796 174421349 1717531497 174877813 1970365796 174421349 1702521203 1902470154 1702192501 2053731082 1936263781 1819633247 1936263788 1886217567 1695185268 1702195566 757097845 171063095 603 -573 -990 695 -623 925 -755 -924 -768 698 -771 -341 -142 -113 -646 205 556 -329 -925 434 -447 -649 369 102 -986 -574 -89 737 -891 -351 594 436 -132 685 -649 680 -508 
1702195557
70
1930061173 174422633 1970368101 543520101 926298413 2053731082 1852115557 1969583473 892149861 1695167032 1702195566 941647221 1762275383 1835360115 175731824 1970365796 174421349 1717531497 174877813 1970365796 174421349 1702521203 1902470154 1702192501 2053731082 1936263781 1819633247 1936263788 1886217567 1695185268 1702195566 757097845 171063095 603 -573 -990 695 -623 925 -755 -924 -768 698 -771 -341 -142 -113 -646 205 556 -329 -925 434 -447 -649 369 102 -986 -574 -89 737 -891 -351 594 436 -132 685 -649 680 -508 -264 
71
1930061173 174422633 1970368101 543520101 926298413 2053731082 1852115557 1969583473 892149861 1695167032 1702195566 941647221 1762275383 1835360115 175731824 1970365796 174421349 1717531497 174877813 1970365796 174421349 1702521203 1902470154 1702192501 2053731082 1936263781 1819633247 1936263788 1886217567 1695185268 1702195566 757097845 171063095 603 -573 -990 695 -623 925 -755 -924 -768 698 -771 -341 -142 -113 -646 205 556 -329 -925 434 -447 -649 369 102 -986 -574 -89 737 -891 -351 594 436 -132 685 -649 680 -508 -264 -984 
72
1930061173 174422633 1970368101 543520101 926298413 2053731082 1852115557 1969583473 892149861 1695167032 1702195566 941647221 1762275383 1835360115 175731824 1970365796 174421349 1717531497 174877813 1970365796 174421349 1702521203 1902470154 1702192501 2053731082 1936263781 1819633247 1936263788 1886217567 1695185268 1702195566 757097845 171063095 603 -573 -990 695 -623 925 -755 -924 -768 698 -771 -341 -142 -113 -646 205 556 -329 -925 434 -447 -649 369 102 -986 -574 -89 737 -891 -351 594 436 -132 685 -649 680 -508 -264 -984 -793 
0
1930061173 174422633 1970368101 543520101 926298413 2053731082 1852115557 1969583473 892149861 1695167032 1702195566 941647221 1762275383 1835360115 175731824 1970365796 174421349 1717531497 174877813 1970365796 174421349 1702521203 1902470154 1702192501 2053731082 1936263781 1819633247 1936263788 1886217567 1695185268 1702195566 757097845 171063095 603 -573 -990 695 -623 925 -755 -924 -768 698 -771 -341 -142 -113 -646 205 556 -329 -925 434 -447 -649 369 102 -986 -574 -89 737 -891 -351 594 436 -132 685 -649 680 -508 -264 -984 -793 -327 
74
1930061173 174422633 1970368101 543520101 926298413 2053731082 1852115557 1969583473 892149861 1695167032 1702195566 941647221 1762275383 1835360115 175731824 1970365796 174421349 1717531497 174877813 1970365796 174421349 1702521203 1902470154 1702192501 2053731082 1936263781 1819633247 1936263788 1886217567 1695185268 1702195566 757097845 171063095 603 -573 -990 695 -623 925 -755 -924 -768 698 -771 -341 -142 -113 -646 205 556 -329 -925 434 -447 -649 369 102 -986 -574 -89 737 -891 -351 594 436 -132 685 -649 680 -508 -264 -984 -793 -327 -313 
75
1930061173 174422633 1970368101 543520101 926298413 2053731082 1852115557 1969583473 892149861 1695167032 1702195566 941647221 1762275383 1835360115 175731824 1970365796 174421349 1717531497 174877813 1970365796 174421349 1702521203 1902470154 1702192501 2053731082 1936263781 1819633247 1936263788 1886217567 1695185268 1702195566 757097845 171063095 603 -573 -990 695 -623 925 -755 -924 -768 698 -771 -341 -142 -113 -646 205 556 -329 -925 434 -447 -649 369 102 -986 -574 -89 737 -891 -351 594 436 -132 685 -649 680 -508 -264 -984 -793 -327 -313 365 
1930061173 174422633 1970368101 543520101 926298413 2053731082 1852115557 1969583473 892149861 1695167032 1702195566 941647221 1762275383 1835360115 175731824 1970365796 174421349 1717531497 174877813 1970365796 174421349 1702521203 1902470154 1702192501 2053731082 1936263781 1819633247 1936263788 1886217567 1695185268 1702195566 757097845 171063095 603 -573 -990 695 -623 925 -755 -924 -768 698 -771 -341 -142 -113 -646 205 556 -329 -925 434 -447 -649 369 102 -986 -574 -89 737 -891 -351 594 436 -132 685 -649 680 -508 -264 -984 -793 -327 -313 365 888 
0
0
1930061173
76
0
174422633 1970368101 543520101 926298413 2053731082 1852115557 1969583473 892149861 1695167032 1702195566 941647221 1762275383 1835360115 175731824 1970365796 174421349 1717531497 174877813 1970365796 174421349 1702521203 1902470154 1702192501 2053731082 1936263781 1819633247 1936263788 1886217567 1695185268 1702195566 757097845 171063095 603 -573 -990 695 -623 925 -755 -924 -768 698 -771 -341 -142 -113 -646 205 556 -329 -925 434 -447 -649 369 102 -986 -574 -89 737 -891 -351 594 436 -132 685 -649 680 -508 -264 -984 -793 -327 -313 365 888 781 
174422633
0
1970368101
75
543520101 926298413 2053731082 1852115557 1969583473 892149861 1695167032 1702195566 941647221 1762275383 1835360115 175731824 1970365796 174421349 1717531497 174877813 1970365796 174421349 1702521203 1902470154 1702192501 2053731082 1936263781 1819633247 1936263788 1886217567 1695185268 1702195566 757097845 171063095 603 -573 -990 695 -623 925 -755 -924 -768 698 -771 -341 -142 -113 -646 205 556 -329 -925 434 -447 -649 369 102 -986 -574 -89 737 -891 -351 594 436 -132 685 -649 680 -508 -264 -984 -793 -327 -313 365 888 781 -167 
76
543520101 926298413 2053731082 1852115557 1969583473 892149861 1695167032 1702195566 941647221 1762275383 1835360115 175731824 1970365796 174421349 1717531497 174877813 1970365796 174421349 1702521203 1902470154 1702192501 2053731082 1936263781 1819633247 1936263788 1886217567 1695185268 1702195566 757097845 171063095 603 -573 -990 695 -623 925 -755 -924 -768 698 -771 -341 -142 -113 -646 205 556 -329 -925 434 -447 -649 369 102 -986 -574 -89 737 -891 -351 594 436 -132 685 -649 680 -508 -264 -984 -793 -327 -313 365 888 781 -167 -582 
543520101 926298413 2053731082 1852115557 1969583473 892149861 1695167032 1702195566 941647221 1762275383 1835360115 175731824 1970365796 174421349 1717531497 174877813 1970365796 174421349 1702521203 1902470154 1702192501 2053731082 1936263781 1819633247 1936263788 1886217567 1695185268 1702195566 757097845 171063095 603 -573 -990 695 -623 925 -755 -924 -768 698 -771 -341 -142 -113 -646 205 556 -329 -925 434 -447 -649 369 102 -986 -574 -89 737 -891 -351 594 436 -132 685 -649 680 -508 -264 -984 -793 -327 -313 365 888 781 -167 -582 870 
0
543520101
0
926298413
76
2053731082
75
0
0
1852115557 1969583473 892149861 1695167032 1702195566 941647221 1762275383 1835360115 175731824 1970365796 174421349 1717531497 174877813 1970365796 174421349 1702521203 1902470154 1702192501 2053731082 1936263781 1819633247 1936263788 1886217567 1695185268 1702195566 757097845 171063095 603 -573 -990 695 -623 925 -755 -924 -768 698 -771 -341 -142 -113 -646 205 556 -329 -925 434 -447 -649 369 102 -986 -574 -89 737 -891 -351 594 436 -132 685 -649 680 -508 -264 -984 -793 -327 -313 365 888 781 -167 -582 870 -772 
