1
1
1
0
625 
625 599 
625 599 723 
625
2
599 723 258 
3
599 723 258 -910 
599
723
2
258 -910 -449 
0
0
3
258 -910 -449 -155 
258 -910 -449 -155 -401 
258 -910 -449 -155 -401 -913 
0
258 -910 -449 -155 -401 -913 938 
0
258 -910 -449 -155 -401 -913 938 440 
258
0
-910 -449 -155 -401 -913 938 440 94 
-910
-449 -155 -401 -913 938 440 94 501 
8
-449 -155 -401 -913 938 440 94 501 744 
-449 -155 -401 -913 938 440 94 501 744 -428 
-449
0
-155 -401 -913 938 440 94 501 744 -428 -444 
0
0
0
-155 -401 -913 938 440 94 501 744 -428 -444 864 
11
-155 -401 -913 938 440 94 501 744 -428 -444 864 -18 
-155 -401 -913 938 440 94 501 744 -428 -444 864 -18 -145 
-155 -401 -913 938 440 94 501 744 -428 -444 864 -18 -145 -282 
14
-155
-401
12
12
0
-913 938 440 94 501 744 -428 -444 864 -18 -145 -282 -981 
-913 938 440 94 501 744 -428 -444 864 -18 -145 -282 -981 -852 
-913
938
440
11
94
10
501
9
0
744
-428 -444 864 -18 -145 -282 -981 -852 997 
-428 -444 864 -18 -145 -282 -981 -852 997 -17 
10
0
-428 -444 864 -18 -145 -282 -981 -852 997 -17 125 
-428 -444 864 -18 -145 -282 -981 -852 997 -17 125 946 
12
-428
-444
864 -18 -145 -282 -981 -852 997 -17 125 946 -275 
864
-18 -145 -282 -981 -852 997 -17 125 946 -275 -494 
0
11
0
-18
0
-145 -282 -981 -852 997 -17 125 946 -275 -494 -689 
11
-145
10
-282
9
-981 -852 997 -17 125 946 -275 -494 -689 246 
-981
-852 997 -17 125 946 -275 -494 -689 246 713 
-852 997 -17 125 946 -275 -494 -689 246 713 -243 
11
-852 997 -17 125 946 -275 -494 -689 246 713 -243 306 
-852 997 -17 125 946 -275 -494 -689 246 713 -243 306 -610 
-852 997 -17 125 946 -275 -494 -689 246 713 -243 306 -610 -651 
-852 997 -17 125 946 -275 -494 -689 246 713 -243 306 -610 -651 -584 
-852
997 -17 125 946 -275 -494 -689 246 713 -243 306 -610 -651 -584 166 
997
-17 125 946 -275 -494 -689 246 713 -243 306 -610 -651 -584 166 -147 
-17
125 946 -275 -494 -689 246 713 -243 306 -610 -651 -584 166 -147 -874 
15
125 946 -275 -494 -689 246 713 -243 306 -610 -651 -584 166 -147 -874 942 
16
125 946 -275 -494 -689 246 713 -243 306 -610 -651 -584 166 -147 -874 942 823 
125 946 -275 -494 -689 246 713 -243 306 -610 -651 -584 166 -147 -874 942 823 -929 
0
125 946 -275 -494 -689 246 713 -243 306 -610 -651 -584 166 -147 -874 942 823 -929 -10 
125 946 -275 -494 -689 246 713 -243 306 -610 -651 -584 166 -147 -874 942 823 -929 -10 45 
125 946 -275 -494 -689 246 713 -243 306 -610 -651 -584 166 -147 -874 942 823 -929 -10 45 -889 
125 946 -275 -494 -689 246 713 -243 306 -610 -651 -584 166 -147 -874 942 823 -929 -10 45 -889 678 
0
125
0
0
21
21
946
0
-275 -494 -689 246 713 -243 306 -610 -651 -584 166 -147 -874 942 823 -929 -10 45 -889 678 721 
21
-275
-494 -689 246 713 -243 306 -610 -651 -584 166 -147 -874 942 823 -929 -10 45 -889 678 721 -446 
-494 -689 246 713 -243 306 -610 -651 -584 166 -147 -874 942 823 -929 -10 45 -889 678 721 -446 -560 
-494 -689 246 713 -243 306 -610 -651 -584 166 -147 -874 942 823 -929 -10 45 -889 678 721 -446 -560 288 
-494
-689 246 713 -243 306 -610 -651 -584 166 -147 -874 942 823 -929 -10 45 -889 678 721 -446 -560 288 -456 
-689 246 713 -243 306 -610 -651 -584 166 -147 -874 942 823 -929 -10 45 -889 678 721 -446 -560 288 -456 -266 
-689
23
23
0
0
246 713 -243 306 -610 -651 -584 166 -147 -874 942 823 -929 -10 45 -889 678 721 -446 -560 288 -456 -266 74 
246 713 -243 306 -610 -651 -584 166 -147 -874 942 823 -929 -10 45 -889 678 721 -446 -560 288 -456 -266 74 -600 
246 713 -243 306 -610 -651 -584 166 -147 -874 942 823 -929 -10 45 -889 678 721 -446 -560 288 -456 -266 74 -600 -231 
0
246
713
24
-243 306 -610 -651 -584 166 -147 -874 942 823 -929 -10 45 -889 678 721 -446 -560 288 -456 -266 74 -600 -231 642 
25
-243 306 -610 -651 -584 166 -147 -874 942 823 -929 -10 45 -889 678 721 -446 -560 288 -456 -266 74 -600 -231 642 923 
-243
306 -610 -651 -584 166 -147 -874 942 823 -929 -10 45 -889 678 721 -446 -560 288 -456 -266 74 -600 -231 642 923 903 
26
306
0
0
0
0
0
-610
0
0
-651
0
-584 166 -147 -874 942 823 -929 -10 45 -889 678 721 -446 -560 288 -456 -266 74 -600 -231 642 923 903 731 
-584 166 -147 -874 942 823 -929 -10 45 -889 678 721 -446 -560 288 -456 -266 74 -600 -231 642 923 903 731 -426 
25
-584
166
-147 -874 942 823 -929 -10 45 -889 678 721 -446 -560 288 -456 -266 74 -600 -231 642 923 903 731 -426 -423 
0
-147 -874 942 823 -929 -10 45 -889 678 721 -446 -560 288 -456 -266 74 -600 -231 642 923 903 731 -426 -423 -155 
25
-147 -874 942 823 -929 -10 45 -889 678 721 -446 -560 288 -456 -266 74 -600 -231 642 923 903 731 -426 -423 -155 545 
26
-147
0
-874 942 823 -929 -10 45 -889 678 721 -446 -560 288 -456 -266 74 -600 -231 642 923 903 731 -426 -423 -155 545 41 
-874 942 823 -929 -10 45 -889 678 721 -446 -560 288 -456 -266 74 -600 -231 642 923 903 731 -426 -423 -155 545 41 -369 
0
-874 942 823 -929 -10 45 -889 678 721 -446 -560 288 -456 -266 74 -600 -231 642 923 903 731 -426 -423 -155 545 41 -369 599 
-874 942 823 -929 -10 45 -889 678 721 -446 -560 288 -456 -266 74 -600 -231 642 923 903 731 -426 -423 -155 545 41 -369 599 -255 
-874
28
28
942 823 -929 -10 45 -889 678 721 -446 -560 288 -456 -266 74 -600 -231 642 923 903 731 -426 -423 -155 545 41 -369 599 -255 -687 
0
942
823 -929 -10 45 -889 678 721 -446 -560 288 -456 -266 74 -600 -231 642 923 903 731 -426 -423 -155 545 41 -369 599 -255 -687 656 
823
28
28
0
-929 -10 45 -889 678 721 -446 -560 288 -456 -266 74 -600 -231 642 923 903 731 -426 -423 -155 545 41 -369 599 -255 -687 656 -842 
29
-929 -10 45 -889 678 721 -446 -560 288 -456 -266 74 -600 -231 642 923 903 731 -426 -423 -155 545 41 -369 599 -255 -687 656 -842 816 
-929 -10 45 -889 678 721 -446 -560 288 -456 -266 74 -600 -231 642 923 903 731 -426 -423 -155 545 41 -369 599 -255 -687 656 -842 816 -886 
-929 -10 45 -889 678 721 -446 -560 288 -456 -266 74 -600 -231 642 923 903 731 -426 -423 -155 545 41 -369 599 -255 -687 656 -842 816 -886 544 
-929
31
31
-10 45 -889 678 721 -446 -560 288 -456 -266 74 -600 -231 642 923 903 731 -426 -423 -155 545 41 -369 599 -255 -687 656 -842 816 -886 544 -881 
-10 45 -889 678 721 -446 -560 288 -456 -266 74 -600 -231 642 923 903 731 -426 -423 -155 545 41 -369 599 -255 -687 656 -842 816 -886 544 -881 803 
-10 45 -889 678 721 -446 -560 288 -456 -266 74 -600 -231 642 923 903 731 -426 -423 -155 545 41 -369 599 -255 -687 656 -842 816 -886 544 -881 803 -346 
-10
0
33
33
45 -889 678 721 -446 -560 288 -456 -266 74 -600 -231 642 923 903 731 -426 -423 -155 545 41 -369 599 -255 -687 656 -842 816 -886 544 -881 803 -346 -888 
45
-889
678
0
31
0
721 -446 -560 288 -456 -266 74 -600 -231 642 923 903 731 -426 -423 -155 545 41 -369 599 -255 -687 656 -842 816 -886 544 -881 803 -346 -888 -188 
721
-446 -560 288 -456 -266 74 -600 -231 642 923 903 731 -426 -423 -155 545 41 -369 599 -255 -687 656 -842 816 -886 544 -881 803 -346 -888 -188 -618 
0
-446
31
-560 288 -456 -266 74 -600 -231 642 923 903 731 -426 -423 -155 545 41 -369 599 -255 -687 656 -842 816 -886 544 -881 803 -346 -888 -188 -618 -749 
-560
31
0
288 -456 -266 74 -600 -231 642 923 903 731 -426 -423 -155 545 41 -369 599 -255 -687 656 -842 816 -886 544 -881 803 -346 -888 -188 -618 -749 44 
288
0
-456
30
-266
74
28
-600 -231 642 923 903 731 -426 -423 -155 545 41 -369 599 -255 -687 656 -842 816 -886 544 -881 803 -346 -888 -188 -618 -749 44 795 
0
29
-600
0
0
28
-231 642 923 903 731 -426 -423 -155 545 41 -369 599 -255 -687 656 -842 816 -886 544 -881 803 -346 -888 -188 -618 -749 44 795 -836 
-231 642 923 903 731 -426 -423 -155 545 41 -369 599 -255 -687 656 -842 816 -886 544 -881 803 -346 -888 -188 -618 -749 44 795 -836 -541 
-231
0
642
923 903 731 -426 -423 -155 545 41 -369 599 -255 -687 656 -842 816 -886 544 -881 803 -346 -888 -188 -618 -749 44 795 -836 -541 999 
923 903 731 -426 -423 -155 545 41 -369 599 -255 -687 656 -842 816 -886 544 -881 803 -346 -888 -188 -618 -749 44 795 -836 -541 999 -223 
30
0
923
29
903
0
731
27
-426 -423 -155 545 41 -369 599 -255 -687 656 -842 816 -886 544 -881 803 -346 -888 -188 -618 -749 44 795 -836 -541 999 -223 228 
28
0
-426 -423 -155 545 41 -369 599 -255 -687 656 -842 816 -886 544 -881 803 -346 -888 -188 -618 -749 44 795 -836 -541 999 -223 228 -977 
0
-426
0
28
28
28
-423
-155 545 41 -369 599 -255 -687 656 -842 816 -886 544 -881 803 -346 -888 -188 -618 -749 44 795 -836 -541 999 -223 228 -977 -371 
-155
545
41
0
-369 599 -255 -687 656 -842 816 -886 544 -881 803 -346 -888 -188 -618 -749 44 795 -836 -541 999 -223 228 -977 -371 -690 
0
26
0
-369 599 -255 -687 656 -842 816 -886 544 -881 803 -346 -888 -188 -618 -749 44 795 -836 -541 999 -223 228 -977 -371 -690 -329 
0
27
-369 599 -255 -687 656 -842 816 -886 544 -881 803 -346 -888 -188 -618 -749 44 795 -836 -541 999 -223 228 -977 -371 -690 -329 458 
-369
27
599
-255 -687 656 -842 816 -886 544 -881 803 -346 -888 -188 -618 -749 44 795 -836 -541 999 -223 228 -977 -371 -690 -329 458 -109 
-255 -687 656 -842 816 -886 544 -881 803 -346 -888 -188 -618 -749 44 795 -836 -541 999 -223 228 -977 -371 -690 -329 458 -109 -914 
0
-255
-687
656 -842 816 -886 544 -881 803 -346 -888 -188 -618 -749 44 795 -836 -541 999 -223 228 -977 -371 -690 -329 458 -109 -914 465 
656 -842 816 -886 544 -881 803 -346 -888 -188 -618 -749 44 795 -836 -541 999 -223 228 -977 -371 -690 -329 458 -109 -914 465 197 
656
-842
816 -886 544 -881 803 -346 -888 -188 -618 -749 44 795 -836 -541 999 -223 228 -977 -371 -690 -329 458 -109 -914 465 197 311 
816
-886 544 -881 803 -346 -888 -188 -618 -749 44 795 -836 -541 999 -223 228 -977 -371 -690 -329 458 -109 -914 465 197 311 666 
-886
544 -881 803 -346 -888 -188 -618 -749 44 795 -836 -541 999 -223 228 -977 -371 -690 -329 458 -109 -914 465 197 311 666 241 
544
-881
25
803 -346 -888 -188 -618 -749 44 795 -836 -541 999 -223 228 -977 -371 -690 -329 458 -109 -914 465 197 311 666 241 -230 
0
0
803 -346 -888 -188 -618 -749 44 795 -836 -541 999 -223 228 -977 -371 -690 -329 458 -109 -914 465 197 311 666 241 -230 -291 
803 -346 -888 -188 -618 -749 44 795 -836 -541 999 -223 228 -977 -371 -690 -329 458 -109 -914 465 197 311 666 241 -230 -291 -207 
803 -346 -888 -188 -618 -749 44 795 -836 -541 999 -223 228 -977 -371 -690 -329 458 -109 -914 465 197 311 666 241 -230 -291 -207 352 
803 -346 -888 -188 -618 -749 44 795 -836 -541 999 -223 228 -977 -371 -690 -329 458 -109 -914 465 197 311 666 241 -230 -291 -207 352 -446 
0
0
803 -346 -888 -188 -618 -749 44 795 -836 -541 999 -223 228 -977 -371 -690 -329 458 -109 -914 465 197 311 666 241 -230 -291 -207 352 -446 627 
803
-346 -888 -188 -618 -749 44 795 -836 -541 999 -223 228 -977 -371 -690 -329 458 -109 -914 465 197 311 666 241 -230 -291 -207 352 -446 627 -821 
31
0
-346
0
30
-888 -188 -618 -749 44 795 -836 -541 999 -223 228 -977 -371 -690 -329 458 -109 -914 465 197 311 666 241 -230 -291 -207 352 -446 627 -821 -844 
-888
-188 -618 -749 44 795 -836 -541 999 -223 228 -977 -371 -690 -329 458 -109 -914 465 197 311 666 241 -230 -291 -207 352 -446 627 -821 -844 -668 
0
0
31
31
0
31
0
31
0
-188 -618 -749 44 795 -836 -541 999 -223 228 -977 -371 -690 -329 458 -109 -914 465 197 311 666 241 -230 -291 -207 352 -446 627 -821 -844 -668 -15 
0
32
32
-188
31
-618
-749 44 795 -836 -541 999 -223 228 -977 -371 -690 -329 458 -109 -914 465 197 311 666 241 -230 -291 -207 352 -446 627 -821 -844 -668 -15 -612 
-749 44 795 -836 -541 999 -223 228 -977 -371 -690 -329 458 -109 -914 465 197 311 666 241 -230 -291 -207 352 -446 627 -821 -844 -668 -15 -612 654 
-749
31
31
31
44 795 -836 -541 999 -223 228 -977 -371 -690 -329 458 -109 -914 465 197 311 666 241 -230 -291 -207 352 -446 627 -821 -844 -668 -15 -612 654 -170 
32
44
795 -836 -541 999 -223 228 -977 -371 -690 -329 458 -109 -914 465 197 311 666 241 -230 -291 -207 352 -446 627 -821 -844 -668 -15 -612 654 -170 310 
32
795 -836 -541 999 -223 228 -977 -371 -690 -329 458 -109 -914 465 197 311 666 241 -230 -291 -207 352 -446 627 -821 -844 -668 -15 -612 654 -170 310 134 
33
795
-836 -541 999 -223 228 -977 -371 -690 -329 458 -109 -914 465 197 311 666 241 -230 -291 -207 352 -446 627 -821 -844 -668 -15 -612 654 -170 310 134 307 
-836 -541 999 -223 228 -977 -371 -690 -329 458 -109 -914 465 197 311 666 241 -230 -291 -207 352 -446 627 -821 -844 -668 -15 -612 654 -170 310 134 307 594 
-836 -541 999 -223 228 -977 -371 -690 -329 458 -109 -914 465 197 311 666 241 -230 -291 -207 352 -446 627 -821 -844 -668 -15 -612 654 -170 310 134 307 594 771 
35
-836
34
-541 999 -223 228 -977 -371 -690 -329 458 -109 -914 465 197 311 666 241 -230 -291 -207 352 -446 627 -821 -844 -668 -15 -612 654 -170 310 134 307 594 771 -181 
35
35
-541
999
0
33
-223 228 -977 -371 -690 -329 458 -109 -914 465 197 311 666 241 -230 -291 -207 352 -446 627 -821 -844 -668 -15 -612 654 -170 310 134 307 594 771 -181 374 
34
-223
228 -977 -371 -690 -329 458 -109 -914 465 197 311 666 241 -230 -291 -207 352 -446 627 -821 -844 -668 -15 -612 654 -170 310 134 307 594 771 -181 374 478 
228 -977 -371 -690 -329 458 -109 -914 465 197 311 666 241 -230 -291 -207 352 -446 627 -821 -844 -668 -15 -612 654 -170 310 134 307 594 771 -181 374 478 -370 
228
-977 -371 -690 -329 458 -109 -914 465 197 311 666 241 -230 -291 -207 352 -446 627 -821 -844 -668 -15 -612 654 -170 310 134 307 594 771 -181 374 478 -370 517 
-977
0
-371
-690
0
-329 458 -109 -914 465 197 311 666 241 -230 -291 -207 352 -446 627 -821 -844 -668 -15 -612 654 -170 310 134 307 594 771 -181 374 478 -370 517 521 
-329 458 -109 -914 465 197 311 666 241 -230 -291 -207 352 -446 627 -821 -844 -668 -15 -612 654 -170 310 134 307 594 771 -181 374 478 -370 517 521 -98 
34
-329
33
0
0
0
458
32
0
-109 -914 465 197 311 666 241 -230 -291 -207 352 -446 627 -821 -844 -668 -15 -612 654 -170 310 134 307 594 771 -181 374 478 -370 517 521 -98 -378 
-109
-914 465 197 311 666 241 -230 -291 -207 352 -446 627 -821 -844 -668 -15 -612 654 -170 310 134 307 594 771 -181 374 478 -370 517 521 -98 -378 268 
0
33
-914 465 197 311 666 241 -230 -291 -207 352 -446 627 -821 -844 -668 -15 -612 654 -170 310 134 307 594 771 -181 374 478 -370 517 521 -98 -378 268 -142 
-914 465 197 311 666 241 -230 -291 -207 352 -446 627 -821 -844 -668 -15 -612 654 -170 310 134 307 594 771 -181 374 478 -370 517 521 -98 -378 268 -142 -789 
-914
465 197 311 666 241 -230 -291 -207 352 -446 627 -821 -844 -668 -15 -612 654 -170 310 134 307 594 771 -181 374 478 -370 517 521 -98 -378 268 -142 -789 218 
35
0
465 197 311 666 241 -230 -291 -207 352 -446 627 -821 -844 -668 -15 -612 654 -170 310 134 307 594 771 -181 374 478 -370 517 521 -98 -378 268 -142 -789 218 -478 
465 197 311 666 241 -230 -291 -207 352 -446 627 -821 -844 -668 -15 -612 654 -170 310 134 307 594 771 -181 374 478 -370 517 521 -98 -378 268 -142 -789 218 -478 786 
465 197 311 666 241 -230 -291 -207 352 -446 627 -821 -844 -668 -15 -612 654 -170 310 134 307 594 771 -181 374 478 -370 517 521 -98 -378 268 -142 -789 218 -478 786 739 
0
38
465
197 311 666 241 -230 -291 -207 352 -446 627 -821 -844 -668 -15 -612 654 -170 310 134 307 594 771 -181 374 478 -370 517 521 -98 -378 268 -142 -789 218 -478 786 739 9 
38
197 311 666 241 -230 -291 -207 352 -446 627 -821 -844 -668 -15 -612 654 -170 310 134 307 594 771 -181 374 478 -370 517 521 -98 -378 268 -142 -789 218 -478 786 739 9 737 
0
39
39
0
197
38
311 666 241 -230 -291 -207 352 -446 627 -821 -844 -668 -15 -612 654 -170 310 134 307 594 771 -181 374 478 -370 517 521 -98 -378 268 -142 -789 218 -478 786 739 9 737 -254 
0
0
311 666 241 -230 -291 -207 352 -446 627 -821 -844 -668 -15 -612 654 -170 310 134 307 594 771 -181 374 478 -370 517 521 -98 -378 268 -142 -789 218 -478 786 739 9 737 -254 -469 
311 666 241 -230 -291 -207 352 -446 627 -821 -844 -668 -15 -612 654 -170 310 134 307 594 771 -181 374 478 -370 517 521 -98 -378 268 -142 -789 218 -478 786 739 9 737 -254 -469 352 
311
666 241 -230 -291 -207 352 -446 627 -821 -844 -668 -15 -612 654 -170 310 134 307 594 771 -181 374 478 -370 517 521 -98 -378 268 -142 -789 218 -478 786 739 9 737 -254 -469 352 552 
41
666
40
241
-230 -291 -207 352 -446 627 -821 -844 -668 -15 -612 654 -170 310 134 307 594 771 -181 374 478 -370 517 521 -98 -378 268 -142 -789 218 -478 786 739 9 737 -254 -469 352 552 553 
-230 -291 -207 352 -446 627 -821 -844 -668 -15 -612 654 -170 310 134 307 594 771 -181 374 478 -370 517 521 -98 -378 268 -142 -789 218 -478 786 739 9 737 -254 -469 352 552 553 -979 
-230
-291 -207 352 -446 627 -821 -844 -668 -15 -612 654 -170 310 134 307 594 771 -181 374 478 -370 517 521 -98 -378 268 -142 -789 218 -478 786 739 9 737 -254 -469 352 552 553 -979 227 
-291 -207 352 -446 627 -821 -844 -668 -15 -612 654 -170 310 134 307 594 771 -181 374 478 -370 517 521 -98 -378 268 -142 -789 218 -478 786 739 9 737 -254 -469 352 552 553 -979 227 336 
-291
-207
352 -446 627 -821 -844 -668 -15 -612 654 -170 310 134 307 594 771 -181 374 478 -370 517 521 -98 -378 268 -142 -789 218 -478 786 739 9 737 -254 -469 352 552 553 -979 227 336 638 
352 -446 627 -821 -844 -668 -15 -612 654 -170 310 134 307 594 771 -181 374 478 -370 517 521 -98 -378 268 -142 -789 218 -478 786 739 9 737 -254 -469 352 552 553 -979 227 336 638 904 
352 -446 627 -821 -844 -668 -15 -612 654 -170 310 134 307 594 771 -181 374 478 -370 517 521 -98 -378 268 -142 -789 218 -478 786 739 9 737 -254 -469 352 552 553 -979 227 336 638 904 -304 
352 -446 627 -821 -844 -668 -15 -612 654 -170 310 134 307 594 771 -181 374 478 -370 517 521 -98 -378 268 -142 -789 218 -478 786 739 9 737 -254 -469 352 552 553 -979 227 336 638 904 -304 731 
352
-446 627 -821 -844 -668 -15 -612 654 -170 310 134 307 594 771 -181 374 478 -370 517 521 -98 -378 268 -142 -789 218 -478 786 739 9 737 -254 -469 352 552 553 -979 227 336 638 904 -304 731 182 
-446 627 -821 -844 -668 -15 -612 654 -170 310 134 307 594 771 -181 374 478 -370 517 521 -98 -378 268 -142 -789 218 -478 786 739 9 737 -254 -469 352 552 553 -979 227 336 638 904 -304 731 182 759 
45
-446
627
-821
-844
0
-668 -15 -612 654 -170 310 134 307 594 771 -181 374 478 -370 517 521 -98 -378 268 -142 -789 218 -478 786 739 9 737 -254 -469 352 552 553 -979 227 336 638 904 -304 731 182 759 -807 
42
-668 -15 -612 654 -170 310 134 307 594 771 -181 374 478 -370 517 521 -98 -378 268 -142 -789 218 -478 786 739 9 737 -254 -469 352 552 553 -979 227 336 638 904 -304 731 182 759 -807 18 
43
-668 -15 -612 654 -170 310 134 307 594 771 -181 374 478 -370 517 521 -98 -378 268 -142 -789 218 -478 786 739 9 737 -254 -469 352 552 553 -979 227 336 638 904 -304 731 182 759 -807 18 624 
44
0
-668
-15 -612 654 -170 310 134 307 594 771 -181 374 478 -370 517 521 -98 -378 268 -142 -789 218 -478 786 739 9 737 -254 -469 352 552 553 -979 227 336 638 904 -304 731 182 759 -807 18 624 -490 
44
-15
-612 654 -170 310 134 307 594 771 -181 374 478 -370 517 521 -98 -378 268 -142 -789 218 -478 786 739 9 737 -254 -469 352 552 553 -979 227 336 638 904 -304 731 182 759 -807 18 624 -490 -352 
-612 654 -170 310 134 307 594 771 -181 374 478 -370 517 521 -98 -378 268 -142 -789 218 -478 786 739 9 737 -254 -469 352 552 553 -979 227 336 638 904 -304 731 182 759 -807 18 624 -490 -352 -238 
-612
0
44
654 -170 310 134 307 594 771 -181 374 478 -370 517 521 -98 -378 268 -142 -789 218 -478 786 739 9 737 -254 -469 352 552 553 -979 227 336 638 904 -304 731 182 759 -807 18 624 -490 -352 -238 600 
654 -170 310 134 307 594 771 -181 374 478 -370 517 521 -98 -378 268 -142 -789 218 -478 786 739 9 737 -254 -469 352 552 553 -979 227 336 638 904 -304 731 182 759 -807 18 624 -490 -352 -238 600 78 
654 -170 310 134 307 594 771 -181 374 478 -370 517 521 -98 -378 268 -142 -789 218 -478 786 739 9 737 -254 -469 352 552 553 -979 227 336 638 904 -304 731 182 759 -807 18 624 -490 -352 -238 600 78 -281 
654 -170 310 134 307 594 771 -181 374 478 -370 517 521 -98 -378 268 -142 -789 218 -478 786 739 9 737 -254 -469 352 552 553 -979 227 336 638 904 -304 731 182 759 -807 18 624 -490 -352 -238 600 78 -281 272 
654
0
-170 310 134 307 594 771 -181 374 478 -370 517 521 -98 -378 268 -142 -789 218 -478 786 739 9 737 -254 -469 352 552 553 -979 227 336 638 904 -304 731 182 759 -807 18 624 -490 -352 -238 600 78 -281 272 502 
-170
0
310
0
46
134 307 594 771 -181 374 478 -370 517 521 -98 -378 268 -142 -789 218 -478 786 739 9 737 -254 -469 352 552 553 -979 227 336 638 904 -304 731 182 759 -807 18 624 -490 -352 -238 600 78 -281 272 502 879 
134 307 594 771 -181 374 478 -370 517 521 -98 -378 268 -142 -789 218 -478 786 739 9 737 -254 -469 352 552 553 -979 227 336 638 904 -304 731 182 759 -807 18 624 -490 -352 -238 600 78 -281 272 502 879 894 
0
134 307 594 771 -181 374 478 -370 517 521 -98 -378 268 -142 -789 218 -478 786 739 9 737 -254 -469 352 552 553 -979 227 336 638 904 -304 731 182 759 -807 18 624 -490 -352 -238 600 78 -281 272 502 879 894 513 
134
307 594 771 -181 374 478 -370 517 521 -98 -378 268 -142 -789 218 -478 786 739 9 737 -254 -469 352 552 553 -979 227 336 638 904 -304 731 182 759 -807 18 624 -490 -352 -238 600 78 -281 272 502 879 894 513 366 
0
307 594 771 -181 374 478 -370 517 521 -98 -378 268 -142 -789 218 -478 786 739 9 737 -254 -469 352 552 553 -979 227 336 638 904 -304 731 182 759 -807 18 624 -490 -352 -238 600 78 -281 272 502 879 894 513 366 -863 
307 594 771 -181 374 478 -370 517 521 -98 -378 268 -142 -789 218 -478 786 739 9 737 -254 -469 352 552 553 -979 227 336 638 904 -304 731 182 759 -807 18 624 -490 -352 -238 600 78 -281 272 502 879 894 513 366 -863 -218 
307
0
50
594 771 -181 374 478 -370 517 521 -98 -378 268 -142 -789 218 -478 786 739 9 737 -254 -469 352 552 553 -979 227 336 638 904 -304 731 182 759 -807 18 624 -490 -352 -238 600 78 -281 272 502 879 894 513 366 -863 -218 536 
594 771 -181 374 478 -370 517 521 -98 -378 268 -142 -789 218 -478 786 739 9 737 -254 -469 352 552 553 -979 227 336 638 904 -304 731 182 759 -807 18 624 -490 -352 -238 600 78 -281 272 502 879 894 513 366 -863 -218 536 294 
594 771 -181 374 478 -370 517 521 -98 -378 268 -142 -789 218 -478 786 739 9 737 -254 -469 352 552 553 -979 227 336 638 904 -304 731 182 759 -807 18 624 -490 -352 -238 600 78 -281 272 502 879 894 513 366 -863 -218 536 294 265 
53
0
594 771 -181 374 478 -370 517 521 -98 -378 268 -142 -789 218 -478 786 739 9 737 -254 -469 352 552 553 -979 227 336 638 904 -304 731 182 759 -807 18 624 -490 -352 -238 600 78 -281 272 502 879 894 513 366 -863 -218 536 294 265 975 
594
771
-181
374 478 -370 517 521 -98 -378 268 -142 -789 218 -478 786 739 9 737 -254 -469 352 552 553 -979 227 336 638 904 -304 731 182 759 -807 18 624 -490 -352 -238 600 78 -281 272 502 879 894 513 366 -863 -218 536 294 265 975 -743 
52
374
0
51
478
-370
0
517
48
48
0
521 -98 -378 268 -142 -789 218 -478 786 739 9 737 -254 -469 352 552 553 -979 227 336 638 904 -304 731 182 759 -807 18 624 -490 -352 -238 600 78 -281 272 502 879 894 513 366 -863 -218 536 294 265 975 -743 -868 
521
0
48
