400 
-303 400 
-228 -303 400 
-373 -228 -303 400 
-373
0
3
-228
-303
0

10

10
-164 400 
-336 -164 400 
-336
-164
0
1
-908 400 
586 -908 400 
516 586 -908 400 
-608 516 586 -908 400 
996 -608 516 586 -908 400 
0
6
977 996 -608 516 586 -908 400 
977
-480 996 -608 516 586 -908 400 
487 -480 996 -608 516 586 -908 400 
0
487
7
0
-929 -480 996 -608 516 586 -908 400 
-929
-590 -480 996 -608 516 586 -908 400 
-327 -590 -480 996 -608 516 586 -908 400 
690 -327 -590 -480 996 -608 516 586 -908 400 
690
-206 -327 -590 -480 996 -608 516 586 -908 400 
10
-206
9
705 -327 -590 -480 996 -608 516 586 -908 400 
705
-327
382 -590 -480 996 -608 516 586 -908 400 
382
-110 -590 -480 996 -608 516 586 -908 400 
0
74 -110 -590 -480 996 -608 516 586 -908 400 
0
10
74
762 -110 -590 -480 996 -608 516 586 -908 400 
0
10
-876 762 -110 -590 -480 996 -608 516 586 -908 400 
-876
-671 762 -110 -590 -480 996 -608 516 586 -908 400 
11
11
920 -671 762 -110 -590 -480 996 -608 516 586 -908 400 
920
392 -671 762 -110 -590 -480 996 -608 516 586 -908 400 
0
-395 392 -671 762 -110 -590 -480 996 -608 516 586 -908 400 
-838 -395 392 -671 762 -110 -590 -480 996 -608 516 586 -908 400 
69 -838 -395 392 -671 762 -110 -590 -480 996 -608 516 586 -908 400 
-815 69 -838 -395 392 -671 762 -110 -590 -480 996 -608 516 586 -908 400 
475 -815 69 -838 -395 392 -671 762 -110 -590 -480 996 -608 516 586 -908 400 
0
805 475 -815 69 -838 -395 392 -671 762 -110 -590 -480 996 -608 516 586 -908 400 
-141 805 475 -815 69 -838 -395 392 -671 762 -110 -590 -480 996 -608 516 586 -908 400 
0
19
-141
-889 805 475 -815 69 -838 -395 392 -671 762 -110 -590 -480 996 -608 516 586 -908 400 
-889
805
0
636 475 -815 69 -838 -395 392 -671 762 -110 -590 -480 996 -608 516 586 -908 400 
636
17
475
632 -815 69 -838 -395 392 -671 762 -110 -590 -480 996 -608 516 586 -908 400 
0
-719 632 -815 69 -838 -395 392 -671 762 -110 -590 -480 996 -608 516 586 -908 400 
-86 -719 632 -815 69 -838 -395 392 -671 762 -110 -590 -480 996 -608 516 586 -908 400 
-86
18
200 -719 632 -815 69 -838 -395 392 -671 762 -110 -590 -480 996 -608 516 586 -908 400 
-36 200 -719 632 -815 69 -838 -395 392 -671 762 -110 -590 -480 996 -608 516 586 -908 400 
-36
-497 200 -719 632 -815 69 -838 -395 392 -671 762 -110 -590 -480 996 -608 516 586 -908 400 
777 -497 200 -719 632 -815 69 -838 -395 392 -671 762 -110 -590 -480 996 -608 516 586 -908 400 
0
21
-198 777 -497 200 -719 632 -815 69 -838 -395 392 -671 762 -110 -590 -480 996 -608 516 586 -908 400 
659 -198 777 -497 200 -719 632 -815 69 -838 -395 392 -671 762 -110 -590 -480 996 -608 516 586 -908 400 
458 659 -198 777 -497 200 -719 632 -815 69 -838 -395 392 -671 762 -110 -590 -480 996 -608 516 586 -908 400 
-35 458 659 -198 777 -497 200 -719 632 -815 69 -838 -395 392 -671 762 -110 -590 -480 996 -608 516 586 -908 400 
-451 -35 458 659 -198 777 -497 200 -719 632 -815 69 -838 -395 392 -671 762 -110 -590 -480 996 -608 516 586 -908 400 
-12 -451 -35 458 659 -198 777 -497 200 -719 632 -815 69 -838 -395 392 -671 762 -110 -590 -480 996 -608 516 586 -908 400 
27
0
-447 -12 -451 -35 458 659 -198 777 -497 200 -719 632 -815 69 -838 -395 392 -671 762 -110 -590 -480 996 -608 516 586 -908 400 
0
-42 -447 -12 -451 -35 458 659 -198 777 -497 200 -719 632 -815 69 -838 -395 392 -671 762 -110 -590 -480 996 -608 516 586 -908 400 
-42
-129 -447 -12 -451 -35 458 659 -198 777 -497 200 -719 632 -815 69 -838 -395 392 -671 762 -110 -590 -480 996 -608 516 586 -908 400 
655 -129 -447 -12 -451 -35 458 659 -198 777 -497 200 -719 632 -815 69 -838 -395 392 -671 762 -110 -590 -480 996 -608 516 586 -908 400 
-880 655 -129 -447 -12 -451 -35 458 659 -198 777 -497 200 -719 632 -815 69 -838 -395 392 -671 762 -110 -590 -480 996 -608 516 586 -908 400 
-962 -880 655 -129 -447 -12 -451 -35 458 659 -198 777 -497 200 -719 632 -815 69 -838 -395 392 -671 762 -110 -590 -480 996 -608 516 586 -908 400 
-962
-281 -880 655 -129 -447 -12 -451 -35 458 659 -198 777 -497 200 -719 632 -815 69 -838 -395 392 -671 762 -110 -590 -480 996 -608 516 586 -908 400 
32
899 -281 -880 655 -129 -447 -12 -451 -35 458 659 -198 777 -497 200 -719 632 -815 69 -838 -395 392 -671 762 -110 -590 -480 996 -608 516 586 -908 400 
33
-815 899 -281 -880 655 -129 -447 -12 -451 -35 458 659 -198 777 -497 200 -719 632 -815 69 -838 -395 392 -671 762 -110 -590 -480 996 -608 516 586 -908 400 
-815
0
0
0
899
115 -281 -880 655 -129 -447 -12 -451 -35 458 659 -198 777 -497 200 -719 632 -815 69 -838 -395 392 -671 762 -110 -590 -480 996 -608 516 586 -908 400 
898 115 -281 -880 655 -129 -447 -12 -451 -35 458 659 -198 777 -497 200 -719 632 -815 69 -838 -395 392 -671 762 -110 -590 -480 996 -608 516 586 -908 400 
584 898 115 -281 -880 655 -129 -447 -12 -451 -35 458 659 -198 777 -497 200 -719 632 -815 69 -838 -395 392 -671 762 -110 -590 -480 996 -608 516 586 -908 400 
-742 584 898 115 -281 -880 655 -129 -447 -12 -451 -35 458 659 -198 777 -497 200 -719 632 -815 69 -838 -395 392 -671 762 -110 -590 -480 996 -608 516 586 -908 400 
36
0
341 -742 584 898 115 -281 -880 655 -129 -447 -12 -451 -35 458 659 -198 777 -497 200 -719 632 -815 69 -838 -395 392 -671 762 -110 -590 -480 996 -608 516 586 -908 400 
442 341 -742 584 898 115 -281 -880 655 -129 -447 -12 -451 -35 458 659 -198 777 -497 200 -719 632 -815 69 -838 -395 392 -671 762 -110 -590 -480 996 -608 516 586 -908 400 
0
442
341
4 -742 584 898 115 -281 -880 655 -129 -447 -12 -451 -35 458 659 -198 777 -497 200 -719 632 -815 69 -838 -395 392 -671 762 -110 -590 -480 996 -608 516 586 -908 400 
0
4
36
-742
35
35
584
-396 898 115 -281 -880 655 -129 -447 -12 -451 -35 458 659 -198 777 -497 200 -719 632 -815 69 -838 -395 392 -671 762 -110 -590 -480 996 -608 516 586 -908 400 
658 -396 898 115 -281 -880 655 -129 -447 -12 -451 -35 458 659 -198 777 -497 200 -719 632 -815 69 -838 -395 392 -671 762 -110 -590 -480 996 -608 516 586 -908 400 
-32 658 -396 898 115 -281 -880 655 -129 -447 -12 -451 -35 458 659 -198 777 -497 200 -719 632 -815 69 -838 -395 392 -671 762 -110 -590 -480 996 -608 516 586 -908 400 
-32
658
0
-603 -396 898 115 -281 -880 655 -129 -447 -12 -451 -35 458 659 -198 777 -497 200 -719 632 -815 69 -838 -395 392 -671 762 -110 -590 -480 996 -608 516 586 -908 400 
36
391 -603 -396 898 115 -281 -880 655 -129 -447 -12 -451 -35 458 659 -198 777 -497 200 -719 632 -815 69 -838 -395 392 -671 762 -110 -590 -480 996 -608 516 586 -908 400 
-757 391 -603 -396 898 115 -281 -880 655 -129 -447 -12 -451 -35 458 659 -198 777 -497 200 -719 632 -815 69 -838 -395 392 -671 762 -110 -590 -480 996 -608 516 586 -908 400 
272 -757 391 -603 -396 898 115 -281 -880 655 -129 -447 -12 -451 -35 458 659 -198 777 -497 200 -719 632 -815 69 -838 -395 392 -671 762 -110 -590 -480 996 -608 516 586 -908 400 
39
0
0
289 272 -757 391 -603 -396 898 115 -281 -880 655 -129 -447 -12 -451 -35 458 659 -198 777 -497 200 -719 632 -815 69 -838 -395 392 -671 762 -110 -590 -480 996 -608 516 586 -908 400 
212 289 272 -757 391 -603 -396 898 115 -281 -880 655 -129 -447 -12 -451 -35 458 659 -198 777 -497 200 -719 632 -815 69 -838 -395 392 -671 762 -110 -590 -480 996 -608 516 586 -908 400 
-817 212 289 272 -757 391 -603 -396 898 115 -281 -880 655 -129 -447 -12 -451 -35 458 659 -198 777 -497 200 -719 632 -815 69 -838 -395 392 -671 762 -110 -590 -480 996 -608 516 586 -908 400 
-817
41
-546 212 289 272 -757 391 -603 -396 898 115 -281 -880 655 -129 -447 -12 -451 -35 458 659 -198 777 -497 200 -719 632 -815 69 -838 -395 392 -671 762 -110 -590 -480 996 -608 516 586 -908 400 
407 -546 212 289 272 -757 391 -603 -396 898 115 -281 -880 655 -129 -447 -12 -451 -35 458 659 -198 777 -497 200 -719 632 -815 69 -838 -395 392 -671 762 -110 -590 -480 996 -608 516 586 -908 400 
-309 407 -546 212 289 272 -757 391 -603 -396 898 115 -281 -880 655 -129 -447 -12 -451 -35 458 659 -198 777 -497 200 -719 632 -815 69 -838 -395 392 -671 762 -110 -590 -480 996 -608 516 586 -908 400 
-415 -309 407 -546 212 289 272 -757 391 -603 -396 898 115 -281 -880 655 -129 -447 -12 -451 -35 458 659 -198 777 -497 200 -719 632 -815 69 -838 -395 392 -671 762 -110 -590 -480 996 -608 516 586 -908 400 
740 -415 -309 407 -546 212 289 272 -757 391 -603 -396 898 115 -281 -880 655 -129 -447 -12 -451 -35 458 659 -198 777 -497 200 -719 632 -815 69 -838 -395 392 -671 762 -110 -590 -480 996 -608 516 586 -908 400 
46
0
740
646 -415 -309 407 -546 212 289 272 -757 391 -603 -396 898 115 -281 -880 655 -129 -447 -12 -451 -35 458 659 -198 777 -497 200 -719 632 -815 69 -838 -395 392 -671 762 -110 -590 -480 996 -608 516 586 -908 400 
646
45
-312 -415 -309 407 -546 212 289 272 -757 391 -603 -396 898 115 -281 -880 655 -129 -447 -12 -451 -35 458 659 -198 777 -497 200 -719 632 -815 69 -838 -395 392 -671 762 -110 -590 -480 996 -608 516 586 -908 400 
432 -312 -415 -309 407 -546 212 289 272 -757 391 -603 -396 898 115 -281 -880 655 -129 -447 -12 -451 -35 458 659 -198 777 -497 200 -719 632 -815 69 -838 -395 392 -671 762 -110 -590 -480 996 -608 516 586 -908 400 
47
47
596 432 -312 -415 -309 407 -546 212 289 272 -757 391 -603 -396 898 115 -281 -880 655 -129 -447 -12 -451 -35 458 659 -198 777 -497 200 -719 632 -815 69 -838 -395 392 -671 762 -110 -590 -480 996 -608 516 586 -908 400 
596
-838 432 -312 -415 -309 407 -546 212 289 272 -757 391 -603 -396 898 115 -281 -880 655 -129 -447 -12 -451 -35 458 659 -198 777 -497 200 -719 632 -815 69 -838 -395 392 -671 762 -110 -590 -480 996 -608 516 586 -908 400 
545 -838 432 -312 -415 -309 407 -546 212 289 272 -757 391 -603 -396 898 115 -281 -880 655 -129 -447 -12 -451 -35 458 659 -198 777 -497 200 -719 632 -815 69 -838 -395 392 -671 762 -110 -590 -480 996 -608 516 586 -908 400 
0
0
251 545 -838 432 -312 -415 -309 407 -546 212 289 272 -757 391 -603 -396 898 115 -281 -880 655 -129 -447 -12 -451 -35 458 659 -198 777 -497 200 -719 632 -815 69 -838 -395 392 -671 762 -110 -590 -480 996 -608 516 586 -908 400 
711 251 545 -838 432 -312 -415 -309 407 -546 212 289 272 -757 391 -603 -396 898 115 -281 -880 655 -129 -447 -12 -451 -35 458 659 -198 777 -497 200 -719 632 -815 69 -838 -395 392 -671 762 -110 -590 -480 996 -608 516 586 -908 400 
711
251
993 545 -838 432 -312 -415 -309 407 -546 212 289 272 -757 391 -603 -396 898 115 -281 -880 655 -129 -447 -12 -451 -35 458 659 -198 777 -497 200 -719 632 -815 69 -838 -395 392 -671 762 -110 -590 -480 996 -608 516 586 -908 400 
50
50
781 993 545 -838 432 -312 -415 -309 407 -546 212 289 272 -757 391 -603 -396 898 115 -281 -880 655 -129 -447 -12 -451 -35 458 659 -198 777 -497 200 -719 632 -815 69 -838 -395 392 -671 762 -110 -590 -480 996 -608 516 586 -908 400 
51
0
781
993
-225 545 -838 432 -312 -415 -309 407 -546 212 289 272 -757 391 -603 -396 898 115 -281 -880 655 -129 -447 -12 -451 -35 458 659 -198 777 -497 200 -719 632 -815 69 -838 -395 392 -671 762 -110 -590 -480 996 -608 516 586 -908 400 
-930 -225 545 -838 432 -312 -415 -309 407 -546 212 289 272 -757 391 -603 -396 898 115 -281 -880 655 -129 -447 -12 -451 -35 458 659 -198 777 -497 200 -719 632 -815 69 -838 -395 392 -671 762 -110 -590 -480 996 -608 516 586 -908 400 
715 -930 -225 545 -838 432 -312 -415 -309 407 -546 212 289 272 -757 391 -603 -396 898 115 -281 -880 655 -129 -447 -12 -451 -35 458 659 -198 777 -497 200 -719 632 -815 69 -838 -395 392 -671 762 -110 -590 -480 996 -608 516 586 -908 400 
715
-930
0
-120 -225 545 -838 432 -312 -415 -309 407 -546 212 289 272 -757 391 -603 -396 898 115 -281 -880 655 -129 -447 -12 -451 -35 458 659 -198 777 -497 200 -719 632 -815 69 -838 -395 392 -671 762 -110 -590 -480 996 -608 516 586 -908 400 
-120
-912 -225 545 -838 432 -312 -415 -309 407 -546 212 289 272 -757 391 -603 -396 898 115 -281 -880 655 -129 -447 -12 -451 -35 458 659 -198 777 -497 200 -719 632 -815 69 -838 -395 392 -671 762 -110 -590 -480 996 -608 516 586 -908 400 
-438 -912 -225 545 -838 432 -312 -415 -309 407 -546 212 289 272 -757 391 -603 -396 898 115 -281 -880 655 -129 -447 -12 -451 -35 458 659 -198 777 -497 200 -719 632 -815 69 -838 -395 392 -671 762 -110 -590 -480 996 -608 516 586 -908 400 
-438
51
-912
-225
545
-838
432
0
-720 -312 -415 -309 407 -546 212 289 272 -757 391 -603 -396 898 115 -281 -880 655 -129 -447 -12 -451 -35 458 659 -198 777 -497 200 -719 632 -815 69 -838 -395 392 -671 762 -110 -590 -480 996 -608 516 586 -908 400 
-809 -720 -312 -415 -309 407 -546 212 289 272 -757 391 -603 -396 898 115 -281 -880 655 -129 -447 -12 -451 -35 458 659 -198 777 -497 200 -719 632 -815 69 -838 -395 392 -671 762 -110 -590 -480 996 -608 516 586 -908 400 
448 -809 -720 -312 -415 -309 407 -546 212 289 272 -757 391 -603 -396 898 115 -281 -880 655 -129 -447 -12 -451 -35 458 659 -198 777 -497 200 -719 632 -815 69 -838 -395 392 -671 762 -110 -590 -480 996 -608 516 586 -908 400 
49
49
49
877 448 -809 -720 -312 -415 -309 407 -546 212 289 272 -757 391 -603 -396 898 115 -281 -880 655 -129 -447 -12 -451 -35 458 659 -198 777 -497 200 -719 632 -815 69 -838 -395 392 -671 762 -110 -590 -480 996 -608 516 586 -908 400 
877
782 448 -809 -720 -312 -415 -309 407 -546 212 289 272 -757 391 -603 -396 898 115 -281 -880 655 -129 -447 -12 -451 -35 458 659 -198 777 -497 200 -719 632 -815 69 -838 -395 392 -671 762 -110 -590 -480 996 -608 516 586 -908 400 
0
0
782
0
-160 448 -809 -720 -312 -415 -309 407 -546 212 289 272 -757 391 -603 -396 898 115 -281 -880 655 -129 -447 -12 -451 -35 458 659 -198 777 -497 200 -719 632 -815 69 -838 -395 392 -671 762 -110 -590 -480 996 -608 516 586 -908 400 
-645 -160 448 -809 -720 -312 -415 -309 407 -546 212 289 272 -757 391 -603 -396 898 115 -281 -880 655 -129 -447 -12 -451 -35 458 659 -198 777 -497 200 -719 632 -815 69 -838 -395 392 -671 762 -110 -590 -480 996 -608 516 586 -908 400 
-645
-160
49
161 448 -809 -720 -312 -415 -309 407 -546 212 289 272 -757 391 -603 -396 898 115 -281 -880 655 -129 -447 -12 -451 -35 458 659 -198 777 -497 200 -719 632 -815 69 -838 -395 392 -671 762 -110 -590 -480 996 -608 516 586 -908 400 
0
161
0
0
49
-133 448 -809 -720 -312 -415 -309 407 -546 212 289 272 -757 391 -603 -396 898 115 -281 -880 655 -129 -447 -12 -451 -35 458 659 -198 777 -497 200 -719 632 -815 69 -838 -395 392 -671 762 -110 -590 -480 996 -608 516 586 -908 400 
-751 -133 448 -809 -720 -312 -415 -309 407 -546 212 289 272 -757 391 -603 -396 898 115 -281 -880 655 -129 -447 -12 -451 -35 458 659 -198 777 -497 200 -719 632 -815 69 -838 -395 392 -671 762 -110 -590 -480 996 -608 516 586 -908 400 
0
0
458 -751 -133 448 -809 -720 -312 -415 -309 407 -546 212 289 272 -757 391 -603 -396 898 115 -281 -880 655 -129 -447 -12 -451 -35 458 659 -198 777 -497 200 -719 632 -815 69 -838 -395 392 -671 762 -110 -590 -480 996 -608 516 586 -908 400 
52
52
52
880 458 -751 -133 448 -809 -720 -312 -415 -309 407 -546 212 289 272 -757 391 -603 -396 898 115 -281 -880 655 -129 -447 -12 -451 -35 458 659 -198 777 -497 200 -719 632 -815 69 -838 -395 392 -671 762 -110 -590 -480 996 -608 516 586 -908 400 
996 880 458 -751 -133 448 -809 -720 -312 -415 -309 407 -546 212 289 272 -757 391 -603 -396 898 115 -281 -880 655 -129 -447 -12 -451 -35 458 659 -198 777 -497 200 -719 632 -815 69 -838 -395 392 -671 762 -110 -590 -480 996 -608 516 586 -908 400 
-662 996 880 458 -751 -133 448 -809 -720 -312 -415 -309 407 -546 212 289 272 -757 391 -603 -396 898 115 -281 -880 655 -129 -447 -12 -451 -35 458 659 -198 777 -497 200 -719 632 -815 69 -838 -395 392 -671 762 -110 -590 -480 996 -608 516 586 -908 400 
-662
-818 996 880 458 -751 -133 448 -809 -720 -312 -415 -309 407 -546 212 289 272 -757 391 -603 -396 898 115 -281 -880 655 -129 -447 -12 -451 -35 458 659 -198 777 -497 200 -719 632 -815 69 -838 -395 392 -671 762 -110 -590 -480 996 -608 516 586 -908 400 
935 -818 996 880 458 -751 -133 448 -809 -720 -312 -415 -309 407 -546 212 289 272 -757 391 -603 -396 898 115 -281 -880 655 -129 -447 -12 -451 -35 458 659 -198 777 -497 200 -719 632 -815 69 -838 -395 392 -671 762 -110 -590 -480 996 -608 516 586 -908 400 
935
-572 -818 996 880 458 -751 -133 448 -809 -720 -312 -415 -309 407 -546 212 289 272 -757 391 -603 -396 898 115 -281 -880 655 -129 -447 -12 -451 -35 458 659 -198 777 -497 200 -719 632 -815 69 -838 -395 392 -671 762 -110 -590 -480 996 -608 516 586 -908 400 
-572
999 -818 996 880 458 -751 -133 448 -809 -720 -312 -415 -309 407 -546 212 289 272 -757 391 -603 -396 898 115 -281 -880 655 -129 -447 -12 -451 -35 458 659 -198 777 -497 200 -719 632 -815 69 -838 -395 392 -671 762 -110 -590 -480 996 -608 516 586 -908 400 
999
-469 -818 996 880 458 -751 -133 448 -809 -720 -312 -415 -309 407 -546 212 289 272 -757 391 -603 -396 898 115 -281 -880 655 -129 -447 -12 -451 -35 458 659 -198 777 -497 200 -719 632 -815 69 -838 -395 392 -671 762 -110 -590 -480 996 -608 516 586 -908 400 
-469
55
0
-48 -818 996 880 458 -751 -133 448 -809 -720 -312 -415 -309 407 -546 212 289 272 -757 391 -603 -396 898 115 -281 -880 655 -129 -447 -12 -451 -35 458 659 -198 777 -497 200 -719 632 -815 69 -838 -395 392 -671 762 -110 -590 -480 996 -608 516 586 -908 400 
-621 -48 -818 996 880 458 -751 -133 448 -809 -720 -312 -415 -309 407 -546 212 289 272 -757 391 -603 -396 898 115 -281 -880 655 -129 -447 -12 -451 -35 458 659 -198 777 -497 200 -719 632 -815 69 -838 -395 392 -671 762 -110 -590 -480 996 -608 516 586 -908 400 
198 -621 -48 -818 996 880 458 -751 -133 448 -809 -720 -312 -415 -309 407 -546 212 289 272 -757 391 -603 -396 898 115 -281 -880 655 -129 -447 -12 -451 -35 458 659 -198 777 -497 200 -719 632 -815 69 -838 -395 392 -671 762 -110 -590 -480 996 -608 516 586 -908 400 
345 198 -621 -48 -818 996 880 458 -751 -133 448 -809 -720 -312 -415 -309 407 -546 212 289 272 -757 391 -603 -396 898 115 -281 -880 655 -129 -447 -12 -451 -35 458 659 -198 777 -497 200 -719 632 -815 69 -838 -395 392 -671 762 -110 -590 -480 996 -608 516 586 -908 400 
200 345 198 -621 -48 -818 996 880 458 -751 -133 448 -809 -720 -312 -415 -309 407 -546 212 289 272 -757 391 -603 -396 898 115 -281 -880 655 -129 -447 -12 -451 -35 458 659 -198 777 -497 200 -719 632 -815 69 -838 -395 392 -671 762 -110 -590 -480 996 -608 516 586 -908 400 
0
200
59
-790 345 198 -621 -48 -818 996 880 458 -751 -133 448 -809 -720 -312 -415 -309 407 -546 212 289 272 -757 391 -603 -396 898 115 -281 -880 655 -129 -447 -12 -451 -35 458 659 -198 777 -497 200 -719 632 -815 69 -838 -395 392 -671 762 -110 -590 -480 996 -608 516 586 -908 400 
-56 -790 345 198 -621 -48 -818 996 880 458 -751 -133 448 -809 -720 -312 -415 -309 407 -546 212 289 272 -757 391 -603 -396 898 115 -281 -880 655 -129 -447 -12 -451 -35 458 659 -198 777 -497 200 -719 632 -815 69 -838 -395 392 -671 762 -110 -590 -480 996 -608 516 586 -908 400 
-986 -56 -790 345 198 -621 -48 -818 996 880 458 -751 -133 448 -809 -720 -312 -415 -309 407 -546 212 289 272 -757 391 -603 -396 898 115 -281 -880 655 -129 -447 -12 -451 -35 458 659 -198 777 -497 200 -719 632 -815 69 -838 -395 392 -671 762 -110 -590 -480 996 -608 516 586 -908 400 
62
0
-986
-95 -56 -790 345 198 -621 -48 -818 996 880 458 -751 -133 448 -809 -720 -312 -415 -309 407 -546 212 289 272 -757 391 -603 -396 898 115 -281 -880 655 -129 -447 -12 -451 -35 458 659 -198 777 -497 200 -719 632 -815 69 -838 -395 392 -671 762 -110 -590 -480 996 -608 516 586 -908 400 
-95
61
212 -56 -790 345 198 -621 -48 -818 996 880 458 -751 -133 448 -809 -720 -312 -415 -309 407 -546 212 289 272 -757 391 -603 -396 898 115 -281 -880 655 -129 -447 -12 -451 -35 458 659 -198 777 -497 200 -719 632 -815 69 -838 -395 392 -671 762 -110 -590 -480 996 -608 516 586 -908 400 
212
0
-711 -56 -790 345 198 -621 -48 -818 996 880 458 -751 -133 448 -809 -720 -312 -415 -309 407 -546 212 289 272 -757 391 -603 -396 898 115 -281 -880 655 -129 -447 -12 -451 -35 458 659 -198 777 -497 200 -719 632 -815 69 -838 -395 392 -671 762 -110 -590 -480 996 -608 516 586 -908 400 
62
62
62
-703 -711 -56 -790 345 198 -621 -48 -818 996 880 458 -751 -133 448 -809 -720 -312 -415 -309 407 -546 212 289 272 -757 391 -603 -396 898 115 -281 -880 655 -129 -447 -12 -451 -35 458 659 -198 777 -497 200 -719 632 -815 69 -838 -395 392 -671 762 -110 -590 -480 996 -608 516 586 -908 400 
775 -703 -711 -56 -790 345 198 -621 -48 -818 996 880 458 -751 -133 448 -809 -720 -312 -415 -309 407 -546 212 289 272 -757 391 -603 -396 898 115 -281 -880 655 -129 -447 -12 -451 -35 458 659 -198 777 -497 200 -719 632 -815 69 -838 -395 392 -671 762 -110 -590 -480 996 -608 516 586 -908 400 
-177 775 -703 -711 -56 -790 345 198 -621 -48 -818 996 880 458 -751 -133 448 -809 -720 -312 -415 -309 407 -546 212 289 272 -757 391 -603 -396 898 115 -281 -880 655 -129 -447 -12 -451 -35 458 659 -198 777 -497 200 -719 632 -815 69 -838 -395 392 -671 762 -110 -590 -480 996 -608 516 586 -908 400 
65
-839 -177 775 -703 -711 -56 -790 345 198 -621 -48 -818 996 880 458 -751 -133 448 -809 -720 -312 -415 -309 407 -546 212 289 272 -757 391 -603 -396 898 115 -281 -880 655 -129 -447 -12 -451 -35 458 659 -198 777 -497 200 -719 632 -815 69 -838 -395 392 -671 762 -110 -590 -480 996 -608 516 586 -908 400 
74 -839 -177 775 -703 -711 -56 -790 345 198 -621 -48 -818 996 880 458 -751 -133 448 -809 -720 -312 -415 -309 407 -546 212 289 272 -757 391 -603 -396 898 115 -281 -880 655 -129 -447 -12 -451 -35 458 659 -198 777 -497 200 -719 632 -815 69 -838 -395 392 -671 762 -110 -590 -480 996 -608 516 586 -908 400 
-338 74 -839 -177 775 -703 -711 -56 -790 345 198 -621 -48 -818 996 880 458 -751 -133 448 -809 -720 -312 -415 -309 407 -546 212 289 272 -757 391 -603 -396 898 115 -281 -880 655 -129 -447 -12 -451 -35 458 659 -198 777 -497 200 -719 632 -815 69 -838 -395 392 -671 762 -110 -590 -480 996 -608 516 586 -908 400 
-830 -338 74 -839 -177 775 -703 -711 -56 -790 345 198 -621 -48 -818 996 880 458 -751 -133 448 -809 -720 -312 -415 -309 407 -546 212 289 272 -757 391 -603 -396 898 115 -281 -880 655 -129 -447 -12 -451 -35 458 659 -198 777 -497 200 -719 632 -815 69 -838 -395 392 -671 762 -110 -590 -480 996 -608 516 586 -908 400 
0
69
-830
0
-595 -338 74 -839 -177 775 -703 -711 -56 -790 345 198 -621 -48 -818 996 880 458 -751 -133 448 -809 -720 -312 -415 -309 407 -546 212 289 272 -757 391 -603 -396 898 115 -281 -880 655 -129 -447 -12 -451 -35 458 659 -198 777 -497 200 -719 632 -815 69 -838 -395 392 -671 762 -110 -590 -480 996 -608 516 586 -908 400 
-951 -595 -338 74 -839 -177 775 -703 -711 -56 -790 345 198 -621 -48 -818 996 880 458 -751 -133 448 -809 -720 -312 -415 -309 407 -546 212 289 272 -757 391 -603 -396 898 115 -281 -880 655 -129 -447 -12 -451 -35 458 659 -198 777 -497 200 -719 632 -815 69 -838 -395 392 -671 762 -110 -590 -480 996 -608 516 586 -908 400 
525 -951 -595 -338 74 -839 -177 775 -703 -711 -56 -790 345 198 -621 -48 -818 996 880 458 -751 -133 448 -809 -720 -312 -415 -309 407 -546 212 289 272 -757 391 -603 -396 898 115 -281 -880 655 -129 -447 -12 -451 -35 458 659 -198 777 -497 200 -719 632 -815 69 -838 -395 392 -671 762 -110 -590 -480 996 -608 516 586 -908 400 
71
525
-832 -951 -595 -338 74 -839 -177 775 -703 -711 -56 -790 345 198 -621 -48 -818 996 880 458 -751 -133 448 -809 -720 -312 -415 -309 407 -546 212 289 272 -757 391 -603 -396 898 115 -281 -880 655 -129 -447 -12 -451 -35 458 659 -198 777 -497 200 -719 632 -815 69 -838 -395 392 -671 762 -110 -590 -480 996 -608 516 586 -908 400 
490 -832 -951 -595 -338 74 -839 -177 775 -703 -711 -56 -790 345 198 -621 -48 -818 996 880 458 -751 -133 448 -809 -720 -312 -415 -309 407 -546 212 289 272 -757 391 -603 -396 898 115 -281 -880 655 -129 -447 -12 -451 -35 458 659 -198 777 -497 200 -719 632 -815 69 -838 -395 392 -671 762 -110 -590 -480 996 -608 516 586 -908 400 
72
0
0
72
72
72
-694 490 -832 -951 -595 -338 74 -839 -177 775 -703 -711 -56 -790 345 198 -621 -48 -818 996 880 458 -751 -133 448 -809 -720 -312 -415 -309 407 -546 212 289 272 -757 391 -603 -396 898 115 -281 -880 655 -129 -447 -12 -451 -35 458 659 -198 777 -497 200 -719 632 -815 69 -838 -395 392 -671 762 -110 -590 -480 996 -608 516 586 -908 400 
-581 -694 490 -832 -951 -595 -338 74 -839 -177 775 -703 -711 -56 -790 345 198 -621 -48 -818 996 880 458 -751 -133 448 -809 -720 -312 -415 -309 407 -546 212 289 272 -757 391 -603 -396 898 115 -281 -880 655 -129 -447 -12 -451 -35 458 659 -198 777 -497 200 -719 632 -815 69 -838 -395 392 -671 762 -110 -590 -480 996 -608 516 586 -908 400 
-581
-694
819 490 -832 -951 -595 -338 74 -839 -177 775 -703 -711 -56 -790 345 198 -621 -48 -818 996 880 458 -751 -133 448 -809 -720 -312 -415 -309 407 -546 212 289 272 -757 391 -603 -396 898 115 -281 -880 655 -129 -447 -12 -451 -35 458 659 -198 777 -497 200 -719 632 -815 69 -838 -395 392 -671 762 -110 -590 -480 996 -608 516 586 -908 400 
819
-89 490 -832 -951 -595 -338 74 -839 -177 775 -703 -711 -56 -790 345 198 -621 -48 -818 996 880 458 -751 -133 448 -809 -720 -312 -415 -309 407 -546 212 289 272 -757 391 -603 -396 898 115 -281 -880 655 -129 -447 -12 -451 -35 458 659 -198 777 -497 200 -719 632 -815 69 -838 -395 392 -671 762 -110 -590 -480 996 -608 516 586 -908 400 
73
-89
72
490
-924 -832 -951 -595 -338 74 -839 -177 775 -703 -711 -56 -790 345 198 -621 -48 -818 996 880 458 -751 -133 448 -809 -720 -312 -415 -309 407 -546 212 289 272 -757 391 -603 -396 898 115 -281 -880 655 -129 -447 -12 -451 -35 458 659 -198 777 -497 200 -719 632 -815 69 -838 -395 392 -671 762 -110 -590 -480 996 -608 516 586 -908 400 
-673 -924 -832 -951 -595 -338 74 -839 -177 775 -703 -711 -56 -790 345 198 -621 -48 -818 996 880 458 -751 -133 448 -809 -720 -312 -415 -309 407 -546 212 289 272 -757 391 -603 -396 898 115 -281 -880 655 -129 -447 -12 -451 -35 458 659 -198 777 -497 200 -719 632 -815 69 -838 -395 392 -671 762 -110 -590 -480 996 -608 516 586 -908 400 
-673
-21 -924 -832 -951 -595 -338 74 -839 -177 775 -703 -711 -56 -790 345 198 -621 -48 -818 996 880 458 -751 -133 448 -809 -720 -312 -415 -309 407 -546 212 289 272 -757 391 -603 -396 898 115 -281 -880 655 -129 -447 -12 -451 -35 458 659 -198 777 -497 200 -719 632 -815 69 -838 -395 392 -671 762 -110 -590 -480 996 -608 516 586 -908 400 
0
0
916 -21 -924 -832 -951 -595 -338 74 -839 -177 775 -703 -711 -56 -790 345 198 -621 -48 -818 996 880 458 -751 -133 448 -809 -720 -312 -415 -309 407 -546 212 289 272 -757 391 -603 -396 898 115 -281 -880 655 -129 -447 -12 -451 -35 458 659 -198 777 -497 200 -719 632 -815 69 -838 -395 392 -671 762 -110 -590 -480 996 -608 516 586 -908 400 
74
74
-884 916 -21 -924 -832 -951 -595 -338 74 -839 -177 775 -703 -711 -56 -790 345 198 -621 -48 -818 996 880 458 -751 -133 448 -809 -720 -312 -415 -309 407 -546 212 289 272 -757 391 -603 -396 898 115 -281 -880 655 -129 -447 -12 -451 -35 458 659 -198 777 -497 200 -719 632 -815 69 -838 -395 392 -671 762 -110 -590 -480 996 -608 516 586 -908 400 
100 -884 916 -21 -924 -832 -951 -595 -338 74 -839 -177 775 -703 -711 -56 -790 345 198 -621 -48 -818 996 880 458 -751 -133 448 -809 -720 -312 -415 -309 407 -546 212 289 272 -757 391 -603 -396 898 115 -281 -880 655 -129 -447 -12 -451 -35 458 659 -198 777 -497 200 -719 632 -815 69 -838 -395 392 -671 762 -110 -590 -480 996 -608 516 586 -908 400 
643 100 -884 916 -21 -924 -832 -951 -595 -338 74 -839 -177 775 -703 -711 -56 -790 345 198 -621 -48 -818 996 880 458 -751 -133 448 -809 -720 -312 -415 -309 407 -546 212 289 272 -757 391 -603 -396 898 115 -281 -880 655 -129 -447 -12 -451 -35 458 659 -198 777 -497 200 -719 632 -815 69 -838 -395 392 -671 762 -110 -590 -480 996 -608 516 586 -908 400 
-750 643 100 -884 916 -21 -924 -832 -951 -595 -338 74 -839 -177 775 -703 -711 -56 -790 345 198 -621 -48 -818 996 880 458 -751 -133 448 -809 -720 -312 -415 -309 407 -546 212 289 272 -757 391 -603 -396 898 115 -281 -880 655 -129 -447 -12 -451 -35 458 659 -198 777 -497 200 -719 632 -815 69 -838 -395 392 -671 762 -110 -590 -480 996 -608 516 586 -908 400 
-338 -750 643 100 -884 916 -21 -924 -832 -951 -595 -338 74 -839 -177 775 -703 -711 -56 -790 345 198 -621 -48 -818 996 880 458 -751 -133 448 -809 -720 -312 -415 -309 407 -546 212 289 272 -757 391 -603 -396 898 115 -281 -880 655 -129 -447 -12 -451 -35 458 659 -198 777 -497 200 -719 632 -815 69 -838 -395 392 -671 762 -110 -590 -480 996 -608 516 586 -908 400 
79
79
-338
0
0
78
-412 -750 643 100 -884 916 -21 -924 -832 -951 -595 -338 74 -839 -177 775 -703 -711 -56 -790 345 198 -621 -48 -818 996 880 458 -751 -133 448 -809 -720 -312 -415 -309 407 -546 212 289 272 -757 391 -603 -396 898 115 -281 -880 655 -129 -447 -12 -451 -35 458 659 -198 777 -497 200 -719 632 -815 69 -838 -395 392 -671 762 -110 -590 -480 996 -608 516 586 -908 400 
-412
-750
173 643 100 -884 916 -21 -924 -832 -951 -595 -338 74 -839 -177 775 -703 -711 -56 -790 345 198 -621 -48 -818 996 880 458 -751 -133 448 -809 -720 -312 -415 -309 407 -546 212 289 272 -757 391 -603 -396 898 115 -281 -880 655 -129 -447 -12 -451 -35 458 659 -198 777 -497 200 -719 632 -815 69 -838 -395 392 -671 762 -110 -590 -480 996 -608 516 586 -908 400 
646 173 643 100 -884 916 -21 -924 -832 -951 -595 -338 74 -839 -177 775 -703 -711 -56 -790 345 198 -621 -48 -818 996 880 458 -751 -133 448 -809 -720 -312 -415 -309 407 -546 212 289 272 -757 391 -603 -396 898 115 -281 -880 655 -129 -447 -12 -451 -35 458 659 -198 777 -497 200 -719 632 -815 69 -838 -395 392 -671 762 -110 -590 -480 996 -608 516 586 -908 400 
646
237 173 643 100 -884 916 -21 -924 -832 -951 -595 -338 74 -839 -177 775 -703 -711 -56 -790 345 198 -621 -48 -818 996 880 458 -751 -133 448 -809 -720 -312 -415 -309 407 -546 212 289 272 -757 391 -603 -396 898 115 -281 -880 655 -129 -447 -12 -451 -35 458 659 -198 777 -497 200 -719 632 -815 69 -838 -395 392 -671 762 -110 -590 -480 996 -608 516 586 -908 400 
-316 237 173 643 100 -884 916 -21 -924 -832 -951 -595 -338 74 -839 -177 775 -703 -711 -56 -790 345 198 -621 -48 -818 996 880 458 -751 -133 448 -809 -720 -312 -415 -309 407 -546 212 289 272 -757 391 -603 -396 898 115 -281 -880 655 -129 -447 -12 -451 -35 458 659 -198 777 -497 200 -719 632 -815 69 -838 -395 392 -671 762 -110 -590 -480 996 -608 516 586 -908 400 
-354 -316 237 173 643 100 -884 916 -21 -924 -832 -951 -595 -338 74 -839 -177 775 -703 -711 -56 -790 345 198 -621 -48 -818 996 880 458 -751 -133 448 -809 -720 -312 -415 -309 407 -546 212 289 272 -757 391 -603 -396 898 115 -281 -880 655 -129 -447 -12 -451 -35 458 659 -198 777 -497 200 -719 632 -815 69 -838 -395 392 -671 762 -110 -590 -480 996 -608 516 586 -908 400 
952 -354 -316 237 173 643 100 -884 916 -21 -924 -832 -951 -595 -338 74 -839 -177 775 -703 -711 -56 -790 345 198 -621 -48 -818 996 880 458 -751 -133 448 -809 -720 -312 -415 -309 407 -546 212 289 272 -757 391 -603 -396 898 115 -281 -880 655 -129 -447 -12 -451 -35 458 659 -198 777 -497 200 -719 632 -815 69 -838 -395 392 -671 762 -110 -590 -480 996 -608 516 586 -908 400 
-954 952 -354 -316 237 173 643 100 -884 916 -21 -924 -832 -951 -595 -338 74 -839 -177 775 -703 -711 -56 -790 345 198 -621 -48 -818 996 880 458 -751 -133 448 -809 -720 -312 -415 -309 407 -546 212 289 272 -757 391 -603 -396 898 115 -281 -880 655 -129 -447 -12 -451 -35 458 659 -198 777 -497 200 -719 632 -815 69 -838 -395 392 -671 762 -110 -590 -480 996 -608 516 586 -908 400 
0
-954
82
0
-87 952 -354 -316 237 173 643 100 -884 916 -21 -924 -832 -951 -595 -338 74 -839 -177 775 -703 -711 -56 -790 345 198 -621 -48 -818 996 880 458 -751 -133 448 -809 -720 -312 -415 -309 407 -546 212 289 272 -757 391 -603 -396 898 115 -281 -880 655 -129 -447 -12 -451 -35 458 659 -198 777 -497 200 -719 632 -815 69 -838 -395 392 -671 762 -110 -590 -480 996 -608 516 586 -908 400 
83
0
461 -87 952 -354 -316 237 173 643 100 -884 916 -21 -924 -832 -951 -595 -338 74 -839 -177 775 -703 -711 -56 -790 345 198 -621 -48 -818 996 880 458 -751 -133 448 -809 -720 -312 -415 -309 407 -546 212 289 272 -757 391 -603 -396 898 115 -281 -880 655 -129 -447 -12 -451 -35 458 659 -198 777 -497 200 -719 632 -815 69 -838 -395 392 -671 762 -110 -590 -480 996 -608 516 586 -908 400 
0
542 461 -87 952 -354 -316 237 173 643 100 -884 916 -21 -924 -832 -951 -595 -338 74 -839 -177 775 -703 -711 -56 -790 345 198 -621 -48 -818 996 880 458 -751 -133 448 -809 -720 -312 -415 -309 407 -546 212 289 272 -757 391 -603 -396 898 115 -281 -880 655 -129 -447 -12 -451 -35 458 659 -198 777 -497 200 -719 632 -815 69 -838 -395 392 -671 762 -110 -590 -480 996 -608 516 586 -908 400 
0
542
-718 461 -87 952 -354 -316 237 173 643 100 -884 916 -21 -924 -832 -951 -595 -338 74 -839 -177 775 -703 -711 -56 -790 345 198 -621 -48 -818 996 880 458 -751 -133 448 -809 -720 -312 -415 -309 407 -546 212 289 272 -757 391 -603 -396 898 115 -281 -880 655 -129 -447 -12 -451 -35 458 659 -198 777 -497 200 -719 632 -815 69 -838 -395 392 -671 762 -110 -590 -480 996 -608 516 586 -908 400 
225 -718 461 -87 952 -354 -316 237 173 643 100 -884 916 -21 -924 -832 -951 -595 -338 74 -839 -177 775 -703 -711 -56 -790 345 198 -621 -48 -818 996 880 458 -751 -133 448 -809 -720 -312 -415 -309 407 -546 212 289 272 -757 391 -603 -396 898 115 -281 -880 655 -129 -447 -12 -451 -35 458 659 -198 777 -497 200 -719 632 -815 69 -838 -395 392 -671 762 -110 -590 -480 996 -608 516 586 -908 400 
225
-718
461
83
0
0
0
83
-251 -87 952 -354 -316 237 173 643 100 -884 916 -21 -924 -832 -951 -595 -338 74 -839 -177 775 -703 -711 -56 -790 345 198 -621 -48 -818 996 880 458 -751 -133 448 -809 -720 -312 -415 -309 407 -546 212 289 272 -757 391 -603 -396 898 115 -281 -880 655 -129 -447 -12 -451 -35 458 659 -198 777 -497 200 -719 632 -815 69 -838 -395 392 -671 762 -110 -590 -480 996 -608 516 586 -908 400 
-568 -251 -87 952 -354 -316 237 173 643 100 -884 916 -21 -924 -832 -951 -595 -338 74 -839 -177 775 -703 -711 -56 -790 345 198 -621 -48 -818 996 880 458 -751 -133 448 -809 -720 -312 -415 -309 407 -546 212 289 272 -757 391 -603 -396 898 115 -281 -880 655 -129 -447 -12 -451 -35 458 659 -198 777 -497 200 -719 632 -815 69 -838 -395 392 -671 762 -110 -590 -480 996 -608 516 586 -908 400 
-568
-251
0
0
0
83
-87
82
82
-889 952 -354 -316 237 173 643 100 -884 916 -21 -924 -832 -951 -595 -338 74 -839 -177 775 -703 -711 -56 -790 345 198 -621 -48 -818 996 880 458 -751 -133 448 -809 -720 -312 -415 -309 407 -546 212 289 272 -757 391 -603 -396 898 115 -281 -880 655 -129 -447 -12 -451 -35 458 659 -198 777 -497 200 -719 632 -815 69 -838 -395 392 -671 762 -110 -590 -480 996 -608 516 586 -908 400 
375 -889 952 -354 -316 237 173 643 100 -884 916 -21 -924 -832 -951 -595 -338 74 -839 -177 775 -703 -711 -56 -790 345 198 -621 -48 -818 996 880 458 -751 -133 448 -809 -720 -312 -415 -309 407 -546 212 289 272 -757 391 -603 -396 898 115 -281 -880 655 -129 -447 -12 -451 -35 458 659 -198 777 -497 200 -719 632 -815 69 -838 -395 392 -671 762 -110 -590 -480 996 -608 516 586 -908 400 
84
0
0
-768 375 -889 952 -354 -316 237 173 643 100 -884 916 -21 -924 -832 -951 -595 -338 74 -839 -177 775 -703 -711 -56 -790 345 198 -621 -48 -818 996 880 458 -751 -133 448 -809 -720 -312 -415 -309 407 -546 212 289 272 -757 391 -603 -396 898 115 -281 -880 655 -129 -447 -12 -451 -35 458 659 -198 777 -497 200 -719 632 -815 69 -838 -395 392 -671 762 -110 -590 -480 996 -608 516 586 -908 400 
0
-424 -768 375 -889 952 -354 -316 237 173 643 100 -884 916 -21 -924 -832 -951 -595 -338 74 -839 -177 775 -703 -711 -56 -790 345 198 -621 -48 -818 996 880 458 -751 -133 448 -809 -720 -312 -415 -309 407 -546 212 289 272 -757 391 -603 -396 898 115 -281 -880 655 -129 -447 -12 -451 -35 458 659 -198 777 -497 200 -719 632 -815 69 -838 -395 392 -671 762 -110 -590 -480 996 -608 516 586 -908 400 
0
-347 -424 -768 375 -889 952 -354 -316 237 173 643 100 -884 916 -21 -924 -832 -951 -595 -338 74 -839 -177 775 -703 -711 -56 -790 345 198 -621 -48 -818 996 880 458 -751 -133 448 -809 -720 -312 -415 -309 407 -546 212 289 272 -757 391 -603 -396 898 115 -281 -880 655 -129 -447 -12 -451 -35 458 659 -198 777 -497 200 -719 632 -815 69 -838 -395 392 -671 762 -110 -590 -480 996 -608 516 586 -908 400 
-347
-424
-135 -768 375 -889 952 -354 -316 237 173 643 100 -884 916 -21 -924 -832 -951 -595 -338 74 -839 -177 775 -703 -711 -56 -790 345 198 -621 -48 -818 996 880 458 -751 -133 448 -809 -720 -312 -415 -309 407 -546 212 289 272 -757 391 -603 -396 898 115 -281 -880 655 -129 -447 -12 -451 -35 458 659 -198 777 -497 200 -719 632 -815 69 -838 -395 392 -671 762 -110 -590 -480 996 -608 516 586 -908 400 
0
86
86
0
824 -135 -768 375 -889 952 -354 -316 237 173 643 100 -884 916 -21 -924 -832 -951 -595 -338 74 -839 -177 775 -703 -711 -56 -790 345 198 -621 -48 -818 996 880 458 -751 -133 448 -809 -720 -312 -415 -309 407 -546 212 289 272 -757 391 -603 -396 898 115 -281 -880 655 -129 -447 -12 -451 -35 458 659 -198 777 -497 200 -719 632 -815 69 -838 -395 392 -671 762 -110 -590 -480 996 -608 516 586 -908 400 
824
-135
-213 -768 375 -889 952 -354 -316 237 173 643 100 -884 916 -21 -924 -832 -951 -595 -338 74 -839 -177 775 -703 -711 -56 -790 345 198 -621 -48 -818 996 880 458 -751 -133 448 -809 -720 -312 -415 -309 407 -546 212 289 272 -757 391 -603 -396 898 115 -281 -880 655 -129 -447 -12 -451 -35 458 659 -198 777 -497 200 -719 632 -815 69 -838 -395 392 -671 762 -110 -590 -480 996 -608 516 586 -908 400 
0
-294 -213 -768 375 -889 952 -354 -316 237 173 643 100 -884 916 -21 -924 -832 -951 -595 -338 74 -839 -177 775 -703 -711 -56 -790 345 198 -621 -48 -818 996 880 458 -751 -133 448 -809 -720 -312 -415 -309 407 -546 212 289 272 -757 391 -603 -396 898 115 -281 -880 655 -129 -447 -12 -451 -35 458 659 -198 777 -497 200 -719 632 -815 69 -838 -395 392 -671 762 -110 -590 -480 996 -608 516 586 -908 400 
-294
0
-914 -213 -768 375 -889 952 -354 -316 237 173 643 100 -884 916 -21 -924 -832 -951 -595 -338 74 -839 -177 775 -703 -711 -56 -790 345 198 -621 -48 -818 996 880 458 -751 -133 448 -809 -720 -312 -415 -309 407 -546 212 289 272 -757 391 -603 -396 898 115 -281 -880 655 -129 -447 -12 -451 -35 458 659 -198 777 -497 200 -719 632 -815 69 -838 -395 392 -671 762 -110 -590 -480 996 -608 516 586 -908 400 
-261 -914 -213 -768 375 -889 952 -354 -316 237 173 643 100 -884 916 -21 -924 -832 -951 -595 -338 74 -839 -177 775 -703 -711 -56 -790 345 198 -621 -48 -818 996 880 458 -751 -133 448 -809 -720 -312 -415 -309 407 -546 212 289 272 -757 391 -603 -396 898 115 -281 -880 655 -129 -447 -12 -451 -35 458 659 -198 777 -497 200 -719 632 -815 69 -838 -395 392 -671 762 -110 -590 -480 996 -608 516 586 -908 400 
88
88
88
-195 -261 -914 -213 -768 375 -889 952 -354 -316 237 173 643 100 -884 916 -21 -924 -832 -951 -595 -338 74 -839 -177 775 -703 -711 -56 -790 345 198 -621 -48 -818 996 880 458 -751 -133 448 -809 -720 -312 -415 -309 407 -546 212 289 272 -757 391 -603 -396 898 115 -281 -880 655 -129 -447 -12 -451 -35 458 659 -198 777 -497 200 -719 632 -815 69 -838 -395 392 -671 762 -110 -590 -480 996 -608 516 586 -908 400 
916 -195 -261 -914 -213 -768 375 -889 952 -354 -316 237 173 643 100 -884 916 -21 -924 -832 -951 -595 -338 74 -839 -177 775 -703 -711 -56 -790 345 198 -621 -48 -818 996 880 458 -751 -133 448 -809 -720 -312 -415 -309 407 -546 212 289 272 -757 391 -603 -396 898 115 -281 -880 655 -129 -447 -12 -451 -35 458 659 -198 777 -497 200 -719 632 -815 69 -838 -395 392 -671 762 -110 -590 -480 996 -608 516 586 -908 400 
0
90
90
916
-156 -195 -261 -914 -213 -768 375 -889 952 -354 -316 237 173 643 100 -884 916 -21 -924 -832 -951 -595 -338 74 -839 -177 775 -703 -711 -56 -790 345 198 -621 -48 -818 996 880 458 -751 -133 448 -809 -720 -312 -415 -309 407 -546 212 289 272 -757 391 -603 -396 898 115 -281 -880 655 -129 -447 -12 -451 -35 458 659 -198 777 -497 200 -719 632 -815 69 -838 -395 392 -671 762 -110 -590 -480 996 -608 516 586 -908 400 
0
0
862 -156 -195 -261 -914 -213 -768 375 -889 952 -354 -316 237 173 643 100 -884 916 -21 -924 -832 -951 -595 -338 74 -839 -177 775 -703 -711 -56 -790 345 198 -621 -48 -818 996 880 458 -751 -133 448 -809 -720 -312 -415 -309 407 -546 212 289 272 -757 391 -603 -396 898 115 -281 -880 655 -129 -447 -12 -451 -35 458 659 -198 777 -497 200 -719 632 -815 69 -838 -395 392 -671 762 -110 -590 -480 996 -608 516 586 -908 400 
0
862
-198 -156 -195 -261 -914 -213 -768 375 -889 952 -354 -316 237 173 643 100 -884 916 -21 -924 -832 -951 -595 -338 74 -839 -177 775 -703 -711 -56 -790 345 198 -621 -48 -818 996 880 458 -751 -133 448 -809 -720 -312 -415 -309 407 -546 212 289 272 -757 391 -603 -396 898 115 -281 -880 655 -129 -447 -12 -451 -35 458 659 -198 777 -497 200 -719 632 -815 69 -838 -395 392 -671 762 -110 -590 -480 996 -608 516 586 -908 400 
91
-106 -198 -156 -195 -261 -914 -213 -768 375 -889 952 -354 -316 237 173 643 100 -884 916 -21 -924 -832 -951 -595 -338 74 -839 -177 775 -703 -711 -56 -790 345 198 -621 -48 -818 996 880 458 -751 -133 448 -809 -720 -312 -415 -309 407 -546 212 289 272 -757 391 -603 -396 898 115 -281 -880 655 -129 -447 -12 -451 -35 458 659 -198 777 -497 200 -719 632 -815 69 -838 -395 392 -671 762 -110 -590 -480 996 -608 516 586 -908 400 
374 -106 -198 -156 -195 -261 -914 -213 -768 375 -889 952 -354 -316 237 173 643 100 -884 916 -21 -924 -832 -951 -595 -338 74 -839 -177 775 -703 -711 -56 -790 345 198 -621 -48 -818 996 880 458 -751 -133 448 -809 -720 -312 -415 -309 407 -546 212 289 272 -757 391 -603 -396 898 115 -281 -880 655 -129 -447 -12 -451 -35 458 659 -198 777 -497 200 -719 632 -815 69 -838 -395 392 -671 762 -110 -590 -480 996 -608 516 586 -908 400 
67 374 -106 -198 -156 -195 -261 -914 -213 -768 375 -889 952 -354 -316 237 173 643 100 -884 916 -21 -924 -832 -951 -595 -338 74 -839 -177 775 -703 -711 -56 -790 345 198 -621 -48 -818 996 880 458 -751 -133 448 -809 -720 -312 -415 -309 407 -546 212 289 272 -757 391 -603 -396 898 115 -281 -880 655 -129 -447 -12 -451 -35 458 659 -198 777 -497 200 -719 632 -815 69 -838 -395 392 -671 762 -110 -590 -480 996 -608 516 586 -908 400 
0
713 67 374 -106 -198 -156 -195 -261 -914 -213 -768 375 -889 952 -354 -316 237 173 643 100 -884 916 -21 -924 -832 -951 -595 -338 74 -839 -177 775 -703 -711 -56 -790 345 198 -621 -48 -818 996 880 458 -751 -133 448 -809 -720 -312 -415 -309 407 -546 212 289 272 -757 391 -603 -396 898 115 -281 -880 655 -129 -447 -12 -451 -35 458 659 -198 777 -497 200 -719 632 -815 69 -838 -395 392 -671 762 -110 -590 -480 996 -608 516 586 -908 400 
693 713 67 374 -106 -198 -156 -195 -261 -914 -213 -768 375 -889 952 -354 -316 237 173 643 100 -884 916 -21 -924 -832 -951 -595 -338 74 -839 -177 775 -703 -711 -56 -790 345 198 -621 -48 -818 996 880 458 -751 -133 448 -809 -720 -312 -415 -309 407 -546 212 289 272 -757 391 -603 -396 898 115 -281 -880 655 -129 -447 -12 -451 -35 458 659 -198 777 -497 200 -719 632 -815 69 -838 -395 392 -671 762 -110 -590 -480 996 -608 516 586 -908 400 
693
0
-48 713 67 374 -106 -198 -156 -195 -261 -914 -213 -768 375 -889 952 -354 -316 237 173 643 100 -884 916 -21 -924 -832 -951 -595 -338 74 -839 -177 775 -703 -711 -56 -790 345 198 -621 -48 -818 996 880 458 -751 -133 448 -809 -720 -312 -415 -309 407 -546 212 289 272 -757 391 -603 -396 898 115 -281 -880 655 -129 -447 -12 -451 -35 458 659 -198 777 -497 200 -719 632 -815 69 -838 -395 392 -671 762 -110 -590 -480 996 -608 516 586 -908 400 
-48
95
0
713
67
93
0
0
93
374
-106
91
-198
90
90
-167 -156 -195 -261 -914 -213 -768 375 -889 952 -354 -316 237 173 643 100 -884 916 -21 -924 -832 -951 -595 -338 74 -839 -177 775 -703 -711 -56 -790 345 198 -621 -48 -818 996 880 458 -751 -133 448 -809 -720 -312 -415 -309 407 -546 212 289 272 -757 391 -603 -396 898 115 -281 -880 655 -129 -447 -12 -451 -35 458 659 -198 777 -497 200 -719 632 -815 69 -838 -395 392 -671 762 -110 -590 -480 996 -608 516 586 -908 400 
291 -167 -156 -195 -261 -914 -213 -768 375 -889 952 -354 -316 237 173 643 100 -884 916 -21 -924 -832 -951 -595 -338 74 -839 -177 775 -703 -711 -56 -790 345 198 -621 -48 -818 996 880 458 -751 -133 448 -809 -720 -312 -415 -309 407 -546 212 289 272 -757 391 -603 -396 898 115 -281 -880 655 -129 -447 -12 -451 -35 458 659 -198 777 -497 200 -719 632 -815 69 -838 -395 392 -671 762 -110 -590 -480 996 -608 516 586 -908 400 
-781 291 -167 -156 -195 -261 -914 -213 -768 375 -889 952 -354 -316 237 173 643 100 -884 916 -21 -924 -832 -951 -595 -338 74 -839 -177 775 -703 -711 -56 -790 345 198 -621 -48 -818 996 880 458 -751 -133 448 -809 -720 -312 -415 -309 407 -546 212 289 272 -757 391 -603 -396 898 115 -281 -880 655 -129 -447 -12 -451 -35 458 659 -198 777 -497 200 -719 632 -815 69 -838 -395 392 -671 762 -110 -590 -480 996 -608 516 586 -908 400 
-551 -781 291 -167 -156 -195 -261 -914 -213 -768 375 -889 952 -354 -316 237 173 643 100 -884 916 -21 -924 -832 -951 -595 -338 74 -839 -177 775 -703 -711 -56 -790 345 198 -621 -48 -818 996 880 458 -751 -133 448 -809 -720 -312 -415 -309 407 -546 212 289 272 -757 391 -603 -396 898 115 -281 -880 655 -129 -447 -12 -451 -35 458 659 -198 777 -497 200 -719 632 -815 69 -838 -395 392 -671 762 -110 -590 -480 996 -608 516 586 -908 400 
-551
0
-763 -781 291 -167 -156 -195 -261 -914 -213 -768 375 -889 952 -354 -316 237 173 643 100 -884 916 -21 -924 -832 -951 -595 -338 74 -839 -177 775 -703 -711 -56 -790 345 198 -621 -48 -818 996 880 458 -751 -133 448 -809 -720 -312 -415 -309 407 -546 212 289 272 -757 391 -603 -396 898 115 -281 -880 655 -129 -447 -12 -451 -35 458 659 -198 777 -497 200 -719 632 -815 69 -838 -395 392 -671 762 -110 -590 -480 996 -608 516 586 -908 400 
291 -763 -781 291 -167 -156 -195 -261 -914 -213 -768 375 -889 952 -354 -316 237 173 643 100 -884 916 -21 -924 -832 -951 -595 -338 74 -839 -177 775 -703 -711 -56 -790 345 198 -621 -48 -818 996 880 458 -751 -133 448 -809 -720 -312 -415 -309 407 -546 212 289 272 -757 391 -603 -396 898 115 -281 -880 655 -129 -447 -12 -451 -35 458 659 -198 777 -497 200 -719 632 -815 69 -838 -395 392 -671 762 -110 -590 -480 996 -608 516 586 -908 400 
-163 291 -763 -781 291 -167 -156 -195 -261 -914 -213 -768 375 -889 952 -354 -316 237 173 643 100 -884 916 -21 -924 -832 -951 -595 -338 74 -839 -177 775 -703 -711 -56 -790 345 198 -621 -48 -818 996 880 458 -751 -133 448 -809 -720 -312 -415 -309 407 -546 212 289 272 -757 391 -603 -396 898 115 -281 -880 655 -129 -447 -12 -451 -35 458 659 -198 777 -497 200 -719 632 -815 69 -838 -395 392 -671 762 -110 -590 -480 996 -608 516 586 -908 400 
0
94 -163 291 -763 -781 291 -167 -156 -195 -261 -914 -213 -768 375 -889 952 -354 -316 237 173 643 100 -884 916 -21 -924 -832 -951 -595 -338 74 -839 -177 775 -703 -711 -56 -790 345 198 -621 -48 -818 996 880 458 -751 -133 448 -809 -720 -312 -415 -309 407 -546 212 289 272 -757 391 -603 -396 898 115 -281 -880 655 -129 -447 -12 -451 -35 458 659 -198 777 -497 200 -719 632 -815 69 -838 -395 392 -671 762 -110 -590 -480 996 -608 516 586 -908 400 
94
-176 -163 291 -763 -781 291 -167 -156 -195 -261 -914 -213 -768 375 -889 952 -354 -316 237 173 643 100 -884 916 -21 -924 -832 -951 -595 -338 74 -839 -177 775 -703 -711 -56 -790 345 198 -621 -48 -818 996 880 458 -751 -133 448 -809 -720 -312 -415 -309 407 -546 212 289 272 -757 391 -603 -396 898 115 -281 -880 655 -129 -447 -12 -451 -35 458 659 -198 777 -497 200 -719 632 -815 69 -838 -395 392 -671 762 -110 -590 -480 996 -608 516 586 -908 400 
558 -176 -163 291 -763 -781 291 -167 -156 -195 -261 -914 -213 -768 375 -889 952 -354 -316 237 173 643 100 -884 916 -21 -924 -832 -951 -595 -338 74 -839 -177 775 -703 -711 -56 -790 345 198 -621 -48 -818 996 880 458 -751 -133 448 -809 -720 -312 -415 -309 407 -546 212 289 272 -757 391 -603 -396 898 115 -281 -880 655 -129 -447 -12 -451 -35 458 659 -198 777 -497 200 -719 632 -815 69 -838 -395 392 -671 762 -110 -590 -480 996 -608 516 586 -908 400 
0
98
-407 558 -176 -163 291 -763 -781 291 -167 -156 -195 -261 -914 -213 -768 375 -889 952 -354 -316 237 173 643 100 -884 916 -21 -924 -832 -951 -595 -338 74 -839 -177 775 -703 -711 -56 -790 345 198 -621 -48 -818 996 880 458 -751 -133 448 -809 -720 -312 -415 -309 407 -546 212 289 272 -757 391 -603 -396 898 115 -281 -880 655 -129 -447 -12 -451 -35 458 659 -198 777 -497 200 -719 632 -815 69 -838 -395 392 -671 762 -110 -590 -480 996 -608 516 586 -908 400 
99
-306 -407 558 -176 -163 291 -763 -781 291 -167 -156 -195 -261 -914 -213 -768 375 -889 952 -354 -316 237 173 643 100 -884 916 -21 -924 -832 -951 -595 -338 74 -839 -177 775 -703 -711 -56 -790 345 198 -621 -48 -818 996 880 458 -751 -133 448 -809 -720 -312 -415 -309 407 -546 212 289 272 -757 391 -603 -396 898 115 -281 -880 655 -129 -447 -12 -451 -35 458 659 -198 777 -497 200 -719 632 -815 69 -838 -395 392 -671 762 -110 -590 -480 996 -608 516 586 -908 400 
0
-306
-763 -407 558 -176 -163 291 -763 -781 291 -167 -156 -195 -261 -914 -213 -768 375 -889 952 -354 -316 237 173 643 100 -884 916 -21 -924 -832 -951 -595 -338 74 -839 -177 775 -703 -711 -56 -790 345 198 -621 -48 -818 996 880 458 -751 -133 448 -809 -720 -312 -415 -309 407 -546 212 289 272 -757 391 -603 -396 898 115 -281 -880 655 -129 -447 -12 -451 -35 458 659 -198 777 -497 200 -719 632 -815 69 -838 -395 392 -671 762 -110 -590 -480 996 -608 516 586 -908 400 
100
905 -763 -407 558 -176 -163 291 -763 -781 291 -167 -156 -195 -261 -914 -213 -768 375 -889 952 -354 -316 237 173 643 100 -884 916 -21 -924 -832 -951 -595 -338 74 -839 -177 775 -703 -711 -56 -790 345 198 -621 -48 -818 996 880 458 -751 -133 448 -809 -720 -312 -415 -309 407 -546 212 289 272 -757 391 -603 -396 898 115 -281 -880 655 -129 -447 -12 -451 -35 458 659 -198 777 -497 200 -719 632 -815 69 -838 -395 392 -671 762 -110 -590 -480 996 -608 516 586 -908 400 
-505 905 -763 -407 558 -176 -163 291 -763 -781 291 -167 -156 -195 -261 -914 -213 -768 375 -889 952 -354 -316 237 173 643 100 -884 916 -21 -924 -832 -951 -595 -338 74 -839 -177 775 -703 -711 -56 -790 345 198 -621 -48 -818 996 880 458 -751 -133 448 -809 -720 -312 -415 -309 407 -546 212 289 272 -757 391 -603 -396 898 115 -281 -880 655 -129 -447 -12 -451 -35 458 659 -198 777 -497 200 -719 632 -815 69 -838 -395 392 -671 762 -110 -590 -480 996 -608 516 586 -908 400 
-505
905
-763
-407
0
624 558 -176 -163 291 -763 -781 291 -167 -156 -195 -261 -914 -213 -768 375 -889 952 -354 -316 237 173 643 100 -884 916 -21 -924 -832 -951 -595 -338 74 -839 -177 775 -703 -711 -56 -790 345 198 -621 -48 -818 996 880 458 -751 -133 448 -809 -720 -312 -415 -309 407 -546 212 289 272 -757 391 -603 -396 898 115 -281 -880 655 -129 -447 -12 -451 -35 458 659 -198 777 -497 200 -719 632 -815 69 -838 -395 392 -671 762 -110 -590 -480 996 -608 516 586 -908 400 
99
-111 624 558 -176 -163 291 -763 -781 291 -167 -156 -195 -261 -914 -213 -768 375 -889 952 -354 -316 237 173 643 100 -884 916 -21 -924 -832 -951 -595 -338 74 -839 -177 775 -703 -711 -56 -790 345 198 -621 -48 -818 996 880 458 -751 -133 448 -809 -720 -312 -415 -309 407 -546 212 289 272 -757 391 -603 -396 898 115 -281 -880 655 -129 -447 -12 -451 -35 458 659 -198 777 -497 200 -719 632 -815 69 -838 -395 392 -671 762 -110 -590 -480 996 -608 516 586 -908 400 
100
-210 -111 624 558 -176 -163 291 -763 -781 291 -167 -156 -195 -261 -914 -213 -768 375 -889 952 -354 -316 237 173 643 100 -884 916 -21 -924 -832 -951 -595 -338 74 -839 -177 775 -703 -711 -56 -790 345 198 -621 -48 -818 996 880 458 -751 -133 448 -809 -720 -312 -415 -309 407 -546 212 289 272 -757 391 -603 -396 898 115 -281 -880 655 -129 -447 -12 -451 -35 458 659 -198 777 -497 200 -719 632 -815 69 -838 -395 392 -671 762 -110 -590 -480 996 -608 516 586 -908 400 
101
-210
100
100
0
100
-183 -111 624 558 -176 -163 291 -763 -781 291 -167 -156 -195 -261 -914 -213 -768 375 -889 952 -354 -316 237 173 643 100 -884 916 -21 -924 -832 -951 -595 -338 74 -839 -177 775 -703 -711 -56 -790 345 198 -621 -48 -818 996 880 458 -751 -133 448 -809 -720 -312 -415 -309 407 -546 212 289 272 -757 391 -603 -396 898 115 -281 -880 655 -129 -447 -12 -451 -35 458 659 -198 777 -497 200 -719 632 -815 69 -838 -395 392 -671 762 -110 -590 -480 996 -608 516 586 -908 400 
-274 -183 -111 624 558 -176 -163 291 -763 -781 291 -167 -156 -195 -261 -914 -213 -768 375 -889 952 -354 -316 237 173 643 100 -884 916 -21 -924 -832 -951 -595 -338 74 -839 -177 775 -703 -711 -56 -790 345 198 -621 -48 -818 996 880 458 -751 -133 448 -809 -720 -312 -415 -309 407 -546 212 289 272 -757 391 -603 -396 898 115 -281 -880 655 -129 -447 -12 -451 -35 458 659 -198 777 -497 200 -719 632 -815 69 -838 -395 392 -671 762 -110 -590 -480 996 -608 516 586 -908 400 
0
102
102
-274
