-100 -91 -89 -85 -76 -70 -52 -45 -29 -29 -27 -20 -20 -17 -7 0 8 16 18 20 22 26 27 27 28 34 43 45 51 52 52 60 61 64 73 76 78 90 90 91 96 99 100 
-100 -91 -89 -85 -76 -70 -52 -45 -29 -29 -27 -20 -20 -17 -7 0 8 16 18 20 22 26 27 27 28 34 43 45 51 52 52 60 61 64 73 76 78 90 90 91 96 99 100 
-100 -91 -89 -85 -76 -70 -52 -45 -29 -29 -27 -20 -20 -17 -7 0 8 16 18 20 22 26 27 27 28 34 43 45 51 52 52 60 61 64 73 76 78 90 90 91 96 99 100 
-100 -91 -89 -85 -76 -70 -52 -45 -29 -29 -27 -20 -20 -17 -7 0 8 16 18 20 22 26 27 27 28 34 43 45 51 52 52 60 61 64 73 76 78 90 90 91 96 99 100 
-100 -91 -89 -85 -76 -70 -52 -45 -29 -29 -27 -20 -20 -17 -7 0 8 16 18 20 22 26 27 27 28 34 43 45 51 52 52 60 61 64 73 76 78 90 90 91 96 99 100 
-100 -91 -89 -85 -76 -70 -52 -45 -29 -29 -27 -20 -20 -17 -7 0 8 16 18 20 22 26 27 27 28 34 43 45 51 52 52 60 61 64 73 76 78 90 90 91 96 99 100 
-100 -91 -89 -85 -76 -70 -52 -45 -29 -29 -27 -20 -20 -17 -7 0 8 16 18 20 22 26 27 27 28 34 43 45 51 52 52 60 61 64 73 76 78 90 90 91 96 99 100 
-100 -91 -89 -85 -76 -70 -52 -45 -29 -29 -27 -20 -20 -17 -7 0 8 16 18 20 22 26 27 27 28 34 43 45 51 52 52 60 61 64 73 76 78 90 90 91 96 99 100 
-100 -91 -89 -85 -76 -70 -52 -45 -29 -29 -27 -20 -20 -17 -7 0 8 16 18 20 22 26 27 27 28 34 43 45 51 52 52 60 61 64 73 76 78 90 90 91 96 99 100 
-100 -91 -89 -85 -76 -70 -52 -45 -29 -29 -27 -20 -20 -17 -7 0 8 16 18 20 22 26 27 27 28 34 43 45 51 52 52 60 61 64 73 76 78 90 90 91 96 99 100 
-100 -91 -89 -85 -76 -70 -52 -45 -29 -29 -27 -20 -20 -17 -7 0 8 16 18 20 22 26 27 27 28 34 43 45 51 52 52 60 61 64 73 76 78 90 90 91 96 99 100 
-100 -91 -89 -85 -76 -70 -52 -45 -29 -29 -27 -20 -20 -17 -7 0 8 16 18 20 22 26 27 27 28 34 43 45 51 52 52 60 61 64 73 76 78 90 90 91 96 99 100 
-100 -91 -89 -85 -76 -70 -52 -45 -29 -29 -27 -20 -20 -17 -7 0 8 16 18 20 22 26 27 27 28 34 43 45 51 52 52 60 61 64 73 76 78 90 90 91 96 99 100 
-100 -91 -89 -85 -76 -70 -52 -45 -29 -29 -27 -20 -20 -17 -7 0 8 16 18 20 22 26 27 27 28 34 43 45 51 52 52 60 61 64 73 76 78 90 90 91 96 99 100 
-100 -91 -89 -85 -76 -70 -52 -45 -29 -29 -27 -20 -20 -17 -7 0 8 16 18 20 22 26 27 27 28 34 43 45 51 52 52 60 61 64 73 76 78 90 90 91 96 99 100 

-94 -57 -5 4 26 36 39 39 47 51 80 85 99 
-94 -57 -5 4 26 36 39 39 47 51 80 85 99 
-94 -57 -5 4 26 36 39 39 47 51 80 85 99 
-94 -57 -5 4 26 36 39 39 47 51 80 85 99 
-94 -57 -5 4 26 36 39 39 47 51 80 85 99 
-94 -57 -5 4 26 36 39 39 47 51 80 85 99 
-94 -57 -5 4 26 36 39 39 47 51 80 85 99 
-94 -57 -5 4 26 36 39 39 47 51 80 85 99 
-94 -57 -5 4 26 36 39 39 47 51 80 85 99 
-94 -57 -5 4 26 36 39 39 47 51 80 85 99 
-94 -57 -5 4 26 36 39 39 47 51 80 85 99 
-94 -57 -5 4 26 36 39 39 47 51 80 85 99 
-94 -57 -5 4 26 36 39 39 47 51 80 85 99 
-94 -57 -5 4 26 36 39 39 47 51 80 85 99 
-94 -57 -5 4 26 36 39 39 47 51 80 85 99 

-94 -83 31 68 81 
-94 -83 31 68 81 
-94 -83 31 68 81 
-94 -83 31 68 81 
-94 -83 31 68 81 
-94 -83 31 68 81 
-94 -83 31 68 81 
-94 -83 31 68 81 
-94 -83 31 68 81 
-94 -83 31 68 81 
-94 -83 31 68 81 
-94 -83 31 68 81 
-94 -83 31 68 81 
-94 -83 31 68 81 
-94 -83 31 68 81 

-94 -89 -86 -85 -74 -73 -72 -65 -62 -61 -59 -57 -56 -53 -44 -43 -36 -30 -29 -29 -21 -18 -15 -4 -3 -3 9 16 18 19 20 24 29 30 34 40 50 52 54 56 69 71 74 78 80 84 95 
-94 -89 -86 -85 -74 -73 -72 -65 -62 -61 -59 -57 -56 -53 -44 -43 -36 -30 -29 -29 -21 -18 -15 -4 -3 -3 9 16 18 19 20 24 29 30 34 40 50 52 54 56 69 71 74 78 80 84 95 
-94 -89 -86 -85 -74 -73 -72 -65 -62 -61 -59 -57 -56 -53 -44 -43 -36 -30 -29 -29 -21 -18 -15 -4 -3 -3 9 16 18 19 20 24 29 30 34 40 50 52 54 56 69 71 74 78 80 84 95 
-94 -89 -86 -85 -74 -73 -72 -65 -62 -61 -59 -57 -56 -53 -44 -43 -36 -30 -29 -29 -21 -18 -15 -4 -3 -3 9 16 18 19 20 24 29 30 34 40 50 52 54 56 69 71 74 78 80 84 95 
-94 -89 -86 -85 -74 -73 -72 -65 -62 -61 -59 -57 -56 -53 -44 -43 -36 -30 -29 -29 -21 -18 -15 -4 -3 -3 9 16 18 19 20 24 29 30 34 40 50 52 54 56 69 71 74 78 80 84 95 
-94 -89 -86 -85 -74 -73 -72 -65 -62 -61 -59 -57 -56 -53 -44 -43 -36 -30 -29 -29 -21 -18 -15 -4 -3 -3 9 16 18 19 20 24 29 30 34 40 50 52 54 56 69 71 74 78 80 84 95 
-94 -89 -86 -85 -74 -73 -72 -65 -62 -61 -59 -57 -56 -53 -44 -43 -36 -30 -29 -29 -21 -18 -15 -4 -3 -3 9 16 18 19 20 24 29 30 34 40 50 52 54 56 69 71 74 78 80 84 95 
-94 -89 -86 -85 -74 -73 -72 -65 -62 -61 -59 -57 -56 -53 -44 -43 -36 -30 -29 -29 -21 -18 -15 -4 -3 -3 9 16 18 19 20 24 29 30 34 40 50 52 54 56 69 71 74 78 80 84 95 
-94 -89 -86 -85 -74 -73 -72 -65 -62 -61 -59 -57 -56 -53 -44 -43 -36 -30 -29 -29 -21 -18 -15 -4 -3 -3 9 16 18 19 20 24 29 30 34 40 50 52 54 56 69 71 74 78 80 84 95 
-94 -89 -86 -85 -74 -73 -72 -65 -62 -61 -59 -57 -56 -53 -44 -43 -36 -30 -29 -29 -21 -18 -15 -4 -3 -3 9 16 18 19 20 24 29 30 34 40 50 52 54 56 69 71 74 78 80 84 95 
-94 -89 -86 -85 -74 -73 -72 -65 -62 -61 -59 -57 -56 -53 -44 -43 -36 -30 -29 -29 -21 -18 -15 -4 -3 -3 9 16 18 19 20 24 29 30 34 40 50 52 54 56 69 71 74 78 80 84 95 
-94 -89 -86 -85 -74 -73 -72 -65 -62 -61 -59 -57 -56 -53 -44 -43 -36 -30 -29 -29 -21 -18 -15 -4 -3 -3 9 16 18 19 20 24 29 30 34 40 50 52 54 56 69 71 74 78 80 84 95 
-94 -89 -86 -85 -74 -73 -72 -65 -62 -61 -59 -57 -56 -53 -44 -43 -36 -30 -29 -29 -21 -18 -15 -4 -3 -3 9 16 18 19 20 24 29 30 34 40 50 52 54 56 69 71 74 78 80 84 95 
-94 -89 -86 -85 -74 -73 -72 -65 -62 -61 -59 -57 -56 -53 -44 -43 -36 -30 -29 -29 -21 -18 -15 -4 -3 -3 9 16 18 19 20 24 29 30 34 40 50 52 54 56 69 71 74 78 80 84 95 
-94 -89 -86 -85 -74 -73 -72 -65 -62 -61 -59 -57 -56 -53 -44 -43 -36 -30 -29 -29 -21 -18 -15 -4 -3 -3 9 16 18 19 20 24 29 30 34 40 50 52 54 56 69 71 74 78 80 84 95 

-95 -94 -88 -74 -73 -66 -60 -57 -56 -53 -46 -46 -45 -44 -44 -42 -35 -34 -30 -28 -27 -16 -15 -14 -11 -4 12 15 15 18 21 22 27 30 33 35 40 41 47 49 50 52 54 55 59 80 84 89 98 
-95 -94 -88 -74 -73 -66 -60 -57 -56 -53 -46 -46 -45 -44 -44 -42 -35 -34 -30 -28 -27 -16 -15 -14 -11 -4 12 15 15 18 21 22 27 30 33 35 40 41 47 49 50 52 54 55 59 80 84 89 98 
-95 -94 -88 -74 -73 -66 -60 -57 -56 -53 -46 -46 -45 -44 -44 -42 -35 -34 -30 -28 -27 -16 -15 -14 -11 -4 12 15 15 18 21 22 27 30 33 35 40 41 47 49 50 52 54 55 59 80 84 89 98 
-95 -94 -88 -74 -73 -66 -60 -57 -56 -53 -46 -46 -45 -44 -44 -42 -35 -34 -30 -28 -27 -16 -15 -14 -11 -4 12 15 15 18 21 22 27 30 33 35 40 41 47 49 50 52 54 55 59 80 84 89 98 
-95 -94 -88 -74 -73 -66 -60 -57 -56 -53 -46 -46 -45 -44 -44 -42 -35 -34 -30 -28 -27 -16 -15 -14 -11 -4 12 15 15 18 21 22 27 30 33 35 40 41 47 49 50 52 54 55 59 80 84 89 98 
-95 -94 -88 -74 -73 -66 -60 -57 -56 -53 -46 -46 -45 -44 -44 -42 -35 -34 -30 -28 -27 -16 -15 -14 -11 -4 12 15 15 18 21 22 27 30 33 35 40 41 47 49 50 52 54 55 59 80 84 89 98 
-95 -94 -88 -74 -73 -66 -60 -57 -56 -53 -46 -46 -45 -44 -44 -42 -35 -34 -30 -28 -27 -16 -15 -14 -11 -4 12 15 15 18 21 22 27 30 33 35 40 41 47 49 50 52 54 55 59 80 84 89 98 
-95 -94 -88 -74 -73 -66 -60 -57 -56 -53 -46 -46 -45 -44 -44 -42 -35 -34 -30 -28 -27 -16 -15 -14 -11 -4 12 15 15 18 21 22 27 30 33 35 40 41 47 49 50 52 54 55 59 80 84 89 98 
-95 -94 -88 -74 -73 -66 -60 -57 -56 -53 -46 -46 -45 -44 -44 -42 -35 -34 -30 -28 -27 -16 -15 -14 -11 -4 12 15 15 18 21 22 27 30 33 35 40 41 47 49 50 52 54 55 59 80 84 89 98 
-95 -94 -88 -74 -73 -66 -60 -57 -56 -53 -46 -46 -45 -44 -44 -42 -35 -34 -30 -28 -27 -16 -15 -14 -11 -4 12 15 15 18 21 22 27 30 33 35 40 41 47 49 50 52 54 55 59 80 84 89 98 
-95 -94 -88 -74 -73 -66 -60 -57 -56 -53 -46 -46 -45 -44 -44 -42 -35 -34 -30 -28 -27 -16 -15 -14 -11 -4 12 15 15 18 21 22 27 30 33 35 40 41 47 49 50 52 54 55 59 80 84 89 98 
-95 -94 -88 -74 -73 -66 -60 -57 -56 -53 -46 -46 -45 -44 -44 -42 -35 -34 -30 -28 -27 -16 -15 -14 -11 -4 12 15 15 18 21 22 27 30 33 35 40 41 47 49 50 52 54 55 59 80 84 89 98 
-95 -94 -88 -74 -73 -66 -60 -57 -56 -53 -46 -46 -45 -44 -44 -42 -35 -34 -30 -28 -27 -16 -15 -14 -11 -4 12 15 15 18 21 22 27 30 33 35 40 41 47 49 50 52 54 55 59 80 84 89 98 
-95 -94 -88 -74 -73 -66 -60 -57 -56 -53 -46 -46 -45 -44 -44 -42 -35 -34 -30 -28 -27 -16 -15 -14 -11 -4 12 15 15 18 21 22 27 30 33 35 40 41 47 49 50 52 54 55 59 80 84 89 98 
-95 -94 -88 -74 -73 -66 -60 -57 -56 -53 -46 -46 -45 -44 -44 -42 -35 -34 -30 -28 -27 -16 -15 -14 -11 -4 12 15 15 18 21 22 27 30 33 35 40 41 47 49 50 52 54 55 59 80 84 89 98 

-81 -80 -69 -67 -67 -66 -60 -55 -54 -53 -52 -45 -45 -40 -31 -30 -30 -27 -19 -18 -17 -12 -11 -8 3 6 16 19 24 27 35 36 39 42 45 46 57 60 63 67 67 78 79 85 86 89 90 95 100 
-81 -80 -69 -67 -67 -66 -60 -55 -54 -53 -52 -45 -45 -40 -31 -30 -30 -27 -19 -18 -17 -12 -11 -8 3 6 16 19 24 27 35 36 39 42 45 46 57 60 63 67 67 78 79 85 86 89 90 95 100 
-81 -80 -69 -67 -67 -66 -60 -55 -54 -53 -52 -45 -45 -40 -31 -30 -30 -27 -19 -18 -17 -12 -11 -8 3 6 16 19 24 27 35 36 39 42 45 46 57 60 63 67 67 78 79 85 86 89 90 95 100 
-81 -80 -69 -67 -67 -66 -60 -55 -54 -53 -52 -45 -45 -40 -31 -30 -30 -27 -19 -18 -17 -12 -11 -8 3 6 16 19 24 27 35 36 39 42 45 46 57 60 63 67 67 78 79 85 86 89 90 95 100 
-81 -80 -69 -67 -67 -66 -60 -55 -54 -53 -52 -45 -45 -40 -31 -30 -30 -27 -19 -18 -17 -12 -11 -8 3 6 16 19 24 27 35 36 39 42 45 46 57 60 63 67 67 78 79 85 86 89 90 95 100 
-81 -80 -69 -67 -67 -66 -60 -55 -54 -53 -52 -45 -45 -40 -31 -30 -30 -27 -19 -18 -17 -12 -11 -8 3 6 16 19 24 27 35 36 39 42 45 46 57 60 63 67 67 78 79 85 86 89 90 95 100 
-81 -80 -69 -67 -67 -66 -60 -55 -54 -53 -52 -45 -45 -40 -31 -30 -30 -27 -19 -18 -17 -12 -11 -8 3 6 16 19 24 27 35 36 39 42 45 46 57 60 63 67 67 78 79 85 86 89 90 95 100 
-81 -80 -69 -67 -67 -66 -60 -55 -54 -53 -52 -45 -45 -40 -31 -30 -30 -27 -19 -18 -17 -12 -11 -8 3 6 16 19 24 27 35 36 39 42 45 46 57 60 63 67 67 78 79 85 86 89 90 95 100 
-81 -80 -69 -67 -67 -66 -60 -55 -54 -53 -52 -45 -45 -40 -31 -30 -30 -27 -19 -18 -17 -12 -11 -8 3 6 16 19 24 27 35 36 39 42 45 46 57 60 63 67 67 78 79 85 86 89 90 95 100 
-81 -80 -69 -67 -67 -66 -60 -55 -54 -53 -52 -45 -45 -40 -31 -30 -30 -27 -19 -18 -17 -12 -11 -8 3 6 16 19 24 27 35 36 39 42 45 46 57 60 63 67 67 78 79 85 86 89 90 95 100 
-81 -80 -69 -67 -67 -66 -60 -55 -54 -53 -52 -45 -45 -40 -31 -30 -30 -27 -19 -18 -17 -12 -11 -8 3 6 16 19 24 27 35 36 39 42 45 46 57 60 63 67 67 78 79 85 86 89 90 95 100 
-81 -80 -69 -67 -67 -66 -60 -55 -54 -53 -52 -45 -45 -40 -31 -30 -30 -27 -19 -18 -17 -12 -11 -8 3 6 16 19 24 27 35 36 39 42 45 46 57 60 63 67 67 78 79 85 86 89 90 95 100 
-81 -80 -69 -67 -67 -66 -60 -55 -54 -53 -52 -45 -45 -40 -31 -30 -30 -27 -19 -18 -17 -12 -11 -8 3 6 16 19 24 27 35 36 39 42 45 46 57 60 63 67 67 78 79 85 86 89 90 95 100 
-81 -80 -69 -67 -67 -66 -60 -55 -54 -53 -52 -45 -45 -40 -31 -30 -30 -27 -19 -18 -17 -12 -11 -8 3 6 16 19 24 27 35 36 39 42 45 46 57 60 63 67 67 78 79 85 86 89 90 95 100 
-81 -80 -69 -67 -67 -66 -60 -55 -54 -53 -52 -45 -45 -40 -31 -30 -30 -27 -19 -18 -17 -12 -11 -8 3 6 16 19 24 27 35 36 39 42 45 46 57 60 63 67 67 78 79 85 86 89 90 95 100 

-97 -86 -84 -54 -47 -42 -41 -41 7 12 26 31 40 72 73 83 97 100 100 
-97 -86 -84 -54 -47 -42 -41 -41 7 12 26 31 40 72 73 83 97 100 100 
-97 -86 -84 -54 -47 -42 -41 -41 7 12 26 31 40 72 73 83 97 100 100 
-97 -86 -84 -54 -47 -42 -41 -41 7 12 26 31 40 72 73 83 97 100 100 
-97 -86 -84 -54 -47 -42 -41 -41 7 12 26 31 40 72 73 83 97 100 100 
-97 -86 -84 -54 -47 -42 -41 -41 7 12 26 31 40 72 73 83 97 100 100 
-97 -86 -84 -54 -47 -42 -41 -41 7 12 26 31 40 72 73 83 97 100 100 
-97 -86 -84 -54 -47 -42 -41 -41 7 12 26 31 40 72 73 83 97 100 100 
-97 -86 -84 -54 -47 -42 -41 -41 7 12 26 31 40 72 73 83 97 100 100 
-97 -86 -84 -54 -47 -42 -41 -41 7 12 26 31 40 72 73 83 97 100 100 
-97 -86 -84 -54 -47 -42 -41 -41 7 12 26 31 40 72 73 83 97 100 100 
-97 -86 -84 -54 -47 -42 -41 -41 7 12 26 31 40 72 73 83 97 100 100 
-97 -86 -84 -54 -47 -42 -41 -41 7 12 26 31 40 72 73 83 97 100 100 
-97 -86 -84 -54 -47 -42 -41 -41 7 12 26 31 40 72 73 83 97 100 100 
-97 -86 -84 -54 -47 -42 -41 -41 7 12 26 31 40 72 73 83 97 100 100 

-96 -78 -74 -68 -61 -43 -27 -16 -4 -1 14 20 40 55 58 75 84 90 91 95 95 
-96 -78 -74 -68 -61 -43 -27 -16 -4 -1 14 20 40 55 58 75 84 90 91 95 95 
-96 -78 -74 -68 -61 -43 -27 -16 -4 -1 14 20 40 55 58 75 84 90 91 95 95 
-96 -78 -74 -68 -61 -43 -27 -16 -4 -1 14 20 40 55 58 75 84 90 91 95 95 
-96 -78 -74 -68 -61 -43 -27 -16 -4 -1 14 20 40 55 58 75 84 90 91 95 95 
-96 -78 -74 -68 -61 -43 -27 -16 -4 -1 14 20 40 55 58 75 84 90 91 95 95 
-96 -78 -74 -68 -61 -43 -27 -16 -4 -1 14 20 40 55 58 75 84 90 91 95 95 
-96 -78 -74 -68 -61 -43 -27 -16 -4 -1 14 20 40 55 58 75 84 90 91 95 95 
-96 -78 -74 -68 -61 -43 -27 -16 -4 -1 14 20 40 55 58 75 84 90 91 95 95 
-96 -78 -74 -68 -61 -43 -27 -16 -4 -1 14 20 40 55 58 75 84 90 91 95 95 
-96 -78 -74 -68 -61 -43 -27 -16 -4 -1 14 20 40 55 58 75 84 90 91 95 95 
-96 -78 -74 -68 -61 -43 -27 -16 -4 -1 14 20 40 55 58 75 84 90 91 95 95 
-96 -78 -74 -68 -61 -43 -27 -16 -4 -1 14 20 40 55 58 75 84 90 91 95 95 
-96 -78 -74 -68 -61 -43 -27 -16 -4 -1 14 20 40 55 58 75 84 90 91 95 95 
-96 -78 -74 -68 -61 -43 -27 -16 -4 -1 14 20 40 55 58 75 84 90 91 95 95 

-98 -97 -93 -90 -86 -83 -82 -80 -78 -70 -68 -66 -62 -58 -50 -48 -47 -38 -15 -14 -12 -11 -9 -8 -4 1 3 8 9 12 20 23 24 25 27 28 29 33 36 46 63 74 75 80 87 91 97 
-98 -97 -93 -90 -86 -83 -82 -80 -78 -70 -68 -66 -62 -58 -50 -48 -47 -38 -15 -14 -12 -11 -9 -8 -4 1 3 8 9 12 20 23 24 25 27 28 29 33 36 46 63 74 75 80 87 91 97 
-98 -97 -93 -90 -86 -83 -82 -80 -78 -70 -68 -66 -62 -58 -50 -48 -47 -38 -15 -14 -12 -11 -9 -8 -4 1 3 8 9 12 20 23 24 25 27 28 29 33 36 46 63 74 75 80 87 91 97 
-98 -97 -93 -90 -86 -83 -82 -80 -78 -70 -68 -66 -62 -58 -50 -48 -47 -38 -15 -14 -12 -11 -9 -8 -4 1 3 8 9 12 20 23 24 25 27 28 29 33 36 46 63 74 75 80 87 91 97 
-98 -97 -93 -90 -86 -83 -82 -80 -78 -70 -68 -66 -62 -58 -50 -48 -47 -38 -15 -14 -12 -11 -9 -8 -4 1 3 8 9 12 20 23 24 25 27 28 29 33 36 46 63 74 75 80 87 91 97 
-98 -97 -93 -90 -86 -83 -82 -80 -78 -70 -68 -66 -62 -58 -50 -48 -47 -38 -15 -14 -12 -11 -9 -8 -4 1 3 8 9 12 20 23 24 25 27 28 29 33 36 46 63 74 75 80 87 91 97 
-98 -97 -93 -90 -86 -83 -82 -80 -78 -70 -68 -66 -62 -58 -50 -48 -47 -38 -15 -14 -12 -11 -9 -8 -4 1 3 8 9 12 20 23 24 25 27 28 29 33 36 46 63 74 75 80 87 91 97 
-98 -97 -93 -90 -86 -83 -82 -80 -78 -70 -68 -66 -62 -58 -50 -48 -47 -38 -15 -14 -12 -11 -9 -8 -4 1 3 8 9 12 20 23 24 25 27 28 29 33 36 46 63 74 75 80 87 91 97 
-98 -97 -93 -90 -86 -83 -82 -80 -78 -70 -68 -66 -62 -58 -50 -48 -47 -38 -15 -14 -12 -11 -9 -8 -4 1 3 8 9 12 20 23 24 25 27 28 29 33 36 46 63 74 75 80 87 91 97 
-98 -97 -93 -90 -86 -83 -82 -80 -78 -70 -68 -66 -62 -58 -50 -48 -47 -38 -15 -14 -12 -11 -9 -8 -4 1 3 8 9 12 20 23 24 25 27 28 29 33 36 46 63 74 75 80 87 91 97 
-98 -97 -93 -90 -86 -83 -82 -80 -78 -70 -68 -66 -62 -58 -50 -48 -47 -38 -15 -14 -12 -11 -9 -8 -4 1 3 8 9 12 20 23 24 25 27 28 29 33 36 46 63 74 75 80 87 91 97 
-98 -97 -93 -90 -86 -83 -82 -80 -78 -70 -68 -66 -62 -58 -50 -48 -47 -38 -15 -14 -12 -11 -9 -8 -4 1 3 8 9 12 20 23 24 25 27 28 29 33 36 46 63 74 75 80 87 91 97 
-98 -97 -93 -90 -86 -83 -82 -80 -78 -70 -68 -66 -62 -58 -50 -48 -47 -38 -15 -14 -12 -11 -9 -8 -4 1 3 8 9 12 20 23 24 25 27 28 29 33 36 46 63 74 75 80 87 91 97 
-98 -97 -93 -90 -86 -83 -82 -80 -78 -70 -68 -66 -62 -58 -50 -48 -47 -38 -15 -14 -12 -11 -9 -8 -4 1 3 8 9 12 20 23 24 25 27 28 29 33 36 46 63 74 75 80 87 91 97 
-98 -97 -93 -90 -86 -83 -82 -80 -78 -70 -68 -66 -62 -58 -50 -48 -47 -38 -15 -14 -12 -11 -9 -8 -4 1 3 8 9 12 20 23 24 25 27 28 29 33 36 46 63 74 75 80 87 91 97 

-88 -73 -72 -72 -71 -55 -52 -49 -47 -39 -36 -9 -4 2 7 11 36 38 42 50 50 60 66 79 85 88 96 
-88 -73 -72 -72 -71 -55 -52 -49 -47 -39 -36 -9 -4 2 7 11 36 38 42 50 50 60 66 79 85 88 96 
-88 -73 -72 -72 -71 -55 -52 -49 -47 -39 -36 -9 -4 2 7 11 36 38 42 50 50 60 66 79 85 88 96 
-88 -73 -72 -72 -71 -55 -52 -49 -47 -39 -36 -9 -4 2 7 11 36 38 42 50 50 60 66 79 85 88 96 
-88 -73 -72 -72 -71 -55 -52 -49 -47 -39 -36 -9 -4 2 7 11 36 38 42 50 50 60 66 79 85 88 96 
-88 -73 -72 -72 -71 -55 -52 -49 -47 -39 -36 -9 -4 2 7 11 36 38 42 50 50 60 66 79 85 88 96 
-88 -73 -72 -72 -71 -55 -52 -49 -47 -39 -36 -9 -4 2 7 11 36 38 42 50 50 60 66 79 85 88 96 
-88 -73 -72 -72 -71 -55 -52 -49 -47 -39 -36 -9 -4 2 7 11 36 38 42 50 50 60 66 79 85 88 96 
-88 -73 -72 -72 -71 -55 -52 -49 -47 -39 -36 -9 -4 2 7 11 36 38 42 50 50 60 66 79 85 88 96 
-88 -73 -72 -72 -71 -55 -52 -49 -47 -39 -36 -9 -4 2 7 11 36 38 42 50 50 60 66 79 85 88 96 
-88 -73 -72 -72 -71 -55 -52 -49 -47 -39 -36 -9 -4 2 7 11 36 38 42 50 50 60 66 79 85 88 96 
-88 -73 -72 -72 -71 -55 -52 -49 -47 -39 -36 -9 -4 2 7 11 36 38 42 50 50 60 66 79 85 88 96 
-88 -73 -72 -72 -71 -55 -52 -49 -47 -39 -36 -9 -4 2 7 11 36 38 42 50 50 60 66 79 85 88 96 
-88 -73 -72 -72 -71 -55 -52 -49 -47 -39 -36 -9 -4 2 7 11 36 38 42 50 50 60 66 79 85 88 96 
-88 -73 -72 -72 -71 -55 -52 -49 -47 -39 -36 -9 -4 2 7 11 36 38 42 50 50 60 66 79 85 88 96
