0
0

-890 
796 -890 
131 796 -890 
0
0
131
-464 796 -890 
3
0
-464
0
2
770 796 -890 
770
796
913 -890 
0
-557 913 -890 
0
3
935 -557 913 -890 
-700 935 -557 913 -890 
31 -700 935 -557 913 -890 
0
-384 31 -700 935 -557 913 -890 
0
0
-52 -384 31 -700 935 -557 913 -890 
0
-52
0
-384
690 31 -700 935 -557 913 -890 
351 690 31 -700 935 -557 913 -890 
8
351
0
0
781 690 31 -700 935 -557 913 -890 
8
781
0
0
7
690
0
31
213 -700 935 -557 913 -890 
516 213 -700 935 -557 913 -890 
231 516 213 -700 935 -557 913 -890 
0
231
-246 516 213 -700 935 -557 913 -890 
0
-586 -246 516 213 -700 935 -557 913 -890 
19 -586 -246 516 213 -700 935 -557 913 -890 
10
0
143 19 -586 -246 516 213 -700 935 -557 913 -890 
0
143
-576 19 -586 -246 516 213 -700 935 -557 913 -890 
-576
11 19 -586 -246 516 213 -700 935 -557 913 -890 
11
323 19 -586 -246 516 213 -700 935 -557 913 -890 
705 323 19 -586 -246 516 213 -700 935 -557 913 -890 
-980 705 323 19 -586 -246 516 213 -700 935 -557 913 -890 
671 -980 705 323 19 -586 -246 516 213 -700 935 -557 913 -890 
14
671
254 -980 705 323 19 -586 -246 516 213 -700 935 -557 913 -890 
-70 254 -980 705 323 19 -586 -246 516 213 -700 935 -557 913 -890 
-70
0
531 254 -980 705 323 19 -586 -246 516 213 -700 935 -557 913 -890 
15
0
-972 531 254 -980 705 323 19 -586 -246 516 213 -700 935 -557 913 -890 
723 -972 531 254 -980 705 323 19 -586 -246 516 213 -700 935 -557 913 -890 
-116 723 -972 531 254 -980 705 323 19 -586 -246 516 213 -700 935 -557 913 -890 
352 -116 723 -972 531 254 -980 705 323 19 -586 -246 516 213 -700 935 -557 913 -890 
-551 352 -116 723 -972 531 254 -980 705 323 19 -586 -246 516 213 -700 935 -557 913 -890 
0
233 -551 352 -116 723 -972 531 254 -980 705 323 19 -586 -246 516 213 -700 935 -557 913 -890 
380 233 -551 352 -116 723 -972 531 254 -980 705 323 19 -586 -246 516 213 -700 935 -557 913 -890 
758 380 233 -551 352 -116 723 -972 531 254 -980 705 323 19 -586 -246 516 213 -700 935 -557 913 -890 
758
380
-125 233 -551 352 -116 723 -972 531 254 -980 705 323 19 -586 -246 516 213 -700 935 -557 913 -890 
655 -125 233 -551 352 -116 723 -972 531 254 -980 705 323 19 -586 -246 516 213 -700 935 -557 913 -890 
-697 655 -125 233 -551 352 -116 723 -972 531 254 -980 705 323 19 -586 -246 516 213 -700 935 -557 913 -890 
235 -697 655 -125 233 -551 352 -116 723 -972 531 254 -980 705 323 19 -586 -246 516 213 -700 935 -557 913 -890 
235
0
-958 -697 655 -125 233 -551 352 -116 723 -972 531 254 -980 705 323 19 -586 -246 516 213 -700 935 -557 913 -890 
-958
24
-697
23
0
655
247 -125 233 -551 352 -116 723 -972 531 254 -980 705 323 19 -586 -246 516 213 -700 935 -557 913 -890 
247
22
0
22
-125 -125 233 -551 352 -116 723 -972 531 254 -980 705 323 19 -586 -246 516 213 -700 935 -557 913 -890 
0
-314 -125 -125 233 -551 352 -116 723 -972 531 254 -980 705 323 19 -586 -246 516 213 -700 935 -557 913 -890 
0
0
571 -314 -125 -125 233 -551 352 -116 723 -972 531 254 -980 705 323 19 -586 -246 516 213 -700 935 -557 913 -890 
885 571 -314 -125 -125 233 -551 352 -116 723 -972 531 254 -980 705 323 19 -586 -246 516 213 -700 935 -557 913 -890 
0
0
675 885 571 -314 -125 -125 233 -551 352 -116 723 -972 531 254 -980 705 323 19 -586 -246 516 213 -700 935 -557 913 -890 
675
26
-250 885 571 -314 -125 -125 233 -551 352 -116 723 -972 531 254 -980 705 323 19 -586 -246 516 213 -700 935 -557 913 -890 
0
-316 -250 885 571 -314 -125 -125 233 -551 352 -116 723 -972 531 254 -980 705 323 19 -586 -246 516 213 -700 935 -557 913 -890 
471 -316 -250 885 571 -314 -125 -125 233 -551 352 -116 723 -972 531 254 -980 705 323 19 -586 -246 516 213 -700 935 -557 913 -890 
0
0
29
0
471
-316
-384 -250 885 571 -314 -125 -125 233 -551 352 -116 723 -972 531 254 -980 705 323 19 -586 -246 516 213 -700 935 -557 913 -890 
-384
-351 -250 885 571 -314 -125 -125 233 -551 352 -116 723 -972 531 254 -980 705 323 19 -586 -246 516 213 -700 935 -557 913 -890 
184 -351 -250 885 571 -314 -125 -125 233 -551 352 -116 723 -972 531 254 -980 705 323 19 -586 -246 516 213 -700 935 -557 913 -890 
0
184
198 -351 -250 885 571 -314 -125 -125 233 -551 352 -116 723 -972 531 254 -980 705 323 19 -586 -246 516 213 -700 935 -557 913 -890 
0
29
952 198 -351 -250 885 571 -314 -125 -125 233 -551 352 -116 723 -972 531 254 -980 705 323 19 -586 -246 516 213 -700 935 -557 913 -890 
0
30
0
952
29
287 198 -351 -250 885 571 -314 -125 -125 233 -551 352 -116 723 -972 531 254 -980 705 323 19 -586 -246 516 213 -700 935 -557 913 -890 
-27 287 198 -351 -250 885 571 -314 -125 -125 233 -551 352 -116 723 -972 531 254 -980 705 323 19 -586 -246 516 213 -700 935 -557 913 -890 
-803 -27 287 198 -351 -250 885 571 -314 -125 -125 233 -551 352 -116 723 -972 531 254 -980 705 323 19 -586 -246 516 213 -700 935 -557 913 -890 
32
-803
0
0
31
31
-27
0
-671 287 198 -351 -250 885 571 -314 -125 -125 233 -551 352 -116 723 -972 531 254 -980 705 323 19 -586 -246 516 213 -700 935 -557 913 -890 
0
31
919 -671 287 198 -351 -250 885 571 -314 -125 -125 233 -551 352 -116 723 -972 531 254 -980 705 323 19 -586 -246 516 213 -700 935 -557 913 -890 
-960 919 -671 287 198 -351 -250 885 571 -314 -125 -125 233 -551 352 -116 723 -972 531 254 -980 705 323 19 -586 -246 516 213 -700 935 -557 913 -890 
0
-573 -960 919 -671 287 198 -351 -250 885 571 -314 -125 -125 233 -551 352 -116 723 -972 531 254 -980 705 323 19 -586 -246 516 213 -700 935 -557 913 -890 
-535 -573 -960 919 -671 287 198 -351 -250 885 571 -314 -125 -125 233 -551 352 -116 723 -972 531 254 -980 705 323 19 -586 -246 516 213 -700 935 -557 913 -890 
-535
0
895 -573 -960 919 -671 287 198 -351 -250 885 571 -314 -125 -125 233 -551 352 -116 723 -972 531 254 -980 705 323 19 -586 -246 516 213 -700 935 -557 913 -890 
0
-18 895 -573 -960 919 -671 287 198 -351 -250 885 571 -314 -125 -125 233 -551 352 -116 723 -972 531 254 -980 705 323 19 -586 -246 516 213 -700 935 -557 913 -890 
615 -18 895 -573 -960 919 -671 287 198 -351 -250 885 571 -314 -125 -125 233 -551 352 -116 723 -972 531 254 -980 705 323 19 -586 -246 516 213 -700 935 -557 913 -890 
0
46 615 -18 895 -573 -960 919 -671 287 198 -351 -250 885 571 -314 -125 -125 233 -551 352 -116 723 -972 531 254 -980 705 323 19 -586 -246 516 213 -700 935 -557 913 -890 
245 46 615 -18 895 -573 -960 919 -671 287 198 -351 -250 885 571 -314 -125 -125 233 -551 352 -116 723 -972 531 254 -980 705 323 19 -586 -246 516 213 -700 935 -557 913 -890 
136 245 46 615 -18 895 -573 -960 919 -671 287 198 -351 -250 885 571 -314 -125 -125 233 -551 352 -116 723 -972 531 254 -980 705 323 19 -586 -246 516 213 -700 935 -557 913 -890 
136
570 245 46 615 -18 895 -573 -960 919 -671 287 198 -351 -250 885 571 -314 -125 -125 233 -551 352 -116 723 -972 531 254 -980 705 323 19 -586 -246 516 213 -700 935 -557 913 -890 
-422 570 245 46 615 -18 895 -573 -960 919 -671 287 198 -351 -250 885 571 -314 -125 -125 233 -551 352 -116 723 -972 531 254 -980 705 323 19 -586 -246 516 213 -700 935 -557 913 -890 
-319 -422 570 245 46 615 -18 895 -573 -960 919 -671 287 198 -351 -250 885 571 -314 -125 -125 233 -551 352 -116 723 -972 531 254 -980 705 323 19 -586 -246 516 213 -700 935 -557 913 -890 
-319
41
0
0
0
-422
-907 570 245 46 615 -18 895 -573 -960 919 -671 287 198 -351 -250 885 571 -314 -125 -125 233 -551 352 -116 723 -972 531 254 -980 705 323 19 -586 -246 516 213 -700 935 -557 913 -890 
0
651 -907 570 245 46 615 -18 895 -573 -960 919 -671 287 198 -351 -250 885 571 -314 -125 -125 233 -551 352 -116 723 -972 531 254 -980 705 323 19 -586 -246 516 213 -700 935 -557 913 -890 
42
0
484 651 -907 570 245 46 615 -18 895 -573 -960 919 -671 287 198 -351 -250 885 571 -314 -125 -125 233 -551 352 -116 723 -972 531 254 -980 705 323 19 -586 -246 516 213 -700 935 -557 913 -890 
0
43
0
-550 484 651 -907 570 245 46 615 -18 895 -573 -960 919 -671 287 198 -351 -250 885 571 -314 -125 -125 233 -551 352 -116 723 -972 531 254 -980 705 323 19 -586 -246 516 213 -700 935 -557 913 -890 
0
44
130 -550 484 651 -907 570 245 46 615 -18 895 -573 -960 919 -671 287 198 -351 -250 885 571 -314 -125 -125 233 -551 352 -116 723 -972 531 254 -980 705 323 19 -586 -246 516 213 -700 935 -557 913 -890 
130
440 -550 484 651 -907 570 245 46 615 -18 895 -573 -960 919 -671 287 198 -351 -250 885 571 -314 -125 -125 233 -551 352 -116 723 -972 531 254 -980 705 323 19 -586 -246 516 213 -700 935 -557 913 -890 
-910 440 -550 484 651 -907 570 245 46 615 -18 895 -573 -960 919 -671 287 198 -351 -250 885 571 -314 -125 -125 233 -551 352 -116 723 -972 531 254 -980 705 323 19 -586 -246 516 213 -700 935 -557 913 -890 
-910
-537 440 -550 484 651 -907 570 245 46 615 -18 895 -573 -960 919 -671 287 198 -351 -250 885 571 -314 -125 -125 233 -551 352 -116 723 -972 531 254 -980 705 323 19 -586 -246 516 213 -700 935 -557 913 -890 
380 -537 440 -550 484 651 -907 570 245 46 615 -18 895 -573 -960 919 -671 287 198 -351 -250 885 571 -314 -125 -125 233 -551 352 -116 723 -972 531 254 -980 705 323 19 -586 -246 516 213 -700 935 -557 913 -890 
0
380
-537
-949 440 -550 484 651 -907 570 245 46 615 -18 895 -573 -960 919 -671 287 198 -351 -250 885 571 -314 -125 -125 233 -551 352 -116 723 -972 531 254 -980 705 323 19 -586 -246 516 213 -700 935 -557 913 -890 
0
46
-793 -949 440 -550 484 651 -907 570 245 46 615 -18 895 -573 -960 919 -671 287 198 -351 -250 885 571 -314 -125 -125 233 -551 352 -116 723 -972 531 254 -980 705 323 19 -586 -246 516 213 -700 935 -557 913 -890 
-905 -793 -949 440 -550 484 651 -907 570 245 46 615 -18 895 -573 -960 919 -671 287 198 -351 -250 885 571 -314 -125 -125 233 -551 352 -116 723 -972 531 254 -980 705 323 19 -586 -246 516 213 -700 935 -557 913 -890 
-770 -905 -793 -949 440 -550 484 651 -907 570 245 46 615 -18 895 -573 -960 919 -671 287 198 -351 -250 885 571 -314 -125 -125 233 -551 352 -116 723 -972 531 254 -980 705 323 19 -586 -246 516 213 -700 935 -557 913 -890 
731 -770 -905 -793 -949 440 -550 484 651 -907 570 245 46 615 -18 895 -573 -960 919 -671 287 198 -351 -250 885 571 -314 -125 -125 233 -551 352 -116 723 -972 531 254 -980 705 323 19 -586 -246 516 213 -700 935 -557 913 -890 
731
49
0
49
-289 -770 -905 -793 -949 440 -550 484 651 -907 570 245 46 615 -18 895 -573 -960 919 -671 287 198 -351 -250 885 571 -314 -125 -125 233 -551 352 -116 723 -972 531 254 -980 705 323 19 -586 -246 516 213 -700 935 -557 913 -890 
-996 -289 -770 -905 -793 -949 440 -550 484 651 -907 570 245 46 615 -18 895 -573 -960 919 -671 287 198 -351 -250 885 571 -314 -125 -125 233 -551 352 -116 723 -972 531 254 -980 705 323 19 -586 -246 516 213 -700 935 -557 913 -890 
0
-540 -996 -289 -770 -905 -793 -949 440 -550 484 651 -907 570 245 46 615 -18 895 -573 -960 919 -671 287 198 -351 -250 885 571 -314 -125 -125 233 -551 352 -116 723 -972 531 254 -980 705 323 19 -586 -246 516 213 -700 935 -557 913 -890 
-540
0
0
0
0
315 -996 -289 -770 -905 -793 -949 440 -550 484 651 -907 570 245 46 615 -18 895 -573 -960 919 -671 287 198 -351 -250 885 571 -314 -125 -125 233 -551 352 -116 723 -972 531 254 -980 705 323 19 -586 -246 516 213 -700 935 -557 913 -890 
0
0
0
0
776 315 -996 -289 -770 -905 -793 -949 440 -550 484 651 -907 570 245 46 615 -18 895 -573 -960 919 -671 287 198 -351 -250 885 571 -314 -125 -125 233 -551 352 -116 723 -972 531 254 -980 705 323 19 -586 -246 516 213 -700 935 -557 913 -890 
928 776 315 -996 -289 -770 -905 -793 -949 440 -550 484 651 -907 570 245 46 615 -18 895 -573 -960 919 -671 287 198 -351 -250 885 571 -314 -125 -125 233 -551 352 -116 723 -972 531 254 -980 705 323 19 -586 -246 516 213 -700 935 -557 913 -890 
928
776
0
331 315 -996 -289 -770 -905 -793 -949 440 -550 484 651 -907 570 245 46 615 -18 895 -573 -960 919 -671 287 198 -351 -250 885 571 -314 -125 -125 233 -551 352 -116 723 -972 531 254 -980 705 323 19 -586 -246 516 213 -700 935 -557 913 -890 
-35 331 315 -996 -289 -770 -905 -793 -949 440 -550 484 651 -907 570 245 46 615 -18 895 -573 -960 919 -671 287 198 -351 -250 885 571 -314 -125 -125 233 -551 352 -116 723 -972 531 254 -980 705 323 19 -586 -246 516 213 -700 935 -557 913 -890 
0
-134 -35 331 315 -996 -289 -770 -905 -793 -949 440 -550 484 651 -907 570 245 46 615 -18 895 -573 -960 919 -671 287 198 -351 -250 885 571 -314 -125 -125 233 -551 352 -116 723 -972 531 254 -980 705 323 19 -586 -246 516 213 -700 935 -557 913 -890 
-474 -134 -35 331 315 -996 -289 -770 -905 -793 -949 440 -550 484 651 -907 570 245 46 615 -18 895 -573 -960 919 -671 287 198 -351 -250 885 571 -314 -125 -125 233 -551 352 -116 723 -972 531 254 -980 705 323 19 -586 -246 516 213 -700 935 -557 913 -890 
158 -474 -134 -35 331 315 -996 -289 -770 -905 -793 -949 440 -550 484 651 -907 570 245 46 615 -18 895 -573 -960 919 -671 287 198 -351 -250 885 571 -314 -125 -125 233 -551 352 -116 723 -972 531 254 -980 705 323 19 -586 -246 516 213 -700 935 -557 913 -890 
0
0
0
57
0
0
0
0
426 158 -474 -134 -35 331 315 -996 -289 -770 -905 -793 -949 440 -550 484 651 -907 570 245 46 615 -18 895 -573 -960 919 -671 287 198 -351 -250 885 571 -314 -125 -125 233 -551 352 -116 723 -972 531 254 -980 705 323 19 -586 -246 516 213 -700 935 -557 913 -890 
-894 426 158 -474 -134 -35 331 315 -996 -289 -770 -905 -793 -949 440 -550 484 651 -907 570 245 46 615 -18 895 -573 -960 919 -671 287 198 -351 -250 885 571 -314 -125 -125 233 -551 352 -116 723 -972 531 254 -980 705 323 19 -586 -246 516 213 -700 935 -557 913 -890 
0
0
-380 -894 426 158 -474 -134 -35 331 315 -996 -289 -770 -905 -793 -949 440 -550 484 651 -907 570 245 46 615 -18 895 -573 -960 919 -671 287 198 -351 -250 885 571 -314 -125 -125 233 -551 352 -116 723 -972 531 254 -980 705 323 19 -586 -246 516 213 -700 935 -557 913 -890 
0
60
0
0
0
0
269 -380 -894 426 158 -474 -134 -35 331 315 -996 -289 -770 -905 -793 -949 440 -550 484 651 -907 570 245 46 615 -18 895 -573 -960 919 -671 287 198 -351 -250 885 571 -314 -125 -125 233 -551 352 -116 723 -972 531 254 -980 705 323 19 -586 -246 516 213 -700 935 -557 913 -890 
0
0
61
0
61
0
-81 269 -380 -894 426 158 -474 -134 -35 331 315 -996 -289 -770 -905 -793 -949 440 -550 484 651 -907 570 245 46 615 -18 895 -573 -960 919 -671 287 198 -351 -250 885 571 -314 -125 -125 233 -551 352 -116 723 -972 531 254 -980 705 323 19 -586 -246 516 213 -700 935 -557 913 -890 
0
0
-81
0
269
0
0
165 -380 -894 426 158 -474 -134 -35 331 315 -996 -289 -770 -905 -793 -949 440 -550 484 651 -907 570 245 46 615 -18 895 -573 -960 919 -671 287 198 -351 -250 885 571 -314 -125 -125 233 -551 352 -116 723 -972 531 254 -980 705 323 19 -586 -246 516 213 -700 935 -557 913 -890 
0
0
789 165 -380 -894 426 158 -474 -134 -35 331 315 -996 -289 -770 -905 -793 -949 440 -550 484 651 -907 570 245 46 615 -18 895 -573 -960 919 -671 287 198 -351 -250 885 571 -314 -125 -125 233 -551 352 -116 723 -972 531 254 -980 705 323 19 -586 -246 516 213 -700 935 -557 913 -890 
789
-723 165 -380 -894 426 158 -474 -134 -35 331 315 -996 -289 -770 -905 -793 -949 440 -550 484 651 -907 570 245 46 615 -18 895 -573 -960 919 -671 287 198 -351 -250 885 571 -314 -125 -125 233 -551 352 -116 723 -972 531 254 -980 705 323 19 -586 -246 516 213 -700 935 -557 913 -890 
-423 -723 165 -380 -894 426 158 -474 -134 -35 331 315 -996 -289 -770 -905 -793 -949 440 -550 484 651 -907 570 245 46 615 -18 895 -573 -960 919 -671 287 198 -351 -250 885 571 -314 -125 -125 233 -551 352 -116 723 -972 531 254 -980 705 323 19 -586 -246 516 213 -700 935 -557 913 -890 
0
63
-423
0
62
-575 -723 165 -380 -894 426 158 -474 -134 -35 331 315 -996 -289 -770 -905 -793 -949 440 -550 484 651 -907 570 245 46 615 -18 895 -573 -960 919 -671 287 198 -351 -250 885 571 -314 -125 -125 233 -551 352 -116 723 -972 531 254 -980 705 323 19 -586 -246 516 213 -700 935 -557 913 -890 
-575
-139 -723 165 -380 -894 426 158 -474 -134 -35 331 315 -996 -289 -770 -905 -793 -949 440 -550 484 651 -907 570 245 46 615 -18 895 -573 -960 919 -671 287 198 -351 -250 885 571 -314 -125 -125 233 -551 352 -116 723 -972 531 254 -980 705 323 19 -586 -246 516 213 -700 935 -557 913 -890 
-791 -139 -723 165 -380 -894 426 158 -474 -134 -35 331 315 -996 -289 -770 -905 -793 -949 440 -550 484 651 -907 570 245 46 615 -18 895 -573 -960 919 -671 287 198 -351 -250 885 571 -314 -125 -125 233 -551 352 -116 723 -972 531 254 -980 705 323 19 -586 -246 516 213 -700 935 -557 913 -890 
64
0
0
773 -791 -139 -723 165 -380 -894 426 158 -474 -134 -35 331 315 -996 -289 -770 -905 -793 -949 440 -550 484 651 -907 570 245 46 615 -18 895 -573 -960 919 -671 287 198 -351 -250 885 571 -314 -125 -125 233 -551 352 -116 723 -972 531 254 -980 705 323 19 -586 -246 516 213 -700 935 -557 913 -890 
0
886 773 -791 -139 -723 165 -380 -894 426 158 -474 -134 -35 331 315 -996 -289 -770 -905 -793 -949 440 -550 484 651 -907 570 245 46 615 -18 895 -573 -960 919 -671 287 198 -351 -250 885 571 -314 -125 -125 233 -551 352 -116 723 -972 531 254 -980 705 323 19 -586 -246 516 213 -700 935 -557 913 -890 
481 886 773 -791 -139 -723 165 -380 -894 426 158 -474 -134 -35 331 315 -996 -289 -770 -905 -793 -949 440 -550 484 651 -907 570 245 46 615 -18 895 -573 -960 919 -671 287 198 -351 -250 885 571 -314 -125 -125 233 -551 352 -116 723 -972 531 254 -980 705 323 19 -586 -246 516 213 -700 935 -557 913 -890 
657 481 886 773 -791 -139 -723 165 -380 -894 426 158 -474 -134 -35 331 315 -996 -289 -770 -905 -793 -949 440 -550 484 651 -907 570 245 46 615 -18 895 -573 -960 919 -671 287 198 -351 -250 885 571 -314 -125 -125 233 -551 352 -116 723 -972 531 254 -980 705 323 19 -586 -246 516 213 -700 935 -557 913 -890 
0
657
481
-524 886 773 -791 -139 -723 165 -380 -894 426 158 -474 -134 -35 331 315 -996 -289 -770 -905 -793 -949 440 -550 484 651 -907 570 245 46 615 -18 895 -573 -960 919 -671 287 198 -351 -250 885 571 -314 -125 -125 233 -551 352 -116 723 -972 531 254 -980 705 323 19 -586 -246 516 213 -700 935 -557 913 -890 
67
868 -524 886 773 -791 -139 -723 165 -380 -894 426 158 -474 -134 -35 331 315 -996 -289 -770 -905 -793 -949 440 -550 484 651 -907 570 245 46 615 -18 895 -573 -960 919 -671 287 198 -351 -250 885 571 -314 -125 -125 233 -551 352 -116 723 -972 531 254 -980 705 323 19 -586 -246 516 213 -700 935 -557 913 -890 
-707 868 -524 886 773 -791 -139 -723 165 -380 -894 426 158 -474 -134 -35 331 315 -996 -289 -770 -905 -793 -949 440 -550 484 651 -907 570 245 46 615 -18 895 -573 -960 919 -671 287 198 -351 -250 885 571 -314 -125 -125 233 -551 352 -116 723 -972 531 254 -980 705 323 19 -586 -246 516 213 -700 935 -557 913 -890 
0
-651 -707 868 -524 886 773 -791 -139 -723 165 -380 -894 426 158 -474 -134 -35 331 315 -996 -289 -770 -905 -793 -949 440 -550 484 651 -907 570 245 46 615 -18 895 -573 -960 919 -671 287 198 -351 -250 885 571 -314 -125 -125 233 -551 352 -116 723 -972 531 254 -980 705 323 19 -586 -246 516 213 -700 935 -557 913 -890 
213 -651 -707 868 -524 886 773 -791 -139 -723 165 -380 -894 426 158 -474 -134 -35 331 315 -996 -289 -770 -905 -793 -949 440 -550 484 651 -907 570 245 46 615 -18 895 -573 -960 919 -671 287 198 -351 -250 885 571 -314 -125 -125 233 -551 352 -116 723 -972 531 254 -980 705 323 19 -586 -246 516 213 -700 935 -557 913 -890 
0
0
71
-76 213 -651 -707 868 -524 886 773 -791 -139 -723 165 -380 -894 426 158 -474 -134 -35 331 315 -996 -289 -770 -905 -793 -949 440 -550 484 651 -907 570 245 46 615 -18 895 -573 -960 919 -671 287 198 -351 -250 885 571 -314 -125 -125 233 -551 352 -116 723 -972 531 254 -980 705 323 19 -586 -246 516 213 -700 935 -557 913 -890 
0
-594 -76 213 -651 -707 868 -524 886 773 -791 -139 -723 165 -380 -894 426 158 -474 -134 -35 331 315 -996 -289 -770 -905 -793 -949 440 -550 484 651 -907 570 245 46 615 -18 895 -573 -960 919 -671 287 198 -351 -250 885 571 -314 -125 -125 233 -551 352 -116 723 -972 531 254 -980 705 323 19 -586 -246 516 213 -700 935 -557 913 -890 
73
0
0
106 -594 -76 213 -651 -707 868 -524 886 773 -791 -139 -723 165 -380 -894 426 158 -474 -134 -35 331 315 -996 -289 -770 -905 -793 -949 440 -550 484 651 -907 570 245 46 615 -18 895 -573 -960 919 -671 287 198 -351 -250 885 571 -314 -125 -125 233 -551 352 -116 723 -972 531 254 -980 705 323 19 -586 -246 516 213 -700 935 -557 913 -890 
0
0
74
0
74
0
-353 106 -594 -76 213 -651 -707 868 -524 886 773 -791 -139 -723 165 -380 -894 426 158 -474 -134 -35 331 315 -996 -289 -770 -905 -793 -949 440 -550 484 651 -907 570 245 46 615 -18 895 -573 -960 919 -671 287 198 -351 -250 885 571 -314 -125 -125 233 -551 352 -116 723 -972 531 254 -980 705 323 19 -586 -246 516 213 -700 935 -557 913 -890 
-353
0
0
-171 106 -594 -76 213 -651 -707 868 -524 886 773 -791 -139 -723 165 -380 -894 426 158 -474 -134 -35 331 315 -996 -289 -770 -905 -793 -949 440 -550 484 651 -907 570 245 46 615 -18 895 -573 -960 919 -671 287 198 -351 -250 885 571 -314 -125 -125 233 -551 352 -116 723 -972 531 254 -980 705 323 19 -586 -246 516 213 -700 935 -557 913 -890 
-74 -171 106 -594 -76 213 -651 -707 868 -524 886 773 -791 -139 -723 165 -380 -894 426 158 -474 -134 -35 331 315 -996 -289 -770 -905 -793 -949 440 -550 484 651 -907 570 245 46 615 -18 895 -573 -960 919 -671 287 198 -351 -250 885 571 -314 -125 -125 233 -551 352 -116 723 -972 531 254 -980 705 323 19 -586 -246 516 213 -700 935 -557 913 -890 
-173 -74 -171 106 -594 -76 213 -651 -707 868 -524 886 773 -791 -139 -723 165 -380 -894 426 158 -474 -134 -35 331 315 -996 -289 -770 -905 -793 -949 440 -550 484 651 -907 570 245 46 615 -18 895 -573 -960 919 -671 287 198 -351 -250 885 571 -314 -125 -125 233 -551 352 -116 723 -972 531 254 -980 705 323 19 -586 -246 516 213 -700 935 -557 913 -890 
761 -173 -74 -171 106 -594 -76 213 -651 -707 868 -524 886 773 -791 -139 -723 165 -380 -894 426 158 -474 -134 -35 331 315 -996 -289 -770 -905 -793 -949 440 -550 484 651 -907 570 245 46 615 -18 895 -573 -960 919 -671 287 198 -351 -250 885 571 -314 -125 -125 233 -551 352 -116 723 -972 531 254 -980 705 323 19 -586 -246 516 213 -700 935 -557 913 -890 
-903 761 -173 -74 -171 106 -594 -76 213 -651 -707 868 -524 886 773 -791 -139 -723 165 -380 -894 426 158 -474 -134 -35 331 315 -996 -289 -770 -905 -793 -949 440 -550 484 651 -907 570 245 46 615 -18 895 -573 -960 919 -671 287 198 -351 -250 885 571 -314 -125 -125 233 -551 352 -116 723 -972 531 254 -980 705 323 19 -586 -246 516 213 -700 935 -557 913 -890 
-513 -903 761 -173 -74 -171 106 -594 -76 213 -651 -707 868 -524 886 773 -791 -139 -723 165 -380 -894 426 158 -474 -134 -35 331 315 -996 -289 -770 -905 -793 -949 440 -550 484 651 -907 570 245 46 615 -18 895 -573 -960 919 -671 287 198 -351 -250 885 571 -314 -125 -125 233 -551 352 -116 723 -972 531 254 -980 705 323 19 -586 -246 516 213 -700 935 -557 913 -890 
-513
552 -903 761 -173 -74 -171 106 -594 -76 213 -651 -707 868 -524 886 773 -791 -139 -723 165 -380 -894 426 158 -474 -134 -35 331 315 -996 -289 -770 -905 -793 -949 440 -550 484 651 -907 570 245 46 615 -18 895 -573 -960 919 -671 287 198 -351 -250 885 571 -314 -125 -125 233 -551 352 -116 723 -972 531 254 -980 705 323 19 -586 -246 516 213 -700 935 -557 913 -890 
-786 552 -903 761 -173 -74 -171 106 -594 -76 213 -651 -707 868 -524 886 773 -791 -139 -723 165 -380 -894 426 158 -474 -134 -35 331 315 -996 -289 -770 -905 -793 -949 440 -550 484 651 -907 570 245 46 615 -18 895 -573 -960 919 -671 287 198 -351 -250 885 571 -314 -125 -125 233 -551 352 -116 723 -972 531 254 -980 705 323 19 -586 -246 516 213 -700 935 -557 913 -890 
820 -786 552 -903 761 -173 -74 -171 106 -594 -76 213 -651 -707 868 -524 886 773 -791 -139 -723 165 -380 -894 426 158 -474 -134 -35 331 315 -996 -289 -770 -905 -793 -949 440 -550 484 651 -907 570 245 46 615 -18 895 -573 -960 919 -671 287 198 -351 -250 885 571 -314 -125 -125 233 -551 352 -116 723 -972 531 254 -980 705 323 19 -586 -246 516 213 -700 935 -557 913 -890 
820
81
79 -786 552 -903 761 -173 -74 -171 106 -594 -76 213 -651 -707 868 -524 886 773 -791 -139 -723 165 -380 -894 426 158 -474 -134 -35 331 315 -996 -289 -770 -905 -793 -949 440 -550 484 651 -907 570 245 46 615 -18 895 -573 -960 919 -671 287 198 -351 -250 885 571 -314 -125 -125 233 -551 352 -116 723 -972 531 254 -980 705 323 19 -586 -246 516 213 -700 935 -557 913 -890 
0
330 79 -786 552 -903 761 -173 -74 -171 106 -594 -76 213 -651 -707 868 -524 886 773 -791 -139 -723 165 -380 -894 426 158 -474 -134 -35 331 315 -996 -289 -770 -905 -793 -949 440 -550 484 651 -907 570 245 46 615 -18 895 -573 -960 919 -671 287 198 -351 -250 885 571 -314 -125 -125 233 -551 352 -116 723 -972 531 254 -980 705 323 19 -586 -246 516 213 -700 935 -557 913 -890 
330
0
0
0
-338 79 -786 552 -903 761 -173 -74 -171 106 -594 -76 213 -651 -707 868 -524 886 773 -791 -139 -723 165 -380 -894 426 158 -474 -134 -35 331 315 -996 -289 -770 -905 -793 -949 440 -550 484 651 -907 570 245 46 615 -18 895 -573 -960 919 -671 287 198 -351 -250 885 571 -314 -125 -125 233 -551 352 -116 723 -972 531 254 -980 705 323 19 -586 -246 516 213 -700 935 -557 913 -890 
65 -338 79 -786 552 -903 761 -173 -74 -171 106 -594 -76 213 -651 -707 868 -524 886 773 -791 -139 -723 165 -380 -894 426 158 -474 -134 -35 331 315 -996 -289 -770 -905 -793 -949 440 -550 484 651 -907 570 245 46 615 -18 895 -573 -960 919 -671 287 198 -351 -250 885 571 -314 -125 -125 233 -551 352 -116 723 -972 531 254 -980 705 323 19 -586 -246 516 213 -700 935 -557 913 -890 
0
0
0
65
83
83
0
-733 -338 79 -786 552 -903 761 -173 -74 -171 106 -594 -76 213 -651 -707 868 -524 886 773 -791 -139 -723 165 -380 -894 426 158 -474 -134 -35 331 315 -996 -289 -770 -905 -793 -949 440 -550 484 651 -907 570 245 46 615 -18 895 -573 -960 919 -671 287 198 -351 -250 885 571 -314 -125 -125 233 -551 352 -116 723 -972 531 254 -980 705 323 19 -586 -246 516 213 -700 935 -557 913 -890 
-860 -733 -338 79 -786 552 -903 761 -173 -74 -171 106 -594 -76 213 -651 -707 868 -524 886 773 -791 -139 -723 165 -380 -894 426 158 -474 -134 -35 331 315 -996 -289 -770 -905 -793 -949 440 -550 484 651 -907 570 245 46 615 -18 895 -573 -960 919 -671 287 198 -351 -250 885 571 -314 -125 -125 233 -551 352 -116 723 -972 531 254 -980 705 323 19 -586 -246 516 213 -700 935 -557 913 -890 
-860
0
0
-733
0
83
299 -338 79 -786 552 -903 761 -173 -74 -171 106 -594 -76 213 -651 -707 868 -524 886 773 -791 -139 -723 165 -380 -894 426 158 -474 -134 -35 331 315 -996 -289 -770 -905 -793 -949 440 -550 484 651 -907 570 245 46 615 -18 895 -573 -960 919 -671 287 198 -351 -250 885 571 -314 -125 -125 233 -551 352 -116 723 -972 531 254 -980 705 323 19 -586 -246 516 213 -700 935 -557 913 -890 
0
299
0
73 -338 79 -786 552 -903 761 -173 -74 -171 106 -594 -76 213 -651 -707 868 -524 886 773 -791 -139 -723 165 -380 -894 426 158 -474 -134 -35 331 315 -996 -289 -770 -905 -793 -949 440 -550 484 651 -907 570 245 46 615 -18 895 -573 -960 919 -671 287 198 -351 -250 885 571 -314 -125 -125 233 -551 352 -116 723 -972 531 254 -980 705 323 19 -586 -246 516 213 -700 935 -557 913 -890 
58 73 -338 79 -786 552 -903 761 -173 -74 -171 106 -594 -76 213 -651 -707 868 -524 886 773 -791 -139 -723 165 -380 -894 426 158 -474 -134 -35 331 315 -996 -289 -770 -905 -793 -949 440 -550 484 651 -907 570 245 46 615 -18 895 -573 -960 919 -671 287 198 -351 -250 885 571 -314 -125 -125 233 -551 352 -116 723 -972 531 254 -980 705 323 19 -586 -246 516 213 -700 935 -557 913 -890 
58
73
83
0
-223 -338 79 -786 552 -903 761 -173 -74 -171 106 -594 -76 213 -651 -707 868 -524 886 773 -791 -139 -723 165 -380 -894 426 158 -474 -134 -35 331 315 -996 -289 -770 -905 -793 -949 440 -550 484 651 -907 570 245 46 615 -18 895 -573 -960 919 -671 287 198 -351 -250 885 571 -314 -125 -125 233 -551 352 -116 723 -972 531 254 -980 705 323 19 -586 -246 516 213 -700 935 -557 913 -890 
35 -223 -338 79 -786 552 -903 761 -173 -74 -171 106 -594 -76 213 -651 -707 868 -524 886 773 -791 -139 -723 165 -380 -894 426 158 -474 -134 -35 331 315 -996 -289 -770 -905 -793 -949 440 -550 484 651 -907 570 245 46 615 -18 895 -573 -960 919 -671 287 198 -351 -250 885 571 -314 -125 -125 233 -551 352 -116 723 -972 531 254 -980 705 323 19 -586 -246 516 213 -700 935 -557 913 -890 
85
-56 35 -223 -338 79 -786 552 -903 761 -173 -74 -171 106 -594 -76 213 -651 -707 868 -524 886 773 -791 -139 -723 165 -380 -894 426 158 -474 -134 -35 331 315 -996 -289 -770 -905 -793 -949 440 -550 484 651 -907 570 245 46 615 -18 895 -573 -960 919 -671 287 198 -351 -250 885 571 -314 -125 -125 233 -551 352 -116 723 -972 531 254 -980 705 323 19 -586 -246 516 213 -700 935 -557 913 -890 
-450 -56 35 -223 -338 79 -786 552 -903 761 -173 -74 -171 106 -594 -76 213 -651 -707 868 -524 886 773 -791 -139 -723 165 -380 -894 426 158 -474 -134 -35 331 315 -996 -289 -770 -905 -793 -949 440 -550 484 651 -907 570 245 46 615 -18 895 -573 -960 919 -671 287 198 -351 -250 885 571 -314 -125 -125 233 -551 352 -116 723 -972 531 254 -980 705 323 19 -586 -246 516 213 -700 935 -557 913 -890 
-450
0
-56
820 35 -223 -338 79 -786 552 -903 761 -173 -74 -171 106 -594 -76 213 -651 -707 868 -524 886 773 -791 -139 -723 165 -380 -894 426 158 -474 -134 -35 331 315 -996 -289 -770 -905 -793 -949 440 -550 484 651 -907 570 245 46 615 -18 895 -573 -960 919 -671 287 198 -351 -250 885 571 -314 -125 -125 233 -551 352 -116 723 -972 531 254 -980 705 323 19 -586 -246 516 213 -700 935 -557 913 -890 
-746 820 35 -223 -338 79 -786 552 -903 761 -173 -74 -171 106 -594 -76 213 -651 -707 868 -524 886 773 -791 -139 -723 165 -380 -894 426 158 -474 -134 -35 331 315 -996 -289 -770 -905 -793 -949 440 -550 484 651 -907 570 245 46 615 -18 895 -573 -960 919 -671 287 198 -351 -250 885 571 -314 -125 -125 233 -551 352 -116 723 -972 531 254 -980 705 323 19 -586 -246 516 213 -700 935 -557 913 -890 
-746
-205 820 35 -223 -338 79 -786 552 -903 761 -173 -74 -171 106 -594 -76 213 -651 -707 868 -524 886 773 -791 -139 -723 165 -380 -894 426 158 -474 -134 -35 331 315 -996 -289 -770 -905 -793 -949 440 -550 484 651 -907 570 245 46 615 -18 895 -573 -960 919 -671 287 198 -351 -250 885 571 -314 -125 -125 233 -551 352 -116 723 -972 531 254 -980 705 323 19 -586 -246 516 213 -700 935 -557 913 -890 
-964 -205 820 35 -223 -338 79 -786 552 -903 761 -173 -74 -171 106 -594 -76 213 -651 -707 868 -524 886 773 -791 -139 -723 165 -380 -894 426 158 -474 -134 -35 331 315 -996 -289 -770 -905 -793 -949 440 -550 484 651 -907 570 245 46 615 -18 895 -573 -960 919 -671 287 198 -351 -250 885 571 -314 -125 -125 233 -551 352 -116 723 -972 531 254 -980 705 323 19 -586 -246 516 213 -700 935 -557 913 -890 
0
156 -964 -205 820 35 -223 -338 79 -786 552 -903 761 -173 -74 -171 106 -594 -76 213 -651 -707 868 -524 886 773 -791 -139 -723 165 -380 -894 426 158 -474 -134 -35 331 315 -996 -289 -770 -905 -793 -949 440 -550 484 651 -907 570 245 46 615 -18 895 -573 -960 919 -671 287 198 -351 -250 885 571 -314 -125 -125 233 -551 352 -116 723 -972 531 254 -980 705 323 19 -586 -246 516 213 -700 935 -557 913 -890 
0
0
0
802 156 -964 -205 820 35 -223 -338 79 -786 552 -903 761 -173 -74 -171 106 -594 -76 213 -651 -707 868 -524 886 773 -791 -139 -723 165 -380 -894 426 158 -474 -134 -35 331 315 -996 -289 -770 -905 -793 -949 440 -550 484 651 -907 570 245 46 615 -18 895 -573 -960 919 -671 287 198 -351 -250 885 571 -314 -125 -125 233 -551 352 -116 723 -972 531 254 -980 705 323 19 -586 -246 516 213 -700 935 -557 913 -890 
945 802 156 -964 -205 820 35 -223 -338 79 -786 552 -903 761 -173 -74 -171 106 -594 -76 213 -651 -707 868 -524 886 773 -791 -139 -723 165 -380 -894 426 158 -474 -134 -35 331 315 -996 -289 -770 -905 -793 -949 440 -550 484 651 -907 570 245 46 615 -18 895 -573 -960 919 -671 287 198 -351 -250 885 571 -314 -125 -125 233 -551 352 -116 723 -972 531 254 -980 705 323 19 -586 -246 516 213 -700 935 -557 913 -890 
91
0
945
863 802 156 -964 -205 820 35 -223 -338 79 -786 552 -903 761 -173 -74 -171 106 -594 -76 213 -651 -707 868 -524 886 773 -791 -139 -723 165 -380 -894 426 158 -474 -134 -35 331 315 -996 -289 -770 -905 -793 -949 440 -550 484 651 -907 570 245 46 615 -18 895 -573 -960 919 -671 287 198 -351 -250 885 571 -314 -125 -125 233 -551 352 -116 723 -972 531 254 -980 705 323 19 -586 -246 516 213 -700 935 -557 913 -890 
0
91
745 863 802 156 -964 -205 820 35 -223 -338 79 -786 552 -903 761 -173 -74 -171 106 -594 -76 213 -651 -707 868 -524 886 773 -791 -139 -723 165 -380 -894 426 158 -474 -134 -35 331 315 -996 -289 -770 -905 -793 -949 440 -550 484 651 -907 570 245 46 615 -18 895 -573 -960 919 -671 287 198 -351 -250 885 571 -314 -125 -125 233 -551 352 -116 723 -972 531 254 -980 705 323 19 -586 -246 516 213 -700 935 -557 913 -890 
92
285 745 863 802 156 -964 -205 820 35 -223 -338 79 -786 552 -903 761 -173 -74 -171 106 -594 -76 213 -651 -707 868 -524 886 773 -791 -139 -723 165 -380 -894 426 158 -474 -134 -35 331 315 -996 -289 -770 -905 -793 -949 440 -550 484 651 -907 570 245 46 615 -18 895 -573 -960 919 -671 287 198 -351 -250 885 571 -314 -125 -125 233 -551 352 -116 723 -972 531 254 -980 705 323 19 -586 -246 516 213 -700 935 -557 913 -890 
-444 285 745 863 802 156 -964 -205 820 35 -223 -338 79 -786 552 -903 761 -173 -74 -171 106 -594 -76 213 -651 -707 868 -524 886 773 -791 -139 -723 165 -380 -894 426 158 -474 -134 -35 331 315 -996 -289 -770 -905 -793 -949 440 -550 484 651 -907 570 245 46 615 -18 895 -573 -960 919 -671 287 198 -351 -250 885 571 -314 -125 -125 233 -551 352 -116 723 -972 531 254 -980 705 323 19 -586 -246 516 213 -700 935 -557 913 -890 
960 -444 285 745 863 802 156 -964 -205 820 35 -223 -338 79 -786 552 -903 761 -173 -74 -171 106 -594 -76 213 -651 -707 868 -524 886 773 -791 -139 -723 165 -380 -894 426 158 -474 -134 -35 331 315 -996 -289 -770 -905 -793 -949 440 -550 484 651 -907 570 245 46 615 -18 895 -573 -960 919 -671 287 198 -351 -250 885 571 -314 -125 -125 233 -551 352 -116 723 -972 531 254 -980 705 323 19 -586 -246 516 213 -700 935 -557 913 -890 
235 960 -444 285 745 863 802 156 -964 -205 820 35 -223 -338 79 -786 552 -903 761 -173 -74 -171 106 -594 -76 213 -651 -707 868 -524 886 773 -791 -139 -723 165 -380 -894 426 158 -474 -134 -35 331 315 -996 -289 -770 -905 -793 -949 440 -550 484 651 -907 570 245 46 615 -18 895 -573 -960 919 -671 287 198 -351 -250 885 571 -314 -125 -125 233 -551 352 -116 723 -972 531 254 -980 705 323 19 -586 -246 516 213 -700 935 -557 913 -890 
0
0
74 235 960 -444 285 745 863 802 156 -964 -205 820 35 -223 -338 79 -786 552 -903 761 -173 -74 -171 106 -594 -76 213 -651 -707 868 -524 886 773 -791 -139 -723 165 -380 -894 426 158 -474 -134 -35 331 315 -996 -289 -770 -905 -793 -949 440 -550 484 651 -907 570 245 46 615 -18 895 -573 -960 919 -671 287 198 -351 -250 885 571 -314 -125 -125 233 -551 352 -116 723 -972 531 254 -980 705 323 19 -586 -246 516 213 -700 935 -557 913 -890 
31 74 235 960 -444 285 745 863 802 156 -964 -205 820 35 -223 -338 79 -786 552 -903 761 -173 -74 -171 106 -594 -76 213 -651 -707 868 -524 886 773 -791 -139 -723 165 -380 -894 426 158 -474 -134 -35 331 315 -996 -289 -770 -905 -793 -949 440 -550 484 651 -907 570 245 46 615 -18 895 -573 -960 919 -671 287 198 -351 -250 885 571 -314 -125 -125 233 -551 352 -116 723 -972 531 254 -980 705 323 19 -586 -246 516 213 -700 935 -557 913 -890 
0
98
98
31
74
10 235 960 -444 285 745 863 802 156 -964 -205 820 35 -223 -338 79 -786 552 -903 761 -173 -74 -171 106 -594 -76 213 -651 -707 868 -524 886 773 -791 -139 -723 165 -380 -894 426 158 -474 -134 -35 331 315 -996 -289 -770 -905 -793 -949 440 -550 484 651 -907 570 245 46 615 -18 895 -573 -960 919 -671 287 198 -351 -250 885 571 -314 -125 -125 233 -551 352 -116 723 -972 531 254 -980 705 323 19 -586 -246 516 213 -700 935 -557 913 -890 
97
497 10 235 960 -444 285 745 863 802 156 -964 -205 820 35 -223 -338 79 -786 552 -903 761 -173 -74 -171 106 -594 -76 213 -651 -707 868 -524 886 773 -791 -139 -723 165 -380 -894 426 158 -474 -134 -35 331 315 -996 -289 -770 -905 -793 -949 440 -550 484 651 -907 570 245 46 615 -18 895 -573 -960 919 -671 287 198 -351 -250 885 571 -314 -125 -125 233 -551 352 -116 723 -972 531 254 -980 705 323 19 -586 -246 516 213 -700 935 -557 913 -890 
211 497 10 235 960 -444 285 745 863 802 156 -964 -205 820 35 -223 -338 79 -786 552 -903 761 -173 -74 -171 106 -594 -76 213 -651 -707 868 -524 886 773 -791 -139 -723 165 -380 -894 426 158 -474 -134 -35 331 315 -996 -289 -770 -905 -793 -949 440 -550 484 651 -907 570 245 46 615 -18 895 -573 -960 919 -671 287 198 -351 -250 885 571 -314 -125 -125 233 -551 352 -116 723 -972 531 254 -980 705 323 19 -586 -246 516 213 -700 935 -557 913 -890 
-777 211 497 10 235 960 -444 285 745 863 802 156 -964 -205 820 35 -223 -338 79 -786 552 -903 761 -173 -74 -171 106 -594 -76 213 -651 -707 868 -524 886 773 -791 -139 -723 165 -380 -894 426 158 -474 -134 -35 331 315 -996 -289 -770 -905 -793 -949 440 -550 484 651 -907 570 245 46 615 -18 895 -573 -960 919 -671 287 198 -351 -250 885 571 -314 -125 -125 233 -551 352 -116 723 -972 531 254 -980 705 323 19 -586 -246 516 213 -700 935 -557 913 -890 
0
100
100
-777
0
-268 211 497 10 235 960 -444 285 745 863 802 156 -964 -205 820 35 -223 -338 79 -786 552 -903 761 -173 -74 -171 106 -594 -76 213 -651 -707 868 -524 886 773 -791 -139 -723 165 -380 -894 426 158 -474 -134 -35 331 315 -996 -289 -770 -905 -793 -949 440 -550 484 651 -907 570 245 46 615 -18 895 -573 -960 919 -671 287 198 -351 -250 885 571 -314 -125 -125 233 -551 352 -116 723 -972 531 254 -980 705 323 19 -586 -246 516 213 -700 935 -557 913 -890 
659 -268 211 497 10 235 960 -444 285 745 863 802 156 -964 -205 820 35 -223 -338 79 -786 552 -903 761 -173 -74 -171 106 -594 -76 213 -651 -707 868 -524 886 773 -791 -139 -723 165 -380 -894 426 158 -474 -134 -35 331 315 -996 -289 -770 -905 -793 -949 440 -550 484 651 -907 570 245 46 615 -18 895 -573 -960 919 -671 287 198 -351 -250 885 571 -314 -125 -125 233 -551 352 -116 723 -972 531 254 -980 705 323 19 -586 -246 516 213 -700 935 -557 913 -890 
0
0
210 659 -268 211 497 10 235 960 -444 285 745 863 802 156 -964 -205 820 35 -223 -338 79 -786 552 -903 761 -173 -74 -171 106 -594 -76 213 -651 -707 868 -524 886 773 -791 -139 -723 165 -380 -894 426 158 -474 -134 -35 331 315 -996 -289 -770 -905 -793 -949 440 -550 484 651 -907 570 245 46 615 -18 895 -573 -960 919 -671 287 198 -351 -250 885 571 -314 -125 -125 233 -551 352 -116 723 -972 531 254 -980 705 323 19 -586 -246 516 213 -700 935 -557 913 -890 
332 210 659 -268 211 497 10 235 960 -444 285 745 863 802 156 -964 -205 820 35 -223 -338 79 -786 552 -903 761 -173 -74 -171 106 -594 -76 213 -651 -707 868 -524 886 773 -791 -139 -723 165 -380 -894 426 158 -474 -134 -35 331 315 -996 -289 -770 -905 -793 -949 440 -550 484 651 -907 570 245 46 615 -18 895 -573 -960 919 -671 287 198 -351 -250 885 571 -314 -125 -125 233 -551 352 -116 723 -972 531 254 -980 705 323 19 -586 -246 516 213 -700 935 -557 913 -890 
0
0
332
-102 210 659 -268 211 497 10 235 960 -444 285 745 863 802 156 -964 -205 820 35 -223 -338 79 -786 552 -903 761 -173 -74 -171 106 -594 -76 213 -651 -707 868 -524 886 773 -791 -139 -723 165 -380 -894 426 158 -474 -134 -35 331 315 -996 -289 -770 -905 -793 -949 440 -550 484 651 -907 570 245 46 615 -18 895 -573 -960 919 -671 287 198 -351 -250 885 571 -314 -125 -125 233 -551 352 -116 723 -972 531 254 -980 705 323 19 -586 -246 516 213 -700 935 -557 913 -890 
-339 -102 210 659 -268 211 497 10 235 960 -444 285 745 863 802 156 -964 -205 820 35 -223 -338 79 -786 552 -903 761 -173 -74 -171 106 -594 -76 213 -651 -707 868 -524 886 773 -791 -139 -723 165 -380 -894 426 158 -474 -134 -35 331 315 -996 -289 -770 -905 -793 -949 440 -550 484 651 -907 570 245 46 615 -18 895 -573 -960 919 -671 287 198 -351 -250 885 571 -314 -125 -125 233 -551 352 -116 723 -972 531 254 -980 705 323 19 -586 -246 516 213 -700 935 -557 913 -890 
-549 -339 -102 210 659 -268 211 497 10 235 960 -444 285 745 863 802 156 -964 -205 820 35 -223 -338 79 -786 552 -903 761 -173 -74 -171 106 -594 -76 213 -651 -707 868 -524 886 773 -791 -139 -723 165 -380 -894 426 158 -474 -134 -35 331 315 -996 -289 -770 -905 -793 -949 440 -550 484 651 -907 570 245 46 615 -18 895 -573 -960 919 -671 287 198 -351 -250 885 571 -314 -125 -125 233 -551 352 -116 723 -972 531 254 -980 705 323 19 -586 -246 516 213 -700 935 -557 913 -890 
105
-603 -549 -339 -102 210 659 -268 211 497 10 235 960 -444 285 745 863 802 156 -964 -205 820 35 -223 -338 79 -786 552 -903 761 -173 -74 -171 106 -594 -76 213 -651 -707 868 -524 886 773 -791 -139 -723 165 -380 -894 426 158 -474 -134 -35 331 315 -996 -289 -770 -905 -793 -949 440 -550 484 651 -907 570 245 46 615 -18 895 -573 -960 919 -671 287 198 -351 -250 885 571 -314 -125 -125 233 -551 352 -116 723 -972 531 254 -980 705 323 19 -586 -246 516 213 -700 935 -557 913 -890 
-64 -603 -549 -339 -102 210 659 -268 211 497 10 235 960 -444 285 745 863 802 156 -964 -205 820 35 -223 -338 79 -786 552 -903 761 -173 -74 -171 106 -594 -76 213 -651 -707 868 -524 886 773 -791 -139 -723 165 -380 -894 426 158 -474 -134 -35 331 315 -996 -289 -770 -905 -793 -949 440 -550 484 651 -907 570 245 46 615 -18 895 -573 -960 919 -671 287 198 -351 -250 885 571 -314 -125 -125 233 -551 352 -116 723 -972 531 254 -980 705 323 19 -586 -246 516 213 -700 935 -557 913 -890 
233 -64 -603 -549 -339 -102 210 659 -268 211 497 10 235 960 -444 285 745 863 802 156 -964 -205 820 35 -223 -338 79 -786 552 -903 761 -173 -74 -171 106 -594 -76 213 -651 -707 868 -524 886 773 -791 -139 -723 165 -380 -894 426 158 -474 -134 -35 331 315 -996 -289 -770 -905 -793 -949 440 -550 484 651 -907 570 245 46 615 -18 895 -573 -960 919 -671 287 198 -351 -250 885 571 -314 -125 -125 233 -551 352 -116 723 -972 531 254 -980 705 323 19 -586 -246 516 213 -700 935 -557 913 -890 
404 233 -64 -603 -549 -339 -102 210 659 -268 211 497 10 235 960 -444 285 745 863 802 156 -964 -205 820 35 -223 -338 79 -786 552 -903 761 -173 -74 -171 106 -594 -76 213 -651 -707 868 -524 886 773 -791 -139 -723 165 -380 -894 426 158 -474 -134 -35 331 315 -996 -289 -770 -905 -793 -949 440 -550 484 651 -907 570 245 46 615 -18 895 -573 -960 919 -671 287 198 -351 -250 885 571 -314 -125 -125 233 -551 352 -116 723 -972 531 254 -980 705 323 19 -586 -246 516 213 -700 935 -557 913 -890 
404
-773 233 -64 -603 -549 -339 -102 210 659 -268 211 497 10 235 960 -444 285 745 863 802 156 -964 -205 820 35 -223 -338 79 -786 552 -903 761 -173 -74 -171 106 -594 -76 213 -651 -707 868 -524 886 773 -791 -139 -723 165 -380 -894 426 158 -474 -134 -35 331 315 -996 -289 -770 -905 -793 -949 440 -550 484 651 -907 570 245 46 615 -18 895 -573 -960 919 -671 287 198 -351 -250 885 571 -314 -125 -125 233 -551 352 -116 723 -972 531 254 -980 705 323 19 -586 -246 516 213 -700 935 -557 913 -890 
229 -773 233 -64 -603 -549 -339 -102 210 659 -268 211 497 10 235 960 -444 285 745 863 802 156 -964 -205 820 35 -223 -338 79 -786 552 -903 761 -173 -74 -171 106 -594 -76 213 -651 -707 868 -524 886 773 -791 -139 -723 165 -380 -894 426 158 -474 -134 -35 331 315 -996 -289 -770 -905 -793 -949 440 -550 484 651 -907 570 245 46 615 -18 895 -573 -960 919 -671 287 198 -351 -250 885 571 -314 -125 -125 233 -551 352 -116 723 -972 531 254 -980 705 323 19 -586 -246 516 213 -700 935 -557 913 -890 
0
0
0
110
566 229 -773 233 -64 -603 -549 -339 -102 210 659 -268 211 497 10 235 960 -444 285 745 863 802 156 -964 -205 820 35 -223 -338 79 -786 552 -903 761 -173 -74 -171 106 -594 -76 213 -651 -707 868 -524 886 773 -791 -139 -723 165 -380 -894 426 158 -474 -134 -35 331 315 -996 -289 -770 -905 -793 -949 440 -550 484 651 -907 570 245 46 615 -18 895 -573 -960 919 -671 287 198 -351 -250 885 571 -314 -125 -125 233 -551 352 -116 723 -972 531 254 -980 705 323 19 -586 -246 516 213 -700 935 -557 913 -890 
566
110
110
0
-773 229 -773 233 -64 -603 -549 -339 -102 210 659 -268 211 497 10 235 960 -444 285 745 863 802 156 -964 -205 820 35 -223 -338 79 -786 552 -903 761 -173 -74 -171 106 -594 -76 213 -651 -707 868 -524 886 773 -791 -139 -723 165 -380 -894 426 158 -474 -134 -35 331 315 -996 -289 -770 -905 -793 -949 440 -550 484 651 -907 570 245 46 615 -18 895 -573 -960 919 -671 287 198 -351 -250 885 571 -314 -125 -125 233 -551 352 -116 723 -972 531 254 -980 705 323 19 -586 -246 516 213 -700 935 -557 913 -890 
17 -773 229 -773 233 -64 -603 -549 -339 -102 210 659 -268 211 497 10 235 960 -444 285 745 863 802 156 -964 -205 820 35 -223 -338 79 -786 552 -903 761 -173 -74 -171 106 -594 -76 213 -651 -707 868 -524 886 773 -791 -139 -723 165 -380 -894 426 158 -474 -134 -35 331 315 -996 -289 -770 -905 -793 -949 440 -550 484 651 -907 570 245 46 615 -18 895 -573 -960 919 -671 287 198 -351 -250 885 571 -314 -125 -125 233 -551 352 -116 723 -972 531 254 -980 705 323 19 -586 -246 516 213 -700 935 -557 913 -890 
0
0
157 17 -773 229 -773 233 -64 -603 -549 -339 -102 210 659 -268 211 497 10 235 960 -444 285 745 863 802 156 -964 -205 820 35 -223 -338 79 -786 552 -903 761 -173 -74 -171 106 -594 -76 213 -651 -707 868 -524 886 773 -791 -139 -723 165 -380 -894 426 158 -474 -134 -35 331 315 -996 -289 -770 -905 -793 -949 440 -550 484 651 -907 570 245 46 615 -18 895 -573 -960 919 -671 287 198 -351 -250 885 571 -314 -125 -125 233 -551 352 -116 723 -972 531 254 -980 705 323 19 -586 -246 516 213 -700 935 -557 913 -890 
0
0
743 157 17 -773 229 -773 233 -64 -603 -549 -339 -102 210 659 -268 211 497 10 235 960 -444 285 745 863 802 156 -964 -205 820 35 -223 -338 79 -786 552 -903 761 -173 -74 -171 106 -594 -76 213 -651 -707 868 -524 886 773 -791 -139 -723 165 -380 -894 426 158 -474 -134 -35 331 315 -996 -289 -770 -905 -793 -949 440 -550 484 651 -907 570 245 46 615 -18 895 -573 -960 919 -671 287 198 -351 -250 885 571 -314 -125 -125 233 -551 352 -116 723 -972 531 254 -980 705 323 19 -586 -246 516 213 -700 935 -557 913 -890 
114
849 743 157 17 -773 229 -773 233 -64 -603 -549 -339 -102 210 659 -268 211 497 10 235 960 -444 285 745 863 802 156 -964 -205 820 35 -223 -338 79 -786 552 -903 761 -173 -74 -171 106 -594 -76 213 -651 -707 868 -524 886 773 -791 -139 -723 165 -380 -894 426 158 -474 -134 -35 331 315 -996 -289 -770 -905 -793 -949 440 -550 484 651 -907 570 245 46 615 -18 895 -573 -960 919 -671 287 198 -351 -250 885 571 -314 -125 -125 233 -551 352 -116 723 -972 531 254 -980 705 323 19 -586 -246 516 213 -700 935 -557 913 -890 
115
849
114
759 743 157 17 -773 229 -773 233 -64 -603 -549 -339 -102 210 659 -268 211 497 10 235 960 -444 285 745 863 802 156 -964 -205 820 35 -223 -338 79 -786 552 -903 761 -173 -74 -171 106 -594 -76 213 -651 -707 868 -524 886 773 -791 -139 -723 165 -380 -894 426 158 -474 -134 -35 331 315 -996 -289 -770 -905 -793 -949 440 -550 484 651 -907 570 245 46 615 -18 895 -573 -960 919 -671 287 198 -351 -250 885 571 -314 -125 -125 233 -551 352 -116 723 -972 531 254 -980 705 323 19 -586 -246 516 213 -700 935 -557 913 -890 
115
797 759 743 157 17 -773 229 -773 233 -64 -603 -549 -339 -102 210 659 -268 211 497 10 235 960 -444 285 745 863 802 156 -964 -205 820 35 -223 -338 79 -786 552 -903 761 -173 -74 -171 106 -594 -76 213 -651 -707 868 -524 886 773 -791 -139 -723 165 -380 -894 426 158 -474 -134 -35 331 315 -996 -289 -770 -905 -793 -949 440 -550 484 651 -907 570 245 46 615 -18 895 -573 -960 919 -671 287 198 -351 -250 885 571 -314 -125 -125 233 -551 352 -116 723 -972 531 254 -980 705 323 19 -586 -246 516 213 -700 935 -557 913 -890 
0
-150 797 759 743 157 17 -773 229 -773 233 -64 -603 -549 -339 -102 210 659 -268 211 497 10 235 960 -444 285 745 863 802 156 -964 -205 820 35 -223 -338 79 -786 552 -903 761 -173 -74 -171 106 -594 -76 213 -651 -707 868 -524 886 773 -791 -139 -723 165 -380 -894 426 158 -474 -134 -35 331 315 -996 -289 -770 -905 -793 -949 440 -550 484 651 -907 570 245 46 615 -18 895 -573 -960 919 -671 287 198 -351 -250 885 571 -314 -125 -125 233 -551 352 -116 723 -972 531 254 -980 705 323 19 -586 -246 516 213 -700 935 -557 913 -890 
117
-150
0
797
-611 759 743 157 17 -773 229 -773 233 -64 -603 -549 -339 -102 210 659 -268 211 497 10 235 960 -444 285 745 863 802 156 -964 -205 820 35 -223 -338 79 -786 552 -903 761 -173 -74 -171 106 -594 -76 213 -651 -707 868 -524 886 773 -791 -139 -723 165 -380 -894 426 158 -474 -134 -35 331 315 -996 -289 -770 -905 -793 -949 440 -550 484 651 -907 570 245 46 615 -18 895 -573 -960 919 -671 287 198 -351 -250 885 571 -314 -125 -125 233 -551 352 -116 723 -972 531 254 -980 705 323 19 -586 -246 516 213 -700 935 -557 913 -890 
0
295 -611 759 743 157 17 -773 229 -773 233 -64 -603 -549 -339 -102 210 659 -268 211 497 10 235 960 -444 285 745 863 802 156 -964 -205 820 35 -223 -338 79 -786 552 -903 761 -173 -74 -171 106 -594 -76 213 -651 -707 868 -524 886 773 -791 -139 -723 165 -380 -894 426 158 -474 -134 -35 331 315 -996 -289 -770 -905 -793 -949 440 -550 484 651 -907 570 245 46 615 -18 895 -573 -960 919 -671 287 198 -351 -250 885 571 -314 -125 -125 233 -551 352 -116 723 -972 531 254 -980 705 323 19 -586 -246 516 213 -700 935 -557 913 -890 
0
682 295 -611 759 743 157 17 -773 229 -773 233 -64 -603 -549 -339 -102 210 659 -268 211 497 10 235 960 -444 285 745 863 802 156 -964 -205 820 35 -223 -338 79 -786 552 -903 761 -173 -74 -171 106 -594 -76 213 -651 -707 868 -524 886 773 -791 -139 -723 165 -380 -894 426 158 -474 -134 -35 331 315 -996 -289 -770 -905 -793 -949 440 -550 484 651 -907 570 245 46 615 -18 895 -573 -960 919 -671 287 198 -351 -250 885 571 -314 -125 -125 233 -551 352 -116 723 -972 531 254 -980 705 323 19 -586 -246 516 213 -700 935 -557 913 -890 
118
118
0
135 682 295 -611 759 743 157 17 -773 229 -773 233 -64 -603 -549 -339 -102 210 659 -268 211 497 10 235 960 -444 285 745 863 802 156 -964 -205 820 35 -223 -338 79 -786 552 -903 761 -173 -74 -171 106 -594 -76 213 -651 -707 868 -524 886 773 -791 -139 -723 165 -380 -894 426 158 -474 -134 -35 331 315 -996 -289 -770 -905 -793 -949 440 -550 484 651 -907 570 245 46 615 -18 895 -573 -960 919 -671 287 198 -351 -250 885 571 -314 -125 -125 233 -551 352 -116 723 -972 531 254 -980 705 323 19 -586 -246 516 213 -700 935 -557 913 -890 
135
124 682 295 -611 759 743 157 17 -773 229 -773 233 -64 -603 -549 -339 -102 210 659 -268 211 497 10 235 960 -444 285 745 863 802 156 -964 -205 820 35 -223 -338 79 -786 552 -903 761 -173 -74 -171 106 -594 -76 213 -651 -707 868 -524 886 773 -791 -139 -723 165 -380 -894 426 158 -474 -134 -35 331 315 -996 -289 -770 -905 -793 -949 440 -550 484 651 -907 570 245 46 615 -18 895 -573 -960 919 -671 287 198 -351 -250 885 571 -314 -125 -125 233 -551 352 -116 723 -972 531 254 -980 705 323 19 -586 -246 516 213 -700 935 -557 913 -890 
119
124
-428 682 295 -611 759 743 157 17 -773 229 -773 233 -64 -603 -549 -339 -102 210 659 -268 211 497 10 235 960 -444 285 745 863 802 156 -964 -205 820 35 -223 -338 79 -786 552 -903 761 -173 -74 -171 106 -594 -76 213 -651 -707 868 -524 886 773 -791 -139 -723 165 -380 -894 426 158 -474 -134 -35 331 315 -996 -289 -770 -905 -793 -949 440 -550 484 651 -907 570 245 46 615 -18 895 -573 -960 919 -671 287 198 -351 -250 885 571 -314 -125 -125 233 -551 352 -116 723 -972 531 254 -980 705 323 19 -586 -246 516 213 -700 935 -557 913 -890 
0
767 -428 682 295 -611 759 743 157 17 -773 229 -773 233 -64 -603 -549 -339 -102 210 659 -268 211 497 10 235 960 -444 285 745 863 802 156 -964 -205 820 35 -223 -338 79 -786 552 -903 761 -173 -74 -171 106 -594 -76 213 -651 -707 868 -524 886 773 -791 -139 -723 165 -380 -894 426 158 -474 -134 -35 331 315 -996 -289 -770 -905 -793 -949 440 -550 484 651 -907 570 245 46 615 -18 895 -573 -960 919 -671 287 198 -351 -250 885 571 -314 -125 -125 233 -551 352 -116 723 -972 531 254 -980 705 323 19 -586 -246 516 213 -700 935 -557 913 -890 
17 767 -428 682 295 -611 759 743 157 17 -773 229 -773 233 -64 -603 -549 -339 -102 210 659 -268 211 497 10 235 960 -444 285 745 863 802 156 -964 -205 820 35 -223 -338 79 -786 552 -903 761 -173 -74 -171 106 -594 -76 213 -651 -707 868 -524 886 773 -791 -139 -723 165 -380 -894 426 158 -474 -134 -35 331 315 -996 -289 -770 -905 -793 -949 440 -550 484 651 -907 570 245 46 615 -18 895 -573 -960 919 -671 287 198 -351 -250 885 571 -314 -125 -125 233 -551 352 -116 723 -972 531 254 -980 705 323 19 -586 -246 516 213 -700 935 -557 913 -890 
17
0
120
