277 
1
277 -334 
277 -334 -243 
277 -334 -243 -88 
0
277 -334 -243 -88 -64 
0
277
-334 -243 -88 -64 164 
-334
0
-243
3
0
3
-88 -64 164 -884 
0
4
0
-88 -64 164 -884 107 
-88 -64 164 -884 107 -241 
-88 -64 164 -884 107 -241 -786 
-88
6
-64 164 -884 107 -241 -786 787 
-64 164 -884 107 -241 -786 787 528 
0
-64 164 -884 107 -241 -786 787 528 -623 
0
9
0
-64
0
8
0
164 -884 107 -241 -786 787 528 -623 838 
9
164 -884 107 -241 -786 787 528 -623 838 -271 
0
164
-884
8
107 -241 -786 787 528 -623 838 -271 -596 
107 -241 -786 787 528 -623 838 -271 -596 504 
107 -241 -786 787 528 -623 838 -271 -596 504 97 
0
107
-241 -786 787 528 -623 838 -271 -596 504 97 -688 
0
-241 -786 787 528 -623 838 -271 -596 504 97 -688 -958 
0
-241 -786 787 528 -623 838 -271 -596 504 97 -688 -958 13 
-241
0
-786
0
0
787 528 -623 838 -271 -596 504 97 -688 -958 13 -980 
787 528 -623 838 -271 -596 504 97 -688 -958 13 -980 -634 
13
787
0
528 -623 838 -271 -596 504 97 -688 -958 13 -980 -634 676 
528
12
-623 838 -271 -596 504 97 -688 -958 13 -980 -634 676 650 
-623
0
12
0
838
0
11
-271 -596 504 97 -688 -958 13 -980 -634 676 650 -89 
12
-271
0
-596
504
0
97 -688 -958 13 -980 -634 676 650 -89 -626 
97 -688 -958 13 -980 -634 676 650 -89 -626 269 
0
0
0
97
0
-688 -958 13 -980 -634 676 650 -89 -626 269 971 
-688
0
-958
0
13
0
-980
-634
6
0
676 650 -89 -626 269 971 -174 
676 650 -89 -626 269 971 -174 -541 
0
676 650 -89 -626 269 971 -174 -541 851 
9
676 650 -89 -626 269 971 -174 -541 851 758 
0
0
676 650 -89 -626 269 971 -174 -541 851 758 -107 
0
676 650 -89 -626 269 971 -174 -541 851 758 -107 771 
0
12
676 650 -89 -626 269 971 -174 -541 851 758 -107 771 -498 
0
0
676 650 -89 -626 269 971 -174 -541 851 758 -107 771 -498 32 
0
676 650 -89 -626 269 971 -174 -541 851 758 -107 771 -498 32 700 
0
15
676 650 -89 -626 269 971 -174 -541 851 758 -107 771 -498 32 700 821 
0
676
650 -89 -626 269 971 -174 -541 851 758 -107 771 -498 32 700 821 -771 
0
0
16
650 -89 -626 269 971 -174 -541 851 758 -107 771 -498 32 700 821 -771 -920 
650 -89 -626 269 971 -174 -541 851 758 -107 771 -498 32 700 821 -771 -920 987 
0
650
17
0
-89 -626 269 971 -174 -541 851 758 -107 771 -498 32 700 821 -771 -920 987 293 
18
-89 -626 269 971 -174 -541 851 758 -107 771 -498 32 700 821 -771 -920 987 293 -619 
19
0
-89 -626 269 971 -174 -541 851 758 -107 771 -498 32 700 821 -771 -920 987 293 -619 -802 
-89 -626 269 971 -174 -541 851 758 -107 771 -498 32 700 821 -771 -920 987 293 -619 -802 -262 
-89 -626 269 971 -174 -541 851 758 -107 771 -498 32 700 821 -771 -920 987 293 -619 -802 -262 -429 
0
-89 -626 269 971 -174 -541 851 758 -107 771 -498 32 700 821 -771 -920 987 293 -619 -802 -262 -429 -115 
-89
-626
269 971 -174 -541 851 758 -107 771 -498 32 700 821 -771 -920 987 293 -619 -802 -262 -429 -115 965 
0
0
22
269
971
20
-174 -541 851 758 -107 771 -498 32 700 821 -771 -920 987 293 -619 -802 -262 -429 -115 965 930 
-174 -541 851 758 -107 771 -498 32 700 821 -771 -920 987 293 -619 -802 -262 -429 -115 965 930 606 
22
0
-174 -541 851 758 -107 771 -498 32 700 821 -771 -920 987 293 -619 -802 -262 -429 -115 965 930 606 265 
-174
-541 851 758 -107 771 -498 32 700 821 -771 -920 987 293 -619 -802 -262 -429 -115 965 930 606 265 777 
23
23
0
-541
22
851 758 -107 771 -498 32 700 821 -771 -920 987 293 -619 -802 -262 -429 -115 965 930 606 265 777 680 
0
23
851 758 -107 771 -498 32 700 821 -771 -920 987 293 -619 -802 -262 -429 -115 965 930 606 265 777 680 416 
24
851 758 -107 771 -498 32 700 821 -771 -920 987 293 -619 -802 -262 -429 -115 965 930 606 265 777 680 416 -735 
0
0
851
24
758 -107 771 -498 32 700 821 -771 -920 987 293 -619 -802 -262 -429 -115 965 930 606 265 777 680 416 -735 223 
758
0
24
-107 771 -498 32 700 821 -771 -920 987 293 -619 -802 -262 -429 -115 965 930 606 265 777 680 416 -735 223 -385 
-107 771 -498 32 700 821 -771 -920 987 293 -619 -802 -262 -429 -115 965 930 606 265 777 680 416 -735 223 -385 -355 
0
26
-107 771 -498 32 700 821 -771 -920 987 293 -619 -802 -262 -429 -115 965 930 606 265 777 680 416 -735 223 -385 -355 -959 
-107 771 -498 32 700 821 -771 -920 987 293 -619 -802 -262 -429 -115 965 930 606 265 777 680 416 -735 223 -385 -355 -959 -894 
-107
0
0
0
771 -498 32 700 821 -771 -920 987 293 -619 -802 -262 -429 -115 965 930 606 265 777 680 416 -735 223 -385 -355 -959 -894 204 
0
0
771 -498 32 700 821 -771 -920 987 293 -619 -802 -262 -429 -115 965 930 606 265 777 680 416 -735 223 -385 -355 -959 -894 204 917 
771
-498 32 700 821 -771 -920 987 293 -619 -802 -262 -429 -115 965 930 606 265 777 680 416 -735 223 -385 -355 -959 -894 204 917 996 
0
-498 32 700 821 -771 -920 987 293 -619 -802 -262 -429 -115 965 930 606 265 777 680 416 -735 223 -385 -355 -959 -894 204 917 996 -776 
0
0
0
0
28
0
4113 0 1970368101 543520101 171390770 1702521203 1903060234 1702192501 858991904 1852115508 1969583473 841818213 1695167284 1702195566 757097845 1762277432 1969643379 1695181932 1702195566 757097845 1762276406 1835360115 175731824 1970365796 174421349 1970368101 543520101 171193905 1970365796 
174421349 1700754281 2037674093 1902470154 1702192501 2053731082 1936263781 1886217567 1930066292 174422633 1970368101 543520101 876099629 1601399050 1819047270 2053731082 1936263781 1886217567 1695185268 1702195566 824206709 1695168304 1702195566 757097845 170996786 1970368101 543520101 909653805 1902470154 1702192501 
2053731082
1852115557 1969583473 943136869 1852115511 1969583473 842342501 1936263736 1886217567 1695185268 1702195566 757097845 171127350 1717531497 174877813 1702521203 1601399050 1953525093 1701055097 1969583473 1936263781 1819633247 1769146988 1762289018 1835360115 175731824 1970368101 543520101 171455288 1702521203 1903060234 
1702192501 926035232 1936263729 1819633247 1701055084 1969583473 1701055077 1969583473 1769146981 1695180154 1702195566 757097845 171325749 1970368101 543520101 171192373 1970368101 543520101 1762277177 1969643379 1678404716 1702195557 1695180149 1702195566 757097845 171456566 1700754281 2037674093 1903060234 1702192501 892939552 
31
1936263736 1819633247 1852115564 1969583473 858857573 1902470154 1702192501 1601399050 1819047270 1902470154 1702192501 1601399050 1819047270 1601399050 1953525093 1852115577 1969583473 959258725 1695166520 1702195566 757097845 171193142 1702521203 1902470154 1702192501 1601399050 1953525093 1852115577 1969583473 926294117 1701055030 1969583473 
1769146981 1695180154 1702195566 908092789 1678389301 1702195557 1762289013 1835360115 175731824 1702521203 1601399050 1819047270 1902470154 1702192501 1601399050 1819047270 2053731082 1852115557 1969583473 942481509 1769146937 1678402938 1702195557 1762289013 1835360115 175731824 1970365796 174421349 1970365796 174421349 1717531497 174877813 1970368101 
0
543520101 909260333 1903060234 1702192501 959853088 1601399050 1819047270 1601399050 1953525093 1936263801 1819633247 1701055084 1969583473 1936263781 1819633247 1852115564 1969583473 926490725 1701055025 1969583473 1936263781 1886217567 1678408052 1702195557 1762289013 1969643379 1678404716 1702195557 1762289013 1969643379 1678404716 1702195557 1678402933 1702195557 
34
1930061173 174422633 1700754281 2037674093 1903060234 1702192501 925969696 1852115508 1969583473 892149861 1762275636 1969643379 1695181932 1702195566 941647221 1930047797 174422633 1970368101 543520101 171455799 1717531497 174877813 1700754281 2037674093 1903060234 1702192501 808529184 1936263735 1886217567 1695185268 1702195566 924870005 1762275639 1969643379 1930062956 
174422633
34
0
1970368101 543520101 943273005 1601399050 1819047270 1601399050 1819047270 1903060234 1702192501 171062048 1717531497 174877813 1970368101 543520101 170930231 1700754281 2037674093 2053731082 1852115557 1969583473 842539109 1936263729 1886217567 1678408052 1702195557 1695180149 1702195566 757097845 170997559 1700754281 2037674093 1601399050 1819047270 2053731082 1852115557 
1969583473
959258725
0
1695166514 1702195566 958424437 1762277176 1835360115 175731824 1970365796 174421349 1702521203 1601399050 1953525093 1852115577 1969583473 959586405 1769146931 1695180154 1702195566 757097845 171520310 1702521203 1601399050 1819047270 1903060234 1702192501 808987936 1852115506 1969583473 841818213 1695167030 1702195566 757097845 171520564 1717531497 174877813 
34
0
1970368101 543520101 892416301 1902470154 1702192501 1902470154 1702192501 1903060234 1702192501 892746016 1601399050 1819047270 1601399050 1953525093 1769147001 1678402938 1702195557 1678402933 1702195557 1930061173 174422633 1970368101 543520101 170931001 1970368101 543520101 171323446 1702521203 1601399050 1953525093 1852115577 1969583473 909254757 1701055029 1969583473 
1852115557
1969583473 926359653 1769146935 1930061178 174422633 1700754281 2037674093 1902470154 1702192501 2053731082 1852115557 1969583473 943071333 1936263728 1819633247 1769146988 1695180154 1702195566 874538357 1930049073 174422633 1970368101 543520101 892548909 1601399050 1953525093 1936263801 1819633247 1701055084 1969583473 1769146981 1695180154 1702195566 840983925 1678390066 
1702195557 1762289013 1835360115 175731824 1702521203 1903060234 1702192501 942877984 1852115509 1969583473 858595429 1762276661 1835360115 175731824 1702521203 1903060234 1702192501 892939552 1852115513 1969583473 942481509 1678390329 1702195557 1762289013 1969643379 1762290796 1969643379 1762290796 1835360115 175731824 1970368101 543520101 171192370 1700754281 2037674093 1601399050 
0
0
0
1819047270 1903060234 1702192501 925972768 1902470154 1702192501 1903060234 1702192501 909719840 1601399050 1819047270 1903060234 1702192501 926362912 1701055030 1969583473 1936263781 1886217567 1678408052 1702195557 1762289013 1835360115 175731824 1702521203 1601399050 1819047270 1903060234 1702192501 942879520 1903060234 1702192501 842086688 1902470154 1702192501 1903060234 1702192501 808529184 
1852115510 1969583473 925704293 1930047542 174422633 1970368101 543520101 171258165 1970368101 543520101 825374509 1601399050 1953525093 1852115577 1969583473 858923109 1769146929 1695180154 1702195566 757097845 171390518 1970365796 174421349 1702521203 1601399050 1819047270 1903060234 1702192501 943011104 1902470154 1702192501 1902470154 1702192501 1601399050 1819047270 1903060234 1702192501 909454624 
38
0
1769146931
37
0
0
37
0
0
0
1762289018 1835360115 175731824 1970368101 543520101 859124013 1902470154 1702192501 1903060234 1702192501 825308448 1903060234 1702192501 171388192 1717531497 174877813 1717531497 174877813 1717531497 174877813 1970368101 543520101 859321901 1903060234 1702192501 825503008 1769146936 1762289018 1969643379 1678404716 1702195557 1930061173 174422633 1717531497 174877813 1717531497 174877813 1702521203 
0
0
1601399050 1819047270 1601399050 1819047270 1601399050 1819047270 1903060234 1702192501 876165408 1601399050 1819047270 1601399050 1953525093 1852115577 1969583473 909647973 1936263728 1819633247 1936263788 1819633247 1769146988 1695180154 1702195566 941647221 1695167539 1702195566 958424437 1695168820 1702195566 874538357 1695166772 1702195566 757097845 171192886 1702521203 1903060234 1702192501 942812448 1701055025 
0
0
39
1969583473 1701055077 1969583473 1936263781 1819633247 1852115564 1969583473 942481509 1930048569 174422633 1970368101 543520101 171325741 1717531497 174877813 1970368101 543520101 171194424 1970368101 543520101 171388984 1970368101 543520101 842084909 1601399050 1953525093 1852115577 1969583473 892412005 1852115512 1969583473 942481509 1852115511 1969583473 959783013 1936263730 1819633247 1936263788 1886217567 1762294132 
1969643379 1695181932 1702195566 757097845 171259702 1700754281 2037674093 1601399050 1819047270 2053731082 1701055077 1969583473 1936263781 1819633247 1936263788 1886217567 1678408052 1702195557 1678402933 1702195557 1695180149 1702195566 757097845 171061810 1717531497 174877813 1717531497 174877813 1702521203 1903060234 1702192501 926103584 1903060234 1702192501 858927392 1903060234 1702192501 808660256 1701055027 1969583473 1936263781 
1819633247 1769146988 1930061178 174422633 1970368101 543520101 171456562 1702521203 1903060234 1702192501 808857888 1903060234 1702192501 909260064 1903060234 1702192501 892480800 1769146937 1930061178 174422633 1970368101 543520101 1762275895 1835360115 175731824 1970365796 174421349 1970365796 174421349 1700754281 2037674093 2053731082 1852115557 1969583473 858988645 1852115507 1969583473 925704293 1930048309 174422633 1970368101 543520101 
875837229 1902470154 1702192501 1902470154 1702192501 1903060234 1702192501 926362912 1769146931 1678402938 1702195557 1930061173 174422633 1970368101 543520101 876164141 1903060234 1702192501 825371936 1936263737 1819633247 1852115564 1969583473 825040997 1678389559 1702195557 1695180149 1702195566 840983925 1936263736 1886217567 1695185268 1702195566 891315573 1762277682 1969643379 1695181932 1702195566 908092789 1695167280 1702195566 757097845 171128629 
43
1970368101 543520101 809056557 1903060234 1702192501 892941856 1601399050 1819047270 1902470154 1702192501 1601399050 1819047270 1902470154 1702192501 2053731082 1701055077 1969583473 1769146981 1695180154 1702195566 757097845 171127350 1970368101 543520101 171258425 1702521203 1902470154 1702192501 1903060234 1702192501 892808480 1936263733 1886217567 1762294132 1969643379 1678404716 1702195557 1930061173 174422633 1700754281 2037674093 1601399050 1819047270 1601399050 
1819047270
1601399050
0
1953525093 1701055097 1969583473 1936263781 1819633247 1769146988 1930061178 174422633 1970368101 543520101 875706669 1601399050 1953525093 1701055097 1969583473 1852115557 1969583473 925704293 1695168566 1702195566 908092789 1762277433 1969643379 1762290796 1835360115 175731824 1702521203 1902470154 1702192501 1601399050 1819047270 2053731082 1852115557 1969583473 925704293 1695166775 1702195566 757097845 170996787 1700754281 2037674093 2053731082 1769146981 
43
1695180154 1702195566 757097845 171062321 1970365796 174421349 1970368101 543520101 858861869 1903060234 1702192501 875965728 1936263734 1819633247 1701055084 1969583473 1852115557 1969583473 808591461 1701055029 1969583473 1852115557 1969583473 892674149 1852115510 1969583473 858595429 1762277682 1835360115 175731824 1717531497 174877813 1700754281 2037674093 1601399050 1953525093 1701055097 1969583473 1769146981 1762289018 1969643379 1930062956 174422633 1702521203 
0
1902470154 1702192501 1601399050 1819047270 1601399050 1819047270 2053731082 1769146981 1695180154 1702195566 757097845 171258425 1970365796 174421349 1702521203 2053731082 1852115557 1969583473 859054181 1936263732 1886217567 1762294132 1969643379 1678404716 1702195557 1695180149 1702195566 757097845 171390004 1717531497 174877813 1702521203 1601399050 1953525093 1936263801 1886217567 1695185268 1702195566 757097845 171521078 1700754281 2037674093 2053731082 1701055077 1969583473 
1769146981 1695180154 1702195566 857761141 1762277686 1835360115 175731824 1717531497 174877813 1970368101 543520101 171061297 1717531497 174877813 1970368101 543520101 909654317 1601399050 1819047270 1601399050 1819047270 1601399050 1819047270 1601399050 1819047270 1601399050 1953525093 1852115577 1969583473 892149861 1678390327 1702195557 1695180149 1702195566 757097845 1678391608 1702195557 1695180149 1702195566 924870005 1678391091 1702195557 1762289013 1835360115 175731824 1970368101 

0



0
0
0

0
0
-949
543520101
0
0
825833517
1601399050

0
0
-951



1953525093
0
-949
-949

-948



-945
-945

0
1701055097
1969583473
0
-946


-944

1769146981
1678402938

-944
1702195557
-945


0

1762289013

0

0




0
1835360115
0
175731824
-939
1702521203
-940


-938
1902470154

0
0
1702192501
-939
0
0
0
0
2053731082
0
-940
-940

0
1769146981


0
0
-938
1762289018
0
-939


0
-937
-937

1969643379


0
1695181932

1702195566


0
0
0
0
757097845
-935
0
-935
-935
170997043
0
0
-936
-936

1700754281
-936
-936

0
0
2037674093

0
-935
0
0

0
-934
1903060234
-935

0
0

0

0
0
0
0
0

1702192501

876164384

1601399050
0

0
1819047270
-932
1601399050
0
-933
1819047270
-934
-934
0

0

0
0

1903060234
0


-930
0

0
1702192501
0
909325344

0
-930
-930

1902470154
-930

-929

-928

0

-926

-925


0
0
1702192501
-924
0

1601399050
0
1953525093
-925

-924


0
1852115577
0
1969583473
-924
825040997
-925
0
0

